#
# There is insufficient memory for the Java Runtime Environment to continue.
# Native memory allocation (mmap) failed to map 201326592 bytes for G1 virtual space
# Possible reasons:
#   The system is out of physical RAM or swap space
#   The process is running with CompressedOops enabled, and the Java Heap may be blocking the growth of the native heap
# Possible solutions:
#   Reduce memory load on the system
#   Increase physical memory or swap space
#   Check if swap backing store is full
#   Decrease Java heap size (-Xmx/-Xms)
#   Decrease number of Java threads
#   Decrease Java thread stack sizes (-Xss)
#   Set larger code cache with -XX:ReservedCodeCacheSize=
#   JVM is running with Zero Based Compressed Oops mode in which the Java heap is
#     placed in the first 32GB address space. The Java Heap base address is the
#     maximum limit for the native heap growth. Please use -XX:HeapBaseMinAddress
#     to set the Java Heap base and to place the Java Heap above 32GB virtual address.
# This output file may be truncated or incomplete.
#
#  Out of Memory Error (os_windows.cpp:3747), pid=15424, tid=15436
#
# JRE version:  (17.0.3+7) (build )
# Java VM: OpenJDK 64-Bit Server VM (17.0.3+7-b469.32, mixed mode, sharing, tiered, compressed oops, compressed class ptrs, g1 gc, windows-amd64)
# No core dump will be written. Minidumps are not enabled by default on client versions of Windows
#

---------------  S U M M A R Y ------------

Command Line: git4idea.http.GitAskPassApp Username for 'https://github.com': 

Host: Intel(R) Core(TM) i7-6700HQ CPU @ 2.60GHz, 8 cores, 11G,  Windows 10 , 64 bit Build 19041 (10.0.19041.1889)
Time: Thu Jun  1 15:09:25 2023 Iran Standard Time elapsed time: 0.015889 seconds (0d 0h 0m 0s)

---------------  T H R E A D  ---------------

Current thread (0x000002c97d276200):  JavaThread "Unknown thread" [_thread_in_vm, id=15436, stack(0x000000ca17800000,0x000000ca17900000)]

Stack: [0x000000ca17800000,0x000000ca17900000]
Native frames: (J=compiled Java code, j=interpreted, Vv=VM code, C=native code)
V  [jvm.dll+0x681f8a]
V  [jvm.dll+0x83e374]
V  [jvm.dll+0x83fb1e]
V  [jvm.dll+0x840183]
V  [jvm.dll+0x2492a5]
V  [jvm.dll+0x67ee59]
V  [jvm.dll+0x67355a]
V  [jvm.dll+0x308fab]
V  [jvm.dll+0x310466]
V  [jvm.dll+0x3601de]
V  [jvm.dll+0x36040f]
V  [jvm.dll+0x2df098]
V  [jvm.dll+0x2e0004]
V  [jvm.dll+0x80fc61]
V  [jvm.dll+0x36df61]
V  [jvm.dll+0x7ef17c]
V  [jvm.dll+0x3f10ef]
V  [jvm.dll+0x3f2c31]
C  [jli.dll+0x526b]
C  [ucrtbase.dll+0x21bb2]
C  [KERNEL32.DLL+0x17034]
C  [ntdll.dll+0x526a1]


---------------  P R O C E S S  ---------------

Threads class SMR info:
_java_thread_list=0x00007ff9bb2e6f18, length=0, elements={
}

Java Threads: ( => current thread )

Other Threads:
  0x000002c97d2ca420 GCTaskThread "GC Thread#0" [stack: 0x000000ca17900000,0x000000ca17a00000] [id=12744]
  0x000002c97d2d71b0 ConcurrentGCThread "G1 Main Marker" [stack: 0x000000ca17a00000,0x000000ca17b00000] [id=1720]
  0x000002c97d2d8360 ConcurrentGCThread "G1 Conc#0" [stack: 0x000000ca17b00000,0x000000ca17c00000] [id=2892]

[error occurred during error reporting (printing all threads), id 0xc0000005, EXCEPTION_ACCESS_VIOLATION (0xc0000005) at pc=0x00007ff9baa9fc57]

VM state: not at safepoint (not fully initialized)

VM Mutex/Monitor currently owned by a thread:  ([mutex/lock_event])
[0x000002c97d272b90] Heap_lock - owner thread: 0x000002c97d276200

Heap address: 0x0000000741a00000, size: 3046 MB, Compressed Oops mode: Zero based, Oop shift amount: 3

CDS archive(s) mapped at: [0x0000000000000000-0x0000000000000000-0x0000000000000000), size 0, SharedBaseAddress: 0x0000000800000000, ArchiveRelocationMode: 0.
Narrow klass base: 0x0000000000000000, Narrow klass shift: 0, Narrow klass range: 0x0

GC Precious Log:
<Empty>

Heap:
 garbage-first heap   total 0K, used 0K [0x0000000741a00000, 0x0000000800000000)
  region size 2048K, 0 young (0K), 0 survivors (0K)

[error occurred during error reporting (printing heap information), id 0xc0000005, EXCEPTION_ACCESS_VIOLATION (0xc0000005) at pc=0x00007ff9bae8bbd9]

GC Heap History (0 events):
No events

Deoptimization events (0 events):
No events

Classes unloaded (0 events):
No events

Classes redefined (0 events):
No events

Internal exceptions (0 events):
No events

VM Operations (0 events):
No events

Events (1 events):
Event: 0.011 Loaded shared library C:\Program Files\JetBrains\IntelliJ IDEA 2022.2\jbr\bin\java.dll


Dynamic libraries:
0x00007ff756620000 - 0x00007ff75662a000 	C:\Program Files\JetBrains\IntelliJ IDEA 2022.2\jbr\bin\java.exe
0x00007ff9f3ab0000 - 0x00007ff9f3ca8000 	C:\Windows\SYSTEM32\ntdll.dll
0x00007ff9f3660000 - 0x00007ff9f371d000 	C:\Windows\System32\KERNEL32.DLL
0x00007ff9f1840000 - 0x00007ff9f1b0e000 	C:\Windows\System32\KERNELBASE.dll
0x00007ff9f1330000 - 0x00007ff9f1430000 	C:\Windows\System32\ucrtbase.dll
0x00007ff9df0f0000 - 0x00007ff9df10b000 	C:\Program Files\JetBrains\IntelliJ IDEA 2022.2\jbr\bin\VCRUNTIME140.dll
0x00007ff9eb330000 - 0x00007ff9eb347000 	C:\Program Files\JetBrains\IntelliJ IDEA 2022.2\jbr\bin\jli.dll
0x00007ff9f2520000 - 0x00007ff9f26c0000 	C:\Windows\System32\USER32.dll
0x00007ff9f1200000 - 0x00007ff9f1222000 	C:\Windows\System32\win32u.dll
0x00007ff9e1aa0000 - 0x00007ff9e1d3a000 	C:\Windows\WinSxS\amd64_microsoft.windows.common-controls_6595b64144ccf1df_6.0.19041.1110_none_60b5254171f9507e\COMCTL32.dll
0x00007ff9f3800000 - 0x00007ff9f382a000 	C:\Windows\System32\GDI32.dll
0x00007ff9f1fb0000 - 0x00007ff9f204e000 	C:\Windows\System32\msvcrt.dll
0x00007ff9f1630000 - 0x00007ff9f173b000 	C:\Windows\System32\gdi32full.dll
0x00007ff9f1590000 - 0x00007ff9f162d000 	C:\Windows\System32\msvcp_win.dll
0x00007ff9f2ca0000 - 0x00007ff9f2cd0000 	C:\Windows\System32\IMM32.DLL
0x00007ff9ec780000 - 0x00007ff9ec78c000 	C:\Program Files\JetBrains\IntelliJ IDEA 2022.2\jbr\bin\vcruntime140_1.dll
0x00007ff9be550000 - 0x00007ff9be5dd000 	C:\Program Files\JetBrains\IntelliJ IDEA 2022.2\jbr\bin\msvcp140.dll
0x00007ff9ba7b0000 - 0x00007ff9bb418000 	C:\Program Files\JetBrains\IntelliJ IDEA 2022.2\jbr\bin\server\jvm.dll
0x00007ff9f3830000 - 0x00007ff9f38de000 	C:\Windows\System32\ADVAPI32.dll
0x00007ff9f35c0000 - 0x00007ff9f365c000 	C:\Windows\System32\sechost.dll
0x00007ff9f3940000 - 0x00007ff9f3a65000 	C:\Windows\System32\RPCRT4.dll
0x00007ff9f37f0000 - 0x00007ff9f37f8000 	C:\Windows\System32\PSAPI.DLL
0x00007ff9d2f90000 - 0x00007ff9d2f99000 	C:\Windows\SYSTEM32\WSOCK32.dll
0x00007ff9f1ee0000 - 0x00007ff9f1f4b000 	C:\Windows\System32\WS2_32.dll
0x00007ff9ead70000 - 0x00007ff9ead7a000 	C:\Windows\SYSTEM32\VERSION.dll
0x00007ff9ea850000 - 0x00007ff9ea877000 	C:\Windows\SYSTEM32\WINMM.dll
0x00007ff9efa80000 - 0x00007ff9efa92000 	C:\Windows\SYSTEM32\kernel.appcore.dll
0x00007ff9ee610000 - 0x00007ff9ee61a000 	C:\Program Files\JetBrains\IntelliJ IDEA 2022.2\jbr\bin\jimage.dll
0x00007ff9ef720000 - 0x00007ff9ef904000 	C:\Windows\SYSTEM32\DBGHELP.DLL
0x00007ff9d31b0000 - 0x00007ff9d31dc000 	C:\Windows\SYSTEM32\dbgcore.DLL
0x00007ff9f1740000 - 0x00007ff9f17c2000 	C:\Windows\System32\bcryptPrimitives.dll
0x00007ff9d44a0000 - 0x00007ff9d44c5000 	C:\Program Files\JetBrains\IntelliJ IDEA 2022.2\jbr\bin\java.dll

dbghelp: loaded successfully - version: 4.0.5 - missing functions: none
symbol engine: initialized successfully - sym options: 0x614 - pdb path: .;C:\Program Files\JetBrains\IntelliJ IDEA 2022.2\jbr\bin;C:\Windows\SYSTEM32;C:\Windows\WinSxS\amd64_microsoft.windows.common-controls_6595b64144ccf1df_6.0.19041.1110_none_60b5254171f9507e;C:\Program Files\JetBrains\IntelliJ IDEA 2022.2\jbr\bin\server

VM Arguments:
java_command: git4idea.http.GitAskPassApp Username for 'https://github.com': 
java_class_path (initial): C:/Program Files/JetBrains/IntelliJ IDEA 2022.2/plugins/git4idea/lib/git4idea-rt.jar;C:/Program Files/JetBrains/IntelliJ IDEA 2022.2/lib/externalProcess-rt.jar;C:/Program Files/JetBrains/IntelliJ IDEA 2022.2/lib/app.jar;C:/Program Files/JetBrains/IntelliJ IDEA 2022.2/lib/3rd-party-rt.jar
Launcher Type: SUN_STANDARD

[Global flags]
     intx CICompilerCount                          = 4                                         {product} {ergonomic}
     uint ConcGCThreads                            = 2                                         {product} {ergonomic}
     uint G1ConcRefinementThreads                  = 8                                         {product} {ergonomic}
   size_t G1HeapRegionSize                         = 2097152                                   {product} {ergonomic}
    uintx GCDrainStackTargetSize                   = 64                                        {product} {ergonomic}
   size_t InitialHeapSize                          = 201326592                                 {product} {ergonomic}
   size_t MarkStackSize                            = 4194304                                   {product} {ergonomic}
   size_t MaxHeapSize                              = 3193962496                                {product} {ergonomic}
   size_t MinHeapDeltaBytes                        = 2097152                                   {product} {ergonomic}
   size_t MinHeapSize                              = 8388608                                   {product} {ergonomic}
    uintx NonNMethodCodeHeapSize                   = 5839372                                {pd product} {ergonomic}
    uintx NonProfiledCodeHeapSize                  = 122909434                              {pd product} {ergonomic}
    uintx ProfiledCodeHeapSize                     = 122909434                              {pd product} {ergonomic}
    uintx ReservedCodeCacheSize                    = 251658240                              {pd product} {ergonomic}
     bool SegmentedCodeCache                       = true                                      {product} {ergonomic}
   size_t SoftMaxHeapSize                          = 3193962496                             {manageable} {ergonomic}
     bool UseCompressedClassPointers               = true                           {product lp64_product} {ergonomic}
     bool UseCompressedOops                        = true                           {product lp64_product} {ergonomic}
     bool UseG1GC                                  = true                                      {product} {ergonomic}
     bool UseLargePagesIndividualAllocation        = false                                  {pd product} {ergonomic}

Logging:
Log output configuration:
 #0: stdout all=warning uptime,level,tags
 #1: stderr all=off uptime,level,tags

Environment Variables:
PATH=C:\Program Files\Git\mingw64\libexec\git-core;C:\Program Files\Git\mingw64\libexec\git-core;C:\Program Files\Git\mingw64\bin;C:\Program Files\Git\usr\bin;C:\Users\F1\bin;C:\Program Files\Common Files\Oracle\Java\javapath;C:\Windows\system32;C:\Windows;C:\Windows\System32\Wbem;C:\Windows\System32\WindowsPowerShell\v1.0;C:\Windows\System32\OpenSSH;C:\Program Files (x86)\NVIDIA Corporation\PhysX\Common;C:\Users\F1\Desktop\codeblocks-20.03mingw-nosetup\MinGW\bin;C:\Program Files\Git\cmd;C:\texlive\2022\bin\win32;%JAVA_HOME%\bin;C:\maven\apache-maven-3.9.1\bin;C:\Users\F1\AppData\Local\Microsoft\WindowsApps;C:\Users\F1\Desktop\codeblocks-20.03mingw-nosetup\MinGW\bin;C:\Program Files\JetBrains\CLion 2022.2\bin;C:\Program Files\JetBrains\IntelliJ IDEA 2022.2\bin
USERNAME=F1
DISPLAY=:0.0
LC_ALL=en_US.UTF-8
OS=Windows_NT
PROCESSOR_IDENTIFIER=Intel64 Family 6 Model 94 Stepping 3, GenuineIntel



---------------  S Y S T E M  ---------------

OS:
 Windows 10 , 64 bit Build 19041 (10.0.19041.1889)
OS uptime: 0 days 7:56 hours

CPU: total 8 (initial active 8) (4 cores per cpu, 2 threads per core) family 6 model 94 stepping 3 microcode 0xcc, cx8, cmov, fxsr, ht, mmx, 3dnowpref, sse, sse2, sse3, ssse3, sse4.1, sse4.2, popcnt, lzcnt, tsc, tscinvbit, avx, avx2, aes, erms, clmul, bmi1, bmi2, rtm, adx, fma, vzeroupper, clflush, clflushopt

Memory: 4k page, system-wide physical 12180M (2319M free)
TotalPageFile size 14228M (AvailPageFile size 165M)
current process WorkingSet (physical memory assigned to process): 10M, peak: 10M
current process commit charge ("private bytes"): 60M, peak: 251M

vm_info: OpenJDK 64-Bit Server VM (17.0.3+7-b469.32) for windows-amd64 JRE (17.0.3+7-b469.32), built on 2022-07-19 by "builduser" with MS VC++ 16.10 / 16.11 (VS2019)

END.
