#
# There is insufficient memory for the Java Runtime Environment to continue.
# Native memory allocation (malloc) failed to allocate 809968 bytes for Chunk::new
# Possible reasons:
#   The system is out of physical RAM or swap space
#   The process is running with CompressedOops enabled, and the Java Heap may be blocking the growth of the native heap
# Possible solutions:
#   Reduce memory load on the system
#   Increase physical memory or swap space
#   Check if swap backing store is full
#   Decrease Java heap size (-Xmx/-Xms)
#   Decrease number of Java threads
#   Decrease Java thread stack sizes (-Xss)
#   Set larger code cache with -XX:ReservedCodeCacheSize=
#   JVM is running with Zero Based Compressed Oops mode in which the Java heap is
#     placed in the first 32GB address space. The Java Heap base address is the
#     maximum limit for the native heap growth. Please use -XX:HeapBaseMinAddress
#     to set the Java Heap base and to place the Java Heap above 32GB virtual address.
# This output file may be truncated or incomplete.
#
#  Out of Memory Error (arena.cpp:189), pid=21080, tid=27308
#
# JRE version: Java(TM) SE Runtime Environment (17.0.4+11) (build 17.0.4+11-LTS-179)
# Java VM: Java HotSpot(TM) 64-Bit Server VM (17.0.4+11-LTS-179, mixed mode, sharing, tiered, compressed oops, compressed class ptrs, g1 gc, windows-amd64)
# No core dump will be written. Minidumps are not enabled by default on client versions of Windows
#

---------------  S U M M A R Y ------------

Command Line: -javaagent:C:\Program Files\JetBrains\IntelliJ IDEA 2022.2\lib\idea_rt.jar=49460:C:\Program Files\JetBrains\IntelliJ IDEA 2022.2\bin -Dfile.encoding=UTF-8 --module-path=C:\Users\F1\.m2\repository\org\openjfx\javafx-base\17.0.2\javafx-base-17.0.2-win.jar;C:\Users\F1\.m2\repository\org\openjfx\javafx-graphics\17.0.2\javafx-graphics-17.0.2-win.jar;C:\Users\F1\.m2\repository\org\openjfx\javafx-controls\17.0.2\javafx-controls-17.0.2-win.jar;C:\Users\F1\.m2\repository\com\google\code\gson\gson\2.8.1\gson-2.8.1.jar;C:\Users\F1\Desktop\AP\PROJECT\project-group-19\target\classes;C:\Users\F1\.m2\repository\org\openjfx\javafx-fxml\17.0.2\javafx-fxml-17.0.2-win.jar;C:\Users\F1\.m2\repository\org\openjfx\javafx-media\16\javafx-media-16-win.jar -Djdk.module.main=com.example.projectgroup19 com.example.projectgroup19/view.TileManager

Host: Intel(R) Core(TM) i7-6700HQ CPU @ 2.60GHz, 8 cores, 11G,  Windows 10 , 64 bit Build 19041 (10.0.19041.1889)
Time: Sun Jun  4 00:16:43 2023 Iran Standard Time elapsed time: 5.124965 seconds (0d 0h 0m 5s)

---------------  T H R E A D  ---------------

Current thread (0x000002788a007810):  JavaThread "C2 CompilerThread1" daemon [_thread_in_native, id=27308, stack(0x000000c968100000,0x000000c968200000)]


Current CompileTask:
C2:   5125 3858       4       javafx.scene.layout.Region::maxHeight (52 bytes)

Stack: [0x000000c968100000,0x000000c968200000]
Native frames: (J=compiled Java code, j=interpreted, Vv=VM code, C=native code)
V  [jvm.dll+0x6723da]
V  [jvm.dll+0x7d1f74]
V  [jvm.dll+0x7d371e]
V  [jvm.dll+0x7d3d83]
V  [jvm.dll+0x242ed5]
V  [jvm.dll+0xaa57b]
V  [jvm.dll+0xaab0c]
V  [jvm.dll+0x360447]
V  [jvm.dll+0x32a7e1]
V  [jvm.dll+0x329c8a]
V  [jvm.dll+0x215ff1]
V  [jvm.dll+0x215411]
V  [jvm.dll+0x1a1fcd]
V  [jvm.dll+0x224c78]
V  [jvm.dll+0x222de5]
V  [jvm.dll+0x787a5b]
V  [jvm.dll+0x78201a]
V  [jvm.dll+0x671265]
C  [ucrtbase.dll+0x21bb2]
C  [KERNEL32.DLL+0x17034]
C  [ntdll.dll+0x526a1]


---------------  P R O C E S S  ---------------

Threads class SMR info:
_java_thread_list=0x0000027893b733b0, length=23, elements={
0x00000278e83c1200, 0x0000027888b152c0, 0x0000027888b16130, 0x0000027888b2b530,
0x0000027888b2ce00, 0x0000027888b2d6c0, 0x0000027888b35f90, 0x0000027888b5b150,
0x0000027888b5ca60, 0x0000027888b67f40, 0x0000027888b003d0, 0x000002788980d6a0,
0x0000027889c38e10, 0x0000027889e06160, 0x0000027889e71670, 0x0000027889e66240,
0x0000027889fcb660, 0x000002788a0091e0, 0x00000278909cff90, 0x00000278909d17a0,
0x00000278909d0e00, 0x000002788a007810, 0x0000027891390010
}

Java Threads: ( => current thread )
  0x00000278e83c1200 JavaThread "main" [_thread_blocked, id=2000, stack(0x000000c966000000,0x000000c966100000)]
  0x0000027888b152c0 JavaThread "Reference Handler" daemon [_thread_blocked, id=19856, stack(0x000000c966700000,0x000000c966800000)]
  0x0000027888b16130 JavaThread "Finalizer" daemon [_thread_blocked, id=17628, stack(0x000000c966800000,0x000000c966900000)]
  0x0000027888b2b530 JavaThread "Signal Dispatcher" daemon [_thread_blocked, id=17316, stack(0x000000c966900000,0x000000c966a00000)]
  0x0000027888b2ce00 JavaThread "Attach Listener" daemon [_thread_blocked, id=2248, stack(0x000000c966a00000,0x000000c966b00000)]
  0x0000027888b2d6c0 JavaThread "Service Thread" daemon [_thread_blocked, id=24712, stack(0x000000c966b00000,0x000000c966c00000)]
  0x0000027888b35f90 JavaThread "Monitor Deflation Thread" daemon [_thread_blocked, id=12532, stack(0x000000c966c00000,0x000000c966d00000)]
  0x0000027888b5b150 JavaThread "C2 CompilerThread0" daemon [_thread_in_native, id=29652, stack(0x000000c966d00000,0x000000c966e00000)]
  0x0000027888b5ca60 JavaThread "C1 CompilerThread0" daemon [_thread_blocked, id=10208, stack(0x000000c966e00000,0x000000c966f00000)]
  0x0000027888b67f40 JavaThread "Sweeper thread" daemon [_thread_blocked, id=8428, stack(0x000000c966f00000,0x000000c967000000)]
  0x0000027888b003d0 JavaThread "Common-Cleaner" daemon [_thread_blocked, id=14556, stack(0x000000c967000000,0x000000c967100000)]
  0x000002788980d6a0 JavaThread "Monitor Ctrl-Break" daemon [_thread_in_native, id=23596, stack(0x000000c967300000,0x000000c967400000)]
  0x0000027889c38e10 JavaThread "Notification Thread" daemon [_thread_blocked, id=20040, stack(0x000000c967400000,0x000000c967500000)]
  0x0000027889e06160 JavaThread "QuantumRenderer-0" daemon [_thread_blocked, id=22348, stack(0x000000c967100000,0x000000c967200000)]
  0x0000027889e71670 JavaThread "InvokeLaterDispatcher" daemon [_thread_blocked, id=28632, stack(0x000000c967200000,0x000000c967300000)]
  0x0000027889e66240 JavaThread "JavaFX Application Thread" [_thread_in_native, id=27700, stack(0x000000c967600000,0x000000c967700000)]
  0x0000027889fcb660 JavaThread "Thread-1" daemon [_thread_in_native, id=11356, stack(0x000000c967a00000,0x000000c967b00000)]
  0x000002788a0091e0 JavaThread "JavaFX-Launcher" [_thread_blocked, id=26676, stack(0x000000c968000000,0x000000c968100000)]
  0x00000278909cff90 JavaThread "Prism Font Disposer" daemon [_thread_blocked, id=13836, stack(0x000000c968b00000,0x000000c968c00000)]
  0x00000278909d17a0 JavaThread "Java2D Disposer" daemon [_thread_blocked, id=23072, stack(0x000000c969000000,0x000000c969100000)]
  0x00000278909d0e00 JavaThread "AWT-Windows" daemon [_thread_in_native, id=24468, stack(0x000000c969200000,0x000000c969300000)]
=>0x000002788a007810 JavaThread "C2 CompilerThread1" daemon [_thread_in_native, id=27308, stack(0x000000c968100000,0x000000c968200000)]
  0x0000027891390010 JavaThread "C2 CompilerThread2" daemon [_thread_in_native, id=28724, stack(0x000000c968a00000,0x000000c968b00000)]

Other Threads:
  0x0000027888b0fe00 VMThread "VM Thread" [stack: 0x000000c966600000,0x000000c966700000] [id=26724]
  0x0000027889a47580 WatcherThread [stack: 0x000000c967500000,0x000000c967600000] [id=18316]
  0x00000278e8419d30 GCTaskThread "GC Thread#0" [stack: 0x000000c966100000,0x000000c966200000] [id=5436]
  0x0000027889fb9fe0 GCTaskThread "GC Thread#1" [stack: 0x000000c967b00000,0x000000c967c00000] [id=18016]
  0x0000027889fba290 GCTaskThread "GC Thread#2" [stack: 0x000000c967c00000,0x000000c967d00000] [id=11280]
  0x0000027889fba540 GCTaskThread "GC Thread#3" [stack: 0x000000c967d00000,0x000000c967e00000] [id=28616]
  0x000002788a002dd0 GCTaskThread "GC Thread#4" [stack: 0x000000c967e00000,0x000000c967f00000] [id=21176]
  0x000002788a003080 GCTaskThread "GC Thread#5" [stack: 0x000000c967f00000,0x000000c968000000] [id=16368]
  0x000002788ecf6b20 GCTaskThread "GC Thread#6" [stack: 0x000000c968300000,0x000000c968400000] [id=9008]
  0x000002788f3f1bb0 GCTaskThread "GC Thread#7" [stack: 0x000000c968900000,0x000000c968a00000] [id=23252]
  0x00000278e8427260 ConcurrentGCThread "G1 Main Marker" [stack: 0x000000c966200000,0x000000c966300000] [id=7148]
  0x00000278e8427c70 ConcurrentGCThread "G1 Conc#0" [stack: 0x000000c966300000,0x000000c966400000] [id=25696]
  0x000002788f7699d0 ConcurrentGCThread "G1 Conc#1" [stack: 0x000000c968200000,0x000000c968300000] [id=4552]
  0x00000278e849c790 ConcurrentGCThread "G1 Refine#0" [stack: 0x000000c966400000,0x000000c966500000] [id=27432]
  0x000002788f07cdf0 ConcurrentGCThread "G1 Refine#1" [stack: 0x000000c968400000,0x000000c968500000] [id=27688]
  0x000002788f132f10 ConcurrentGCThread "G1 Refine#2" [stack: 0x000000c968500000,0x000000c968600000] [id=29504]
  0x000002788f0f0540 ConcurrentGCThread "G1 Refine#3" [stack: 0x000000c968600000,0x000000c968700000] [id=26664]
  0x000002788eefe620 ConcurrentGCThread "G1 Refine#4" [stack: 0x000000c968700000,0x000000c968800000] [id=26108]
  0x000002788f55ab40 ConcurrentGCThread "G1 Refine#5" [stack: 0x000000c968800000,0x000000c968900000] [id=11336]
  0x000002789095cd40 ConcurrentGCThread "G1 Refine#6" [stack: 0x000000c968f00000,0x000000c969000000] [id=18816]
  0x00000278e849d1b0 ConcurrentGCThread "G1 Service" [stack: 0x000000c966500000,0x000000c966600000] [id=29680]

Threads with active compile tasks:
C2 CompilerThread0     5174 3859       4       javafx.scene.Node::autosize (187 bytes)
C2 CompilerThread1     5174 3858       4       javafx.scene.layout.Region::maxHeight (52 bytes)
C2 CompilerThread2     5174 3869       4       javafx.scene.layout.Region::maxWidth (52 bytes)

VM state: not at safepoint (normal execution)

VM Mutex/Monitor currently owned by a thread: None

Heap address: 0x0000000741a00000, size: 3046 MB, Compressed Oops mode: Zero based, Oop shift amount: 3

CDS archive(s) mapped at: [0x0000000800000000-0x0000000800bc0000-0x0000000800bc0000), size 12320768, SharedBaseAddress: 0x0000000800000000, ArchiveRelocationMode: 0.
Compressed class space mapped at: 0x0000000800c00000-0x0000000840c00000, reserved size: 1073741824
Narrow klass base: 0x0000000800000000, Narrow klass shift: 0, Narrow klass range: 0x100000000

GC Precious Log:
 CPUs: 8 total, 8 available
 Memory: 12180M
 Large Page Support: Disabled
 NUMA Support: Disabled
 Compressed Oops: Enabled (Zero based)
 Heap Region Size: 2M
 Heap Min Capacity: 8M
 Heap Initial Capacity: 192M
 Heap Max Capacity: 3046M
 Pre-touch: Disabled
 Parallel Workers: 8
 Concurrent Workers: 2
 Concurrent Refinement Workers: 8
 Periodic GC: Disabled

Heap:
 garbage-first heap   total 327680K, used 197492K [0x0000000741a00000, 0x0000000800000000)
  region size 2048K, 6 young (12288K), 3 survivors (6144K)
 Metaspace       used 15191K, committed 15424K, reserved 1064960K
  class space    used 1865K, committed 1984K, reserved 1048576K

Heap Regions: E=young(eden), S=young(survivor), O=old, HS=humongous(starts), HC=humongous(continues), CS=collection set, F=free, OA=open archive, CA=closed archive, TAMS=top-at-mark-start (previous, next)
|   0|0x0000000741a00000, 0x0000000741c00000, 0x0000000741c00000|100%| O|  |TAMS 0x0000000741c00000, 0x0000000741a00000| Untracked 
|   1|0x0000000741c00000, 0x0000000741e00000, 0x0000000741e00000|100%| O|  |TAMS 0x0000000741e00000, 0x0000000741c00000| Untracked 
|   2|0x0000000741e00000, 0x0000000742000000, 0x0000000742000000|100%| O|  |TAMS 0x0000000742000000, 0x0000000741e00000| Untracked 
|   3|0x0000000742000000, 0x0000000742200000, 0x0000000742200000|100%| O|  |TAMS 0x0000000742200000, 0x0000000742000000| Untracked 
|   4|0x0000000742200000, 0x0000000742400000, 0x0000000742400000|100%| O|  |TAMS 0x0000000742400000, 0x0000000742200000| Untracked 
|   5|0x0000000742400000, 0x0000000742600000, 0x0000000742600000|100%| O|  |TAMS 0x0000000742600000, 0x0000000742400000| Untracked 
|   6|0x0000000742600000, 0x0000000742800000, 0x0000000742800000|100%| O|  |TAMS 0x0000000742800000, 0x0000000742600000| Untracked 
|   7|0x0000000742800000, 0x0000000742a00000, 0x0000000742a00000|100%| O|  |TAMS 0x0000000742a00000, 0x0000000742800000| Untracked 
|   8|0x0000000742a00000, 0x0000000742c00000, 0x0000000742c00000|100%| O|  |TAMS 0x0000000742c00000, 0x0000000742a00000| Untracked 
|   9|0x0000000742c00000, 0x0000000742e00000, 0x0000000742e00000|100%| O|  |TAMS 0x0000000742e00000, 0x0000000742c00000| Untracked 
|  10|0x0000000742e00000, 0x0000000743000000, 0x0000000743000000|100%| O|  |TAMS 0x0000000743000000, 0x0000000742e00000| Untracked 
|  11|0x0000000743000000, 0x0000000743200000, 0x0000000743200000|100%|HS|  |TAMS 0x0000000743200000, 0x0000000743000000| Complete 
|  12|0x0000000743200000, 0x0000000743400000, 0x0000000743400000|100%|HC|  |TAMS 0x0000000743400000, 0x0000000743200000| Complete 
|  13|0x0000000743400000, 0x0000000743600000, 0x0000000743600000|100%|HS|  |TAMS 0x0000000743600000, 0x0000000743400000| Complete 
|  14|0x0000000743600000, 0x0000000743800000, 0x0000000743800000|100%|HS|  |TAMS 0x0000000743800000, 0x0000000743600000| Complete 
|  15|0x0000000743800000, 0x0000000743a00000, 0x0000000743a00000|100%|HC|  |TAMS 0x0000000743a00000, 0x0000000743800000| Complete 
|  16|0x0000000743a00000, 0x0000000743c00000, 0x0000000743c00000|100%|HC|  |TAMS 0x0000000743c00000, 0x0000000743a00000| Complete 
|  17|0x0000000743c00000, 0x0000000743e00000, 0x0000000743e00000|100%|HC|  |TAMS 0x0000000743e00000, 0x0000000743c00000| Complete 
|  18|0x0000000743e00000, 0x0000000744000000, 0x0000000744000000|100%|HC|  |TAMS 0x0000000744000000, 0x0000000743e00000| Complete 
|  19|0x0000000744000000, 0x0000000744200000, 0x0000000744200000|100%|HC|  |TAMS 0x0000000744200000, 0x0000000744000000| Complete 
|  20|0x0000000744200000, 0x0000000744400000, 0x0000000744400000|100%|HC|  |TAMS 0x0000000744400000, 0x0000000744200000| Complete 
|  21|0x0000000744400000, 0x0000000744600000, 0x0000000744600000|100%|HC|  |TAMS 0x0000000744600000, 0x0000000744400000| Complete 
|  22|0x0000000744600000, 0x0000000744800000, 0x0000000744800000|100%|HC|  |TAMS 0x0000000744800000, 0x0000000744600000| Complete 
|  23|0x0000000744800000, 0x0000000744a00000, 0x0000000744a00000|100%|HC|  |TAMS 0x0000000744a00000, 0x0000000744800000| Complete 
|  24|0x0000000744a00000, 0x0000000744c00000, 0x0000000744c00000|100%|HC|  |TAMS 0x0000000744c00000, 0x0000000744a00000| Complete 
|  25|0x0000000744c00000, 0x0000000744e00000, 0x0000000744e00000|100%|HC|  |TAMS 0x0000000744e00000, 0x0000000744c00000| Complete 
|  26|0x0000000744e00000, 0x0000000745000000, 0x0000000745000000|100%|HC|  |TAMS 0x0000000745000000, 0x0000000744e00000| Complete 
|  27|0x0000000745000000, 0x0000000745200000, 0x0000000745200000|100%|HC|  |TAMS 0x0000000745200000, 0x0000000745000000| Complete 
|  28|0x0000000745200000, 0x0000000745400000, 0x0000000745400000|100%|HC|  |TAMS 0x0000000745400000, 0x0000000745200000| Complete 
|  29|0x0000000745400000, 0x0000000745600000, 0x0000000745600000|100%|HC|  |TAMS 0x0000000745600000, 0x0000000745400000| Complete 
|  30|0x0000000745600000, 0x0000000745800000, 0x0000000745800000|100%|HC|  |TAMS 0x0000000745800000, 0x0000000745600000| Complete 
|  31|0x0000000745800000, 0x0000000745a00000, 0x0000000745a00000|100%|HC|  |TAMS 0x0000000745a00000, 0x0000000745800000| Complete 
|  32|0x0000000745a00000, 0x0000000745c00000, 0x0000000745c00000|100%|HC|  |TAMS 0x0000000745c00000, 0x0000000745a00000| Complete 
|  33|0x0000000745c00000, 0x0000000745e00000, 0x0000000745e00000|100%|HC|  |TAMS 0x0000000745e00000, 0x0000000745c00000| Complete 
|  34|0x0000000745e00000, 0x0000000746000000, 0x0000000746000000|100%|HC|  |TAMS 0x0000000746000000, 0x0000000745e00000| Complete 
|  35|0x0000000746000000, 0x0000000746200000, 0x0000000746200000|100%|HC|  |TAMS 0x0000000746200000, 0x0000000746000000| Complete 
|  36|0x0000000746200000, 0x0000000746400000, 0x0000000746400000|100%|HC|  |TAMS 0x0000000746400000, 0x0000000746200000| Complete 
|  37|0x0000000746400000, 0x0000000746600000, 0x0000000746600000|100%|HC|  |TAMS 0x0000000746600000, 0x0000000746400000| Complete 
|  38|0x0000000746600000, 0x0000000746800000, 0x0000000746800000|100%|HS|  |TAMS 0x0000000746800000, 0x0000000746600000| Complete 
|  39|0x0000000746800000, 0x0000000746a00000, 0x0000000746a00000|100%| O|  |TAMS 0x0000000746a00000, 0x0000000746800000| Untracked 
|  40|0x0000000746a00000, 0x0000000746c00000, 0x0000000746c00000|100%| O|  |TAMS 0x0000000746c00000, 0x0000000746a00000| Untracked 
|  41|0x0000000746c00000, 0x0000000746e00000, 0x0000000746e00000|100%| O|  |TAMS 0x0000000746e00000, 0x0000000746c00000| Untracked 
|  42|0x0000000746e00000, 0x0000000747000000, 0x0000000747000000|100%| O|  |TAMS 0x0000000747000000, 0x0000000746e00000| Untracked 
|  43|0x0000000747000000, 0x0000000747200000, 0x0000000747200000|100%| O|  |TAMS 0x0000000747200000, 0x0000000747000000| Untracked 
|  44|0x0000000747200000, 0x0000000747400000, 0x0000000747400000|100%| O|  |TAMS 0x0000000747400000, 0x0000000747200000| Untracked 
|  45|0x0000000747400000, 0x0000000747600000, 0x0000000747600000|100%| O|  |TAMS 0x0000000747600000, 0x0000000747400000| Untracked 
|  46|0x0000000747600000, 0x0000000747800000, 0x0000000747800000|100%| O|  |TAMS 0x0000000747800000, 0x0000000747600000| Untracked 
|  47|0x0000000747800000, 0x0000000747a00000, 0x0000000747a00000|100%| O|  |TAMS 0x0000000747a00000, 0x0000000747800000| Untracked 
|  48|0x0000000747a00000, 0x0000000747c00000, 0x0000000747c00000|100%| O|  |TAMS 0x0000000747c00000, 0x0000000747a00000| Untracked 
|  49|0x0000000747c00000, 0x0000000747e00000, 0x0000000747e00000|100%| O|  |TAMS 0x0000000747e00000, 0x0000000747c00000| Untracked 
|  50|0x0000000747e00000, 0x0000000748000000, 0x0000000748000000|100%| O|  |TAMS 0x0000000748000000, 0x0000000747e00000| Untracked 
|  51|0x0000000748000000, 0x0000000748200000, 0x0000000748200000|100%| O|  |TAMS 0x0000000748200000, 0x0000000748000000| Untracked 
|  52|0x0000000748200000, 0x0000000748400000, 0x0000000748400000|100%|HS|  |TAMS 0x0000000748400000, 0x0000000748200000| Complete 
|  53|0x0000000748400000, 0x0000000748600000, 0x0000000748600000|100%|HS|  |TAMS 0x0000000748600000, 0x0000000748400000| Complete 
|  54|0x0000000748600000, 0x0000000748800000, 0x0000000748800000|100%|HS|  |TAMS 0x0000000748800000, 0x0000000748600000| Complete 
|  55|0x0000000748800000, 0x0000000748a00000, 0x0000000748a00000|100%|HS|  |TAMS 0x0000000748a00000, 0x0000000748800000| Complete 
|  56|0x0000000748a00000, 0x0000000748c00000, 0x0000000748c00000|100%|HS|  |TAMS 0x0000000748c00000, 0x0000000748a00000| Complete 
|  57|0x0000000748c00000, 0x0000000748e00000, 0x0000000748e00000|100%|HS|  |TAMS 0x0000000748e00000, 0x0000000748c00000| Complete 
|  58|0x0000000748e00000, 0x0000000749000000, 0x0000000749000000|100%|HS|  |TAMS 0x0000000749000000, 0x0000000748e00000| Complete 
|  59|0x0000000749000000, 0x0000000749200000, 0x0000000749200000|100%|HS|  |TAMS 0x0000000749200000, 0x0000000749000000| Complete 
|  60|0x0000000749200000, 0x0000000749400000, 0x0000000749400000|100%|HS|  |TAMS 0x0000000749400000, 0x0000000749200000| Complete 
|  61|0x0000000749400000, 0x0000000749600000, 0x0000000749600000|100%|HS|  |TAMS 0x0000000749600000, 0x0000000749400000| Complete 
|  62|0x0000000749600000, 0x0000000749800000, 0x0000000749800000|100%|HS|  |TAMS 0x0000000749800000, 0x0000000749600000| Complete 
|  63|0x0000000749800000, 0x0000000749a00000, 0x0000000749a00000|100%|HC|  |TAMS 0x0000000749a00000, 0x0000000749800000| Complete 
|  64|0x0000000749a00000, 0x0000000749c00000, 0x0000000749c00000|100%|HC|  |TAMS 0x0000000749c00000, 0x0000000749a00000| Complete 
|  65|0x0000000749c00000, 0x0000000749e00000, 0x0000000749e00000|100%|HS|  |TAMS 0x0000000749e00000, 0x0000000749c00000| Complete 
|  66|0x0000000749e00000, 0x000000074a000000, 0x000000074a000000|100%|HC|  |TAMS 0x000000074a000000, 0x0000000749e00000| Complete 
|  67|0x000000074a000000, 0x000000074a200000, 0x000000074a200000|100%|HS|  |TAMS 0x000000074a200000, 0x000000074a000000| Complete 
|  68|0x000000074a200000, 0x000000074a400000, 0x000000074a400000|100%|HS|  |TAMS 0x000000074a400000, 0x000000074a200000| Complete 
|  69|0x000000074a400000, 0x000000074a600000, 0x000000074a600000|100%|HC|  |TAMS 0x000000074a600000, 0x000000074a400000| Complete 
|  70|0x000000074a600000, 0x000000074a800000, 0x000000074a800000|100%|HC|  |TAMS 0x000000074a800000, 0x000000074a600000| Complete 
|  71|0x000000074a800000, 0x000000074aa00000, 0x000000074aa00000|100%|HS|  |TAMS 0x000000074aa00000, 0x000000074a800000| Complete 
|  72|0x000000074aa00000, 0x000000074ac00000, 0x000000074ac00000|100%|HC|  |TAMS 0x000000074ac00000, 0x000000074aa00000| Complete 
|  73|0x000000074ac00000, 0x000000074ae00000, 0x000000074ae00000|100%|HC|  |TAMS 0x000000074ae00000, 0x000000074ac00000| Complete 
|  74|0x000000074ae00000, 0x000000074b000000, 0x000000074b000000|100%| O|  |TAMS 0x000000074b000000, 0x000000074ae00000| Untracked 
|  75|0x000000074b000000, 0x000000074b200000, 0x000000074b200000|100%| O|  |TAMS 0x000000074b200000, 0x000000074b000000| Untracked 
|  76|0x000000074b200000, 0x000000074b400000, 0x000000074b400000|100%| O|  |TAMS 0x000000074b400000, 0x000000074b200000| Untracked 
|  77|0x000000074b400000, 0x000000074b600000, 0x000000074b600000|100%|HS|  |TAMS 0x000000074b600000, 0x000000074b400000| Complete 
|  78|0x000000074b600000, 0x000000074b800000, 0x000000074b800000|100%|HC|  |TAMS 0x000000074b800000, 0x000000074b600000| Complete 
|  79|0x000000074b800000, 0x000000074ba00000, 0x000000074ba00000|100%|HC|  |TAMS 0x000000074ba00000, 0x000000074b800000| Complete 
|  80|0x000000074ba00000, 0x000000074bc00000, 0x000000074bc00000|100%| O|  |TAMS 0x000000074bc00000, 0x000000074ba00000| Untracked 
|  81|0x000000074bc00000, 0x000000074be00000, 0x000000074be00000|100%| O|  |TAMS 0x000000074be00000, 0x000000074bc00000| Untracked 
|  82|0x000000074be00000, 0x000000074c000000, 0x000000074c000000|100%| O|  |TAMS 0x000000074be7fc00, 0x000000074be00000| Untracked 
|  83|0x000000074c000000, 0x000000074c200000, 0x000000074c200000|100%| O|  |TAMS 0x000000074c000000, 0x000000074c000000| Untracked 
|  84|0x000000074c200000, 0x000000074c400000, 0x000000074c400000|100%| O|  |TAMS 0x000000074c200000, 0x000000074c200000| Untracked 
|  85|0x000000074c400000, 0x000000074c600000, 0x000000074c600000|100%| O|  |TAMS 0x000000074c400000, 0x000000074c400000| Untracked 
|  86|0x000000074c600000, 0x000000074c800000, 0x000000074c800000|100%| O|  |TAMS 0x000000074c600000, 0x000000074c600000| Untracked 
|  87|0x000000074c800000, 0x000000074ca00000, 0x000000074ca00000|100%| O|  |TAMS 0x000000074c800000, 0x000000074c800000| Untracked 
|  88|0x000000074ca00000, 0x000000074cc00000, 0x000000074cc00000|100%| O|  |TAMS 0x000000074ca00000, 0x000000074ca00000| Untracked 
|  89|0x000000074cc00000, 0x000000074ce00000, 0x000000074ce00000|100%| O|  |TAMS 0x000000074cc00000, 0x000000074cc00000| Untracked 
|  90|0x000000074ce00000, 0x000000074d000000, 0x000000074d000000|100%| O|  |TAMS 0x000000074ce00000, 0x000000074ce00000| Untracked 
|  91|0x000000074d000000, 0x000000074d0dd200, 0x000000074d200000| 43%| O|  |TAMS 0x000000074d000000, 0x000000074d000000| Untracked 
|  92|0x000000074d200000, 0x000000074d200000, 0x000000074d400000|  0%| F|  |TAMS 0x000000074d200000, 0x000000074d200000| Untracked 
|  93|0x000000074d400000, 0x000000074d400000, 0x000000074d600000|  0%| F|  |TAMS 0x000000074d400000, 0x000000074d400000| Untracked 
|  94|0x000000074d600000, 0x000000074d600000, 0x000000074d800000|  0%| F|  |TAMS 0x000000074d600000, 0x000000074d600000| Untracked 
|  95|0x000000074d800000, 0x000000074d800000, 0x000000074da00000|  0%| F|  |TAMS 0x000000074d800000, 0x000000074d800000| Untracked 
|  96|0x000000074da00000, 0x000000074da00000, 0x000000074dc00000|  0%| F|  |TAMS 0x000000074da00000, 0x000000074da00000| Untracked 
|  97|0x000000074dc00000, 0x000000074dc00000, 0x000000074de00000|  0%| F|  |TAMS 0x000000074dc00000, 0x000000074dc00000| Untracked 
|  98|0x000000074de00000, 0x000000074de00000, 0x000000074e000000|  0%| F|  |TAMS 0x000000074de00000, 0x000000074de00000| Untracked 
|  99|0x000000074e000000, 0x000000074e000000, 0x000000074e200000|  0%| F|  |TAMS 0x000000074e000000, 0x000000074e000000| Untracked 
| 100|0x000000074e200000, 0x000000074e200000, 0x000000074e400000|  0%| F|  |TAMS 0x000000074e200000, 0x000000074e200000| Untracked 
| 101|0x000000074e400000, 0x000000074e400000, 0x000000074e600000|  0%| F|  |TAMS 0x000000074e400000, 0x000000074e400000| Untracked 
| 102|0x000000074e600000, 0x000000074e600000, 0x000000074e800000|  0%| F|  |TAMS 0x000000074e600000, 0x000000074e600000| Untracked 
| 103|0x000000074e800000, 0x000000074e800000, 0x000000074ea00000|  0%| F|  |TAMS 0x000000074e800000, 0x000000074e800000| Untracked 
| 104|0x000000074ea00000, 0x000000074ea00000, 0x000000074ec00000|  0%| F|  |TAMS 0x000000074ea00000, 0x000000074ea00000| Untracked 
| 105|0x000000074ec00000, 0x000000074ec00000, 0x000000074ee00000|  0%| F|  |TAMS 0x000000074ec00000, 0x000000074ec00000| Untracked 
| 106|0x000000074ee00000, 0x000000074ee00000, 0x000000074f000000|  0%| F|  |TAMS 0x000000074ee00000, 0x000000074ee00000| Untracked 
| 107|0x000000074f000000, 0x000000074f000000, 0x000000074f200000|  0%| F|  |TAMS 0x000000074f000000, 0x000000074f000000| Untracked 
| 108|0x000000074f200000, 0x000000074f200000, 0x000000074f400000|  0%| F|  |TAMS 0x000000074f200000, 0x000000074f200000| Untracked 
| 109|0x000000074f400000, 0x000000074f400000, 0x000000074f600000|  0%| F|  |TAMS 0x000000074f400000, 0x000000074f400000| Untracked 
| 110|0x000000074f600000, 0x000000074f600000, 0x000000074f800000|  0%| F|  |TAMS 0x000000074f600000, 0x000000074f600000| Untracked 
| 111|0x000000074f800000, 0x000000074f800000, 0x000000074fa00000|  0%| F|  |TAMS 0x000000074f800000, 0x000000074f800000| Untracked 
| 112|0x000000074fa00000, 0x000000074fa00000, 0x000000074fc00000|  0%| F|  |TAMS 0x000000074fa00000, 0x000000074fa00000| Untracked 
| 113|0x000000074fc00000, 0x000000074fc00000, 0x000000074fe00000|  0%| F|  |TAMS 0x000000074fc00000, 0x000000074fc00000| Untracked 
| 114|0x000000074fe00000, 0x000000074fe00000, 0x0000000750000000|  0%| F|  |TAMS 0x000000074fe00000, 0x000000074fe00000| Untracked 
| 115|0x0000000750000000, 0x0000000750200000, 0x0000000750200000|100%| S|CS|TAMS 0x0000000750000000, 0x0000000750000000| Complete 
| 116|0x0000000750200000, 0x0000000750400000, 0x0000000750400000|100%| S|CS|TAMS 0x0000000750200000, 0x0000000750200000| Complete 
| 117|0x0000000750400000, 0x0000000750600000, 0x0000000750600000|100%| S|CS|TAMS 0x0000000750400000, 0x0000000750400000| Complete 
| 118|0x0000000750600000, 0x0000000750600000, 0x0000000750800000|  0%| F|  |TAMS 0x0000000750600000, 0x0000000750600000| Untracked 
| 119|0x0000000750800000, 0x0000000750800000, 0x0000000750a00000|  0%| F|  |TAMS 0x0000000750800000, 0x0000000750800000| Untracked 
| 120|0x0000000750a00000, 0x0000000750a00000, 0x0000000750c00000|  0%| F|  |TAMS 0x0000000750a00000, 0x0000000750a00000| Untracked 
| 121|0x0000000750c00000, 0x0000000750c00000, 0x0000000750e00000|  0%| F|  |TAMS 0x0000000750c00000, 0x0000000750c00000| Untracked 
| 122|0x0000000750e00000, 0x0000000750e00000, 0x0000000751000000|  0%| F|  |TAMS 0x0000000750e00000, 0x0000000750e00000| Untracked 
| 123|0x0000000751000000, 0x0000000751000000, 0x0000000751200000|  0%| F|  |TAMS 0x0000000751000000, 0x0000000751000000| Untracked 
| 124|0x0000000751200000, 0x0000000751200000, 0x0000000751400000|  0%| F|  |TAMS 0x0000000751200000, 0x0000000751200000| Untracked 
| 125|0x0000000751400000, 0x0000000751400000, 0x0000000751600000|  0%| F|  |TAMS 0x0000000751400000, 0x0000000751400000| Untracked 
| 126|0x0000000751600000, 0x0000000751600000, 0x0000000751800000|  0%| F|  |TAMS 0x0000000751600000, 0x0000000751600000| Untracked 
| 127|0x0000000751800000, 0x0000000751800000, 0x0000000751a00000|  0%| F|  |TAMS 0x0000000751800000, 0x0000000751800000| Untracked 
| 128|0x0000000751a00000, 0x0000000751a00000, 0x0000000751c00000|  0%| F|  |TAMS 0x0000000751a00000, 0x0000000751a00000| Untracked 
| 129|0x0000000751c00000, 0x0000000751c00000, 0x0000000751e00000|  0%| F|  |TAMS 0x0000000751c00000, 0x0000000751c00000| Untracked 
| 130|0x0000000751e00000, 0x0000000751e00000, 0x0000000752000000|  0%| F|  |TAMS 0x0000000751e00000, 0x0000000751e00000| Untracked 
| 131|0x0000000752000000, 0x0000000752000000, 0x0000000752200000|  0%| F|  |TAMS 0x0000000752000000, 0x0000000752000000| Untracked 
| 132|0x0000000752200000, 0x0000000752200000, 0x0000000752400000|  0%| F|  |TAMS 0x0000000752200000, 0x0000000752200000| Untracked 
| 133|0x0000000752400000, 0x0000000752400000, 0x0000000752600000|  0%| F|  |TAMS 0x0000000752400000, 0x0000000752400000| Untracked 
| 134|0x0000000752600000, 0x0000000752600000, 0x0000000752800000|  0%| F|  |TAMS 0x0000000752600000, 0x0000000752600000| Untracked 
| 135|0x0000000752800000, 0x0000000752800000, 0x0000000752a00000|  0%| F|  |TAMS 0x0000000752800000, 0x0000000752800000| Untracked 
| 136|0x0000000752a00000, 0x0000000752a00000, 0x0000000752c00000|  0%| F|  |TAMS 0x0000000752a00000, 0x0000000752a00000| Untracked 
| 137|0x0000000752c00000, 0x0000000752c00000, 0x0000000752e00000|  0%| F|  |TAMS 0x0000000752c00000, 0x0000000752c00000| Untracked 
| 138|0x0000000752e00000, 0x0000000753000000, 0x0000000753000000|100%| E|CS|TAMS 0x0000000752e00000, 0x0000000752e00000| Complete 
| 139|0x0000000753000000, 0x0000000753000000, 0x0000000753200000|  0%| F|  |TAMS 0x0000000753000000, 0x0000000753000000| Untracked 
| 140|0x0000000753200000, 0x0000000753200000, 0x0000000753400000|  0%| F|  |TAMS 0x0000000753200000, 0x0000000753200000| Untracked 
| 141|0x0000000753400000, 0x0000000753400000, 0x0000000753600000|  0%| F|  |TAMS 0x0000000753400000, 0x0000000753400000| Untracked 
| 142|0x0000000753600000, 0x0000000753600000, 0x0000000753800000|  0%| F|  |TAMS 0x0000000753600000, 0x0000000753600000| Untracked 
| 143|0x0000000753800000, 0x0000000753800000, 0x0000000753a00000|  0%| F|  |TAMS 0x0000000753800000, 0x0000000753800000| Untracked 
| 144|0x0000000753a00000, 0x0000000753a00000, 0x0000000753c00000|  0%| F|  |TAMS 0x0000000753a00000, 0x0000000753a00000| Untracked 
| 145|0x0000000753c00000, 0x0000000753c00000, 0x0000000753e00000|  0%| F|  |TAMS 0x0000000753c00000, 0x0000000753c00000| Untracked 
| 146|0x0000000753e00000, 0x0000000753e00000, 0x0000000754000000|  0%| F|  |TAMS 0x0000000753e00000, 0x0000000753e00000| Untracked 
| 147|0x0000000754000000, 0x0000000754000000, 0x0000000754200000|  0%| F|  |TAMS 0x0000000754000000, 0x0000000754000000| Untracked 
| 148|0x0000000754200000, 0x0000000754200000, 0x0000000754400000|  0%| F|  |TAMS 0x0000000754200000, 0x0000000754200000| Untracked 
| 149|0x0000000754400000, 0x0000000754400000, 0x0000000754600000|  0%| F|  |TAMS 0x0000000754400000, 0x0000000754400000| Untracked 
| 150|0x0000000754600000, 0x0000000754600000, 0x0000000754800000|  0%| F|  |TAMS 0x0000000754600000, 0x0000000754600000| Untracked 
| 151|0x0000000754800000, 0x0000000754800000, 0x0000000754a00000|  0%| F|  |TAMS 0x0000000754800000, 0x0000000754800000| Untracked 
| 152|0x0000000754a00000, 0x0000000754a00000, 0x0000000754c00000|  0%| F|  |TAMS 0x0000000754a00000, 0x0000000754a00000| Untracked 
| 153|0x0000000754c00000, 0x0000000754c00000, 0x0000000754e00000|  0%| F|  |TAMS 0x0000000754c00000, 0x0000000754c00000| Untracked 
| 154|0x0000000754e00000, 0x0000000754e00000, 0x0000000755000000|  0%| F|  |TAMS 0x0000000754e00000, 0x0000000754e00000| Untracked 
| 155|0x0000000755000000, 0x0000000755000000, 0x0000000755200000|  0%| F|  |TAMS 0x0000000755000000, 0x0000000755000000| Untracked 
| 156|0x0000000755200000, 0x0000000755200000, 0x0000000755400000|  0%| F|  |TAMS 0x0000000755200000, 0x0000000755200000| Untracked 
| 157|0x0000000755400000, 0x0000000755400000, 0x0000000755600000|  0%| F|  |TAMS 0x0000000755400000, 0x0000000755400000| Untracked 
| 158|0x0000000755600000, 0x00000007556b00e8, 0x0000000755800000| 34%| E|  |TAMS 0x0000000755600000, 0x0000000755600000| Complete 
| 159|0x0000000755800000, 0x0000000755a00000, 0x0000000755a00000|100%| E|CS|TAMS 0x0000000755800000, 0x0000000755800000| Complete 

Card table byte_map: [0x00000278ff580000,0x00000278ffb80000] _byte_map_base: 0x00000278fbb73000

Marking Bits (Prev, Next): (CMBitMap*) 0x00000278e841a380, (CMBitMap*) 0x00000278e841a340
 Prev Bits: [0x00000278835a0000, 0x0000027886538000)
 Next Bits: [0x0000027880600000, 0x0000027883598000)

Polling page: 0x00000278e7ba0000

Metaspace:

Usage:
  Non-class:     13.01 MB used.
      Class:      1.82 MB used.
       Both:     14.84 MB used.

Virtual space:
  Non-class space:       16.00 MB reserved,      13.12 MB ( 82%) committed,  2 nodes.
      Class space:        1.00 GB reserved,       1.94 MB ( <1%) committed,  1 nodes.
             Both:        1.02 GB reserved,      15.06 MB (  1%) committed. 

Chunk freelists:
   Non-Class:  2.80 MB
       Class:  2.10 MB
        Both:  4.90 MB

MaxMetaspaceSize: unlimited
CompressedClassSpaceSize: 1.00 GB
Initial GC threshold: 21.00 MB
Current GC threshold: 21.69 MB
CDS: on
MetaspaceReclaimPolicy: balanced
 - commit_granule_bytes: 65536.
 - commit_granule_words: 8192.
 - virtual_space_node_default_size: 1048576.
 - enlarge_chunks_in_place: 1.
 - new_chunks_are_fully_committed: 0.
 - uncommit_free_chunks: 1.
 - use_allocation_guard: 0.
 - handle_deallocations: 1.


Internal statistics:

num_allocs_failed_limit: 0.
num_arena_births: 176.
num_arena_deaths: 0.
num_vsnodes_births: 3.
num_vsnodes_deaths: 0.
num_space_committed: 241.
num_space_uncommitted: 0.
num_chunks_returned_to_freelist: 0.
num_chunks_taken_from_freelist: 596.
num_chunk_merges: 0.
num_chunk_splits: 425.
num_chunks_enlarged: 343.
num_purges: 0.
num_inconsistent_stats: 0.

CodeHeap 'non-profiled nmethods': size=120000Kb used=1961Kb max_used=1961Kb free=118038Kb
 bounds [0x00000278f7710000, 0x00000278f7980000, 0x00000278fec40000]
CodeHeap 'profiled nmethods': size=120000Kb used=7290Kb max_used=7290Kb free=112709Kb
 bounds [0x00000278f01e0000, 0x00000278f0900000, 0x00000278f7710000]
CodeHeap 'non-nmethods': size=5760Kb used=1429Kb max_used=1464Kb free=4330Kb
 bounds [0x00000278efc40000, 0x00000278efeb0000, 0x00000278f01e0000]
 total_blobs=4635 nmethods=3848 adapters=698
 compilation: enabled
              stopped_count=0, restarted_count=0
 full_count=0

Compilation events (20 events):
Event: 5.082 Thread 0x0000027888b5ca60 3856       3       com.sun.javafx.event.EventHandlerManager::dispatchCapturingEvent (41 bytes)
Event: 5.083 Thread 0x0000027888b5ca60 nmethod 3856 0x00000278f08e8510 code [0x00000278f08e8700, 0x00000278f08e8e18]
Event: 5.084 Thread 0x0000027888b5b150 3857       4       javafx.scene.Node::processCSS (103 bytes)
Event: 5.088 Thread 0x0000027888b5ca60 3862       1       javafx.scene.Cursor$StandardCursor::getCurrentFrame (5 bytes)
Event: 5.088 Thread 0x0000027888b5ca60 nmethod 3862 0x00000278f78f7790 code [0x00000278f78f7920, 0x00000278f78f79f8]
Event: 5.089 Thread 0x000002788a007810 3858       4       javafx.scene.layout.Region::maxHeight (52 bytes)
Event: 5.100 Thread 0x0000027888b5b150 nmethod 3857 0x00000278f78f7a90 code [0x00000278f78f7ce0, 0x00000278f78f87a8]
Event: 5.100 Thread 0x0000027888b5b150 3859       4       javafx.scene.Node::autosize (187 bytes)
Event: 5.106 Thread 0x0000027888b5ca60 3864       1       javafx.scene.input.PickResult::getIntersectedNode (5 bytes)
Event: 5.106 Thread 0x0000027888b5ca60 nmethod 3864 0x00000278f78f9110 code [0x00000278f78f92a0, 0x00000278f78f9378]
Event: 5.106 Thread 0x0000027888b5ca60 3865       1       javafx.event.Event::getTarget (5 bytes)
Event: 5.106 Thread 0x0000027888b5ca60 nmethod 3865 0x00000278f78f9410 code [0x00000278f78f95a0, 0x00000278f78f9678]
Event: 5.106 Thread 0x0000027888b5ca60 3866       3       com.sun.javafx.scene.NodeHelper::markDirtyImpl (11 bytes)
Event: 5.106 Thread 0x0000027888b5ca60 nmethod 3866 0x00000278f08e9090 code [0x00000278f08e9280, 0x00000278f08e9728]
Event: 5.106 Thread 0x0000027888b5ca60 3867       3       javafx.scene.Node::doGeomChanged (45 bytes)
Event: 5.107 Thread 0x0000027888b5ca60 nmethod 3867 0x00000278f08e9910 code [0x00000278f08e9ba0, 0x00000278f08ea838]
Event: 5.119 Thread 0x0000027888b5ca60 3870       3       jdk.internal.misc.Unsafe::putReferenceOpaque (9 bytes)
Event: 5.119 Thread 0x0000027888b5ca60 nmethod 3870 0x00000278f08eac10 code [0x00000278f08eada0, 0x00000278f08eaf18]
Event: 5.119 Thread 0x0000027888b5ca60 3871       3       java.util.concurrent.locks.AbstractQueuedSynchronizer$ConditionObject::signal (34 bytes)
Event: 5.120 Thread 0x0000027888b5ca60 nmethod 3871 0x00000278f08eaf90 code [0x00000278f08eb160, 0x00000278f08eb4c8]

GC Heap History (18 events):
Event: 0.690 GC heap before
{Heap before GC invocations=0 (full 0):
 garbage-first heap   total 196608K, used 22528K [0x0000000741a00000, 0x0000000800000000)
  region size 2048K, 11 young (22528K), 0 survivors (0K)
 Metaspace       used 4351K, committed 4544K, reserved 1056768K
  class space    used 471K, committed 576K, reserved 1048576K
}
Event: 0.693 GC heap after
{Heap after GC invocations=1 (full 0):
 garbage-first heap   total 196608K, used 2624K [0x0000000741a00000, 0x0000000800000000)
  region size 2048K, 2 young (4096K), 2 survivors (4096K)
 Metaspace       used 4351K, committed 4544K, reserved 1056768K
  class space    used 471K, committed 576K, reserved 1048576K
}
Event: 1.009 GC heap before
{Heap before GC invocations=1 (full 0):
 garbage-first heap   total 196608K, used 41536K [0x0000000741a00000, 0x0000000800000000)
  region size 2048K, 21 young (43008K), 2 survivors (4096K)
 Metaspace       used 7835K, committed 8000K, reserved 1064960K
  class space    used 984K, committed 1088K, reserved 1048576K
}
Event: 1.032 GC heap after
{Heap after GC invocations=2 (full 0):
 garbage-first heap   total 196608K, used 27816K [0x0000000741a00000, 0x0000000800000000)
  region size 2048K, 3 young (6144K), 3 survivors (6144K)
 Metaspace       used 7835K, committed 8000K, reserved 1064960K
  class space    used 984K, committed 1088K, reserved 1048576K
}
Event: 1.460 GC heap before
{Heap before GC invocations=2 (full 0):
 garbage-first heap   total 196608K, used 105640K [0x0000000741a00000, 0x0000000800000000)
  region size 2048K, 13 young (26624K), 3 survivors (6144K)
 Metaspace       used 8582K, committed 8704K, reserved 1064960K
  class space    used 1075K, committed 1152K, reserved 1048576K
}
Event: 1.478 GC heap after
{Heap after GC invocations=3 (full 0):
 garbage-first heap   total 196608K, used 103929K [0x0000000741a00000, 0x0000000800000000)
  region size 2048K, 2 young (4096K), 2 survivors (4096K)
 Metaspace       used 8582K, committed 8704K, reserved 1064960K
  class space    used 1075K, committed 1152K, reserved 1048576K
}
Event: 1.505 GC heap before
{Heap before GC invocations=3 (full 0):
 garbage-first heap   total 196608K, used 103929K [0x0000000741a00000, 0x0000000800000000)
  region size 2048K, 3 young (6144K), 2 survivors (4096K)
 Metaspace       used 8587K, committed 8768K, reserved 1064960K
  class space    used 1075K, committed 1152K, reserved 1048576K
}
Event: 1.508 GC heap after
{Heap after GC invocations=4 (full 0):
 garbage-first heap   total 196608K, used 107158K [0x0000000741a00000, 0x0000000800000000)
  region size 2048K, 1 young (2048K), 1 survivors (2048K)
 Metaspace       used 8587K, committed 8768K, reserved 1064960K
  class space    used 1075K, committed 1152K, reserved 1048576K
}
Event: 1.589 GC heap before
{Heap before GC invocations=5 (full 0):
 garbage-first heap   total 202752K, used 123542K [0x0000000741a00000, 0x0000000800000000)
  region size 2048K, 2 young (4096K), 1 survivors (2048K)
 Metaspace       used 8588K, committed 8768K, reserved 1064960K
  class space    used 1075K, committed 1152K, reserved 1048576K
}
Event: 1.594 GC heap after
{Heap after GC invocations=6 (full 0):
 garbage-first heap   total 202752K, used 122962K [0x0000000741a00000, 0x0000000800000000)
  region size 2048K, 1 young (2048K), 1 survivors (2048K)
 Metaspace       used 8588K, committed 8768K, reserved 1064960K
  class space    used 1075K, committed 1152K, reserved 1048576K
}
Event: 1.678 GC heap before
{Heap before GC invocations=7 (full 0):
 garbage-first heap   total 229376K, used 137298K [0x0000000741a00000, 0x0000000800000000)
  region size 2048K, 2 young (4096K), 1 survivors (2048K)
 Metaspace       used 8588K, committed 8768K, reserved 1064960K
  class space    used 1075K, committed 1152K, reserved 1048576K
}
Event: 1.679 GC heap after
{Heap after GC invocations=8 (full 0):
 garbage-first heap   total 229376K, used 137859K [0x0000000741a00000, 0x0000000800000000)
  region size 2048K, 1 young (2048K), 1 survivors (2048K)
 Metaspace       used 8588K, committed 8768K, reserved 1064960K
  class space    used 1075K, committed 1152K, reserved 1048576K
}
Event: 1.839 GC heap before
{Heap before GC invocations=9 (full 0):
 garbage-first heap   total 260096K, used 160387K [0x0000000741a00000, 0x0000000800000000)
  region size 2048K, 7 young (14336K), 1 survivors (2048K)
 Metaspace       used 8650K, committed 8832K, reserved 1064960K
  class space    used 1077K, committed 1152K, reserved 1048576K
}
Event: 1.841 GC heap after
{Heap after GC invocations=10 (full 0):
 garbage-first heap   total 260096K, used 160220K [0x0000000741a00000, 0x0000000800000000)
  region size 2048K, 2 young (4096K), 2 survivors (4096K)
 Metaspace       used 8650K, committed 8832K, reserved 1064960K
  class space    used 1077K, committed 1152K, reserved 1048576K
}
Event: 2.395 GC heap before
{Heap before GC invocations=11 (full 0):
 garbage-first heap   total 284672K, used 197084K [0x0000000741a00000, 0x0000000800000000)
  region size 2048K, 17 young (34816K), 2 survivors (4096K)
 Metaspace       used 11729K, committed 11968K, reserved 1064960K
  class space    used 1547K, committed 1664K, reserved 1048576K
}
Event: 2.403 GC heap after
{Heap after GC invocations=12 (full 0):
 garbage-first heap   total 284672K, used 174591K [0x0000000741a00000, 0x0000000800000000)
  region size 2048K, 3 young (6144K), 3 survivors (6144K)
 Metaspace       used 11729K, committed 11968K, reserved 1064960K
  class space    used 1547K, committed 1664K, reserved 1048576K
}
Event: 3.021 GC heap before
{Heap before GC invocations=12 (full 0):
 garbage-first heap   total 284672K, used 211455K [0x0000000741a00000, 0x0000000800000000)
  region size 2048K, 21 young (43008K), 3 survivors (6144K)
 Metaspace       used 12710K, committed 12928K, reserved 1064960K
  class space    used 1607K, committed 1728K, reserved 1048576K
}
Event: 3.041 GC heap after
{Heap after GC invocations=13 (full 0):
 garbage-first heap   total 284672K, used 193396K [0x0000000741a00000, 0x0000000800000000)
  region size 2048K, 3 young (6144K), 3 survivors (6144K)
 Metaspace       used 12710K, committed 12928K, reserved 1064960K
  class space    used 1607K, committed 1728K, reserved 1048576K
}

Deoptimization events (20 events):
Event: 3.399 Thread 0x0000027889e66240 Uncommon trap: trap_request=0xffffff45 fr.pc=0x00000278f77f17b8 relative=0x0000000000000098
Event: 3.399 Thread 0x0000027889e66240 Uncommon trap: reason=unstable_if action=reinterpret pc=0x00000278f77f17b8 method=java.util.RegularEnumSet.isEmpty()Z @ 6 c2
Event: 3.399 Thread 0x0000027889e66240 DEOPT PACKING pc=0x00000278f77f17b8 sp=0x000000c9676fd840
Event: 3.399 Thread 0x0000027889e66240 DEOPT UNPACKING pc=0x00000278efc923a3 sp=0x000000c9676fd770 mode 2
Event: 3.444 Thread 0x0000027889e66240 Uncommon trap: trap_request=0xffffffcc fr.pc=0x00000278f78dbea8 relative=0x0000000000000208
Event: 3.444 Thread 0x0000027889e66240 Uncommon trap: reason=intrinsic_or_type_checked_inlining action=make_not_entrant pc=0x00000278f78dbea8 method=java.util.Arrays.copyOf([Ljava/lang/Object;ILjava/lang/Class;)[Ljava/lang/Object; @ 35 c2
Event: 3.444 Thread 0x0000027889e66240 DEOPT PACKING pc=0x00000278f78dbea8 sp=0x000000c9676fc340
Event: 3.444 Thread 0x0000027889e66240 DEOPT UNPACKING pc=0x00000278efc923a3 sp=0x000000c9676fc2e8 mode 2
Event: 3.448 Thread 0x0000027889e66240 Uncommon trap: trap_request=0xffffffde fr.pc=0x00000278f784fd5c relative=0x000000000000029c
Event: 3.448 Thread 0x0000027889e66240 Uncommon trap: reason=class_check action=maybe_recompile pc=0x00000278f784fd5c method=java.util.AbstractList$SubList$1.<init>(Ljava/util/AbstractList$SubList;I)V @ 34 c2
Event: 3.448 Thread 0x0000027889e66240 DEOPT PACKING pc=0x00000278f784fd5c sp=0x000000c9676fcce0
Event: 3.448 Thread 0x0000027889e66240 DEOPT UNPACKING pc=0x00000278efc923a3 sp=0x000000c9676fcb10 mode 2
Event: 3.451 Thread 0x0000027889e66240 Uncommon trap: trap_request=0xffffff45 fr.pc=0x00000278f7892f50 relative=0x00000000000057f0
Event: 3.451 Thread 0x0000027889e66240 Uncommon trap: reason=unstable_if action=reinterpret pc=0x00000278f7892f50 method=com.sun.javafx.css.BitSet.retainAll(Ljava/util/Collection;)Z @ 68 c2
Event: 3.451 Thread 0x0000027889e66240 DEOPT PACKING pc=0x00000278f7892f50 sp=0x000000c9676fe3b0
Event: 3.451 Thread 0x0000027889e66240 DEOPT UNPACKING pc=0x00000278efc923a3 sp=0x000000c9676fe148 mode 2
Event: 4.610 Thread 0x0000027889e66240 Uncommon trap: trap_request=0xffffff45 fr.pc=0x00000278f7878afc relative=0x00000000000001bc
Event: 4.610 Thread 0x0000027889e66240 Uncommon trap: reason=unstable_if action=reinterpret pc=0x00000278f7878afc method=java.util.RegularEnumSet.isEmpty()Z @ 6 c2
Event: 4.610 Thread 0x0000027889e66240 DEOPT PACKING pc=0x00000278f7878afc sp=0x000000c9676fd860
Event: 4.610 Thread 0x0000027889e66240 DEOPT UNPACKING pc=0x00000278efc923a3 sp=0x000000c9676fd600 mode 2

Classes unloaded (0 events):
No events

Classes redefined (0 events):
No events

Internal exceptions (20 events):
Event: 1.076 Thread 0x0000027888b2ce00 Exception <a 'java/lang/NoSuchMethodError'{0x000000074d14d7c0}: 'java.lang.Object java.lang.invoke.DirectMethodHandle$Holder.invokeStaticInit(java.lang.Object, int)'> (0x000000074d14d7c0) 
thrown [s\open\src\hotspot\share\interpreter\linkResolver.cpp, line 759]
Event: 1.933 Thread 0x0000027889e66240 Implicit null exception at 0x00000278f77dae00 to 0x00000278f77dae34
Event: 1.977 Thread 0x0000027889e66240 Implicit null exception at 0x00000278f7796fe0 to 0x00000278f77970f4
Event: 1.987 Thread 0x0000027889e66240 Exception <a 'sun/nio/fs/WindowsException'{0x0000000752802e10}> (0x0000000752802e10) 
thrown [s\open\src\hotspot\share\prims\jni.cpp, line 516]
Event: 1.996 Thread 0x0000027889e66240 Implicit null exception at 0x00000278f7782b01 to 0x00000278f7783c3c
Event: 2.002 Thread 0x0000027889e66240 Implicit null exception at 0x00000278f777920d to 0x00000278f77798f0
Event: 2.013 Thread 0x0000027889e66240 Implicit null exception at 0x00000278f777a68f to 0x00000278f777ab3c
Event: 2.013 Thread 0x0000027889e66240 Implicit null exception at 0x00000278f774362f to 0x00000278f774380c
Event: 2.106 Thread 0x0000027889e66240 Implicit null exception at 0x00000278f77e7de1 to 0x00000278f77e80f4
Event: 2.224 Thread 0x0000027889e66240 Exception <a 'java/lang/NoSuchMethodError'{0x0000000751d70c80}: 'java.lang.Object java.lang.invoke.DirectMethodHandle$Holder.invokeInterface(java.lang.Object, java.lang.Object, java.lang.Object)'> (0x0000000751d70c80) 
thrown [s\open\src\hotspot\share\interpreter\linkResolver.cpp, line 759]
Event: 2.225 Thread 0x0000027889e66240 Exception <a 'java/lang/IncompatibleClassChangeError'{0x0000000751d74608}: Found class java.lang.Object, but interface was expected> (0x0000000751d74608) 
thrown [s\open\src\hotspot\share\interpreter\linkResolver.cpp, line 826]
Event: 2.833 Thread 0x0000027889e66240 Exception <a 'java/lang/NoSuchMethodError'{0x0000000750b88f40}: 'java.lang.Object java.lang.invoke.DirectMethodHandle$Holder.newInvokeSpecial(java.lang.Object, java.lang.Object, int)'> (0x0000000750b88f40) 
thrown [s\open\src\hotspot\share\interpreter\linkResolver.cpp, line 759]
Event: 3.061 Thread 0x0000027889e06160 Exception <a 'java/lang/NoSuchMethodError'{0x0000000752e939a8}: 'int java.lang.invoke.DirectMethodHandle$Holder.invokeStaticInit(java.lang.Object, java.lang.Object)'> (0x0000000752e939a8) 
thrown [s\open\src\hotspot\share\interpreter\linkResolver.cpp, line 759]
Event: 3.385 Thread 0x0000027889e66240 Exception <a 'java/lang/NoSuchMethodError'{0x00000007558c3f00}: 'long java.lang.invoke.DirectMethodHandle$Holder.invokeStatic(java.lang.Object, java.lang.Object, java.lang.Object)'> (0x00000007558c3f00) 
thrown [s\open\src\hotspot\share\interpreter\linkResolver.cpp, line 759]
Event: 3.386 Thread 0x0000027889e66240 Exception <a 'java/lang/NoSuchMethodError'{0x00000007558c76a8}: 'long java.lang.invoke.DirectMethodHandle$Holder.invokeStaticInit(java.lang.Object, java.lang.Object, java.lang.Object)'> (0x00000007558c76a8) 
thrown [s\open\src\hotspot\share\interpreter\linkResolver.cpp, line 759]
Event: 3.389 Thread 0x0000027889e66240 Exception <a 'java/lang/NoSuchMethodError'{0x00000007558df2b0}: 'java.lang.Object java.lang.invoke.DirectMethodHandle$Holder.newInvokeSpecial(java.lang.Object, java.lang.Object, long)'> (0x00000007558df2b0) 
thrown [s\open\src\hotspot\share\interpreter\linkResolver.cpp, line 759]
Event: 3.389 Thread 0x0000027889e66240 Exception <a 'java/lang/NoSuchMethodError'{0x00000007558e2e20}: 'java.lang.Object java.lang.invoke.Invokers$Holder.linkToTargetMethod(java.lang.Object, long, java.lang.Object)'> (0x00000007558e2e20) 
thrown [s\open\src\hotspot\share\interpreter\linkResolver.cpp, line 759]
Event: 3.402 Thread 0x0000027889e66240 Exception <a 'java/lang/ClassNotFoundException'{0x000000075594dfd0}: sun/awt/resources/spi/awtProvider> (0x000000075594dfd0) 
thrown [s\open\src\hotspot\share\classfile\systemDictionary.cpp, line 256]
Event: 3.406 Thread 0x0000027889e66240 Exception <a 'java/io/FileNotFoundException'{0x0000000755950df8}> (0x0000000755950df8) 
thrown [s\open\src\hotspot\share\prims\jni.cpp, line 516]
Event: 3.406 Thread 0x0000027889e66240 Exception <a 'java/io/FileNotFoundException'{0x00000007559525c0}> (0x00000007559525c0) 
thrown [s\open\src\hotspot\share\prims\jni.cpp, line 516]

VM Operations (20 events):
Event: 2.167 Executing VM operation: HandshakeAllThreads
Event: 2.167 Executing VM operation: HandshakeAllThreads done
Event: 2.219 Executing VM operation: HandshakeAllThreads
Event: 2.219 Executing VM operation: HandshakeAllThreads done
Event: 2.256 Executing VM operation: ICBufferFull
Event: 2.256 Executing VM operation: ICBufferFull done
Event: 2.395 Executing VM operation: G1CollectForAllocation
Event: 2.403 Executing VM operation: G1CollectForAllocation done
Event: 2.637 Executing VM operation: HandshakeAllThreads
Event: 2.637 Executing VM operation: HandshakeAllThreads done
Event: 2.640 Executing VM operation: ICBufferFull
Event: 2.640 Executing VM operation: ICBufferFull done
Event: 2.892 Executing VM operation: ICBufferFull
Event: 2.892 Executing VM operation: ICBufferFull done
Event: 3.020 Executing VM operation: G1CollectForAllocation
Event: 3.047 Executing VM operation: G1CollectForAllocation done
Event: 3.138 Executing VM operation: G1Concurrent
Event: 3.140 Executing VM operation: G1Concurrent done
Event: 3.184 Executing VM operation: G1Concurrent
Event: 3.185 Executing VM operation: G1Concurrent done

Events (20 events):
Event: 3.440 loading class java/awt/geom/Rectangle2D done
Event: 3.440 loading class java/awt/Rectangle done
Event: 3.440 loading class java/awt/PointerInfo
Event: 3.440 loading class java/awt/PointerInfo done
Event: 3.581 Thread 0x000002788f55bb50 Thread exited: 0x000002788f55bb50
Event: 3.724 Thread 0x000002788a007810 Thread exited: 0x000002788a007810
Event: 4.378 Thread 0x000002788a007810 Thread added: 0x000002788a007810
Event: 4.439 loading class sun/awt/AppContext
Event: 4.439 loading class sun/awt/AppContext done
Event: 4.439 loading class sun/awt/AppContext$GetAppContextLock
Event: 4.439 loading class sun/awt/AppContext$GetAppContextLock done
Event: 4.439 loading class sun/awt/AppContext$6
Event: 4.439 loading class jdk/internal/access/JavaAWTAccess
Event: 4.440 loading class jdk/internal/access/JavaAWTAccess done
Event: 4.440 loading class sun/awt/AppContext$6 done
Event: 4.440 loading class java/util/IdentityHashMap$ValueIterator
Event: 4.440 loading class java/util/IdentityHashMap$ValueIterator done
Event: 4.440 Thread 0x00000278909d0930 Thread exited: 0x00000278909d0930
Event: 4.610 Thread 0x000002788a007810 Thread exited: 0x000002788a007810
Event: 5.089 Thread 0x000002788a007810 Thread added: 0x000002788a007810


Dynamic libraries:
0x00007ff605e50000 - 0x00007ff605e60000 	C:\Program Files\Java\jdk-17.0.4\bin\java.exe
0x00007fffcee30000 - 0x00007fffcf028000 	C:\Windows\SYSTEM32\ntdll.dll
0x00007fffce260000 - 0x00007fffce31d000 	C:\Windows\System32\KERNEL32.DLL
0x00007fffcc740000 - 0x00007fffcca0e000 	C:\Windows\System32\KERNELBASE.dll
0x00007fffccb70000 - 0x00007fffccc70000 	C:\Windows\System32\ucrtbase.dll
0x00007fffb55c0000 - 0x00007fffb55d8000 	C:\Program Files\Java\jdk-17.0.4\bin\jli.dll
0x00007fffb4f00000 - 0x00007fffb4f1a000 	C:\Program Files\Java\jdk-17.0.4\bin\VCRUNTIME140.dll
0x00007fffced40000 - 0x00007fffcedee000 	C:\Windows\System32\ADVAPI32.dll
0x00007fffcda00000 - 0x00007fffcda9e000 	C:\Windows\System32\msvcrt.dll
0x00007fffce480000 - 0x00007fffce51c000 	C:\Windows\System32\sechost.dll
0x00007fffce700000 - 0x00007fffce825000 	C:\Windows\System32\RPCRT4.dll
0x00007fffcd310000 - 0x00007fffcd4b0000 	C:\Windows\System32\USER32.dll
0x00007fffbd200000 - 0x00007fffbd49a000 	C:\Windows\WinSxS\amd64_microsoft.windows.common-controls_6595b64144ccf1df_6.0.19041.1110_none_60b5254171f9507e\COMCTL32.dll
0x00007fffcc600000 - 0x00007fffcc622000 	C:\Windows\System32\win32u.dll
0x00007fffcd5f0000 - 0x00007fffcd61a000 	C:\Windows\System32\GDI32.dll
0x00007fffccc70000 - 0x00007fffccd7b000 	C:\Windows\System32\gdi32full.dll
0x00007fffc4ab0000 - 0x00007fffc4aba000 	C:\Windows\SYSTEM32\VERSION.dll
0x00007fffcc6a0000 - 0x00007fffcc73d000 	C:\Windows\System32\msvcp_win.dll
0x00007fffcd6e0000 - 0x00007fffcd710000 	C:\Windows\System32\IMM32.DLL
0x00007fffc5170000 - 0x00007fffc517c000 	C:\Program Files\Java\jdk-17.0.4\bin\vcruntime140_1.dll
0x00007fffac700000 - 0x00007fffac78d000 	C:\Program Files\Java\jdk-17.0.4\bin\msvcp140.dll
0x00007fff91460000 - 0x00007fff92022000 	C:\Program Files\Java\jdk-17.0.4\bin\server\jvm.dll
0x00007fffcd6d0000 - 0x00007fffcd6d8000 	C:\Windows\System32\PSAPI.DLL
0x00007fffc5d30000 - 0x00007fffc5d57000 	C:\Windows\SYSTEM32\WINMM.dll
0x00007fffae690000 - 0x00007fffae699000 	C:\Windows\SYSTEM32\WSOCK32.dll
0x00007fffce320000 - 0x00007fffce38b000 	C:\Windows\System32\WS2_32.dll
0x00007fffcae00000 - 0x00007fffcae12000 	C:\Windows\SYSTEM32\kernel.appcore.dll
0x00007fffc5140000 - 0x00007fffc514a000 	C:\Program Files\Java\jdk-17.0.4\bin\jimage.dll
0x00007fffca2f0000 - 0x00007fffca4d4000 	C:\Windows\SYSTEM32\DBGHELP.DLL
0x00007fffae550000 - 0x00007fffae57c000 	C:\Windows\SYSTEM32\dbgcore.DLL
0x00007fffccdb0000 - 0x00007fffcce32000 	C:\Windows\System32\bcryptPrimitives.dll
0x00007fffc6fc0000 - 0x00007fffc6fce000 	C:\Program Files\Java\jdk-17.0.4\bin\instrument.dll
0x00007fffb2d20000 - 0x00007fffb2d45000 	C:\Program Files\Java\jdk-17.0.4\bin\java.dll
0x00007fff98170000 - 0x00007fff98246000 	C:\Program Files\Java\jdk-17.0.4\bin\jsvml.dll
0x00007fffcdaa0000 - 0x00007fffce1e3000 	C:\Windows\System32\SHELL32.dll
0x00007fffca4e0000 - 0x00007fffcac75000 	C:\Windows\SYSTEM32\windows.storage.dll
0x00007fffcce90000 - 0x00007fffcd1e4000 	C:\Windows\System32\combase.dll
0x00007fffcbee0000 - 0x00007fffcbf10000 	C:\Windows\SYSTEM32\Wldp.dll
0x00007fffce520000 - 0x00007fffce5cd000 	C:\Windows\System32\SHCORE.dll
0x00007fffce420000 - 0x00007fffce475000 	C:\Windows\System32\shlwapi.dll
0x00007fffcc490000 - 0x00007fffcc4af000 	C:\Windows\SYSTEM32\profapi.dll
0x00007fffb4ee0000 - 0x00007fffb4ef9000 	C:\Program Files\Java\jdk-17.0.4\bin\net.dll
0x00007fffbf6c0000 - 0x00007fffbf7ca000 	C:\Windows\SYSTEM32\WINHTTP.dll
0x00007fffcbc40000 - 0x00007fffcbcaa000 	C:\Windows\system32\mswsock.dll
0x00007fffb4a90000 - 0x00007fffb4aa6000 	C:\Program Files\Java\jdk-17.0.4\bin\nio.dll
0x00007fffb4910000 - 0x00007fffb4928000 	C:\Program Files\Java\jdk-17.0.4\bin\zip.dll
0x00007fffc5150000 - 0x00007fffc516a000 	C:\Program Files\JetBrains\IntelliJ IDEA 2022.2\bin\breakgen64.dll
0x0000027888bb0000 - 0x0000027888bb3000 	C:\Users\F1\.openjfx\cache\17.0.2-ea\api-ms-win-core-console-l1-1-0.dll
0x0000027888bc0000 - 0x0000027888bc3000 	C:\Users\F1\.openjfx\cache\17.0.2-ea\api-ms-win-core-console-l1-2-0.dll
0x0000027888bd0000 - 0x0000027888bd3000 	C:\Users\F1\.openjfx\cache\17.0.2-ea\api-ms-win-core-datetime-l1-1-0.dll
0x0000027888be0000 - 0x0000027888be3000 	C:\Users\F1\.openjfx\cache\17.0.2-ea\api-ms-win-core-debug-l1-1-0.dll
0x0000027888bf0000 - 0x0000027888bf3000 	C:\Users\F1\.openjfx\cache\17.0.2-ea\api-ms-win-core-errorhandling-l1-1-0.dll
0x000002788a100000 - 0x000002788a104000 	C:\Users\F1\.openjfx\cache\17.0.2-ea\api-ms-win-core-file-l1-1-0.dll
0x000002788a110000 - 0x000002788a113000 	C:\Users\F1\.openjfx\cache\17.0.2-ea\api-ms-win-core-file-l1-2-0.dll
0x000002788a120000 - 0x000002788a123000 	C:\Users\F1\.openjfx\cache\17.0.2-ea\api-ms-win-core-file-l2-1-0.dll
0x000002788a130000 - 0x000002788a133000 	C:\Users\F1\.openjfx\cache\17.0.2-ea\api-ms-win-core-handle-l1-1-0.dll
0x000002788a140000 - 0x000002788a143000 	C:\Users\F1\.openjfx\cache\17.0.2-ea\api-ms-win-core-heap-l1-1-0.dll
0x000002788a150000 - 0x000002788a153000 	C:\Users\F1\.openjfx\cache\17.0.2-ea\api-ms-win-core-interlocked-l1-1-0.dll
0x000002788a160000 - 0x000002788a163000 	C:\Users\F1\.openjfx\cache\17.0.2-ea\api-ms-win-core-libraryloader-l1-1-0.dll
0x000002788a170000 - 0x000002788a173000 	C:\Users\F1\.openjfx\cache\17.0.2-ea\api-ms-win-core-localization-l1-2-0.dll
0x000002788a180000 - 0x000002788a183000 	C:\Users\F1\.openjfx\cache\17.0.2-ea\api-ms-win-core-memory-l1-1-0.dll
0x000002788a190000 - 0x000002788a193000 	C:\Users\F1\.openjfx\cache\17.0.2-ea\api-ms-win-core-namedpipe-l1-1-0.dll
0x000002788a1a0000 - 0x000002788a1a3000 	C:\Users\F1\.openjfx\cache\17.0.2-ea\api-ms-win-core-processenvironment-l1-1-0.dll
0x000002788a1b0000 - 0x000002788a1b3000 	C:\Users\F1\.openjfx\cache\17.0.2-ea\api-ms-win-core-processthreads-l1-1-0.dll
0x000002788a1c0000 - 0x000002788a1c3000 	C:\Users\F1\.openjfx\cache\17.0.2-ea\api-ms-win-core-processthreads-l1-1-1.dll
0x000002788a1d0000 - 0x000002788a1d3000 	C:\Users\F1\.openjfx\cache\17.0.2-ea\api-ms-win-core-profile-l1-1-0.dll
0x000002788a1e0000 - 0x000002788a1e3000 	C:\Users\F1\.openjfx\cache\17.0.2-ea\api-ms-win-core-rtlsupport-l1-1-0.dll
0x000002788a1f0000 - 0x000002788a1f3000 	C:\Users\F1\.openjfx\cache\17.0.2-ea\api-ms-win-core-string-l1-1-0.dll
0x000002788a200000 - 0x000002788a203000 	C:\Users\F1\.openjfx\cache\17.0.2-ea\api-ms-win-core-synch-l1-1-0.dll
0x000002788a210000 - 0x000002788a213000 	C:\Users\F1\.openjfx\cache\17.0.2-ea\api-ms-win-core-synch-l1-2-0.dll
0x000002788a220000 - 0x000002788a223000 	C:\Users\F1\.openjfx\cache\17.0.2-ea\api-ms-win-core-sysinfo-l1-1-0.dll
0x000002788a230000 - 0x000002788a233000 	C:\Users\F1\.openjfx\cache\17.0.2-ea\api-ms-win-core-timezone-l1-1-0.dll
0x000002788a240000 - 0x000002788a243000 	C:\Users\F1\.openjfx\cache\17.0.2-ea\api-ms-win-core-util-l1-1-0.dll
0x000002788a250000 - 0x000002788a253000 	C:\Users\F1\.openjfx\cache\17.0.2-ea\api-ms-win-crt-conio-l1-1-0.dll
0x000002788a260000 - 0x000002788a264000 	C:\Users\F1\.openjfx\cache\17.0.2-ea\api-ms-win-crt-convert-l1-1-0.dll
0x000002788a270000 - 0x000002788a273000 	C:\Users\F1\.openjfx\cache\17.0.2-ea\api-ms-win-crt-environment-l1-1-0.dll
0x000002788a280000 - 0x000002788a283000 	C:\Users\F1\.openjfx\cache\17.0.2-ea\api-ms-win-crt-filesystem-l1-1-0.dll
0x000002788a290000 - 0x000002788a293000 	C:\Users\F1\.openjfx\cache\17.0.2-ea\api-ms-win-crt-heap-l1-1-0.dll
0x000002788a2a0000 - 0x000002788a2a3000 	C:\Users\F1\.openjfx\cache\17.0.2-ea\api-ms-win-crt-locale-l1-1-0.dll
0x000002788a2b0000 - 0x000002788a2b5000 	C:\Users\F1\.openjfx\cache\17.0.2-ea\api-ms-win-crt-math-l1-1-0.dll
0x000002788a2c0000 - 0x000002788a2c5000 	C:\Users\F1\.openjfx\cache\17.0.2-ea\api-ms-win-crt-multibyte-l1-1-0.dll
0x000002788a2d0000 - 0x000002788a2e0000 	C:\Users\F1\.openjfx\cache\17.0.2-ea\api-ms-win-crt-private-l1-1-0.dll
0x000002788a2e0000 - 0x000002788a2e3000 	C:\Users\F1\.openjfx\cache\17.0.2-ea\api-ms-win-crt-process-l1-1-0.dll
0x000002788a2f0000 - 0x000002788a2f4000 	C:\Users\F1\.openjfx\cache\17.0.2-ea\api-ms-win-crt-runtime-l1-1-0.dll
0x000002788a300000 - 0x000002788a304000 	C:\Users\F1\.openjfx\cache\17.0.2-ea\api-ms-win-crt-stdio-l1-1-0.dll
0x000002788a310000 - 0x000002788a314000 	C:\Users\F1\.openjfx\cache\17.0.2-ea\api-ms-win-crt-string-l1-1-0.dll
0x000002788a320000 - 0x000002788a323000 	C:\Users\F1\.openjfx\cache\17.0.2-ea\api-ms-win-crt-time-l1-1-0.dll
0x000002788a330000 - 0x000002788a333000 	C:\Users\F1\.openjfx\cache\17.0.2-ea\api-ms-win-crt-utility-l1-1-0.dll
0x00007fff97030000 - 0x00007fff9712c000 	C:\Users\F1\.openjfx\cache\17.0.2-ea\ucrtbase.dll
0x00007fffc4d50000 - 0x00007fffc4d6a000 	C:\Users\F1\.openjfx\cache\17.0.2-ea\vcruntime140.dll
0x00007fffc6220000 - 0x00007fffc622c000 	C:\Users\F1\.openjfx\cache\17.0.2-ea\vcruntime140_1.dll
0x00007fffa8d90000 - 0x00007fffa8e1d000 	C:\Users\F1\.openjfx\cache\17.0.2-ea\msvcp140.dll
0x00007fffbac20000 - 0x00007fffbac4a000 	C:\Users\F1\.openjfx\cache\17.0.2-ea\prism_d3d.dll
0x00007fff62c00000 - 0x00007fff62dcf000 	C:\Windows\system32\d3d9.dll
0x00007fffc9d90000 - 0x00007fffc9dbf000 	C:\Windows\SYSTEM32\dwmapi.dll
0x00007fffc9b70000 - 0x00007fffc9c0e000 	C:\Windows\system32\uxtheme.dll
0x00007fff50d20000 - 0x00007fff54945000 	C:\Windows\System32\DriverStore\FileRepository\igdlh64.inf_amd64_d44295a98a21a376\igdumdim64.dll
0x00007fffcd8c0000 - 0x00007fffcd98d000 	C:\Windows\System32\OLEAUT32.dll
0x00007fffce5d0000 - 0x00007fffce6fa000 	C:\Windows\System32\ole32.dll
0x00007fffce830000 - 0x00007fffcec9f000 	C:\Windows\System32\SETUPAPI.dll
0x00007fffcce40000 - 0x00007fffcce8e000 	C:\Windows\System32\cfgmgr32.dll
0x00007fffccd80000 - 0x00007fffccda7000 	C:\Windows\System32\bcrypt.dll
0x00007fffa8ab0000 - 0x00007fffa8af2000 	C:\Users\F1\.openjfx\cache\17.0.2-ea\glass.dll
0x00007fffcd4b0000 - 0x00007fffcd58a000 	C:\Windows\System32\COMDLG32.dll
0x00007fffcd1f0000 - 0x00007fffcd305000 	C:\Windows\System32\MSCTF.dll
0x00007fffbbc00000 - 0x00007fffbd1fe000 	C:\Windows\System32\DriverStore\FileRepository\igdlh64.inf_amd64_d44295a98a21a376\igc64.dll
0x00007fffbe1a0000 - 0x00007fffbe1db000 	C:\Windows\SYSTEM32\dxcore.dll
0x00007fffb48e0000 - 0x00007fffb48f4000 	C:\Users\F1\.openjfx\cache\17.0.2-ea\javafx_font.dll
0x00007fffb2270000 - 0x00007fffb229d000 	C:\Users\F1\.openjfx\cache\17.0.2-ea\javafx_iio.dll
0x00007fffa3e70000 - 0x00007fffa40ef000 	C:\Windows\SYSTEM32\dwrite.dll
0x00007fffcd620000 - 0x00007fffcd6c9000 	C:\Windows\System32\clbcatq.dll
0x00007fffc07e0000 - 0x00007fffc0994000 	C:\Windows\SYSTEM32\WindowsCodecs.dll
0x00007fffa1490000 - 0x00007fffa14ce000 	C:\Windows\system32\dataexchange.dll
0x00007fffc8460000 - 0x00007fffc86c3000 	C:\Windows\system32\d3d11.dll
0x00007fffc8ce0000 - 0x00007fffc8ec4000 	C:\Windows\system32\dcomp.dll
0x00007fffcae40000 - 0x00007fffcaf33000 	C:\Windows\system32\dxgi.dll
0x00007fffc3950000 - 0x00007fffc3b50000 	C:\Windows\system32\twinapi.appcore.dll
0x00007fffad990000 - 0x00007fffad9c4000 	C:\Program Files\Common Files\Microsoft Shared\Ink\rtscom.dll
0x00007fffb51c0000 - 0x00007fffb52b9000 	C:\Windows\SYSTEM32\textinputframework.dll
0x00007fffc9860000 - 0x00007fffc9952000 	C:\Windows\System32\CoreMessaging.dll
0x00007fffc9500000 - 0x00007fffc985e000 	C:\Windows\System32\CoreUIComponents.dll
0x00007fffc92a0000 - 0x00007fffc93f4000 	C:\Windows\SYSTEM32\wintypes.dll
0x00007fffcb250000 - 0x00007fffcb283000 	C:\Windows\SYSTEM32\ntmarta.dll
0x00007fff96c20000 - 0x00007fff96daf000 	C:\Program Files\Java\jdk-17.0.4\bin\awt.dll
0x00007fffc9a40000 - 0x00007fffc9ad0000 	C:\Windows\SYSTEM32\apphelp.dll
0x00007fffa0650000 - 0x00007fffa0777000 	C:\Windows\system32\opengl32.dll
0x00007fffa0c30000 - 0x00007fffa0c5c000 	C:\Windows\SYSTEM32\GLU32.dll

dbghelp: loaded successfully - version: 4.0.5 - missing functions: none
symbol engine: initialized successfully - sym options: 0x614 - pdb path: .;C:\Program Files\Java\jdk-17.0.4\bin;C:\Windows\SYSTEM32;C:\Windows\WinSxS\amd64_microsoft.windows.common-controls_6595b64144ccf1df_6.0.19041.1110_none_60b5254171f9507e;C:\Program Files\Java\jdk-17.0.4\bin\server;C:\Program Files\JetBrains\IntelliJ IDEA 2022.2\bin;C:\Users\F1\.openjfx\cache\17.0.2-ea;C:\Windows\System32\DriverStore\FileRepository\igdlh64.inf_amd64_d44295a98a21a376;C:\Program Files\Common Files\Microsoft Shared\Ink

VM Arguments:
jvm_args: -javaagent:C:\Program Files\JetBrains\IntelliJ IDEA 2022.2\lib\idea_rt.jar=49460:C:\Program Files\JetBrains\IntelliJ IDEA 2022.2\bin -Dfile.encoding=UTF-8 --module-path=C:\Users\F1\.m2\repository\org\openjfx\javafx-base\17.0.2\javafx-base-17.0.2-win.jar;C:\Users\F1\.m2\repository\org\openjfx\javafx-graphics\17.0.2\javafx-graphics-17.0.2-win.jar;C:\Users\F1\.m2\repository\org\openjfx\javafx-controls\17.0.2\javafx-controls-17.0.2-win.jar;C:\Users\F1\.m2\repository\com\google\code\gson\gson\2.8.1\gson-2.8.1.jar;C:\Users\F1\Desktop\AP\PROJECT\project-group-19\target\classes;C:\Users\F1\.m2\repository\org\openjfx\javafx-fxml\17.0.2\javafx-fxml-17.0.2-win.jar;C:\Users\F1\.m2\repository\org\openjfx\javafx-media\16\javafx-media-16-win.jar -Djdk.module.main=com.example.projectgroup19 
java_command: com.example.projectgroup19/view.TileManager
java_class_path (initial): C:\Users\F1\.m2\repository\org\openjfx\javafx-controls\17.0.2\javafx-controls-17.0.2.jar;C:\Users\F1\.m2\repository\org\openjfx\javafx-graphics\17.0.2\javafx-graphics-17.0.2.jar;C:\Users\F1\.m2\repository\org\openjfx\javafx-base\17.0.2\javafx-base-17.0.2.jar;C:\Users\F1\.m2\repository\org\openjfx\javafx-fxml\17.0.2\javafx-fxml-17.0.2.jar;C:\Users\F1\.m2\repository\org\openjfx\javafx-media\16\javafx-media-16.jar
Launcher Type: SUN_STANDARD

[Global flags]
     intx CICompilerCount                          = 4                                         {product} {ergonomic}
     uint ConcGCThreads                            = 2                                         {product} {ergonomic}
     uint G1ConcRefinementThreads                  = 8                                         {product} {ergonomic}
   size_t G1HeapRegionSize                         = 2097152                                   {product} {ergonomic}
    uintx GCDrainStackTargetSize                   = 64                                        {product} {ergonomic}
   size_t InitialHeapSize                          = 201326592                                 {product} {ergonomic}
   size_t MarkStackSize                            = 4194304                                   {product} {ergonomic}
   size_t MaxHeapSize                              = 3193962496                                {product} {ergonomic}
   size_t MaxNewSize                               = 1914699776                                {product} {ergonomic}
   size_t MinHeapDeltaBytes                        = 2097152                                   {product} {ergonomic}
   size_t MinHeapSize                              = 8388608                                   {product} {ergonomic}
    uintx NonNMethodCodeHeapSize                   = 5839372                                {pd product} {ergonomic}
    uintx NonProfiledCodeHeapSize                  = 122909434                              {pd product} {ergonomic}
    uintx ProfiledCodeHeapSize                     = 122909434                              {pd product} {ergonomic}
    uintx ReservedCodeCacheSize                    = 251658240                              {pd product} {ergonomic}
     bool SegmentedCodeCache                       = true                                      {product} {ergonomic}
   size_t SoftMaxHeapSize                          = 3193962496                             {manageable} {ergonomic}
     bool UseCompressedClassPointers               = true                           {product lp64_product} {ergonomic}
     bool UseCompressedOops                        = true                           {product lp64_product} {ergonomic}
     bool UseG1GC                                  = true                                      {product} {ergonomic}
     bool UseLargePagesIndividualAllocation        = false                                  {pd product} {ergonomic}

Logging:
Log output configuration:
 #0: stdout all=warning uptime,level,tags
 #1: stderr all=off uptime,level,tags

Environment Variables:
PATH=C:\Program Files\Common Files\Oracle\Java\javapath;C:\Windows\system32;C:\Windows;C:\Windows\System32\Wbem;C:\Windows\System32\WindowsPowerShell\v1.0\;C:\Windows\System32\OpenSSH\;C:\Program Files (x86)\NVIDIA Corporation\PhysX\Common;C:\Users\F1\Desktop\codeblocks-20.03mingw-nosetup\MinGW\bin;C:\Program Files\Git\cmd;C:\texlive\2022\bin\win32;%JAVA_HOME%\bin;C:\maven\apache-maven-3.9.1\bin;C:\Users\F1\AppData\Local\Microsoft\WindowsApps;C:\Users\F1\Desktop\codeblocks-20.03mingw-nosetup\MinGW\bin;;C:\Program Files\JetBrains\CLion 2022.2\bin;;C:\Program Files\JetBrains\IntelliJ IDEA 2022.2\bin;
USERNAME=F1
OS=Windows_NT
PROCESSOR_IDENTIFIER=Intel64 Family 6 Model 94 Stepping 3, GenuineIntel



---------------  S Y S T E M  ---------------

OS:
 Windows 10 , 64 bit Build 19041 (10.0.19041.1889)
OS uptime: 2 days 7:40 hours

CPU: total 8 (initial active 8) (4 cores per cpu, 2 threads per core) family 6 model 94 stepping 3 microcode 0xcc, cx8, cmov, fxsr, ht, mmx, 3dnowpref, sse, sse2, sse3, ssse3, sse4.1, sse4.2, popcnt, lzcnt, tsc, tscinvbit, avx, avx2, aes, erms, clmul, bmi1, bmi2, rtm, adx, fma, vzeroupper, clflush, clflushopt

Memory: 4k page, system-wide physical 12180M (2216M free)
TotalPageFile size 14228M (AvailPageFile size 4M)
current process WorkingSet (physical memory assigned to process): 552M, peak: 553M
current process commit charge ("private bytes"): 691M, peak: 699M

vm_info: Java HotSpot(TM) 64-Bit Server VM (17.0.4+11-LTS-179) for windows-amd64 JRE (17.0.4+11-LTS-179), built on Jun 28 2022 08:23:05 by "mach5one" with MS VC++ 16.8 / 16.9 (VS2019)

END.
