#
# There is insufficient memory for the Java Runtime Environment to continue.
# Native memory allocation (malloc) failed to allocate 270416 bytes for Chunk::new
# Possible reasons:
#   The system is out of physical RAM or swap space
#   The process is running with CompressedOops enabled, and the Java Heap may be blocking the growth of the native heap
# Possible solutions:
#   Reduce memory load on the system
#   Increase physical memory or swap space
#   Check if swap backing store is full
#   Decrease Java heap size (-Xmx/-Xms)
#   Decrease number of Java threads
#   Decrease Java thread stack sizes (-Xss)
#   Set larger code cache with -XX:ReservedCodeCacheSize=
#   JVM is running with Zero Based Compressed Oops mode in which the Java heap is
#     placed in the first 32GB address space. The Java Heap base address is the
#     maximum limit for the native heap growth. Please use -XX:HeapBaseMinAddress
#     to set the Java Heap base and to place the Java Heap above 32GB virtual address.
# This output file may be truncated or incomplete.
#
#  Out of Memory Error (arena.cpp:189), pid=27104, tid=13576
#
# JRE version: Java(TM) SE Runtime Environment (17.0.4+11) (build 17.0.4+11-LTS-179)
# Java VM: Java HotSpot(TM) 64-Bit Server VM (17.0.4+11-LTS-179, mixed mode, sharing, tiered, compressed oops, compressed class ptrs, g1 gc, windows-amd64)
# No core dump will be written. Minidumps are not enabled by default on client versions of Windows
#

---------------  S U M M A R Y ------------

Command Line: -javaagent:C:\Program Files\JetBrains\IntelliJ IDEA 2022.2\lib\idea_rt.jar=51797:C:\Program Files\JetBrains\IntelliJ IDEA 2022.2\bin -Dfile.encoding=UTF-8 --module-path=C:\Users\F1\.m2\repository\org\openjfx\javafx-base\17.0.2\javafx-base-17.0.2-win.jar;C:\Users\F1\.m2\repository\org\openjfx\javafx-graphics\17.0.2\javafx-graphics-17.0.2-win.jar;C:\Users\F1\.m2\repository\com\google\code\gson\gson\2.8.1\gson-2.8.1.jar;C:\Users\F1\.m2\repository\org\openjfx\javafx-controls\17.0.2\javafx-controls-17.0.2-win.jar;C:\Users\F1\Desktop\AP\PROJECT\project-group-19\target\classes;C:\Users\F1\.m2\repository\org\openjfx\javafx-fxml\17.0.2\javafx-fxml-17.0.2-win.jar;C:\Users\F1\.m2\repository\org\openjfx\javafx-media\16\javafx-media-16-win.jar -Djdk.module.main=com.example.projectgroup19 com.example.projectgroup19/view.TileManager

Host: Intel(R) Core(TM) i7-6700HQ CPU @ 2.60GHz, 8 cores, 11G,  Windows 10 , 64 bit Build 19041 (10.0.19041.1889)
Time: Sat Jun  3 22:48:32 2023 Iran Standard Time elapsed time: 0.195646 seconds (0d 0h 0m 0s)

---------------  T H R E A D  ---------------

Current thread (0x00000205b9e10dd0):  JavaThread "C2 CompilerThread2" daemon [_thread_in_native, id=13576, stack(0x0000007a6be00000,0x0000007a6bf00000)]


Current CompileTask:
C2:    195  341       4       jdk.internal.module.Checks::isTypeName (49 bytes)

Stack: [0x0000007a6be00000,0x0000007a6bf00000]
Native frames: (J=compiled Java code, j=interpreted, Vv=VM code, C=native code)
V  [jvm.dll+0x6723da]
V  [jvm.dll+0x7d1f74]
V  [jvm.dll+0x7d371e]
V  [jvm.dll+0x7d3d83]
V  [jvm.dll+0x242ed5]
V  [jvm.dll+0xaa57b]
V  [jvm.dll+0xaab0c]
V  [jvm.dll+0x2a9c3f]
V  [jvm.dll+0x57a7d7]
V  [jvm.dll+0x21e1b2]
V  [jvm.dll+0x21e58f]
V  [jvm.dll+0x217e45]
V  [jvm.dll+0x21530b]
V  [jvm.dll+0x1a1fcd]
V  [jvm.dll+0x224c78]
V  [jvm.dll+0x222de5]
V  [jvm.dll+0x787a5b]
V  [jvm.dll+0x78201a]
V  [jvm.dll+0x671265]
C  [ucrtbase.dll+0x21bb2]
C  [KERNEL32.DLL+0x17034]
C  [ntdll.dll+0x526a1]


---------------  P R O C E S S  ---------------

Threads class SMR info:
_java_thread_list=0x00000205b9c7dd70, length=13, elements={
0x00000205988b4960, 0x00000205b8fa76c0, 0x00000205b8fa8140, 0x00000205b8fbc800,
0x00000205b8fbece0, 0x00000205b8fbf1b0, 0x00000205b8fbf680, 0x00000205b8fc4340,
0x00000205b8fc5640, 0x00000205b8fd3390, 0x00000205b9c7ce40, 0x00000205b9cc5020,
0x00000205b9e10dd0
}

Java Threads: ( => current thread )
  0x00000205988b4960 JavaThread "main" [_thread_in_native, id=21176, stack(0x0000007a6ac00000,0x0000007a6ad00000)]
  0x00000205b8fa76c0 JavaThread "Reference Handler" daemon [_thread_blocked, id=29332, stack(0x0000007a6b300000,0x0000007a6b400000)]
  0x00000205b8fa8140 JavaThread "Finalizer" daemon [_thread_blocked, id=17484, stack(0x0000007a6b400000,0x0000007a6b500000)]
  0x00000205b8fbc800 JavaThread "Signal Dispatcher" daemon [_thread_blocked, id=15512, stack(0x0000007a6b500000,0x0000007a6b600000)]
  0x00000205b8fbece0 JavaThread "Attach Listener" daemon [_thread_blocked, id=15388, stack(0x0000007a6b600000,0x0000007a6b700000)]
  0x00000205b8fbf1b0 JavaThread "Service Thread" daemon [_thread_blocked, id=28132, stack(0x0000007a6b700000,0x0000007a6b800000)]
  0x00000205b8fbf680 JavaThread "Monitor Deflation Thread" daemon [_thread_blocked, id=16560, stack(0x0000007a6b800000,0x0000007a6b900000)]
  0x00000205b8fc4340 JavaThread "C2 CompilerThread0" daemon [_thread_in_native, id=1908, stack(0x0000007a6b900000,0x0000007a6ba00000)]
  0x00000205b8fc5640 JavaThread "C1 CompilerThread0" daemon [_thread_blocked, id=19436, stack(0x0000007a6ba00000,0x0000007a6bb00000)]
  0x00000205b8fd3390 JavaThread "Sweeper thread" daemon [_thread_blocked, id=20996, stack(0x0000007a6bb00000,0x0000007a6bc00000)]
  0x00000205b9c7ce40 JavaThread "Common-Cleaner" daemon [_thread_blocked, id=8400, stack(0x0000007a6bc00000,0x0000007a6bd00000)]
  0x00000205b9cc5020 JavaThread "C2 CompilerThread1" daemon [_thread_in_native, id=12444, stack(0x0000007a6bd00000,0x0000007a6be00000)]
=>0x00000205b9e10dd0 JavaThread "C2 CompilerThread2" daemon [_thread_in_native, id=13576, stack(0x0000007a6be00000,0x0000007a6bf00000)]

Other Threads:
  0x00000205b8fa26c0 VMThread "VM Thread" [stack: 0x0000007a6b200000,0x0000007a6b300000] [id=16336]
  0x000002059890d3a0 GCTaskThread "GC Thread#0" [stack: 0x0000007a6ad00000,0x0000007a6ae00000] [id=2804]
  0x0000020598917190 ConcurrentGCThread "G1 Main Marker" [stack: 0x0000007a6ae00000,0x0000007a6af00000] [id=23648]
  0x0000020598918340 ConcurrentGCThread "G1 Conc#0" [stack: 0x0000007a6af00000,0x0000007a6b000000] [id=20532]
  0x00000205b8e604a0 ConcurrentGCThread "G1 Refine#0" [stack: 0x0000007a6b000000,0x0000007a6b100000] [id=28304]
  0x00000205b8e62ae0 ConcurrentGCThread "G1 Service" [stack: 0x0000007a6b100000,0x0000007a6b200000] [id=20620]

Threads with active compile tasks:
C2 CompilerThread0      239  346   !   4       sun.nio.fs.WindowsPath::initOffsets (153 bytes)
C2 CompilerThread1      239  368       4       sun.nio.fs.WindowsPath::elementAsString (62 bytes)
C2 CompilerThread2      239  341       4       jdk.internal.module.Checks::isTypeName (49 bytes)

VM state: not at safepoint (normal execution)

VM Mutex/Monitor currently owned by a thread: None

Heap address: 0x0000000741a00000, size: 3046 MB, Compressed Oops mode: Zero based, Oop shift amount: 3

CDS archive(s) mapped at: [0x0000000800000000-0x0000000800bc0000-0x0000000800bc0000), size 12320768, SharedBaseAddress: 0x0000000800000000, ArchiveRelocationMode: 0.
Compressed class space mapped at: 0x0000000800c00000-0x0000000840c00000, reserved size: 1073741824
Narrow klass base: 0x0000000800000000, Narrow klass shift: 0, Narrow klass range: 0x100000000

GC Precious Log:
 CPUs: 8 total, 8 available
 Memory: 12180M
 Large Page Support: Disabled
 NUMA Support: Disabled
 Compressed Oops: Enabled (Zero based)
 Heap Region Size: 2M
 Heap Min Capacity: 8M
 Heap Initial Capacity: 192M
 Heap Max Capacity: 3046M
 Pre-touch: Disabled
 Parallel Workers: 8
 Concurrent Workers: 2
 Concurrent Refinement Workers: 8
 Periodic GC: Disabled

Heap:
 garbage-first heap   total 196608K, used 8192K [0x0000000741a00000, 0x0000000800000000)
  region size 2048K, 5 young (10240K), 0 survivors (0K)
 Metaspace       used 741K, committed 896K, reserved 1056768K
  class space    used 56K, committed 128K, reserved 1048576K

Heap Regions: E=young(eden), S=young(survivor), O=old, HS=humongous(starts), HC=humongous(continues), CS=collection set, F=free, OA=open archive, CA=closed archive, TAMS=top-at-mark-start (previous, next)
|   0|0x0000000741a00000, 0x0000000741a00000, 0x0000000741c00000|  0%| F|  |TAMS 0x0000000741a00000, 0x0000000741a00000| Untracked 
|   1|0x0000000741c00000, 0x0000000741c00000, 0x0000000741e00000|  0%| F|  |TAMS 0x0000000741c00000, 0x0000000741c00000| Untracked 
|   2|0x0000000741e00000, 0x0000000741e00000, 0x0000000742000000|  0%| F|  |TAMS 0x0000000741e00000, 0x0000000741e00000| Untracked 
|   3|0x0000000742000000, 0x0000000742000000, 0x0000000742200000|  0%| F|  |TAMS 0x0000000742000000, 0x0000000742000000| Untracked 
|   4|0x0000000742200000, 0x0000000742200000, 0x0000000742400000|  0%| F|  |TAMS 0x0000000742200000, 0x0000000742200000| Untracked 
|   5|0x0000000742400000, 0x0000000742400000, 0x0000000742600000|  0%| F|  |TAMS 0x0000000742400000, 0x0000000742400000| Untracked 
|   6|0x0000000742600000, 0x0000000742600000, 0x0000000742800000|  0%| F|  |TAMS 0x0000000742600000, 0x0000000742600000| Untracked 
|   7|0x0000000742800000, 0x0000000742800000, 0x0000000742a00000|  0%| F|  |TAMS 0x0000000742800000, 0x0000000742800000| Untracked 
|   8|0x0000000742a00000, 0x0000000742a00000, 0x0000000742c00000|  0%| F|  |TAMS 0x0000000742a00000, 0x0000000742a00000| Untracked 
|   9|0x0000000742c00000, 0x0000000742c00000, 0x0000000742e00000|  0%| F|  |TAMS 0x0000000742c00000, 0x0000000742c00000| Untracked 
|  10|0x0000000742e00000, 0x0000000742e00000, 0x0000000743000000|  0%| F|  |TAMS 0x0000000742e00000, 0x0000000742e00000| Untracked 
|  11|0x0000000743000000, 0x0000000743000000, 0x0000000743200000|  0%| F|  |TAMS 0x0000000743000000, 0x0000000743000000| Untracked 
|  12|0x0000000743200000, 0x0000000743200000, 0x0000000743400000|  0%| F|  |TAMS 0x0000000743200000, 0x0000000743200000| Untracked 
|  13|0x0000000743400000, 0x0000000743400000, 0x0000000743600000|  0%| F|  |TAMS 0x0000000743400000, 0x0000000743400000| Untracked 
|  14|0x0000000743600000, 0x0000000743600000, 0x0000000743800000|  0%| F|  |TAMS 0x0000000743600000, 0x0000000743600000| Untracked 
|  15|0x0000000743800000, 0x0000000743800000, 0x0000000743a00000|  0%| F|  |TAMS 0x0000000743800000, 0x0000000743800000| Untracked 
|  16|0x0000000743a00000, 0x0000000743a00000, 0x0000000743c00000|  0%| F|  |TAMS 0x0000000743a00000, 0x0000000743a00000| Untracked 
|  17|0x0000000743c00000, 0x0000000743c00000, 0x0000000743e00000|  0%| F|  |TAMS 0x0000000743c00000, 0x0000000743c00000| Untracked 
|  18|0x0000000743e00000, 0x0000000743e00000, 0x0000000744000000|  0%| F|  |TAMS 0x0000000743e00000, 0x0000000743e00000| Untracked 
|  19|0x0000000744000000, 0x0000000744000000, 0x0000000744200000|  0%| F|  |TAMS 0x0000000744000000, 0x0000000744000000| Untracked 
|  20|0x0000000744200000, 0x0000000744200000, 0x0000000744400000|  0%| F|  |TAMS 0x0000000744200000, 0x0000000744200000| Untracked 
|  21|0x0000000744400000, 0x0000000744400000, 0x0000000744600000|  0%| F|  |TAMS 0x0000000744400000, 0x0000000744400000| Untracked 
|  22|0x0000000744600000, 0x0000000744600000, 0x0000000744800000|  0%| F|  |TAMS 0x0000000744600000, 0x0000000744600000| Untracked 
|  23|0x0000000744800000, 0x0000000744800000, 0x0000000744a00000|  0%| F|  |TAMS 0x0000000744800000, 0x0000000744800000| Untracked 
|  24|0x0000000744a00000, 0x0000000744a00000, 0x0000000744c00000|  0%| F|  |TAMS 0x0000000744a00000, 0x0000000744a00000| Untracked 
|  25|0x0000000744c00000, 0x0000000744c00000, 0x0000000744e00000|  0%| F|  |TAMS 0x0000000744c00000, 0x0000000744c00000| Untracked 
|  26|0x0000000744e00000, 0x0000000744e00000, 0x0000000745000000|  0%| F|  |TAMS 0x0000000744e00000, 0x0000000744e00000| Untracked 
|  27|0x0000000745000000, 0x0000000745000000, 0x0000000745200000|  0%| F|  |TAMS 0x0000000745000000, 0x0000000745000000| Untracked 
|  28|0x0000000745200000, 0x0000000745200000, 0x0000000745400000|  0%| F|  |TAMS 0x0000000745200000, 0x0000000745200000| Untracked 
|  29|0x0000000745400000, 0x0000000745400000, 0x0000000745600000|  0%| F|  |TAMS 0x0000000745400000, 0x0000000745400000| Untracked 
|  30|0x0000000745600000, 0x0000000745600000, 0x0000000745800000|  0%| F|  |TAMS 0x0000000745600000, 0x0000000745600000| Untracked 
|  31|0x0000000745800000, 0x0000000745800000, 0x0000000745a00000|  0%| F|  |TAMS 0x0000000745800000, 0x0000000745800000| Untracked 
|  32|0x0000000745a00000, 0x0000000745a00000, 0x0000000745c00000|  0%| F|  |TAMS 0x0000000745a00000, 0x0000000745a00000| Untracked 
|  33|0x0000000745c00000, 0x0000000745c00000, 0x0000000745e00000|  0%| F|  |TAMS 0x0000000745c00000, 0x0000000745c00000| Untracked 
|  34|0x0000000745e00000, 0x0000000745e00000, 0x0000000746000000|  0%| F|  |TAMS 0x0000000745e00000, 0x0000000745e00000| Untracked 
|  35|0x0000000746000000, 0x0000000746000000, 0x0000000746200000|  0%| F|  |TAMS 0x0000000746000000, 0x0000000746000000| Untracked 
|  36|0x0000000746200000, 0x0000000746200000, 0x0000000746400000|  0%| F|  |TAMS 0x0000000746200000, 0x0000000746200000| Untracked 
|  37|0x0000000746400000, 0x0000000746400000, 0x0000000746600000|  0%| F|  |TAMS 0x0000000746400000, 0x0000000746400000| Untracked 
|  38|0x0000000746600000, 0x0000000746600000, 0x0000000746800000|  0%| F|  |TAMS 0x0000000746600000, 0x0000000746600000| Untracked 
|  39|0x0000000746800000, 0x0000000746800000, 0x0000000746a00000|  0%| F|  |TAMS 0x0000000746800000, 0x0000000746800000| Untracked 
|  40|0x0000000746a00000, 0x0000000746a00000, 0x0000000746c00000|  0%| F|  |TAMS 0x0000000746a00000, 0x0000000746a00000| Untracked 
|  41|0x0000000746c00000, 0x0000000746c00000, 0x0000000746e00000|  0%| F|  |TAMS 0x0000000746c00000, 0x0000000746c00000| Untracked 
|  42|0x0000000746e00000, 0x0000000746e00000, 0x0000000747000000|  0%| F|  |TAMS 0x0000000746e00000, 0x0000000746e00000| Untracked 
|  43|0x0000000747000000, 0x0000000747000000, 0x0000000747200000|  0%| F|  |TAMS 0x0000000747000000, 0x0000000747000000| Untracked 
|  44|0x0000000747200000, 0x0000000747200000, 0x0000000747400000|  0%| F|  |TAMS 0x0000000747200000, 0x0000000747200000| Untracked 
|  45|0x0000000747400000, 0x0000000747400000, 0x0000000747600000|  0%| F|  |TAMS 0x0000000747400000, 0x0000000747400000| Untracked 
|  46|0x0000000747600000, 0x0000000747600000, 0x0000000747800000|  0%| F|  |TAMS 0x0000000747600000, 0x0000000747600000| Untracked 
|  47|0x0000000747800000, 0x0000000747800000, 0x0000000747a00000|  0%| F|  |TAMS 0x0000000747800000, 0x0000000747800000| Untracked 
|  48|0x0000000747a00000, 0x0000000747a00000, 0x0000000747c00000|  0%| F|  |TAMS 0x0000000747a00000, 0x0000000747a00000| Untracked 
|  49|0x0000000747c00000, 0x0000000747c00000, 0x0000000747e00000|  0%| F|  |TAMS 0x0000000747c00000, 0x0000000747c00000| Untracked 
|  50|0x0000000747e00000, 0x0000000747e00000, 0x0000000748000000|  0%| F|  |TAMS 0x0000000747e00000, 0x0000000747e00000| Untracked 
|  51|0x0000000748000000, 0x0000000748000000, 0x0000000748200000|  0%| F|  |TAMS 0x0000000748000000, 0x0000000748000000| Untracked 
|  52|0x0000000748200000, 0x0000000748200000, 0x0000000748400000|  0%| F|  |TAMS 0x0000000748200000, 0x0000000748200000| Untracked 
|  53|0x0000000748400000, 0x0000000748400000, 0x0000000748600000|  0%| F|  |TAMS 0x0000000748400000, 0x0000000748400000| Untracked 
|  54|0x0000000748600000, 0x0000000748600000, 0x0000000748800000|  0%| F|  |TAMS 0x0000000748600000, 0x0000000748600000| Untracked 
|  55|0x0000000748800000, 0x0000000748800000, 0x0000000748a00000|  0%| F|  |TAMS 0x0000000748800000, 0x0000000748800000| Untracked 
|  56|0x0000000748a00000, 0x0000000748a00000, 0x0000000748c00000|  0%| F|  |TAMS 0x0000000748a00000, 0x0000000748a00000| Untracked 
|  57|0x0000000748c00000, 0x0000000748c00000, 0x0000000748e00000|  0%| F|  |TAMS 0x0000000748c00000, 0x0000000748c00000| Untracked 
|  58|0x0000000748e00000, 0x0000000748e00000, 0x0000000749000000|  0%| F|  |TAMS 0x0000000748e00000, 0x0000000748e00000| Untracked 
|  59|0x0000000749000000, 0x0000000749000000, 0x0000000749200000|  0%| F|  |TAMS 0x0000000749000000, 0x0000000749000000| Untracked 
|  60|0x0000000749200000, 0x0000000749200000, 0x0000000749400000|  0%| F|  |TAMS 0x0000000749200000, 0x0000000749200000| Untracked 
|  61|0x0000000749400000, 0x0000000749400000, 0x0000000749600000|  0%| F|  |TAMS 0x0000000749400000, 0x0000000749400000| Untracked 
|  62|0x0000000749600000, 0x0000000749600000, 0x0000000749800000|  0%| F|  |TAMS 0x0000000749600000, 0x0000000749600000| Untracked 
|  63|0x0000000749800000, 0x0000000749800000, 0x0000000749a00000|  0%| F|  |TAMS 0x0000000749800000, 0x0000000749800000| Untracked 
|  64|0x0000000749a00000, 0x0000000749a00000, 0x0000000749c00000|  0%| F|  |TAMS 0x0000000749a00000, 0x0000000749a00000| Untracked 
|  65|0x0000000749c00000, 0x0000000749c00000, 0x0000000749e00000|  0%| F|  |TAMS 0x0000000749c00000, 0x0000000749c00000| Untracked 
|  66|0x0000000749e00000, 0x0000000749e00000, 0x000000074a000000|  0%| F|  |TAMS 0x0000000749e00000, 0x0000000749e00000| Untracked 
|  67|0x000000074a000000, 0x000000074a000000, 0x000000074a200000|  0%| F|  |TAMS 0x000000074a000000, 0x000000074a000000| Untracked 
|  68|0x000000074a200000, 0x000000074a200000, 0x000000074a400000|  0%| F|  |TAMS 0x000000074a200000, 0x000000074a200000| Untracked 
|  69|0x000000074a400000, 0x000000074a400000, 0x000000074a600000|  0%| F|  |TAMS 0x000000074a400000, 0x000000074a400000| Untracked 
|  70|0x000000074a600000, 0x000000074a600000, 0x000000074a800000|  0%| F|  |TAMS 0x000000074a600000, 0x000000074a600000| Untracked 
|  71|0x000000074a800000, 0x000000074a800000, 0x000000074aa00000|  0%| F|  |TAMS 0x000000074a800000, 0x000000074a800000| Untracked 
|  72|0x000000074aa00000, 0x000000074aa00000, 0x000000074ac00000|  0%| F|  |TAMS 0x000000074aa00000, 0x000000074aa00000| Untracked 
|  73|0x000000074ac00000, 0x000000074ac00000, 0x000000074ae00000|  0%| F|  |TAMS 0x000000074ac00000, 0x000000074ac00000| Untracked 
|  74|0x000000074ae00000, 0x000000074ae00000, 0x000000074b000000|  0%| F|  |TAMS 0x000000074ae00000, 0x000000074ae00000| Untracked 
|  75|0x000000074b000000, 0x000000074b000000, 0x000000074b200000|  0%| F|  |TAMS 0x000000074b000000, 0x000000074b000000| Untracked 
|  76|0x000000074b200000, 0x000000074b200000, 0x000000074b400000|  0%| F|  |TAMS 0x000000074b200000, 0x000000074b200000| Untracked 
|  77|0x000000074b400000, 0x000000074b400000, 0x000000074b600000|  0%| F|  |TAMS 0x000000074b400000, 0x000000074b400000| Untracked 
|  78|0x000000074b600000, 0x000000074b600000, 0x000000074b800000|  0%| F|  |TAMS 0x000000074b600000, 0x000000074b600000| Untracked 
|  79|0x000000074b800000, 0x000000074b800000, 0x000000074ba00000|  0%| F|  |TAMS 0x000000074b800000, 0x000000074b800000| Untracked 
|  80|0x000000074ba00000, 0x000000074ba00000, 0x000000074bc00000|  0%| F|  |TAMS 0x000000074ba00000, 0x000000074ba00000| Untracked 
|  81|0x000000074bc00000, 0x000000074bc00000, 0x000000074be00000|  0%| F|  |TAMS 0x000000074bc00000, 0x000000074bc00000| Untracked 
|  82|0x000000074be00000, 0x000000074be00000, 0x000000074c000000|  0%| F|  |TAMS 0x000000074be00000, 0x000000074be00000| Untracked 
|  83|0x000000074c000000, 0x000000074c000000, 0x000000074c200000|  0%| F|  |TAMS 0x000000074c000000, 0x000000074c000000| Untracked 
|  84|0x000000074c200000, 0x000000074c200000, 0x000000074c400000|  0%| F|  |TAMS 0x000000074c200000, 0x000000074c200000| Untracked 
|  85|0x000000074c400000, 0x000000074c400000, 0x000000074c600000|  0%| F|  |TAMS 0x000000074c400000, 0x000000074c400000| Untracked 
|  86|0x000000074c600000, 0x000000074c600000, 0x000000074c800000|  0%| F|  |TAMS 0x000000074c600000, 0x000000074c600000| Untracked 
|  87|0x000000074c800000, 0x000000074c800000, 0x000000074ca00000|  0%| F|  |TAMS 0x000000074c800000, 0x000000074c800000| Untracked 
|  88|0x000000074ca00000, 0x000000074ca00000, 0x000000074cc00000|  0%| F|  |TAMS 0x000000074ca00000, 0x000000074ca00000| Untracked 
|  89|0x000000074cc00000, 0x000000074cc00000, 0x000000074ce00000|  0%| F|  |TAMS 0x000000074cc00000, 0x000000074cc00000| Untracked 
|  90|0x000000074ce00000, 0x000000074ce00000, 0x000000074d000000|  0%| F|  |TAMS 0x000000074ce00000, 0x000000074ce00000| Untracked 
|  91|0x000000074d000000, 0x000000074d0e1d80, 0x000000074d200000| 44%| E|  |TAMS 0x000000074d000000, 0x000000074d000000| Complete 
|  92|0x000000074d200000, 0x000000074d400000, 0x000000074d400000|100%| E|CS|TAMS 0x000000074d200000, 0x000000074d200000| Complete 
|  93|0x000000074d400000, 0x000000074d600000, 0x000000074d600000|100%| E|CS|TAMS 0x000000074d400000, 0x000000074d400000| Complete 
|  94|0x000000074d600000, 0x000000074d800000, 0x000000074d800000|100%| E|CS|TAMS 0x000000074d600000, 0x000000074d600000| Complete 
|  95|0x000000074d800000, 0x000000074da00000, 0x000000074da00000|100%| E|CS|TAMS 0x000000074d800000, 0x000000074d800000| Complete 

Card table byte_map: [0x00000205afa60000,0x00000205b0060000] _byte_map_base: 0x00000205ac053000

Marking Bits (Prev, Next): (CMBitMap*) 0x000002059890d9b0, (CMBitMap*) 0x000002059890d9f0
 Prev Bits: [0x00000205b0660000, 0x00000205b35f8000)
 Next Bits: [0x00000205b3600000, 0x00000205b6598000)

Polling page: 0x0000020596790000

Metaspace:

Usage:
  Non-class:    685.64 KB used.
      Class:     56.07 KB used.
       Both:    741.71 KB used.

Virtual space:
  Non-class space:        8.00 MB reserved,     768.00 KB (  9%) committed,  1 nodes.
      Class space:        1.00 GB reserved,     128.00 KB ( <1%) committed,  1 nodes.
             Both:        1.01 GB reserved,     896.00 KB ( <1%) committed. 

Chunk freelists:
   Non-Class:  3.99 MB
       Class:  3.75 MB
        Both:  7.74 MB

MaxMetaspaceSize: unlimited
CompressedClassSpaceSize: 1.00 GB
Initial GC threshold: 21.00 MB
Current GC threshold: 21.00 MB
CDS: on
MetaspaceReclaimPolicy: balanced
 - commit_granule_bytes: 65536.
 - commit_granule_words: 8192.
 - virtual_space_node_default_size: 1048576.
 - enlarge_chunks_in_place: 1.
 - new_chunks_are_fully_committed: 0.
 - uncommit_free_chunks: 1.
 - use_allocation_guard: 0.
 - handle_deallocations: 1.


Internal statistics:

num_allocs_failed_limit: 0.
num_arena_births: 8.
num_arena_deaths: 0.
num_vsnodes_births: 2.
num_vsnodes_deaths: 0.
num_space_committed: 14.
num_space_uncommitted: 0.
num_chunks_returned_to_freelist: 0.
num_chunks_taken_from_freelist: 9.
num_chunk_merges: 0.
num_chunk_splits: 5.
num_chunks_enlarged: 3.
num_purges: 0.
num_inconsistent_stats: 0.

CodeHeap 'non-profiled nmethods': size=120000Kb used=135Kb max_used=135Kb free=119864Kb
 bounds [0x00000205a7c00000, 0x00000205a7e70000, 0x00000205af130000]
CodeHeap 'profiled nmethods': size=120000Kb used=686Kb max_used=686Kb free=119313Kb
 bounds [0x00000205a06d0000, 0x00000205a0940000, 0x00000205a7c00000]
CodeHeap 'non-nmethods': size=5760Kb used=1104Kb max_used=1126Kb free=4656Kb
 bounds [0x00000205a0130000, 0x00000205a03a0000, 0x00000205a06d0000]
 total_blobs=814 nmethods=436 adapters=291
 compilation: enabled
              stopped_count=0, restarted_count=0
 full_count=0

Compilation events (20 events):
Event: 0.183 Thread 0x00000205b8fc5640 nmethod 370 0x00000205a074cb90 code [0x00000205a074ce80, 0x00000205a074e1d8]
Event: 0.183 Thread 0x00000205b8fc5640  369       3       sun.nio.fs.NativeBuffer::release (5 bytes)
Event: 0.183 Thread 0x00000205b8fc5640 nmethod 369 0x00000205a074e710 code [0x00000205a074e8a0, 0x00000205a074e9c8]
Event: 0.183 Thread 0x00000205b8fc5640  371       3       sun.nio.fs.WindowsFileAttributes::isDirectory (25 bytes)
Event: 0.183 Thread 0x00000205b8fc5640 nmethod 371 0x00000205a074ea90 code [0x00000205a074ec40, 0x00000205a074eed8]
Event: 0.183 Thread 0x00000205b8fc5640  373       3       java.lang.ref.Reference::<init> (7 bytes)
Event: 0.183 Thread 0x00000205b8fc5640 nmethod 373 0x00000205a074ef90 code [0x00000205a074f140, 0x00000205a074f3f8]
Event: 0.184 Thread 0x00000205b8fc5640  375       3       java.nio.file.FileTreeIterator::fetchNextIfNeeded (65 bytes)
Event: 0.184 Thread 0x00000205b8fc5640 nmethod 375 0x00000205a074f510 code [0x00000205a074f700, 0x00000205a074fb88]
Event: 0.184 Thread 0x00000205b8fc5640  374       3       java.nio.file.FileTreeWalker::isOpen (13 bytes)
Event: 0.184 Thread 0x00000205b8fc5640 nmethod 374 0x00000205a074fd90 code [0x00000205a074ff20, 0x00000205a0750098]
Event: 0.184 Thread 0x00000205b8fc5640  376       3       java.lang.String::lastIndexOf (12 bytes)
Event: 0.185 Thread 0x00000205b8fc5640 nmethod 376 0x00000205a0750110 code [0x00000205a0750300, 0x00000205a0750718]
Event: 0.185 Thread 0x00000205b9cc5020 nmethod 303 0x00000205a7c1eb10 code [0x00000205a7c1ed20, 0x00000205a7c1fdb8]
Event: 0.185 Thread 0x00000205b9cc5020  372       4       sun.nio.fs.WindowsPath::compareTo (118 bytes)
Event: 0.187 Thread 0x00000205b8fc5640  378       3       java.util.ArrayDeque::elementAt (4 bytes)
Event: 0.187 Thread 0x00000205b8fc5640 nmethod 378 0x00000205a0750890 code [0x00000205a0750a20, 0x00000205a0750b38]
Event: 0.188 Thread 0x00000205b8fc5640  379       3       sun.nio.fs.WindowsDirectoryStream$WindowsDirectoryIterator::isSelfOrParent (24 bytes)
Event: 0.188 Thread 0x00000205b8fc5640 nmethod 379 0x00000205a0750c10 code [0x00000205a0750dc0, 0x00000205a0750ff8]
Event: 0.189 Thread 0x00000205b8fc5640  381       3       jdk.internal.misc.Unsafe::checkSize (32 bytes)

GC Heap History (0 events):
No events

Deoptimization events (14 events):
Event: 0.099 Thread 0x00000205988b4960 Uncommon trap: trap_request=0xffffff45 fr.pc=0x00000205a7c09404 relative=0x0000000000000084
Event: 0.099 Thread 0x00000205988b4960 Uncommon trap: reason=unstable_if action=reinterpret pc=0x00000205a7c09404 method=java.lang.CharacterDataLatin1.isJavaIdentifierPart(I)Z @ 11 c2
Event: 0.099 Thread 0x00000205988b4960 DEOPT PACKING pc=0x00000205a7c09404 sp=0x0000007a6acfdd70
Event: 0.099 Thread 0x00000205988b4960 DEOPT UNPACKING pc=0x00000205a01823a3 sp=0x0000007a6acfdce8 mode 2
Event: 0.119 Thread 0x00000205988b4960 DEOPT PACKING pc=0x00000205a070993b sp=0x0000007a6acfde90
Event: 0.119 Thread 0x00000205988b4960 DEOPT UNPACKING pc=0x00000205a0182b43 sp=0x0000007a6acfd2f0 mode 0
Event: 0.120 Thread 0x00000205988b4960 DEOPT PACKING pc=0x00000205a06f9b56 sp=0x0000007a6acfde40
Event: 0.120 Thread 0x00000205988b4960 DEOPT UNPACKING pc=0x00000205a0182b43 sp=0x0000007a6acfd2e0 mode 0
Event: 0.121 Thread 0x00000205988b4960 DEOPT PACKING pc=0x00000205a06f9b56 sp=0x0000007a6acfde50
Event: 0.121 Thread 0x00000205988b4960 DEOPT UNPACKING pc=0x00000205a0182b43 sp=0x0000007a6acfd2d8 mode 0
Event: 0.122 Thread 0x00000205988b4960 DEOPT PACKING pc=0x00000205a06f9b56 sp=0x0000007a6acfde50
Event: 0.122 Thread 0x00000205988b4960 DEOPT UNPACKING pc=0x00000205a0182b43 sp=0x0000007a6acfd2d8 mode 0
Event: 0.123 Thread 0x00000205988b4960 DEOPT PACKING pc=0x00000205a06f9b56 sp=0x0000007a6acfde50
Event: 0.123 Thread 0x00000205988b4960 DEOPT UNPACKING pc=0x00000205a0182b43 sp=0x0000007a6acfd2d8 mode 0

Classes unloaded (0 events):
No events

Classes redefined (0 events):
No events

Internal exceptions (1 events):
Event: 0.152 Thread 0x00000205988b4960 Exception <a 'java/lang/NoSuchMethodError'{0x000000074d5c5ce0}: 'void java.lang.invoke.DirectMethodHandle$Holder.invokeVirtual(java.lang.Object, java.lang.Object)'> (0x000000074d5c5ce0) 
thrown [s\open\src\hotspot\share\interpreter\linkResolver.cpp, line 759]

VM Operations (2 events):
Event: 0.127 Executing VM operation: HandshakeAllThreads
Event: 0.127 Executing VM operation: HandshakeAllThreads done

Events (20 events):
Event: 0.151 loading class java/nio/file/Files$AcceptAllFilter
Event: 0.151 loading class java/nio/file/DirectoryStream$Filter
Event: 0.151 loading class java/nio/file/DirectoryStream$Filter done
Event: 0.151 loading class java/nio/file/Files$AcceptAllFilter done
Event: 0.151 loading class sun/nio/fs/WindowsDirectoryStream
Event: 0.151 loading class java/nio/file/DirectoryStream
Event: 0.151 loading class java/nio/file/DirectoryStream done
Event: 0.151 loading class sun/nio/fs/WindowsDirectoryStream done
Event: 0.151 loading class java/nio/file/FileTreeWalker$DirectoryNode
Event: 0.151 loading class java/nio/file/FileTreeWalker$DirectoryNode done
Event: 0.151 loading class sun/nio/fs/WindowsDirectoryStream$WindowsDirectoryIterator
Event: 0.151 loading class sun/nio/fs/WindowsDirectoryStream$WindowsDirectoryIterator done
Event: 0.151 loading class java/nio/file/FileTreeWalker$Event
Event: 0.151 loading class java/nio/file/FileTreeWalker$Event done
Event: 0.152 loading class java/nio/file/FileTreeWalker$EventType
Event: 0.152 loading class java/nio/file/FileTreeWalker$EventType done
Event: 0.155 loading class sun/nio/fs/WindowsPath$WindowsPathWithAttributes
Event: 0.156 loading class sun/nio/fs/BasicFileAttributesHolder
Event: 0.156 loading class sun/nio/fs/BasicFileAttributesHolder done
Event: 0.156 loading class sun/nio/fs/WindowsPath$WindowsPathWithAttributes done


Dynamic libraries:
0x00007ff605e50000 - 0x00007ff605e60000 	C:\Program Files\Java\jdk-17.0.4\bin\java.exe
0x00007fffcee30000 - 0x00007fffcf028000 	C:\Windows\SYSTEM32\ntdll.dll
0x00007fffce260000 - 0x00007fffce31d000 	C:\Windows\System32\KERNEL32.DLL
0x00007fffcc740000 - 0x00007fffcca0e000 	C:\Windows\System32\KERNELBASE.dll
0x00007fffccb70000 - 0x00007fffccc70000 	C:\Windows\System32\ucrtbase.dll
0x00007fffb4f00000 - 0x00007fffb4f1a000 	C:\Program Files\Java\jdk-17.0.4\bin\VCRUNTIME140.dll
0x00007fffb55c0000 - 0x00007fffb55d8000 	C:\Program Files\Java\jdk-17.0.4\bin\jli.dll
0x00007fffced40000 - 0x00007fffcedee000 	C:\Windows\System32\ADVAPI32.dll
0x00007fffcda00000 - 0x00007fffcda9e000 	C:\Windows\System32\msvcrt.dll
0x00007fffce480000 - 0x00007fffce51c000 	C:\Windows\System32\sechost.dll
0x00007fffce700000 - 0x00007fffce825000 	C:\Windows\System32\RPCRT4.dll
0x00007fffcd310000 - 0x00007fffcd4b0000 	C:\Windows\System32\USER32.dll
0x00007fffbd200000 - 0x00007fffbd49a000 	C:\Windows\WinSxS\amd64_microsoft.windows.common-controls_6595b64144ccf1df_6.0.19041.1110_none_60b5254171f9507e\COMCTL32.dll
0x00007fffcc600000 - 0x00007fffcc622000 	C:\Windows\System32\win32u.dll
0x00007fffcd5f0000 - 0x00007fffcd61a000 	C:\Windows\System32\GDI32.dll
0x00007fffccc70000 - 0x00007fffccd7b000 	C:\Windows\System32\gdi32full.dll
0x00007fffcc6a0000 - 0x00007fffcc73d000 	C:\Windows\System32\msvcp_win.dll
0x00007fffc4ab0000 - 0x00007fffc4aba000 	C:\Windows\SYSTEM32\VERSION.dll
0x00007fffcd6e0000 - 0x00007fffcd710000 	C:\Windows\System32\IMM32.DLL
0x00007fffc5170000 - 0x00007fffc517c000 	C:\Program Files\Java\jdk-17.0.4\bin\vcruntime140_1.dll
0x00007fffac700000 - 0x00007fffac78d000 	C:\Program Files\Java\jdk-17.0.4\bin\msvcp140.dll
0x00007fff91460000 - 0x00007fff92022000 	C:\Program Files\Java\jdk-17.0.4\bin\server\jvm.dll
0x00007fffcd6d0000 - 0x00007fffcd6d8000 	C:\Windows\System32\PSAPI.DLL
0x00007fffae690000 - 0x00007fffae699000 	C:\Windows\SYSTEM32\WSOCK32.dll
0x00007fffc5d30000 - 0x00007fffc5d57000 	C:\Windows\SYSTEM32\WINMM.dll
0x00007fffce320000 - 0x00007fffce38b000 	C:\Windows\System32\WS2_32.dll
0x00007fffcae00000 - 0x00007fffcae12000 	C:\Windows\SYSTEM32\kernel.appcore.dll
0x00007fffc5140000 - 0x00007fffc514a000 	C:\Program Files\Java\jdk-17.0.4\bin\jimage.dll
0x00007fffca2f0000 - 0x00007fffca4d4000 	C:\Windows\SYSTEM32\DBGHELP.DLL
0x00007fffae550000 - 0x00007fffae57c000 	C:\Windows\SYSTEM32\dbgcore.DLL
0x00007fffccdb0000 - 0x00007fffcce32000 	C:\Windows\System32\bcryptPrimitives.dll
0x00007fffc6fc0000 - 0x00007fffc6fce000 	C:\Program Files\Java\jdk-17.0.4\bin\instrument.dll
0x00007fffb2d20000 - 0x00007fffb2d45000 	C:\Program Files\Java\jdk-17.0.4\bin\java.dll
0x00007fff98170000 - 0x00007fff98246000 	C:\Program Files\Java\jdk-17.0.4\bin\jsvml.dll
0x00007fffcdaa0000 - 0x00007fffce1e3000 	C:\Windows\System32\SHELL32.dll
0x00007fffca4e0000 - 0x00007fffcac75000 	C:\Windows\SYSTEM32\windows.storage.dll
0x00007fffcce90000 - 0x00007fffcd1e4000 	C:\Windows\System32\combase.dll
0x00007fffcbee0000 - 0x00007fffcbf10000 	C:\Windows\SYSTEM32\Wldp.dll
0x00007fffce520000 - 0x00007fffce5cd000 	C:\Windows\System32\SHCORE.dll
0x00007fffce420000 - 0x00007fffce475000 	C:\Windows\System32\shlwapi.dll
0x00007fffcc490000 - 0x00007fffcc4af000 	C:\Windows\SYSTEM32\profapi.dll
0x00007fffb4ee0000 - 0x00007fffb4ef9000 	C:\Program Files\Java\jdk-17.0.4\bin\net.dll
0x00007fffbf6c0000 - 0x00007fffbf7ca000 	C:\Windows\SYSTEM32\WINHTTP.dll
0x00007fffcbc40000 - 0x00007fffcbcaa000 	C:\Windows\system32\mswsock.dll
0x00007fffb4a90000 - 0x00007fffb4aa6000 	C:\Program Files\Java\jdk-17.0.4\bin\nio.dll
0x00007fffb4910000 - 0x00007fffb4928000 	C:\Program Files\Java\jdk-17.0.4\bin\zip.dll

dbghelp: loaded successfully - version: 4.0.5 - missing functions: none
symbol engine: initialized successfully - sym options: 0x614 - pdb path: .;C:\Program Files\Java\jdk-17.0.4\bin;C:\Windows\SYSTEM32;C:\Windows\WinSxS\amd64_microsoft.windows.common-controls_6595b64144ccf1df_6.0.19041.1110_none_60b5254171f9507e;C:\Program Files\Java\jdk-17.0.4\bin\server

VM Arguments:
jvm_args: -javaagent:C:\Program Files\JetBrains\IntelliJ IDEA 2022.2\lib\idea_rt.jar=51797:C:\Program Files\JetBrains\IntelliJ IDEA 2022.2\bin -Dfile.encoding=UTF-8 --module-path=C:\Users\F1\.m2\repository\org\openjfx\javafx-base\17.0.2\javafx-base-17.0.2-win.jar;C:\Users\F1\.m2\repository\org\openjfx\javafx-graphics\17.0.2\javafx-graphics-17.0.2-win.jar;C:\Users\F1\.m2\repository\com\google\code\gson\gson\2.8.1\gson-2.8.1.jar;C:\Users\F1\.m2\repository\org\openjfx\javafx-controls\17.0.2\javafx-controls-17.0.2-win.jar;C:\Users\F1\Desktop\AP\PROJECT\project-group-19\target\classes;C:\Users\F1\.m2\repository\org\openjfx\javafx-fxml\17.0.2\javafx-fxml-17.0.2-win.jar;C:\Users\F1\.m2\repository\org\openjfx\javafx-media\16\javafx-media-16-win.jar -Djdk.module.main=com.example.projectgroup19 
java_command: com.example.projectgroup19/view.TileManager
java_class_path (initial): C:\Users\F1\.m2\repository\org\openjfx\javafx-controls\17.0.2\javafx-controls-17.0.2.jar;C:\Users\F1\.m2\repository\org\openjfx\javafx-graphics\17.0.2\javafx-graphics-17.0.2.jar;C:\Users\F1\.m2\repository\org\openjfx\javafx-base\17.0.2\javafx-base-17.0.2.jar;C:\Users\F1\.m2\repository\org\openjfx\javafx-fxml\17.0.2\javafx-fxml-17.0.2.jar;C:\Users\F1\.m2\repository\org\openjfx\javafx-media\16\javafx-media-16.jar
Launcher Type: SUN_STANDARD

[Global flags]
     intx CICompilerCount                          = 4                                         {product} {ergonomic}
     uint ConcGCThreads                            = 2                                         {product} {ergonomic}
     uint G1ConcRefinementThreads                  = 8                                         {product} {ergonomic}
   size_t G1HeapRegionSize                         = 2097152                                   {product} {ergonomic}
    uintx GCDrainStackTargetSize                   = 64                                        {product} {ergonomic}
   size_t InitialHeapSize                          = 201326592                                 {product} {ergonomic}
   size_t MarkStackSize                            = 4194304                                   {product} {ergonomic}
   size_t MaxHeapSize                              = 3193962496                                {product} {ergonomic}
   size_t MaxNewSize                               = 1914699776                                {product} {ergonomic}
   size_t MinHeapDeltaBytes                        = 2097152                                   {product} {ergonomic}
   size_t MinHeapSize                              = 8388608                                   {product} {ergonomic}
    uintx NonNMethodCodeHeapSize                   = 5839372                                {pd product} {ergonomic}
    uintx NonProfiledCodeHeapSize                  = 122909434                              {pd product} {ergonomic}
    uintx ProfiledCodeHeapSize                     = 122909434                              {pd product} {ergonomic}
    uintx ReservedCodeCacheSize                    = 251658240                              {pd product} {ergonomic}
     bool SegmentedCodeCache                       = true                                      {product} {ergonomic}
   size_t SoftMaxHeapSize                          = 3193962496                             {manageable} {ergonomic}
     bool UseCompressedClassPointers               = true                           {product lp64_product} {ergonomic}
     bool UseCompressedOops                        = true                           {product lp64_product} {ergonomic}
     bool UseG1GC                                  = true                                      {product} {ergonomic}
     bool UseLargePagesIndividualAllocation        = false                                  {pd product} {ergonomic}

Logging:
Log output configuration:
 #0: stdout all=warning uptime,level,tags
 #1: stderr all=off uptime,level,tags

Environment Variables:
PATH=C:\Program Files\Common Files\Oracle\Java\javapath;C:\Windows\system32;C:\Windows;C:\Windows\System32\Wbem;C:\Windows\System32\WindowsPowerShell\v1.0\;C:\Windows\System32\OpenSSH\;C:\Program Files (x86)\NVIDIA Corporation\PhysX\Common;C:\Users\F1\Desktop\codeblocks-20.03mingw-nosetup\MinGW\bin;C:\Program Files\Git\cmd;C:\texlive\2022\bin\win32;%JAVA_HOME%\bin;C:\maven\apache-maven-3.9.1\bin;C:\Users\F1\AppData\Local\Microsoft\WindowsApps;C:\Users\F1\Desktop\codeblocks-20.03mingw-nosetup\MinGW\bin;;C:\Program Files\JetBrains\CLion 2022.2\bin;;C:\Program Files\JetBrains\IntelliJ IDEA 2022.2\bin;
USERNAME=F1
OS=Windows_NT
PROCESSOR_IDENTIFIER=Intel64 Family 6 Model 94 Stepping 3, GenuineIntel



---------------  S Y S T E M  ---------------

OS:
 Windows 10 , 64 bit Build 19041 (10.0.19041.1889)
OS uptime: 2 days 6:11 hours

CPU: total 8 (initial active 8) (4 cores per cpu, 2 threads per core) family 6 model 94 stepping 3 microcode 0xcc, cx8, cmov, fxsr, ht, mmx, 3dnowpref, sse, sse2, sse3, ssse3, sse4.1, sse4.2, popcnt, lzcnt, tsc, tscinvbit, avx, avx2, aes, erms, clmul, bmi1, bmi2, rtm, adx, fma, vzeroupper, clflush, clflushopt

Memory: 4k page, system-wide physical 12180M (2399M free)
TotalPageFile size 14228M (AvailPageFile size 5M)
current process WorkingSet (physical memory assigned to process): 46M, peak: 46M
current process commit charge ("private bytes"): 283M, peak: 283M

vm_info: Java HotSpot(TM) 64-Bit Server VM (17.0.4+11-LTS-179) for windows-amd64 JRE (17.0.4+11-LTS-179), built on Jun 28 2022 08:23:05 by "mach5one" with MS VC++ 16.8 / 16.9 (VS2019)

END.
