#
# There is insufficient memory for the Java Runtime Environment to continue.
# Native memory allocation (mmap) failed to map 146800640 bytes for G1 virtual space
# Possible reasons:
#   The system is out of physical RAM or swap space
#   The process is running with CompressedOops enabled, and the Java Heap may be blocking the growth of the native heap
# Possible solutions:
#   Reduce memory load on the system
#   Increase physical memory or swap space
#   Check if swap backing store is full
#   Decrease Java heap size (-Xmx/-Xms)
#   Decrease number of Java threads
#   Decrease Java thread stack sizes (-Xss)
#   Set larger code cache with -XX:ReservedCodeCacheSize=
#   JVM is running with Zero Based Compressed Oops mode in which the Java heap is
#     placed in the first 32GB address space. The Java Heap base address is the
#     maximum limit for the native heap growth. Please use -XX:HeapBaseMinAddress
#     to set the Java Heap base and to place the Java Heap above 32GB virtual address.
# This output file may be truncated or incomplete.
#
#  Out of Memory Error (os_windows.cpp:3535), pid=19796, tid=8496
#
# JRE version: Java(TM) SE Runtime Environment (17.0.4+11) (build 17.0.4+11-LTS-179)
# Java VM: Java HotSpot(TM) 64-Bit Server VM (17.0.4+11-LTS-179, mixed mode, sharing, tiered, compressed oops, compressed class ptrs, g1 gc, windows-amd64)
# No core dump will be written. Minidumps are not enabled by default on client versions of Windows
#

---------------  S U M M A R Y ------------

Command Line: -javaagent:C:\Program Files\JetBrains\IntelliJ IDEA 2022.2\lib\idea_rt.jar=54331:C:\Program Files\JetBrains\IntelliJ IDEA 2022.2\bin -Dfile.encoding=UTF-8 --module-path=C:\Users\F1\Desktop\AP\PROJECT\project-group-19\target\classes;C:\Users\F1\.m2\repository\org\openjfx\javafx-fxml\17.0.2\javafx-fxml-17.0.2-win.jar;C:\Users\F1\.m2\repository\org\openjfx\javafx-controls\17.0.2\javafx-controls-17.0.2-win.jar;C:\Users\F1\.m2\repository\org\openjfx\javafx-media\16\javafx-media-16-win.jar;C:\Users\F1\.m2\repository\org\openjfx\javafx-graphics\17.0.2\javafx-graphics-17.0.2-win.jar;C:\Users\F1\.m2\repository\org\openjfx\javafx-base\17.0.2\javafx-base-17.0.2-win.jar;C:\Users\F1\.m2\repository\com\google\code\gson\gson\2.8.1\gson-2.8.1.jar -Djdk.module.main=com.example.projectgroup19 com.example.projectgroup19/view.TileManager

Host: Intel(R) Core(TM) i7-6700HQ CPU @ 2.60GHz, 8 cores, 11G,  Windows 10 , 64 bit Build 19041 (10.0.19041.1889)
Time: Tue May 30 21:06:56 2023 Iran Standard Time elapsed time: 402.725964 seconds (0d 0h 6m 42s)

---------------  T H R E A D  ---------------

Current thread (0x0000027ccc370020):  VMThread "VM Thread" [stack: 0x000000ad16600000,0x000000ad16700000] [id=8496]

Stack: [0x000000ad16600000,0x000000ad16700000]
Native frames: (J=compiled Java code, j=interpreted, Vv=VM code, C=native code)
V  [jvm.dll+0x6723da]
V  [jvm.dll+0x7d1f74]
V  [jvm.dll+0x7d371e]
V  [jvm.dll+0x7d3d83]
V  [jvm.dll+0x242ed5]
V  [jvm.dll+0x66f2f9]
V  [jvm.dll+0x663c42]
V  [jvm.dll+0x30103b]
V  [jvm.dll+0x3085d6]
V  [jvm.dll+0x35844e]
V  [jvm.dll+0x35867f]
V  [jvm.dll+0x2d8258]
V  [jvm.dll+0x2d6524]
V  [jvm.dll+0x2d5b2c]
V  [jvm.dll+0x3198c1]
V  [jvm.dll+0x7d825b]
V  [jvm.dll+0x7d8f94]
V  [jvm.dll+0x7d94ac]
V  [jvm.dll+0x7d9884]
V  [jvm.dll+0x7d9950]
V  [jvm.dll+0x78201a]
V  [jvm.dll+0x671265]
C  [ucrtbase.dll+0x21bb2]
C  [KERNEL32.DLL+0x17034]
C  [ntdll.dll+0x526a1]

VM_Operation (0x000000ad178fcda0): G1TryInitiateConcMark, mode: safepoint, requested by thread 0x0000027ccd91a160


---------------  P R O C E S S  ---------------

Threads class SMR info:
_java_thread_list=0x0000027cce69e660, length=24, elements={
0x0000027cabc80ba0, 0x0000027ccc376080, 0x0000027ccc376b00, 0x0000027ccc38d140,
0x0000027ccc390630, 0x0000027ccc390b00, 0x0000027ccc390fd0, 0x0000027ccc3957e0,
0x0000027ccc39a6b0, 0x0000027ccc39cbd0, 0x0000027cccd5ded0, 0x0000027ccd847090,
0x0000027cccf163d0, 0x0000027ccd7a01a0, 0x0000027ccd721040, 0x0000027ccd91a160,
0x0000027ccdb1fb40, 0x0000027ccdb2cd90, 0x0000027ccdd5e960, 0x0000027ccdd5d150,
0x0000027ccdd5d620, 0x0000027ccdd5ee30, 0x0000027cd4984320, 0x0000027cd4985250
}

Java Threads: ( => current thread )
  0x0000027cabc80ba0 JavaThread "main" [_thread_blocked, id=21036, stack(0x000000ad16000000,0x000000ad16100000)]
  0x0000027ccc376080 JavaThread "Reference Handler" daemon [_thread_blocked, id=20084, stack(0x000000ad16700000,0x000000ad16800000)]
  0x0000027ccc376b00 JavaThread "Finalizer" daemon [_thread_blocked, id=10580, stack(0x000000ad16800000,0x000000ad16900000)]
  0x0000027ccc38d140 JavaThread "Signal Dispatcher" daemon [_thread_blocked, id=3268, stack(0x000000ad16900000,0x000000ad16a00000)]
  0x0000027ccc390630 JavaThread "Attach Listener" daemon [_thread_blocked, id=21104, stack(0x000000ad16a00000,0x000000ad16b00000)]
  0x0000027ccc390b00 JavaThread "Service Thread" daemon [_thread_blocked, id=18832, stack(0x000000ad16b00000,0x000000ad16c00000)]
  0x0000027ccc390fd0 JavaThread "Monitor Deflation Thread" daemon [_thread_blocked, id=14272, stack(0x000000ad16c00000,0x000000ad16d00000)]
  0x0000027ccc3957e0 JavaThread "C2 CompilerThread0" daemon [_thread_blocked, id=11432, stack(0x000000ad16d00000,0x000000ad16e00000)]
  0x0000027ccc39a6b0 JavaThread "C1 CompilerThread0" daemon [_thread_blocked, id=12104, stack(0x000000ad16e00000,0x000000ad16f00000)]
  0x0000027ccc39cbd0 JavaThread "Sweeper thread" daemon [_thread_blocked, id=21828, stack(0x000000ad16f00000,0x000000ad17000000)]
  0x0000027cccd5ded0 JavaThread "Common-Cleaner" daemon [_thread_blocked, id=3732, stack(0x000000ad17000000,0x000000ad17100000)]
  0x0000027ccd847090 JavaThread "Monitor Ctrl-Break" daemon [_thread_in_native, id=20788, stack(0x000000ad17300000,0x000000ad17400000)]
  0x0000027cccf163d0 JavaThread "Notification Thread" daemon [_thread_blocked, id=780, stack(0x000000ad17400000,0x000000ad17500000)]
  0x0000027ccd7a01a0 JavaThread "QuantumRenderer-0" daemon [_thread_blocked, id=12776, stack(0x000000ad17600000,0x000000ad17700000)]
  0x0000027ccd721040 JavaThread "InvokeLaterDispatcher" daemon [_thread_blocked, id=5184, stack(0x000000ad17700000,0x000000ad17800000)]
  0x0000027ccd91a160 JavaThread "JavaFX Application Thread" [_thread_blocked, id=20776, stack(0x000000ad17800000,0x000000ad17900000)]
  0x0000027ccdb1fb40 JavaThread "Thread-1" daemon [_thread_blocked, id=11760, stack(0x000000ad17200000,0x000000ad17300000)]
  0x0000027ccdb2cd90 JavaThread "JavaFX-Launcher" [_thread_blocked, id=17788, stack(0x000000ad17c00000,0x000000ad17d00000)]
  0x0000027ccdd5e960 JavaThread "Prism Font Disposer" daemon [_thread_blocked, id=21688, stack(0x000000ad18b00000,0x000000ad18c00000)]
  0x0000027ccdd5d150 JavaThread "Cleaner-0" daemon [_thread_blocked, id=12656, stack(0x000000ad19300000,0x000000ad19400000)]
  0x0000027ccdd5d620 JavaThread "Java2D Disposer" daemon [_thread_blocked, id=20652, stack(0x000000ad19400000,0x000000ad19500000)]
  0x0000027ccdd5ee30 JavaThread "AWT-Windows" daemon [_thread_in_native, id=18776, stack(0x000000ad19600000,0x000000ad19700000)]
  0x0000027cd4984320 JavaThread "C2 CompilerThread1" daemon [_thread_blocked, id=7844, stack(0x000000ad15f00000,0x000000ad16000000)]
  0x0000027cd4985250 JavaThread "C2 CompilerThread2" daemon [_thread_in_native, id=19020, stack(0x000000ad15d00000,0x000000ad15e00000)]

Other Threads:
=>0x0000027ccc370020 VMThread "VM Thread" [stack: 0x000000ad16600000,0x000000ad16700000] [id=8496]
  0x0000027ccd129090 WatcherThread [stack: 0x000000ad17500000,0x000000ad17600000] [id=22008]
  0x0000027cabcd8fd0 GCTaskThread "GC Thread#0" [stack: 0x000000ad16100000,0x000000ad16200000] [id=16924]
  0x0000027ccdb3dbe0 GCTaskThread "GC Thread#1" [stack: 0x000000ad17d00000,0x000000ad17e00000] [id=18712]
  0x0000027ccd38f7b0 GCTaskThread "GC Thread#2" [stack: 0x000000ad17e00000,0x000000ad17f00000] [id=18468]
  0x0000027ccd38fa60 GCTaskThread "GC Thread#3" [stack: 0x000000ad17f00000,0x000000ad18000000] [id=22160]
  0x0000027ccdb44470 GCTaskThread "GC Thread#4" [stack: 0x000000ad18000000,0x000000ad18100000] [id=8124]
  0x0000027ccdb45370 GCTaskThread "GC Thread#5" [stack: 0x000000ad18100000,0x000000ad18200000] [id=21784]
  0x0000027ccde8bdc0 GCTaskThread "GC Thread#6" [stack: 0x000000ad18300000,0x000000ad18400000] [id=10008]
  0x0000027ccdfff090 GCTaskThread "GC Thread#7" [stack: 0x000000ad18200000,0x000000ad18300000] [id=21664]
  0x0000027cabce5d60 ConcurrentGCThread "G1 Main Marker" [stack: 0x000000ad16200000,0x000000ad16300000] [id=18372]
  0x0000027cabce6f10 ConcurrentGCThread "G1 Conc#0" [stack: 0x000000ad16300000,0x000000ad16400000] [id=21744]
  0x0000027ccceb0120 ConcurrentGCThread "G1 Conc#1" [stack: 0x000000ad18900000,0x000000ad18a00000] [id=13732]
  0x0000027ccc2304a0 ConcurrentGCThread "G1 Refine#0" [stack: 0x000000ad16400000,0x000000ad16500000] [id=16004]
  0x0000027ccdef5220 ConcurrentGCThread "G1 Refine#1" [stack: 0x000000ad18400000,0x000000ad18500000] [id=17000]
  0x0000027ccdfb2490 ConcurrentGCThread "G1 Refine#2" [stack: 0x000000ad18500000,0x000000ad18600000] [id=16508]
  0x0000027ccdfb2770 ConcurrentGCThread "G1 Refine#3" [stack: 0x000000ad18600000,0x000000ad18700000] [id=19336]
  0x0000027ccdcda940 ConcurrentGCThread "G1 Refine#4" [stack: 0x000000ad18700000,0x000000ad18800000] [id=16276]
  0x0000027ccdfadd50 ConcurrentGCThread "G1 Refine#5" [stack: 0x000000ad18800000,0x000000ad18900000] [id=12280]
  0x0000027ccc232ae0 ConcurrentGCThread "G1 Service" [stack: 0x000000ad16500000,0x000000ad16600000] [id=21124]

Threads with active compile tasks:
C2 CompilerThread0   402783 5129       4       com.sun.javafx.text.GlyphLayout::breakRuns (955 bytes)
C2 CompilerThread1   402783 5174       4       java.util.stream.AbstractPipeline::<init> (55 bytes)
C2 CompilerThread2   402783 5161       4       javafx.scene.control.skin.LabeledSkinBase::layoutLabelInArea (1666 bytes)

VM state: at safepoint (normal execution)

VM Mutex/Monitor currently owned by a thread:  ([mutex/lock_event])
[0x0000027cabc7db40] Threads_lock - owner thread: 0x0000027ccc370020
[0x0000027cabc7dc60] Heap_lock - owner thread: 0x0000027ccd91a160

Heap address: 0x0000000741a00000, size: 3046 MB, Compressed Oops mode: Zero based, Oop shift amount: 3

CDS archive(s) mapped at: [0x0000000800000000-0x0000000800bc0000-0x0000000800bc0000), size 12320768, SharedBaseAddress: 0x0000000800000000, ArchiveRelocationMode: 0.
Compressed class space mapped at: 0x0000000800c00000-0x0000000840c00000, reserved size: 1073741824
Narrow klass base: 0x0000000800000000, Narrow klass shift: 0, Narrow klass range: 0x100000000

GC Precious Log:
 CPUs: 8 total, 8 available
 Memory: 12180M
 Large Page Support: Disabled
 NUMA Support: Disabled
 Compressed Oops: Enabled (Zero based)
 Heap Region Size: 2M
 Heap Min Capacity: 8M
 Heap Initial Capacity: 192M
 Heap Max Capacity: 3046M
 Pre-touch: Disabled
 Parallel Workers: 8
 Concurrent Workers: 2
 Concurrent Refinement Workers: 8
 Periodic GC: Disabled

Heap:
 garbage-first heap   total 366592K, used 195541K [0x0000000741a00000, 0x0000000800000000)
  region size 2048K, 4 young (8192K), 4 survivors (8192K)
 Metaspace       used 16135K, committed 16384K, reserved 1064960K
  class space    used 1932K, committed 2048K, reserved 1048576K

Heap Regions: E=young(eden), S=young(survivor), O=old, HS=humongous(starts), HC=humongous(continues), CS=collection set, F=free, OA=open archive, CA=closed archive, TAMS=top-at-mark-start (previous, next)
|   0|0x0000000741a00000, 0x0000000741c00000, 0x0000000741c00000|100%| O|  |TAMS 0x0000000741c00000, 0x0000000741c00000| Untracked 
|   1|0x0000000741c00000, 0x0000000741e00000, 0x0000000741e00000|100%| O|  |TAMS 0x0000000741e00000, 0x0000000741e00000| Untracked 
|   2|0x0000000741e00000, 0x0000000742000000, 0x0000000742000000|100%| O|  |TAMS 0x0000000742000000, 0x0000000742000000| Untracked 
|   3|0x0000000742000000, 0x0000000742200000, 0x0000000742200000|100%| O|  |TAMS 0x0000000742200000, 0x0000000742200000| Untracked 
|   4|0x0000000742200000, 0x0000000742400000, 0x0000000742400000|100%| O|  |TAMS 0x0000000742400000, 0x0000000742400000| Untracked 
|   5|0x0000000742400000, 0x0000000742600000, 0x0000000742600000|100%| O|  |TAMS 0x0000000742600000, 0x0000000742600000| Untracked 
|   6|0x0000000742600000, 0x0000000742800000, 0x0000000742800000|100%| O|  |TAMS 0x0000000742800000, 0x0000000742800000| Untracked 
|   7|0x0000000742800000, 0x0000000742a00000, 0x0000000742a00000|100%| O|  |TAMS 0x0000000742a00000, 0x0000000742a00000| Untracked 
|   8|0x0000000742a00000, 0x0000000742c00000, 0x0000000742c00000|100%| O|  |TAMS 0x0000000742c00000, 0x0000000742c00000| Untracked 
|   9|0x0000000742c00000, 0x0000000742e00000, 0x0000000742e00000|100%| O|  |TAMS 0x0000000742e00000, 0x0000000742e00000| Untracked 
|  10|0x0000000742e00000, 0x0000000743000000, 0x0000000743000000|100%| O|  |TAMS 0x0000000743000000, 0x0000000743000000| Untracked 
|  11|0x0000000743000000, 0x0000000743200000, 0x0000000743200000|100%|HS|  |TAMS 0x0000000743200000, 0x0000000743200000| Complete 
|  12|0x0000000743200000, 0x0000000743400000, 0x0000000743400000|100%|HC|  |TAMS 0x0000000743400000, 0x0000000743400000| Complete 
|  13|0x0000000743400000, 0x0000000743600000, 0x0000000743600000|100%|HS|  |TAMS 0x0000000743600000, 0x0000000743600000| Complete 
|  14|0x0000000743600000, 0x0000000743800000, 0x0000000743800000|100%|HS|  |TAMS 0x0000000743800000, 0x0000000743800000| Complete 
|  15|0x0000000743800000, 0x0000000743a00000, 0x0000000743a00000|100%|HC|  |TAMS 0x0000000743a00000, 0x0000000743a00000| Complete 
|  16|0x0000000743a00000, 0x0000000743c00000, 0x0000000743c00000|100%|HC|  |TAMS 0x0000000743c00000, 0x0000000743c00000| Complete 
|  17|0x0000000743c00000, 0x0000000743e00000, 0x0000000743e00000|100%|HC|  |TAMS 0x0000000743e00000, 0x0000000743e00000| Complete 
|  18|0x0000000743e00000, 0x0000000744000000, 0x0000000744000000|100%|HC|  |TAMS 0x0000000744000000, 0x0000000744000000| Complete 
|  19|0x0000000744000000, 0x0000000744200000, 0x0000000744200000|100%|HC|  |TAMS 0x0000000744200000, 0x0000000744200000| Complete 
|  20|0x0000000744200000, 0x0000000744400000, 0x0000000744400000|100%|HC|  |TAMS 0x0000000744400000, 0x0000000744400000| Complete 
|  21|0x0000000744400000, 0x0000000744600000, 0x0000000744600000|100%|HC|  |TAMS 0x0000000744600000, 0x0000000744600000| Complete 
|  22|0x0000000744600000, 0x0000000744800000, 0x0000000744800000|100%|HC|  |TAMS 0x0000000744800000, 0x0000000744800000| Complete 
|  23|0x0000000744800000, 0x0000000744a00000, 0x0000000744a00000|100%|HC|  |TAMS 0x0000000744a00000, 0x0000000744a00000| Complete 
|  24|0x0000000744a00000, 0x0000000744c00000, 0x0000000744c00000|100%|HC|  |TAMS 0x0000000744c00000, 0x0000000744c00000| Complete 
|  25|0x0000000744c00000, 0x0000000744e00000, 0x0000000744e00000|100%|HC|  |TAMS 0x0000000744e00000, 0x0000000744e00000| Complete 
|  26|0x0000000744e00000, 0x0000000745000000, 0x0000000745000000|100%|HC|  |TAMS 0x0000000745000000, 0x0000000745000000| Complete 
|  27|0x0000000745000000, 0x0000000745200000, 0x0000000745200000|100%|HC|  |TAMS 0x0000000745200000, 0x0000000745200000| Complete 
|  28|0x0000000745200000, 0x0000000745400000, 0x0000000745400000|100%|HC|  |TAMS 0x0000000745400000, 0x0000000745400000| Complete 
|  29|0x0000000745400000, 0x0000000745600000, 0x0000000745600000|100%|HC|  |TAMS 0x0000000745600000, 0x0000000745600000| Complete 
|  30|0x0000000745600000, 0x0000000745800000, 0x0000000745800000|100%|HC|  |TAMS 0x0000000745800000, 0x0000000745800000| Complete 
|  31|0x0000000745800000, 0x0000000745a00000, 0x0000000745a00000|100%|HC|  |TAMS 0x0000000745a00000, 0x0000000745a00000| Complete 
|  32|0x0000000745a00000, 0x0000000745c00000, 0x0000000745c00000|100%|HC|  |TAMS 0x0000000745c00000, 0x0000000745c00000| Complete 
|  33|0x0000000745c00000, 0x0000000745e00000, 0x0000000745e00000|100%|HC|  |TAMS 0x0000000745e00000, 0x0000000745e00000| Complete 
|  34|0x0000000745e00000, 0x0000000746000000, 0x0000000746000000|100%|HC|  |TAMS 0x0000000746000000, 0x0000000746000000| Complete 
|  35|0x0000000746000000, 0x0000000746200000, 0x0000000746200000|100%|HC|  |TAMS 0x0000000746200000, 0x0000000746200000| Complete 
|  36|0x0000000746200000, 0x0000000746400000, 0x0000000746400000|100%|HC|  |TAMS 0x0000000746400000, 0x0000000746400000| Complete 
|  37|0x0000000746400000, 0x0000000746600000, 0x0000000746600000|100%|HC|  |TAMS 0x0000000746600000, 0x0000000746600000| Complete 
|  38|0x0000000746600000, 0x0000000746800000, 0x0000000746800000|100%|HS|  |TAMS 0x0000000746800000, 0x0000000746800000| Complete 
|  39|0x0000000746800000, 0x0000000746a00000, 0x0000000746a00000|100%|HS|  |TAMS 0x0000000746a00000, 0x0000000746a00000| Complete 
|  40|0x0000000746a00000, 0x0000000746c00000, 0x0000000746c00000|100%|HS|  |TAMS 0x0000000746c00000, 0x0000000746c00000| Complete 
|  41|0x0000000746c00000, 0x0000000746e00000, 0x0000000746e00000|100%|HS|  |TAMS 0x0000000746e00000, 0x0000000746e00000| Complete 
|  42|0x0000000746e00000, 0x0000000747000000, 0x0000000747000000|100%|HS|  |TAMS 0x0000000747000000, 0x0000000747000000| Complete 
|  43|0x0000000747000000, 0x0000000747200000, 0x0000000747200000|100%| O|  |TAMS 0x0000000747200000, 0x0000000747200000| Untracked 
|  44|0x0000000747200000, 0x0000000747400000, 0x0000000747400000|100%| O|  |TAMS 0x0000000747400000, 0x0000000747400000| Untracked 
|  45|0x0000000747400000, 0x0000000747600000, 0x0000000747600000|100%| O|  |TAMS 0x0000000747600000, 0x0000000747600000| Untracked 
|  46|0x0000000747600000, 0x0000000747800000, 0x0000000747800000|100%| O|  |TAMS 0x0000000747800000, 0x0000000747800000| Untracked 
|  47|0x0000000747800000, 0x0000000747a00000, 0x0000000747a00000|100%| O|  |TAMS 0x0000000747a00000, 0x0000000747a00000| Untracked 
|  48|0x0000000747a00000, 0x0000000747c00000, 0x0000000747c00000|100%| O|  |TAMS 0x0000000747c00000, 0x0000000747c00000| Untracked 
|  49|0x0000000747c00000, 0x0000000747e00000, 0x0000000747e00000|100%| O|  |TAMS 0x0000000747e00000, 0x0000000747e00000| Untracked 
|  50|0x0000000747e00000, 0x0000000748000000, 0x0000000748000000|100%| O|  |TAMS 0x0000000748000000, 0x0000000748000000| Untracked 
|  51|0x0000000748000000, 0x0000000748200000, 0x0000000748200000|100%| O|  |TAMS 0x0000000748200000, 0x0000000748200000| Untracked 
|  52|0x0000000748200000, 0x0000000748400000, 0x0000000748400000|100%|HS|  |TAMS 0x0000000748400000, 0x0000000748400000| Complete 
|  53|0x0000000748400000, 0x0000000748600000, 0x0000000748600000|100%|HS|  |TAMS 0x0000000748600000, 0x0000000748600000| Complete 
|  54|0x0000000748600000, 0x0000000748800000, 0x0000000748800000|100%|HS|  |TAMS 0x0000000748800000, 0x0000000748800000| Complete 
|  55|0x0000000748800000, 0x0000000748a00000, 0x0000000748a00000|100%|HS|  |TAMS 0x0000000748a00000, 0x0000000748a00000| Complete 
|  56|0x0000000748a00000, 0x0000000748c00000, 0x0000000748c00000|100%|HS|  |TAMS 0x0000000748c00000, 0x0000000748c00000| Complete 
|  57|0x0000000748c00000, 0x0000000748e00000, 0x0000000748e00000|100%|HS|  |TAMS 0x0000000748e00000, 0x0000000748e00000| Complete 
|  58|0x0000000748e00000, 0x0000000749000000, 0x0000000749000000|100%|HS|  |TAMS 0x0000000749000000, 0x0000000749000000| Complete 
|  59|0x0000000749000000, 0x0000000749200000, 0x0000000749200000|100%|HC|  |TAMS 0x0000000749200000, 0x0000000749200000| Complete 
|  60|0x0000000749200000, 0x0000000749400000, 0x0000000749400000|100%|HC|  |TAMS 0x0000000749400000, 0x0000000749400000| Complete 
|  61|0x0000000749400000, 0x0000000749600000, 0x0000000749600000|100%| O|  |TAMS 0x0000000749600000, 0x0000000749600000| Untracked 
|  62|0x0000000749600000, 0x0000000749800000, 0x0000000749800000|100%| O|  |TAMS 0x0000000749800000, 0x0000000749800000| Untracked 
|  63|0x0000000749800000, 0x0000000749a00000, 0x0000000749a00000|100%| O|  |TAMS 0x0000000749a00000, 0x0000000749a00000| Untracked 
|  64|0x0000000749a00000, 0x0000000749c00000, 0x0000000749c00000|100%|HS|  |TAMS 0x0000000749c00000, 0x0000000749c00000| Complete 
|  65|0x0000000749c00000, 0x0000000749e00000, 0x0000000749e00000|100%|HC|  |TAMS 0x0000000749e00000, 0x0000000749e00000| Complete 
|  66|0x0000000749e00000, 0x000000074a000000, 0x000000074a000000|100%| O|  |TAMS 0x000000074a000000, 0x000000074a000000| Untracked 
|  67|0x000000074a000000, 0x000000074a200000, 0x000000074a200000|100%| O|  |TAMS 0x000000074a200000, 0x000000074a200000| Untracked 
|  68|0x000000074a200000, 0x000000074a400000, 0x000000074a400000|100%|HS|  |TAMS 0x000000074a200000, 0x000000074a400000| Complete 
|  69|0x000000074a400000, 0x000000074a600000, 0x000000074a600000|100%| O|  |TAMS 0x000000074a600000, 0x000000074a600000| Untracked 
|  70|0x000000074a600000, 0x000000074a800000, 0x000000074a800000|100%| O|  |TAMS 0x000000074a800000, 0x000000074a800000| Untracked 
|  71|0x000000074a800000, 0x000000074aa00000, 0x000000074aa00000|100%| O|  |TAMS 0x000000074aa00000, 0x000000074aa00000| Untracked 
|  72|0x000000074aa00000, 0x000000074ac00000, 0x000000074ac00000|100%| O|  |TAMS 0x000000074ac00000, 0x000000074ac00000| Untracked 
|  73|0x000000074ac00000, 0x000000074ae00000, 0x000000074ae00000|100%| O|  |TAMS 0x000000074ae00000, 0x000000074ae00000| Untracked 
|  74|0x000000074ae00000, 0x000000074b000000, 0x000000074b000000|100%| O|  |TAMS 0x000000074b000000, 0x000000074b000000| Untracked 
|  75|0x000000074b000000, 0x000000074b200000, 0x000000074b200000|100%|HS|  |TAMS 0x000000074b200000, 0x000000074b200000| Complete 
|  76|0x000000074b200000, 0x000000074b400000, 0x000000074b400000|100%| O|  |TAMS 0x000000074b400000, 0x000000074b400000| Untracked 
|  77|0x000000074b400000, 0x000000074b400000, 0x000000074b600000|  0%| F|  |TAMS 0x000000074b400000, 0x000000074b400000| Untracked 
|  78|0x000000074b600000, 0x000000074b800000, 0x000000074b800000|100%| O|  |TAMS 0x000000074b800000, 0x000000074b800000| Untracked 
|  79|0x000000074b800000, 0x000000074ba00000, 0x000000074ba00000|100%| O|  |TAMS 0x000000074ba00000, 0x000000074ba00000| Untracked 
|  80|0x000000074ba00000, 0x000000074bc00000, 0x000000074bc00000|100%| O|  |TAMS 0x000000074bc00000, 0x000000074bc00000| Untracked 
|  81|0x000000074bc00000, 0x000000074be00000, 0x000000074be00000|100%| O|  |TAMS 0x000000074be00000, 0x000000074be00000| Untracked 
|  82|0x000000074be00000, 0x000000074c000000, 0x000000074c000000|100%| O|  |TAMS 0x000000074c000000, 0x000000074c000000| Untracked 
|  83|0x000000074c000000, 0x000000074c200000, 0x000000074c200000|100%| O|  |TAMS 0x000000074c200000, 0x000000074c200000| Untracked 
|  84|0x000000074c200000, 0x000000074c400000, 0x000000074c400000|100%| O|  |TAMS 0x000000074c400000, 0x000000074c400000| Untracked 
|  85|0x000000074c400000, 0x000000074c600000, 0x000000074c600000|100%| O|  |TAMS 0x000000074c600000, 0x000000074c600000| Untracked 
|  86|0x000000074c600000, 0x000000074c800000, 0x000000074c800000|100%| O|  |TAMS 0x000000074c800000, 0x000000074c800000| Untracked 
|  87|0x000000074c800000, 0x000000074ca00000, 0x000000074ca00000|100%| O|  |TAMS 0x000000074ca00000, 0x000000074ca00000| Untracked 
|  88|0x000000074ca00000, 0x000000074cc00000, 0x000000074cc00000|100%| O|  |TAMS 0x000000074cc00000, 0x000000074cc00000| Untracked 
|  89|0x000000074cc00000, 0x000000074ce00000, 0x000000074ce00000|100%| O|  |TAMS 0x000000074cdc0800, 0x000000074ce00000| Untracked 
|  90|0x000000074ce00000, 0x000000074d000000, 0x000000074d000000|100%| O|  |TAMS 0x000000074ce00000, 0x000000074d000000| Untracked 
|  91|0x000000074d000000, 0x000000074d200000, 0x000000074d200000|100%| O|  |TAMS 0x000000074d000000, 0x000000074d200000| Untracked 
|  92|0x000000074d200000, 0x000000074d348800, 0x000000074d400000| 64%| O|  |TAMS 0x000000074d200000, 0x000000074d348800| Untracked 
|  93|0x000000074d400000, 0x000000074d400000, 0x000000074d600000|  0%| F|  |TAMS 0x000000074d400000, 0x000000074d400000| Untracked 
|  94|0x000000074d600000, 0x000000074d600000, 0x000000074d800000|  0%| F|  |TAMS 0x000000074d600000, 0x000000074d600000| Untracked 
|  95|0x000000074d800000, 0x000000074d800000, 0x000000074da00000|  0%| F|  |TAMS 0x000000074d800000, 0x000000074d800000| Untracked 
|  96|0x000000074da00000, 0x000000074da00000, 0x000000074dc00000|  0%| F|  |TAMS 0x000000074da00000, 0x000000074da00000| Untracked 
|  97|0x000000074dc00000, 0x000000074dc00000, 0x000000074de00000|  0%| F|  |TAMS 0x000000074dc00000, 0x000000074dc00000| Untracked 
|  98|0x000000074de00000, 0x000000074de00000, 0x000000074e000000|  0%| F|  |TAMS 0x000000074de00000, 0x000000074de00000| Untracked 
|  99|0x000000074e000000, 0x000000074e000000, 0x000000074e200000|  0%| F|  |TAMS 0x000000074e000000, 0x000000074e000000| Untracked 
| 100|0x000000074e200000, 0x000000074e200000, 0x000000074e400000|  0%| F|  |TAMS 0x000000074e200000, 0x000000074e200000| Untracked 
| 101|0x000000074e400000, 0x000000074e400000, 0x000000074e600000|  0%| F|  |TAMS 0x000000074e400000, 0x000000074e400000| Untracked 
| 102|0x000000074e600000, 0x000000074e600000, 0x000000074e800000|  0%| F|  |TAMS 0x000000074e600000, 0x000000074e600000| Untracked 
| 103|0x000000074e800000, 0x000000074e800000, 0x000000074ea00000|  0%| F|  |TAMS 0x000000074e800000, 0x000000074e800000| Untracked 
| 104|0x000000074ea00000, 0x000000074ea00000, 0x000000074ec00000|  0%| F|  |TAMS 0x000000074ea00000, 0x000000074ea00000| Untracked 
| 105|0x000000074ec00000, 0x000000074ec00000, 0x000000074ee00000|  0%| F|  |TAMS 0x000000074ec00000, 0x000000074ec00000| Untracked 
| 106|0x000000074ee00000, 0x000000074ee00000, 0x000000074f000000|  0%| F|  |TAMS 0x000000074ee00000, 0x000000074ee00000| Untracked 
| 107|0x000000074f000000, 0x000000074f000000, 0x000000074f200000|  0%| F|  |TAMS 0x000000074f000000, 0x000000074f000000| Untracked 
| 108|0x000000074f200000, 0x000000074f200000, 0x000000074f400000|  0%| F|  |TAMS 0x000000074f200000, 0x000000074f200000| Untracked 
| 109|0x000000074f400000, 0x000000074f400000, 0x000000074f600000|  0%| F|  |TAMS 0x000000074f400000, 0x000000074f400000| Untracked 
| 110|0x000000074f600000, 0x000000074f600000, 0x000000074f800000|  0%| F|  |TAMS 0x000000074f600000, 0x000000074f600000| Untracked 
| 111|0x000000074f800000, 0x000000074f800000, 0x000000074fa00000|  0%| F|  |TAMS 0x000000074f800000, 0x000000074f800000| Untracked 
| 112|0x000000074fa00000, 0x000000074fa00000, 0x000000074fc00000|  0%| F|  |TAMS 0x000000074fa00000, 0x000000074fa00000| Untracked 
| 113|0x000000074fc00000, 0x000000074fc00000, 0x000000074fe00000|  0%| F|  |TAMS 0x000000074fc00000, 0x000000074fc00000| Untracked 
| 114|0x000000074fe00000, 0x000000074fe00000, 0x0000000750000000|  0%| F|  |TAMS 0x000000074fe00000, 0x000000074fe00000| Untracked 
| 115|0x0000000750000000, 0x0000000750000000, 0x0000000750200000|  0%| F|  |TAMS 0x0000000750000000, 0x0000000750000000| Untracked 
| 116|0x0000000750200000, 0x0000000750200000, 0x0000000750400000|  0%| F|  |TAMS 0x0000000750200000, 0x0000000750200000| Untracked 
| 117|0x0000000750400000, 0x0000000750400000, 0x0000000750600000|  0%| F|  |TAMS 0x0000000750400000, 0x0000000750400000| Untracked 
| 118|0x0000000750600000, 0x0000000750600000, 0x0000000750800000|  0%| F|  |TAMS 0x0000000750600000, 0x0000000750600000| Untracked 
| 119|0x0000000750800000, 0x0000000750800000, 0x0000000750a00000|  0%| F|  |TAMS 0x0000000750800000, 0x0000000750800000| Untracked 
| 120|0x0000000750a00000, 0x0000000750a00000, 0x0000000750c00000|  0%| F|  |TAMS 0x0000000750a00000, 0x0000000750a00000| Untracked 
| 121|0x0000000750c00000, 0x0000000750c00000, 0x0000000750e00000|  0%| F|  |TAMS 0x0000000750c00000, 0x0000000750c00000| Untracked 
| 122|0x0000000750e00000, 0x0000000750e00000, 0x0000000751000000|  0%| F|  |TAMS 0x0000000750e00000, 0x0000000750e00000| Untracked 
| 123|0x0000000751000000, 0x0000000751000000, 0x0000000751200000|  0%| F|  |TAMS 0x0000000751000000, 0x0000000751000000| Untracked 
| 124|0x0000000751200000, 0x0000000751200000, 0x0000000751400000|  0%| F|  |TAMS 0x0000000751200000, 0x0000000751200000| Untracked 
| 125|0x0000000751400000, 0x0000000751400000, 0x0000000751600000|  0%| F|  |TAMS 0x0000000751400000, 0x0000000751400000| Untracked 
| 126|0x0000000751600000, 0x0000000751600000, 0x0000000751800000|  0%| F|  |TAMS 0x0000000751600000, 0x0000000751600000| Untracked 
| 127|0x0000000751800000, 0x0000000751800000, 0x0000000751a00000|  0%| F|  |TAMS 0x0000000751800000, 0x0000000751800000| Untracked 
| 128|0x0000000751a00000, 0x0000000751a00000, 0x0000000751c00000|  0%| F|  |TAMS 0x0000000751a00000, 0x0000000751a00000| Untracked 
| 129|0x0000000751c00000, 0x0000000751c00000, 0x0000000751e00000|  0%| F|  |TAMS 0x0000000751c00000, 0x0000000751c00000| Untracked 
| 130|0x0000000751e00000, 0x0000000751e00000, 0x0000000752000000|  0%| F|  |TAMS 0x0000000751e00000, 0x0000000751e00000| Untracked 
| 131|0x0000000752000000, 0x0000000752000000, 0x0000000752200000|  0%| F|  |TAMS 0x0000000752000000, 0x0000000752000000| Untracked 
| 132|0x0000000752200000, 0x0000000752200000, 0x0000000752400000|  0%| F|  |TAMS 0x0000000752200000, 0x0000000752200000| Untracked 
| 133|0x0000000752400000, 0x0000000752400000, 0x0000000752600000|  0%| F|  |TAMS 0x0000000752400000, 0x0000000752400000| Untracked 
| 134|0x0000000752600000, 0x0000000752600000, 0x0000000752800000|  0%| F|  |TAMS 0x0000000752600000, 0x0000000752600000| Untracked 
| 135|0x0000000752800000, 0x0000000752800000, 0x0000000752a00000|  0%| F|  |TAMS 0x0000000752800000, 0x0000000752800000| Untracked 
| 136|0x0000000752a00000, 0x0000000752a00000, 0x0000000752c00000|  0%| F|  |TAMS 0x0000000752a00000, 0x0000000752a00000| Untracked 
| 137|0x0000000752c00000, 0x0000000752c00000, 0x0000000752e00000|  0%| F|  |TAMS 0x0000000752c00000, 0x0000000752c00000| Untracked 
| 138|0x0000000752e00000, 0x0000000752e00000, 0x0000000753000000|  0%| F|  |TAMS 0x0000000752e00000, 0x0000000752e00000| Untracked 
| 139|0x0000000753000000, 0x0000000753000000, 0x0000000753200000|  0%| F|  |TAMS 0x0000000753000000, 0x0000000753000000| Untracked 
| 140|0x0000000753200000, 0x0000000753200000, 0x0000000753400000|  0%| F|  |TAMS 0x0000000753200000, 0x0000000753200000| Untracked 
| 141|0x0000000753400000, 0x0000000753400000, 0x0000000753600000|  0%| F|  |TAMS 0x0000000753400000, 0x0000000753400000| Untracked 
| 142|0x0000000753600000, 0x0000000753600000, 0x0000000753800000|  0%| F|  |TAMS 0x0000000753600000, 0x0000000753600000| Untracked 
| 143|0x0000000753800000, 0x0000000753800000, 0x0000000753a00000|  0%| F|  |TAMS 0x0000000753800000, 0x0000000753800000| Untracked 
| 144|0x0000000753a00000, 0x0000000753a00000, 0x0000000753c00000|  0%| F|  |TAMS 0x0000000753a00000, 0x0000000753a00000| Untracked 
| 145|0x0000000753c00000, 0x0000000753c00000, 0x0000000753e00000|  0%| F|  |TAMS 0x0000000753c00000, 0x0000000753c00000| Untracked 
| 146|0x0000000753e00000, 0x0000000753e00000, 0x0000000754000000|  0%| F|  |TAMS 0x0000000753e00000, 0x0000000753e00000| Untracked 
| 147|0x0000000754000000, 0x0000000754000000, 0x0000000754200000|  0%| F|  |TAMS 0x0000000754000000, 0x0000000754000000| Untracked 
| 148|0x0000000754200000, 0x0000000754200000, 0x0000000754400000|  0%| F|  |TAMS 0x0000000754200000, 0x0000000754200000| Untracked 
| 149|0x0000000754400000, 0x0000000754400000, 0x0000000754600000|  0%| F|  |TAMS 0x0000000754400000, 0x0000000754400000| Untracked 
| 150|0x0000000754600000, 0x0000000754600000, 0x0000000754800000|  0%| F|  |TAMS 0x0000000754600000, 0x0000000754600000| Untracked 
| 151|0x0000000754800000, 0x0000000754800000, 0x0000000754a00000|  0%| F|  |TAMS 0x0000000754800000, 0x0000000754800000| Untracked 
| 152|0x0000000754a00000, 0x0000000754a00000, 0x0000000754c00000|  0%| F|  |TAMS 0x0000000754a00000, 0x0000000754a00000| Untracked 
| 153|0x0000000754c00000, 0x0000000754c00000, 0x0000000754e00000|  0%| F|  |TAMS 0x0000000754c00000, 0x0000000754c00000| Untracked 
| 154|0x0000000754e00000, 0x0000000754e00000, 0x0000000755000000|  0%| F|  |TAMS 0x0000000754e00000, 0x0000000754e00000| Untracked 
| 155|0x0000000755000000, 0x0000000755000000, 0x0000000755200000|  0%| F|  |TAMS 0x0000000755000000, 0x0000000755000000| Untracked 
| 156|0x0000000755200000, 0x0000000755200000, 0x0000000755400000|  0%| F|  |TAMS 0x0000000755200000, 0x0000000755200000| Untracked 
| 157|0x0000000755400000, 0x0000000755400000, 0x0000000755600000|  0%| F|  |TAMS 0x0000000755400000, 0x0000000755400000| Untracked 
| 158|0x0000000755600000, 0x0000000755600000, 0x0000000755800000|  0%| F|  |TAMS 0x0000000755600000, 0x0000000755600000| Untracked 
| 159|0x0000000755800000, 0x0000000755800000, 0x0000000755a00000|  0%| F|  |TAMS 0x0000000755800000, 0x0000000755800000| Untracked 
| 160|0x0000000755a00000, 0x0000000755a00000, 0x0000000755c00000|  0%| F|  |TAMS 0x0000000755a00000, 0x0000000755a00000| Untracked 
| 161|0x0000000755c00000, 0x0000000755c00000, 0x0000000755e00000|  0%| F|  |TAMS 0x0000000755c00000, 0x0000000755c00000| Untracked 
| 162|0x0000000755e00000, 0x0000000755e00000, 0x0000000756000000|  0%| F|  |TAMS 0x0000000755e00000, 0x0000000755e00000| Untracked 
| 163|0x0000000756000000, 0x0000000756000000, 0x0000000756200000|  0%| F|  |TAMS 0x0000000756000000, 0x0000000756000000| Untracked 
| 164|0x0000000756200000, 0x0000000756200000, 0x0000000756400000|  0%| F|  |TAMS 0x0000000756200000, 0x0000000756200000| Untracked 
| 165|0x0000000756400000, 0x0000000756400000, 0x0000000756600000|  0%| F|  |TAMS 0x0000000756400000, 0x0000000756400000| Untracked 
| 166|0x0000000756600000, 0x0000000756600000, 0x0000000756800000|  0%| F|  |TAMS 0x0000000756600000, 0x0000000756600000| Untracked 
| 167|0x0000000756800000, 0x0000000756800000, 0x0000000756a00000|  0%| F|  |TAMS 0x0000000756800000, 0x0000000756800000| Untracked 
| 168|0x0000000756a00000, 0x0000000756a00000, 0x0000000756c00000|  0%| F|  |TAMS 0x0000000756a00000, 0x0000000756a00000| Untracked 
| 169|0x0000000756c00000, 0x0000000756c00000, 0x0000000756e00000|  0%| F|  |TAMS 0x0000000756c00000, 0x0000000756c00000| Untracked 
| 170|0x0000000756e00000, 0x0000000756facd98, 0x0000000757000000| 83%| S|CS|TAMS 0x0000000756e00000, 0x0000000756e00000| Complete 
| 171|0x0000000757000000, 0x0000000757200000, 0x0000000757200000|100%| S|CS|TAMS 0x0000000757000000, 0x0000000757000000| Complete 
| 172|0x0000000757200000, 0x0000000757400000, 0x0000000757400000|100%| S|CS|TAMS 0x0000000757200000, 0x0000000757200000| Complete 
| 173|0x0000000757400000, 0x0000000757600000, 0x0000000757600000|100%| S|CS|TAMS 0x0000000757400000, 0x0000000757400000| Complete 
| 174|0x0000000757600000, 0x0000000757600000, 0x0000000757800000|  0%| F|  |TAMS 0x0000000757600000, 0x0000000757600000| Untracked 
| 175|0x0000000757800000, 0x0000000757800000, 0x0000000757a00000|  0%| F|  |TAMS 0x0000000757800000, 0x0000000757800000| Untracked 
| 176|0x0000000757a00000, 0x0000000757a00000, 0x0000000757c00000|  0%| F|  |TAMS 0x0000000757a00000, 0x0000000757a00000| Untracked 
| 177|0x0000000757c00000, 0x0000000757c00000, 0x0000000757e00000|  0%| F|  |TAMS 0x0000000757c00000, 0x0000000757c00000| Untracked 
| 178|0x0000000757e00000, 0x0000000757e00000, 0x0000000758000000|  0%| F|  |TAMS 0x0000000757e00000, 0x0000000757e00000| Untracked 

Card table byte_map: [0x0000027cc2e30000,0x0000027cc3430000] _byte_map_base: 0x0000027cbf423000

Marking Bits (Prev, Next): (CMBitMap*) 0x0000027cabcd95e0, (CMBitMap*) 0x0000027cabcd9620
 Prev Bits: [0x0000027cc3a30000, 0x0000027cc69c8000)
 Next Bits: [0x0000027cc69d0000, 0x0000027cc9968000)

Polling page: 0x0000027ca9c00000

Metaspace:

Usage:
  Non-class:     13.87 MB used.
      Class:      1.89 MB used.
       Both:     15.76 MB used.

Virtual space:
  Non-class space:       16.00 MB reserved,      14.00 MB ( 88%) committed,  2 nodes.
      Class space:        1.00 GB reserved,       2.00 MB ( <1%) committed,  1 nodes.
             Both:        1.02 GB reserved,      16.00 MB (  2%) committed. 

Chunk freelists:
   Non-Class:  1.58 MB
       Class:  1.91 MB
        Both:  3.48 MB

MaxMetaspaceSize: unlimited
CompressedClassSpaceSize: 1.00 GB
Initial GC threshold: 21.00 MB
Current GC threshold: 26.69 MB
CDS: on
MetaspaceReclaimPolicy: balanced
 - commit_granule_bytes: 65536.
 - commit_granule_words: 8192.
 - virtual_space_node_default_size: 1048576.
 - enlarge_chunks_in_place: 1.
 - new_chunks_are_fully_committed: 0.
 - uncommit_free_chunks: 1.
 - use_allocation_guard: 0.
 - handle_deallocations: 1.


Internal statistics:

num_allocs_failed_limit: 0.
num_arena_births: 196.
num_arena_deaths: 0.
num_vsnodes_births: 3.
num_vsnodes_deaths: 0.
num_space_committed: 256.
num_space_uncommitted: 0.
num_chunks_returned_to_freelist: 0.
num_chunks_taken_from_freelist: 650.
num_chunk_merges: 0.
num_chunk_splits: 464.
num_chunks_enlarged: 374.
num_purges: 0.
num_inconsistent_stats: 0.

CodeHeap 'non-profiled nmethods': size=120000Kb used=3932Kb max_used=3932Kb free=116067Kb
 bounds [0x0000027cbafd0000, 0x0000027cbb3b0000, 0x0000027cc2500000]
CodeHeap 'profiled nmethods': size=120000Kb used=7734Kb max_used=8718Kb free=112265Kb
 bounds [0x0000027cb3aa0000, 0x0000027cb4330000, 0x0000027cbafd0000]
CodeHeap 'non-nmethods': size=5760Kb used=1453Kb max_used=1659Kb free=4306Kb
 bounds [0x0000027cb3500000, 0x0000027cb3770000, 0x0000027cb3aa0000]
 total_blobs=5093 nmethods=4279 adapters=724
 compilation: enabled
              stopped_count=0, restarted_count=0
 full_count=0

Compilation events (20 events):
Event: 402.611 Thread 0x0000027ccc39a6b0 nmethod 5164 0x0000027cb3d9bb90 code [0x0000027cb3d9bd40, 0x0000027cb3d9c038]
Event: 402.611 Thread 0x0000027ccc39a6b0 5165       3       java.util.stream.ReduceOps$Box::<init> (5 bytes)
Event: 402.611 Thread 0x0000027ccc39a6b0 nmethod 5165 0x0000027cb3af1410 code [0x0000027cb3af15a0, 0x0000027cb3af16f8]
Event: 402.611 Thread 0x0000027ccc39a6b0 5166       3       java.util.stream.ReduceOps$3ReducingSink::begin (14 bytes)
Event: 402.611 Thread 0x0000027ccc39a6b0 nmethod 5166 0x0000027cb3d9b690 code [0x0000027cb3d9b840, 0x0000027cb3d9ba88]
Event: 402.618 Thread 0x0000027cd4984320 5167       4       java.lang.invoke.DirectMethodHandle::allocateInstance (16 bytes)
Event: 402.620 Thread 0x0000027cd4984320 nmethod 5167 0x0000027cbb3a3c10 code [0x0000027cbb3a3da0, 0x0000027cbb3a3f38]
Event: 402.621 Thread 0x0000027cd4984320 5168       4       javafx.scene.layout.Region::minWidth (52 bytes)
Event: 402.633 Thread 0x0000027ccc39a6b0 5169       3       java.util.stream.Collectors$CollectorImpl::<init> (13 bytes)
Event: 402.638 Thread 0x0000027ccc39a6b0 nmethod 5169 0x0000027cb3b07d90 code [0x0000027cb3b07f60, 0x0000027cb3b08518]
Event: 402.638 Thread 0x0000027ccc39a6b0 5171       3       java.util.stream.ReduceOps$3::makeSink (20 bytes)
Event: 402.639 Thread 0x0000027ccc39a6b0 nmethod 5171 0x0000027cb3d9af90 code [0x0000027cb3d9b140, 0x0000027cb3d9b518]
Event: 402.639 Thread 0x0000027ccc39a6b0 5170       3       java.util.stream.Collectors::castingIdentity (6 bytes)
Event: 402.639 Thread 0x0000027ccc39a6b0 nmethod 5170 0x0000027cb3b07890 code [0x0000027cb3b07a40, 0x0000027cb3b07cb8]
Event: 402.650 Thread 0x0000027cd4984320 nmethod 5168 0x0000027cbb3a4090 code [0x0000027cbb3a4380, 0x0000027cbb3a58d0]
Event: 402.706 Thread 0x0000027cd4984320 5172       4       java.util.stream.StreamSupport::stream (19 bytes)
Event: 402.709 Thread 0x0000027cd4984320 nmethod 5172 0x0000027cbb3a6790 code [0x0000027cbb3a6920, 0x0000027cbb3a6c58]
Event: 402.709 Thread 0x0000027cd4984320 5173       4       java.util.stream.StreamOpFlag::fromCharacteristics (37 bytes)
Event: 402.709 Thread 0x0000027cd4984320 nmethod 5173 0x0000027cbb3a6d90 code [0x0000027cbb3a6f00, 0x0000027cbb3a6f98]
Event: 402.709 Thread 0x0000027cd4984320 5174       4       java.util.stream.AbstractPipeline::<init> (55 bytes)

GC Heap History (20 events):
Event: 400.347 GC heap after
{Heap after GC invocations=22 (full 0):
 garbage-first heap   total 366592K, used 168818K [0x0000000741a00000, 0x0000000800000000)
  region size 2048K, 5 young (10240K), 5 survivors (10240K)
 Metaspace       used 16079K, committed 16320K, reserved 1064960K
  class space    used 1931K, committed 2048K, reserved 1048576K
}
Event: 400.763 GC heap before
{Heap before GC invocations=22 (full 0):
 garbage-first heap   total 366592K, used 189298K [0x0000000741a00000, 0x0000000800000000)
  region size 2048K, 14 young (28672K), 5 survivors (10240K)
 Metaspace       used 16093K, committed 16384K, reserved 1064960K
  class space    used 1931K, committed 2048K, reserved 1048576K
}
Event: 400.777 GC heap after
{Heap after GC invocations=23 (full 0):
 garbage-first heap   total 366592K, used 173658K [0x0000000741a00000, 0x0000000800000000)
  region size 2048K, 6 young (12288K), 6 survivors (12288K)
 Metaspace       used 16093K, committed 16384K, reserved 1064960K
  class space    used 1931K, committed 2048K, reserved 1048576K
}
Event: 400.976 GC heap before
{Heap before GC invocations=23 (full 0):
 garbage-first heap   total 366592K, used 183898K [0x0000000741a00000, 0x0000000800000000)
  region size 2048K, 11 young (22528K), 6 survivors (12288K)
 Metaspace       used 16100K, committed 16384K, reserved 1064960K
  class space    used 1931K, committed 2048K, reserved 1048576K
}
Event: 400.984 GC heap after
{Heap after GC invocations=24 (full 0):
 garbage-first heap   total 366592K, used 175916K [0x0000000741a00000, 0x0000000800000000)
  region size 2048K, 4 young (8192K), 4 survivors (8192K)
 Metaspace       used 16100K, committed 16384K, reserved 1064960K
  class space    used 1931K, committed 2048K, reserved 1048576K
}
Event: 401.199 GC heap before
{Heap before GC invocations=25 (full 0):
 garbage-first heap   total 366592K, used 186156K [0x0000000741a00000, 0x0000000800000000)
  region size 2048K, 9 young (18432K), 4 survivors (8192K)
 Metaspace       used 16103K, committed 16384K, reserved 1064960K
  class space    used 1931K, committed 2048K, reserved 1048576K
}
Event: 401.207 GC heap after
{Heap after GC invocations=26 (full 0):
 garbage-first heap   total 366592K, used 177483K [0x0000000741a00000, 0x0000000800000000)
  region size 2048K, 5 young (10240K), 5 survivors (10240K)
 Metaspace       used 16103K, committed 16384K, reserved 1064960K
  class space    used 1931K, committed 2048K, reserved 1048576K
}
Event: 401.416 GC heap before
{Heap before GC invocations=27 (full 0):
 garbage-first heap   total 366592K, used 189771K [0x0000000741a00000, 0x0000000800000000)
  region size 2048K, 11 young (22528K), 5 survivors (10240K)
 Metaspace       used 16107K, committed 16384K, reserved 1064960K
  class space    used 1931K, committed 2048K, reserved 1048576K
}
Event: 401.428 GC heap after
{Heap after GC invocations=28 (full 0):
 garbage-first heap   total 366592K, used 180867K [0x0000000741a00000, 0x0000000800000000)
  region size 2048K, 5 young (10240K), 5 survivors (10240K)
 Metaspace       used 16107K, committed 16384K, reserved 1064960K
  class space    used 1931K, committed 2048K, reserved 1048576K
}
Event: 401.615 GC heap before
{Heap before GC invocations=29 (full 0):
 garbage-first heap   total 366592K, used 191107K [0x0000000741a00000, 0x0000000800000000)
  region size 2048K, 10 young (20480K), 5 survivors (10240K)
 Metaspace       used 16108K, committed 16384K, reserved 1064960K
  class space    used 1931K, committed 2048K, reserved 1048576K
}
Event: 401.623 GC heap after
{Heap after GC invocations=30 (full 0):
 garbage-first heap   total 366592K, used 183183K [0x0000000741a00000, 0x0000000800000000)
  region size 2048K, 4 young (8192K), 4 survivors (8192K)
 Metaspace       used 16108K, committed 16384K, reserved 1064960K
  class space    used 1931K, committed 2048K, reserved 1048576K
}
Event: 401.831 GC heap before
{Heap before GC invocations=31 (full 0):
 garbage-first heap   total 366592K, used 193423K [0x0000000741a00000, 0x0000000800000000)
  region size 2048K, 9 young (18432K), 4 survivors (8192K)
 Metaspace       used 16110K, committed 16384K, reserved 1064960K
  class space    used 1931K, committed 2048K, reserved 1048576K
}
Event: 401.838 GC heap after
{Heap after GC invocations=32 (full 0):
 garbage-first heap   total 366592K, used 185566K [0x0000000741a00000, 0x0000000800000000)
  region size 2048K, 5 young (10240K), 5 survivors (10240K)
 Metaspace       used 16110K, committed 16384K, reserved 1064960K
  class space    used 1931K, committed 2048K, reserved 1048576K
}
Event: 402.063 GC heap before
{Heap before GC invocations=33 (full 0):
 garbage-first heap   total 366592K, used 197854K [0x0000000741a00000, 0x0000000800000000)
  region size 2048K, 11 young (22528K), 5 survivors (10240K)
 Metaspace       used 16119K, committed 16384K, reserved 1064960K
  class space    used 1931K, committed 2048K, reserved 1048576K
}
Event: 402.072 GC heap after
{Heap after GC invocations=34 (full 0):
 garbage-first heap   total 366592K, used 188411K [0x0000000741a00000, 0x0000000800000000)
  region size 2048K, 5 young (10240K), 5 survivors (10240K)
 Metaspace       used 16119K, committed 16384K, reserved 1064960K
  class space    used 1931K, committed 2048K, reserved 1048576K
}
Event: 402.280 GC heap before
{Heap before GC invocations=35 (full 0):
 garbage-first heap   total 366592K, used 198651K [0x0000000741a00000, 0x0000000800000000)
  region size 2048K, 10 young (20480K), 5 survivors (10240K)
 Metaspace       used 16126K, committed 16384K, reserved 1064960K
  class space    used 1932K, committed 2048K, reserved 1048576K
}
Event: 402.289 GC heap after
{Heap after GC invocations=36 (full 0):
 garbage-first heap   total 366592K, used 191783K [0x0000000741a00000, 0x0000000800000000)
  region size 2048K, 5 young (10240K), 5 survivors (10240K)
 Metaspace       used 16126K, committed 16384K, reserved 1064960K
  class space    used 1932K, committed 2048K, reserved 1048576K
}
Event: 402.494 GC heap before
{Heap before GC invocations=37 (full 0):
 garbage-first heap   total 366592K, used 202023K [0x0000000741a00000, 0x0000000800000000)
  region size 2048K, 10 young (20480K), 5 survivors (10240K)
 Metaspace       used 16130K, committed 16384K, reserved 1064960K
  class space    used 1932K, committed 2048K, reserved 1048576K
}
Event: 402.503 GC heap after
{Heap after GC invocations=38 (full 0):
 garbage-first heap   total 366592K, used 193826K [0x0000000741a00000, 0x0000000800000000)
  region size 2048K, 3 young (6144K), 3 survivors (6144K)
 Metaspace       used 16130K, committed 16384K, reserved 1064960K
  class space    used 1932K, committed 2048K, reserved 1048576K
}
Event: 402.710 GC heap before
{Heap before GC invocations=39 (full 0):
 garbage-first heap   total 366592K, used 204066K [0x0000000741a00000, 0x0000000800000000)
  region size 2048K, 8 young (16384K), 3 survivors (6144K)
 Metaspace       used 16135K, committed 16384K, reserved 1064960K
  class space    used 1932K, committed 2048K, reserved 1048576K
}

Deoptimization events (20 events):
Event: 400.458 Thread 0x0000027ccd7a01a0 Uncommon trap: trap_request=0xffffff45 fr.pc=0x0000027cbb1602b8 relative=0x0000000000000498
Event: 400.458 Thread 0x0000027ccd7a01a0 Uncommon trap: reason=unstable_if action=reinterpret pc=0x0000027cbb1602b8 method=java.lang.Math.round(F)I @ 36 c2
Event: 400.458 Thread 0x0000027ccd7a01a0 DEOPT PACKING pc=0x0000027cbb1602b8 sp=0x000000ad176fe740
Event: 400.458 Thread 0x0000027ccd7a01a0 DEOPT UNPACKING pc=0x0000027cb35523a3 sp=0x000000ad176fe5b8 mode 2
Event: 400.458 Thread 0x0000027ccd7a01a0 Uncommon trap: trap_request=0xffffff45 fr.pc=0x0000027cbb132d10 relative=0x0000000000000090
Event: 400.458 Thread 0x0000027ccd7a01a0 Uncommon trap: reason=unstable_if action=reinterpret pc=0x0000027cbb132d10 method=java.lang.Math.round(F)I @ 36 c2
Event: 400.458 Thread 0x0000027ccd7a01a0 DEOPT PACKING pc=0x0000027cbb132d10 sp=0x000000ad176fe660
Event: 400.458 Thread 0x0000027ccd7a01a0 DEOPT UNPACKING pc=0x0000027cb35523a3 sp=0x000000ad176fe5e0 mode 2
Event: 400.458 Thread 0x0000027ccd7a01a0 Uncommon trap: trap_request=0xffffff45 fr.pc=0x0000027cbb15f55c relative=0x000000000000021c
Event: 400.458 Thread 0x0000027ccd7a01a0 Uncommon trap: reason=unstable_if action=reinterpret pc=0x0000027cbb15f55c method=java.lang.Math.round(F)I @ 36 c2
Event: 400.458 Thread 0x0000027ccd7a01a0 DEOPT PACKING pc=0x0000027cbb15f55c sp=0x000000ad176fe710
Event: 400.458 Thread 0x0000027ccd7a01a0 DEOPT UNPACKING pc=0x0000027cb35523a3 sp=0x000000ad176fe5c0 mode 2
Event: 400.458 Thread 0x0000027ccd7a01a0 Uncommon trap: trap_request=0xffffff45 fr.pc=0x0000027cbb15eeb0 relative=0x00000000000001f0
Event: 400.458 Thread 0x0000027ccd7a01a0 Uncommon trap: reason=unstable_if action=reinterpret pc=0x0000027cbb15eeb0 method=java.lang.Math.round(F)I @ 36 c2
Event: 400.458 Thread 0x0000027ccd7a01a0 DEOPT PACKING pc=0x0000027cbb15eeb0 sp=0x000000ad176fe690
Event: 400.458 Thread 0x0000027ccd7a01a0 DEOPT UNPACKING pc=0x0000027cb35523a3 sp=0x000000ad176fe5b8 mode 2
Event: 400.888 Thread 0x0000027ccd91a160 Uncommon trap: trap_request=0xffffffcc fr.pc=0x0000027cbb2ee038 relative=0x0000000000005f18
Event: 400.888 Thread 0x0000027ccd91a160 Uncommon trap: reason=intrinsic_or_type_checked_inlining action=make_not_entrant pc=0x0000027cbb2ee038 method=java.util.ArrayList.toArray([Ljava/lang/Object;)[Ljava/lang/Object; @ 36 c2
Event: 400.888 Thread 0x0000027ccd91a160 DEOPT PACKING pc=0x0000027cbb2ee038 sp=0x000000ad178fd920
Event: 400.888 Thread 0x0000027ccd91a160 DEOPT UNPACKING pc=0x0000027cb35523a3 sp=0x000000ad178fd800 mode 2

Classes unloaded (0 events):
No events

Classes redefined (0 events):
No events

Internal exceptions (20 events):
Event: 1.898 Thread 0x0000027ccd91a160 Implicit null exception at 0x0000027cbb03c480 to 0x0000027cbb03d58c
Event: 1.912 Thread 0x0000027ccd91a160 Implicit null exception at 0x0000027cbb03658f to 0x0000027cbb036bbc
Event: 1.912 Thread 0x0000027ccd91a160 Implicit null exception at 0x0000027cbb03388f to 0x0000027cbb033d2c
Event: 1.912 Thread 0x0000027ccd91a160 Implicit null exception at 0x0000027cbaffd00f to 0x0000027cbaffd089
Event: 2.076 Thread 0x0000027ccd91a160 Exception <a 'java/lang/NoSuchMethodError'{0x00000007503317c8}: 'java.lang.Object java.lang.invoke.DirectMethodHandle$Holder.invokeInterface(java.lang.Object, java.lang.Object, java.lang.Object)'> (0x00000007503317c8) 
thrown [s\open\src\hotspot\share\interpreter\linkResolver.cpp, line 759]
Event: 2.077 Thread 0x0000027ccd91a160 Exception <a 'java/lang/IncompatibleClassChangeError'{0x0000000750335150}: Found class java.lang.Object, but interface was expected> (0x0000000750335150) 
thrown [s\open\src\hotspot\share\interpreter\linkResolver.cpp, line 826]
Event: 2.296 Thread 0x0000027ccd91a160 Implicit null exception at 0x0000027cbb0d27a0 to 0x0000027cbb0d2e50
Event: 2.418 Thread 0x0000027ccd91a160 Exception <a 'java/lang/NoSuchMethodError'{0x00000007508c3480}: 'java.lang.Object java.lang.invoke.DirectMethodHandle$Holder.newInvokeSpecial(java.lang.Object, java.lang.Object, int)'> (0x00000007508c3480) 
thrown [s\open\src\hotspot\share\interpreter\linkResolver.cpp, line 759]
Event: 2.502 Thread 0x0000027ccd7a01a0 Exception <a 'java/lang/NoSuchMethodError'{0x000000075061aca8}: 'int java.lang.invoke.DirectMethodHandle$Holder.invokeStaticInit(java.lang.Object, java.lang.Object)'> (0x000000075061aca8) 
thrown [s\open\src\hotspot\share\interpreter\linkResolver.cpp, line 759]
Event: 2.935 Thread 0x0000027ccd91a160 Exception <a 'java/lang/NoSuchMethodError'{0x00000007504e7848}: 'long java.lang.invoke.DirectMethodHandle$Holder.invokeStatic(java.lang.Object, java.lang.Object, java.lang.Object)'> (0x00000007504e7848) 
thrown [s\open\src\hotspot\share\interpreter\linkResolver.cpp, line 759]
Event: 2.936 Thread 0x0000027ccd91a160 Exception <a 'java/lang/NoSuchMethodError'{0x00000007504eaff0}: 'long java.lang.invoke.DirectMethodHandle$Holder.invokeStaticInit(java.lang.Object, java.lang.Object, java.lang.Object)'> (0x00000007504eaff0) 
thrown [s\open\src\hotspot\share\interpreter\linkResolver.cpp, line 759]
Event: 2.940 Thread 0x0000027ccd91a160 Exception <a 'java/lang/NoSuchMethodError'{0x0000000750502bf8}: 'java.lang.Object java.lang.invoke.DirectMethodHandle$Holder.newInvokeSpecial(java.lang.Object, java.lang.Object, long)'> (0x0000000750502bf8) 
thrown [s\open\src\hotspot\share\interpreter\linkResolver.cpp, line 759]
Event: 2.940 Thread 0x0000027ccd91a160 Exception <a 'java/lang/NoSuchMethodError'{0x0000000750563db0}: 'java.lang.Object java.lang.invoke.Invokers$Holder.linkToTargetMethod(java.lang.Object, long, java.lang.Object)'> (0x0000000750563db0) 
thrown [s\open\src\hotspot\share\interpreter\linkResolver.cpp, line 759]
Event: 2.954 Thread 0x0000027ccd91a160 Exception <a 'java/lang/ClassNotFoundException'{0x0000000750592d18}: sun/awt/resources/spi/awtProvider> (0x0000000750592d18) 
thrown [s\open\src\hotspot\share\classfile\systemDictionary.cpp, line 256]
Event: 2.960 Thread 0x0000027ccd91a160 Exception <a 'java/io/FileNotFoundException'{0x0000000750595b40}> (0x0000000750595b40) 
thrown [s\open\src\hotspot\share\prims\jni.cpp, line 516]
Event: 2.961 Thread 0x0000027ccd91a160 Exception <a 'java/io/FileNotFoundException'{0x0000000750597308}> (0x0000000750597308) 
thrown [s\open\src\hotspot\share\prims\jni.cpp, line 516]
Event: 396.987 Thread 0x0000027ccd91a160 Exception <a 'java/lang/NoSuchMethodError'{0x0000000750d336e0}: 'java.lang.Object java.lang.invoke.DirectMethodHandle$Holder.newInvokeSpecial(java.lang.Object, java.lang.Object, int, int, int, int, int, java.lang.Object)'> (0x0000000750d336e0) 
thrown [s\open\src\hotspot\share\interpreter\linkResolver.cpp, line 759]
Event: 396.989 Thread 0x0000027ccd91a160 Exception <a 'java/lang/NoSuchMethodError'{0x0000000750d466c0}: 'java.lang.Object java.lang.invoke.DirectMethodHandle$Holder.newInvokeSpecial(java.lang.Object, java.lang.Object, java.lang.Object, int, int, int, int, int)'> (0x0000000750d466c0) 
thrown [s\open\src\hotspot\share\interpreter\linkResolver.cpp, line 759]
Event: 396.990 Thread 0x0000027ccd91a160 Exception <a 'java/lang/NoSuchMethodError'{0x0000000750d4df20}: 'java.lang.Object java.lang.invoke.Invokers$Holder.linkToTargetMethod(java.lang.Object, java.lang.Object, int, int, int, int, int, java.lang.Object)'> (0x0000000750d4df20) 
thrown [s\open\src\hotspot\share\interpreter\linkResolver.cpp, line 759]
Event: 399.091 Thread 0x0000027ccd91a160 Implicit null exception at 0x0000027cbb113c54 to 0x0000027cbb115b48

VM Operations (20 events):
Event: 402.072 Executing VM operation: G1TryInitiateConcMark done
Event: 402.208 Executing VM operation: G1Concurrent
Event: 402.210 Executing VM operation: G1Concurrent done
Event: 402.236 Executing VM operation: HandshakeAllThreads
Event: 402.236 Executing VM operation: HandshakeAllThreads done
Event: 402.258 Executing VM operation: G1Concurrent
Event: 402.258 Executing VM operation: G1Concurrent done
Event: 402.280 Executing VM operation: G1TryInitiateConcMark
Event: 402.289 Executing VM operation: G1TryInitiateConcMark done
Event: 402.423 Executing VM operation: G1Concurrent
Event: 402.425 Executing VM operation: G1Concurrent done
Event: 402.463 Executing VM operation: G1Concurrent
Event: 402.463 Executing VM operation: G1Concurrent done
Event: 402.494 Executing VM operation: G1TryInitiateConcMark
Event: 402.503 Executing VM operation: G1TryInitiateConcMark done
Event: 402.633 Executing VM operation: G1Concurrent
Event: 402.637 Executing VM operation: G1Concurrent done
Event: 402.681 Executing VM operation: G1Concurrent
Event: 402.681 Executing VM operation: G1Concurrent done
Event: 402.710 Executing VM operation: G1TryInitiateConcMark

Events (20 events):
Event: 398.568 Thread 0x0000027ccc39cbd0 flushing nmethod 0x0000027cb417d310
Event: 398.568 Thread 0x0000027ccc39cbd0 flushing nmethod 0x0000027cb417da90
Event: 398.568 Thread 0x0000027ccc39cbd0 flushing nmethod 0x0000027cb4182f90
Event: 398.568 Thread 0x0000027ccc39cbd0 flushing nmethod 0x0000027cb4183490
Event: 398.568 Thread 0x0000027ccc39cbd0 flushing nmethod 0x0000027cb4185110
Event: 398.568 Thread 0x0000027ccc39cbd0 flushing nmethod 0x0000027cb4186690
Event: 398.569 Thread 0x0000027ccc39cbd0 flushing nmethod 0x0000027cb41e0110
Event: 398.569 Thread 0x0000027ccc39cbd0 flushing nmethod 0x0000027cb420ec90
Event: 398.569 Thread 0x0000027ccc39cbd0 flushing nmethod 0x0000027cb4210d10
Event: 398.569 Thread 0x0000027ccc39cbd0 flushing nmethod 0x0000027cb4211810
Event: 398.569 Thread 0x0000027ccc39cbd0 flushing nmethod 0x0000027cb4219410
Event: 398.569 Thread 0x0000027ccc39cbd0 flushing nmethod 0x0000027cb42edb90
Event: 398.569 Thread 0x0000027ccc39cbd0 flushing nmethod 0x0000027cb42f5b90
Event: 399.030 Thread 0x0000027cd4981aa0 Thread added: 0x0000027cd4981aa0
Event: 402.238 Thread 0x0000027ccc39cbd0 flushing nmethod 0x0000027cb3af1410
Event: 402.241 Thread 0x0000027ccc39cbd0 flushing nmethod 0x0000027cb3d3ad10
Event: 402.242 Thread 0x0000027ccc39cbd0 flushing nmethod 0x0000027cb3e98c10
Event: 402.245 Thread 0x0000027ccc39cbd0 flushing nmethod 0x0000027cb42f0590
Event: 402.493 Thread 0x0000027cd4981aa0 Thread exited: 0x0000027cd4981aa0
Event: 402.519 Thread 0x0000027cd4985250 Thread added: 0x0000027cd4985250


Dynamic libraries:
0x00007ff63ec80000 - 0x00007ff63ec90000 	C:\Program Files\Java\jdk-17.0.4\bin\java.exe
0x00007ff896c50000 - 0x00007ff896e48000 	C:\Windows\SYSTEM32\ntdll.dll
0x00007ff894e50000 - 0x00007ff894f0d000 	C:\Windows\System32\KERNEL32.DLL
0x00007ff894740000 - 0x00007ff894a0e000 	C:\Windows\System32\KERNELBASE.dll
0x00007ff894540000 - 0x00007ff894640000 	C:\Windows\System32\ucrtbase.dll
0x00007ff87ff50000 - 0x00007ff87ff6a000 	C:\Program Files\Java\jdk-17.0.4\bin\VCRUNTIME140.dll
0x00007ff87ff70000 - 0x00007ff87ff88000 	C:\Program Files\Java\jdk-17.0.4\bin\jli.dll
0x00007ff8962b0000 - 0x00007ff89635e000 	C:\Windows\System32\ADVAPI32.dll
0x00007ff894f10000 - 0x00007ff894fae000 	C:\Windows\System32\msvcrt.dll
0x00007ff896b40000 - 0x00007ff896bdc000 	C:\Windows\System32\sechost.dll
0x00007ff895d80000 - 0x00007ff895ea5000 	C:\Windows\System32\RPCRT4.dll
0x00007ff894cb0000 - 0x00007ff894e50000 	C:\Windows\System32\USER32.dll
0x00007ff885d60000 - 0x00007ff885ffa000 	C:\Windows\WinSxS\amd64_microsoft.windows.common-controls_6595b64144ccf1df_6.0.19041.1110_none_60b5254171f9507e\COMCTL32.dll
0x00007ff894670000 - 0x00007ff894692000 	C:\Windows\System32\win32u.dll
0x00007ff896be0000 - 0x00007ff896c0a000 	C:\Windows\System32\GDI32.dll
0x00007ff894ba0000 - 0x00007ff894cab000 	C:\Windows\System32\gdi32full.dll
0x00007ff8946a0000 - 0x00007ff89473d000 	C:\Windows\System32\msvcp_win.dll
0x00007ff88d5c0000 - 0x00007ff88d5ca000 	C:\Windows\SYSTEM32\VERSION.dll
0x00007ff8961b0000 - 0x00007ff8961e0000 	C:\Windows\System32\IMM32.DLL
0x00007ff87ff40000 - 0x00007ff87ff4c000 	C:\Program Files\Java\jdk-17.0.4\bin\vcruntime140_1.dll
0x00007ff87feb0000 - 0x00007ff87ff3d000 	C:\Program Files\Java\jdk-17.0.4\bin\msvcp140.dll
0x00007ff839250000 - 0x00007ff839e12000 	C:\Program Files\Java\jdk-17.0.4\bin\server\jvm.dll
0x00007ff8963e0000 - 0x00007ff8963e8000 	C:\Windows\System32\PSAPI.DLL
0x00007ff88e470000 - 0x00007ff88e497000 	C:\Windows\SYSTEM32\WINMM.dll
0x00007ff876d60000 - 0x00007ff876d69000 	C:\Windows\SYSTEM32\WSOCK32.dll
0x00007ff895fc0000 - 0x00007ff89602b000 	C:\Windows\System32\WS2_32.dll
0x00007ff892c20000 - 0x00007ff892c32000 	C:\Windows\SYSTEM32\kernel.appcore.dll
0x00007ff87fea0000 - 0x00007ff87feaa000 	C:\Program Files\Java\jdk-17.0.4\bin\jimage.dll
0x00007ff892110000 - 0x00007ff8922f4000 	C:\Windows\SYSTEM32\DBGHELP.DLL
0x00007ff876d30000 - 0x00007ff876d5c000 	C:\Windows\SYSTEM32\dbgcore.DLL
0x00007ff894b10000 - 0x00007ff894b92000 	C:\Windows\System32\bcryptPrimitives.dll
0x00007ff88fb20000 - 0x00007ff88fb2e000 	C:\Program Files\Java\jdk-17.0.4\bin\instrument.dll
0x00007ff87fe70000 - 0x00007ff87fe95000 	C:\Program Files\Java\jdk-17.0.4\bin\java.dll
0x00007ff87fd90000 - 0x00007ff87fe66000 	C:\Program Files\Java\jdk-17.0.4\bin\jsvml.dll
0x00007ff8963f0000 - 0x00007ff896b33000 	C:\Windows\System32\SHELL32.dll
0x00007ff892320000 - 0x00007ff892ab5000 	C:\Windows\SYSTEM32\windows.storage.dll
0x00007ff895a20000 - 0x00007ff895d74000 	C:\Windows\System32\combase.dll
0x00007ff893d00000 - 0x00007ff893d30000 	C:\Windows\SYSTEM32\Wldp.dll
0x00007ff895970000 - 0x00007ff895a1d000 	C:\Windows\System32\SHCORE.dll
0x00007ff896380000 - 0x00007ff8963d5000 	C:\Windows\System32\shlwapi.dll
0x00007ff8942b0000 - 0x00007ff8942cf000 	C:\Windows\SYSTEM32\profapi.dll
0x00007ff8699b0000 - 0x00007ff8699c9000 	C:\Program Files\Java\jdk-17.0.4\bin\net.dll
0x00007ff88dd40000 - 0x00007ff88de4a000 	C:\Windows\SYSTEM32\WINHTTP.dll
0x00007ff893a60000 - 0x00007ff893aca000 	C:\Windows\system32\mswsock.dll
0x00007ff869990000 - 0x00007ff8699a6000 	C:\Program Files\Java\jdk-17.0.4\bin\nio.dll
0x00007ff869970000 - 0x00007ff869988000 	C:\Program Files\Java\jdk-17.0.4\bin\zip.dll
0x00007ff88faf0000 - 0x00007ff88fb0a000 	C:\Program Files\JetBrains\IntelliJ IDEA 2022.2\bin\breakgen64.dll
0x0000027cabbb0000 - 0x0000027cabbb3000 	C:\Users\F1\.openjfx\cache\17.0.2-ea\api-ms-win-core-console-l1-1-0.dll
0x0000027cabbc0000 - 0x0000027cabbc3000 	C:\Users\F1\.openjfx\cache\17.0.2-ea\api-ms-win-core-console-l1-2-0.dll
0x0000027cabbd0000 - 0x0000027cabbd3000 	C:\Users\F1\.openjfx\cache\17.0.2-ea\api-ms-win-core-datetime-l1-1-0.dll
0x0000027cabbe0000 - 0x0000027cabbe3000 	C:\Users\F1\.openjfx\cache\17.0.2-ea\api-ms-win-core-debug-l1-1-0.dll
0x0000027cabbf0000 - 0x0000027cabbf3000 	C:\Users\F1\.openjfx\cache\17.0.2-ea\api-ms-win-core-errorhandling-l1-1-0.dll
0x0000027cabc00000 - 0x0000027cabc04000 	C:\Users\F1\.openjfx\cache\17.0.2-ea\api-ms-win-core-file-l1-1-0.dll
0x0000027cabc10000 - 0x0000027cabc13000 	C:\Users\F1\.openjfx\cache\17.0.2-ea\api-ms-win-core-file-l1-2-0.dll
0x0000027cabc20000 - 0x0000027cabc23000 	C:\Users\F1\.openjfx\cache\17.0.2-ea\api-ms-win-core-file-l2-1-0.dll
0x0000027cabc30000 - 0x0000027cabc33000 	C:\Users\F1\.openjfx\cache\17.0.2-ea\api-ms-win-core-handle-l1-1-0.dll
0x0000027cabc40000 - 0x0000027cabc43000 	C:\Users\F1\.openjfx\cache\17.0.2-ea\api-ms-win-core-heap-l1-1-0.dll
0x0000027cabc50000 - 0x0000027cabc53000 	C:\Users\F1\.openjfx\cache\17.0.2-ea\api-ms-win-core-interlocked-l1-1-0.dll
0x0000027ccc3f0000 - 0x0000027ccc3f3000 	C:\Users\F1\.openjfx\cache\17.0.2-ea\api-ms-win-core-libraryloader-l1-1-0.dll
0x0000027cce8d0000 - 0x0000027cce8d3000 	C:\Users\F1\.openjfx\cache\17.0.2-ea\api-ms-win-core-localization-l1-2-0.dll
0x0000027cce8e0000 - 0x0000027cce8e3000 	C:\Users\F1\.openjfx\cache\17.0.2-ea\api-ms-win-core-memory-l1-1-0.dll
0x0000027cce8f0000 - 0x0000027cce8f3000 	C:\Users\F1\.openjfx\cache\17.0.2-ea\api-ms-win-core-namedpipe-l1-1-0.dll
0x0000027cce900000 - 0x0000027cce903000 	C:\Users\F1\.openjfx\cache\17.0.2-ea\api-ms-win-core-processenvironment-l1-1-0.dll
0x0000027cce910000 - 0x0000027cce913000 	C:\Users\F1\.openjfx\cache\17.0.2-ea\api-ms-win-core-processthreads-l1-1-0.dll
0x0000027cce920000 - 0x0000027cce923000 	C:\Users\F1\.openjfx\cache\17.0.2-ea\api-ms-win-core-processthreads-l1-1-1.dll
0x0000027cce930000 - 0x0000027cce933000 	C:\Users\F1\.openjfx\cache\17.0.2-ea\api-ms-win-core-profile-l1-1-0.dll
0x0000027cce940000 - 0x0000027cce943000 	C:\Users\F1\.openjfx\cache\17.0.2-ea\api-ms-win-core-rtlsupport-l1-1-0.dll
0x0000027cce950000 - 0x0000027cce953000 	C:\Users\F1\.openjfx\cache\17.0.2-ea\api-ms-win-core-string-l1-1-0.dll
0x0000027cce960000 - 0x0000027cce963000 	C:\Users\F1\.openjfx\cache\17.0.2-ea\api-ms-win-core-synch-l1-1-0.dll
0x0000027cce970000 - 0x0000027cce973000 	C:\Users\F1\.openjfx\cache\17.0.2-ea\api-ms-win-core-synch-l1-2-0.dll
0x0000027cce980000 - 0x0000027cce983000 	C:\Users\F1\.openjfx\cache\17.0.2-ea\api-ms-win-core-sysinfo-l1-1-0.dll
0x0000027cce990000 - 0x0000027cce993000 	C:\Users\F1\.openjfx\cache\17.0.2-ea\api-ms-win-core-timezone-l1-1-0.dll
0x0000027cce9a0000 - 0x0000027cce9a3000 	C:\Users\F1\.openjfx\cache\17.0.2-ea\api-ms-win-core-util-l1-1-0.dll
0x0000027cce9b0000 - 0x0000027cce9b3000 	C:\Users\F1\.openjfx\cache\17.0.2-ea\api-ms-win-crt-conio-l1-1-0.dll
0x0000027cce9c0000 - 0x0000027cce9c4000 	C:\Users\F1\.openjfx\cache\17.0.2-ea\api-ms-win-crt-convert-l1-1-0.dll
0x0000027cce9d0000 - 0x0000027cce9d3000 	C:\Users\F1\.openjfx\cache\17.0.2-ea\api-ms-win-crt-environment-l1-1-0.dll
0x0000027cce9e0000 - 0x0000027cce9e3000 	C:\Users\F1\.openjfx\cache\17.0.2-ea\api-ms-win-crt-filesystem-l1-1-0.dll
0x0000027cce9f0000 - 0x0000027cce9f3000 	C:\Users\F1\.openjfx\cache\17.0.2-ea\api-ms-win-crt-heap-l1-1-0.dll
0x0000027ccea00000 - 0x0000027ccea03000 	C:\Users\F1\.openjfx\cache\17.0.2-ea\api-ms-win-crt-locale-l1-1-0.dll
0x0000027ccea10000 - 0x0000027ccea15000 	C:\Users\F1\.openjfx\cache\17.0.2-ea\api-ms-win-crt-math-l1-1-0.dll
0x0000027ccea20000 - 0x0000027ccea25000 	C:\Users\F1\.openjfx\cache\17.0.2-ea\api-ms-win-crt-multibyte-l1-1-0.dll
0x0000027ccea30000 - 0x0000027ccea40000 	C:\Users\F1\.openjfx\cache\17.0.2-ea\api-ms-win-crt-private-l1-1-0.dll
0x0000027ccea40000 - 0x0000027ccea43000 	C:\Users\F1\.openjfx\cache\17.0.2-ea\api-ms-win-crt-process-l1-1-0.dll
0x0000027ccea50000 - 0x0000027ccea54000 	C:\Users\F1\.openjfx\cache\17.0.2-ea\api-ms-win-crt-runtime-l1-1-0.dll
0x0000027ccea60000 - 0x0000027ccea64000 	C:\Users\F1\.openjfx\cache\17.0.2-ea\api-ms-win-crt-stdio-l1-1-0.dll
0x0000027ccea70000 - 0x0000027ccea74000 	C:\Users\F1\.openjfx\cache\17.0.2-ea\api-ms-win-crt-string-l1-1-0.dll
0x0000027ccea80000 - 0x0000027ccea83000 	C:\Users\F1\.openjfx\cache\17.0.2-ea\api-ms-win-crt-time-l1-1-0.dll
0x0000027ccea90000 - 0x0000027ccea93000 	C:\Users\F1\.openjfx\cache\17.0.2-ea\api-ms-win-crt-utility-l1-1-0.dll
0x00007ff8661b0000 - 0x00007ff8662ac000 	C:\Users\F1\.openjfx\cache\17.0.2-ea\ucrtbase.dll
0x00007ff88e1e0000 - 0x00007ff88e1fa000 	C:\Users\F1\.openjfx\cache\17.0.2-ea\vcruntime140.dll
0x00007ff88fa20000 - 0x00007ff88fa2c000 	C:\Users\F1\.openjfx\cache\17.0.2-ea\vcruntime140_1.dll
0x00007ff866120000 - 0x00007ff8661ad000 	C:\Users\F1\.openjfx\cache\17.0.2-ea\msvcp140.dll
0x00007ff883880000 - 0x00007ff8838aa000 	C:\Users\F1\.openjfx\cache\17.0.2-ea\prism_d3d.dll
0x00007ff85cb30000 - 0x00007ff85ccff000 	C:\Windows\system32\d3d9.dll
0x00007ff891b80000 - 0x00007ff891baf000 	C:\Windows\SYSTEM32\dwmapi.dll
0x00007ff891990000 - 0x00007ff891a2e000 	C:\Windows\system32\uxtheme.dll
0x00007ff822a70000 - 0x00007ff826695000 	C:\Windows\System32\DriverStore\FileRepository\igdlh64.inf_amd64_d44295a98a21a376\igdumdim64.dll
0x00007ff8961e0000 - 0x00007ff8962ad000 	C:\Windows\System32\OLEAUT32.dll
0x00007ff895620000 - 0x00007ff89574a000 	C:\Windows\System32\ole32.dll
0x00007ff894fb0000 - 0x00007ff89541f000 	C:\Windows\System32\SETUPAPI.dll
0x00007ff894a10000 - 0x00007ff894a5e000 	C:\Windows\System32\cfgmgr32.dll
0x00007ff894640000 - 0x00007ff894667000 	C:\Windows\System32\bcrypt.dll
0x00007ff872330000 - 0x00007ff872372000 	C:\Users\F1\.openjfx\cache\17.0.2-ea\glass.dll
0x00007ff895540000 - 0x00007ff89561a000 	C:\Windows\System32\COMDLG32.dll
0x00007ff895420000 - 0x00007ff895535000 	C:\Windows\System32\MSCTF.dll
0x00007ff884760000 - 0x00007ff885d5e000 	C:\Windows\System32\DriverStore\FileRepository\igdlh64.inf_amd64_d44295a98a21a376\igc64.dll
0x00007ff886d00000 - 0x00007ff886d3b000 	C:\Windows\SYSTEM32\dxcore.dll
0x00007ff88df60000 - 0x00007ff88df74000 	C:\Users\F1\.openjfx\cache\17.0.2-ea\javafx_font.dll
0x00007ff883850000 - 0x00007ff88387d000 	C:\Users\F1\.openjfx\cache\17.0.2-ea\javafx_iio.dll
0x00007ff86b5f0000 - 0x00007ff86b86f000 	C:\Windows\SYSTEM32\dwrite.dll
0x00007ff895f10000 - 0x00007ff895fb9000 	C:\Windows\System32\clbcatq.dll
0x00007ff889180000 - 0x00007ff889334000 	C:\Windows\SYSTEM32\WindowsCodecs.dll
0x00007ff869a40000 - 0x00007ff869a7e000 	C:\Windows\system32\dataexchange.dll
0x00007ff890b00000 - 0x00007ff890ce4000 	C:\Windows\system32\dcomp.dll
0x00007ff890840000 - 0x00007ff890aa3000 	C:\Windows\system32\d3d11.dll
0x00007ff892c60000 - 0x00007ff892d53000 	C:\Windows\system32\dxgi.dll
0x00007ff88c450000 - 0x00007ff88c650000 	C:\Windows\system32\twinapi.appcore.dll
0x00007ff87b550000 - 0x00007ff87b584000 	C:\Program Files\Common Files\Microsoft Shared\Ink\rtscom.dll
0x00007ff8813a0000 - 0x00007ff881499000 	C:\Windows\SYSTEM32\textinputframework.dll
0x00007ff891320000 - 0x00007ff89167e000 	C:\Windows\System32\CoreUIComponents.dll
0x00007ff891680000 - 0x00007ff891772000 	C:\Windows\System32\CoreMessaging.dll
0x00007ff893070000 - 0x00007ff8930a3000 	C:\Windows\SYSTEM32\ntmarta.dll
0x00007ff8910c0000 - 0x00007ff891214000 	C:\Windows\SYSTEM32\wintypes.dll
0x00007ff890280000 - 0x00007ff890840000 	C:\Windows\SYSTEM32\d2d1.dll
0x00007ff887330000 - 0x00007ff887a26000 	C:\Windows\SYSTEM32\D3D10Warp.dll
0x00007ff865d50000 - 0x00007ff865edf000 	C:\Program Files\Java\jdk-17.0.4\bin\awt.dll
0x00007ff891860000 - 0x00007ff8918f0000 	C:\Windows\SYSTEM32\apphelp.dll
0x00007ff86bcf0000 - 0x00007ff86be17000 	C:\Windows\system32\opengl32.dll

dbghelp: loaded successfully - version: 4.0.5 - missing functions: none
symbol engine: initialized successfully - sym options: 0x614 - pdb path: .;C:\Program Files\Java\jdk-17.0.4\bin;C:\Windows\SYSTEM32;C:\Windows\WinSxS\amd64_microsoft.windows.common-controls_6595b64144ccf1df_6.0.19041.1110_none_60b5254171f9507e;C:\Program Files\Java\jdk-17.0.4\bin\server;C:\Program Files\JetBrains\IntelliJ IDEA 2022.2\bin;C:\Users\F1\.openjfx\cache\17.0.2-ea;C:\Windows\System32\DriverStore\FileRepository\igdlh64.inf_amd64_d44295a98a21a376;C:\Program Files\Common Files\Microsoft Shared\Ink

VM Arguments:
jvm_args: -javaagent:C:\Program Files\JetBrains\IntelliJ IDEA 2022.2\lib\idea_rt.jar=54331:C:\Program Files\JetBrains\IntelliJ IDEA 2022.2\bin -Dfile.encoding=UTF-8 --module-path=C:\Users\F1\Desktop\AP\PROJECT\project-group-19\target\classes;C:\Users\F1\.m2\repository\org\openjfx\javafx-fxml\17.0.2\javafx-fxml-17.0.2-win.jar;C:\Users\F1\.m2\repository\org\openjfx\javafx-controls\17.0.2\javafx-controls-17.0.2-win.jar;C:\Users\F1\.m2\repository\org\openjfx\javafx-media\16\javafx-media-16-win.jar;C:\Users\F1\.m2\repository\org\openjfx\javafx-graphics\17.0.2\javafx-graphics-17.0.2-win.jar;C:\Users\F1\.m2\repository\org\openjfx\javafx-base\17.0.2\javafx-base-17.0.2-win.jar;C:\Users\F1\.m2\repository\com\google\code\gson\gson\2.8.1\gson-2.8.1.jar -Djdk.module.main=com.example.projectgroup19 
java_command: com.example.projectgroup19/view.TileManager
java_class_path (initial): C:\Users\F1\.m2\repository\org\openjfx\javafx-controls\17.0.2\javafx-controls-17.0.2.jar;C:\Users\F1\.m2\repository\org\openjfx\javafx-graphics\17.0.2\javafx-graphics-17.0.2.jar;C:\Users\F1\.m2\repository\org\openjfx\javafx-base\17.0.2\javafx-base-17.0.2.jar;C:\Users\F1\.m2\repository\org\openjfx\javafx-fxml\17.0.2\javafx-fxml-17.0.2.jar;C:\Users\F1\.m2\repository\org\openjfx\javafx-media\16\javafx-media-16.jar
Launcher Type: SUN_STANDARD

[Global flags]
     intx CICompilerCount                          = 4                                         {product} {ergonomic}
     uint ConcGCThreads                            = 2                                         {product} {ergonomic}
     uint G1ConcRefinementThreads                  = 8                                         {product} {ergonomic}
   size_t G1HeapRegionSize                         = 2097152                                   {product} {ergonomic}
    uintx GCDrainStackTargetSize                   = 64                                        {product} {ergonomic}
   size_t InitialHeapSize                          = 201326592                                 {product} {ergonomic}
   size_t MarkStackSize                            = 4194304                                   {product} {ergonomic}
   size_t MaxHeapSize                              = 3193962496                                {product} {ergonomic}
   size_t MaxNewSize                               = 1914699776                                {product} {ergonomic}
   size_t MinHeapDeltaBytes                        = 2097152                                   {product} {ergonomic}
   size_t MinHeapSize                              = 8388608                                   {product} {ergonomic}
    uintx NonNMethodCodeHeapSize                   = 5839372                                {pd product} {ergonomic}
    uintx NonProfiledCodeHeapSize                  = 122909434                              {pd product} {ergonomic}
    uintx ProfiledCodeHeapSize                     = 122909434                              {pd product} {ergonomic}
    uintx ReservedCodeCacheSize                    = 251658240                              {pd product} {ergonomic}
     bool SegmentedCodeCache                       = true                                      {product} {ergonomic}
   size_t SoftMaxHeapSize                          = 3193962496                             {manageable} {ergonomic}
     bool UseCompressedClassPointers               = true                           {product lp64_product} {ergonomic}
     bool UseCompressedOops                        = true                           {product lp64_product} {ergonomic}
     bool UseG1GC                                  = true                                      {product} {ergonomic}
     bool UseLargePagesIndividualAllocation        = false                                  {pd product} {ergonomic}

Logging:
Log output configuration:
 #0: stdout all=warning uptime,level,tags
 #1: stderr all=off uptime,level,tags

Environment Variables:
PATH=C:\Program Files\Common Files\Oracle\Java\javapath;C:\Windows\system32;C:\Windows;C:\Windows\System32\Wbem;C:\Windows\System32\WindowsPowerShell\v1.0\;C:\Windows\System32\OpenSSH\;C:\Program Files (x86)\NVIDIA Corporation\PhysX\Common;C:\Users\F1\Desktop\codeblocks-20.03mingw-nosetup\MinGW\bin;C:\Program Files\Git\cmd;C:\texlive\2022\bin\win32;%JAVA_HOME%\bin;C:\maven\apache-maven-3.9.1\bin;C:\Users\F1\AppData\Local\Microsoft\WindowsApps;C:\Users\F1\Desktop\codeblocks-20.03mingw-nosetup\MinGW\bin;;C:\Program Files\JetBrains\CLion 2022.2\bin;;C:\Program Files\JetBrains\IntelliJ IDEA 2022.2\bin;
USERNAME=F1
OS=Windows_NT
PROCESSOR_IDENTIFIER=Intel64 Family 6 Model 94 Stepping 3, GenuineIntel



---------------  S Y S T E M  ---------------

OS:
 Windows 10 , 64 bit Build 19041 (10.0.19041.1889)
OS uptime: 0 days 11:10 hours

CPU: total 8 (initial active 8) (4 cores per cpu, 2 threads per core) family 6 model 94 stepping 3 microcode 0xcc, cx8, cmov, fxsr, ht, mmx, 3dnowpref, sse, sse2, sse3, ssse3, sse4.1, sse4.2, popcnt, lzcnt, tsc, tscinvbit, avx, avx2, aes, erms, clmul, bmi1, bmi2, rtm, adx, fma, vzeroupper, clflush, clflushopt

Memory: 4k page, system-wide physical 12180M (2706M free)
TotalPageFile size 14228M (AvailPageFile size 32M)
current process WorkingSet (physical memory assigned to process): 1097M, peak: 1102M
current process commit charge ("private bytes"): 1230M, peak: 1367M

vm_info: Java HotSpot(TM) 64-Bit Server VM (17.0.4+11-LTS-179) for windows-amd64 JRE (17.0.4+11-LTS-179), built on Jun 28 2022 08:23:05 by "mach5one" with MS VC++ 16.8 / 16.9 (VS2019)

END.
