#
# There is insufficient memory for the Java Runtime Environment to continue.
# Native memory allocation (mmap) failed to map 65536 bytes for Failed to commit metaspace.
# Possible reasons:
#   The system is out of physical RAM or swap space
#   The process is running with CompressedOops enabled, and the Java Heap may be blocking the growth of the native heap
# Possible solutions:
#   Reduce memory load on the system
#   Increase physical memory or swap space
#   Check if swap backing store is full
#   Decrease Java heap size (-Xmx/-Xms)
#   Decrease number of Java threads
#   Decrease Java thread stack sizes (-Xss)
#   Set larger code cache with -XX:ReservedCodeCacheSize=
#   JVM is running with Zero Based Compressed Oops mode in which the Java heap is
#     placed in the first 32GB address space. The Java Heap base address is the
#     maximum limit for the native heap growth. Please use -XX:HeapBaseMinAddress
#     to set the Java Heap base and to place the Java Heap above 32GB virtual address.
# This output file may be truncated or incomplete.
#
#  Out of Memory Error (virtualSpaceNode.cpp:110), pid=14896, tid=4628
#
# JRE version: OpenJDK Runtime Environment JBR-17.0.3+7-469.32-jcef (17.0.3+7) (build 17.0.3+7-b469.32)
# Java VM: OpenJDK 64-Bit Server VM JBR-17.0.3+7-469.32-jcef (17.0.3+7-b469.32, mixed mode, tiered, compressed oops, compressed class ptrs, g1 gc, windows-amd64)
# No core dump will be written. Minidumps are not enabled by default on client versions of Windows
#

---------------  S U M M A R Y ------------

Command Line: git4idea.http.GitAskPassApp Username for 'https://github.com': 

Host: Intel(R) Core(TM) i7-6700HQ CPU @ 2.60GHz, 8 cores, 11G,  Windows 10 , 64 bit Build 19041 (10.0.19041.1889)
Time: Sat Jul  1 17:29:59 2023 Iran Standard Time elapsed time: 0.217905 seconds (0d 0h 0m 0s)

---------------  T H R E A D  ---------------

Current thread (0x000002950b1a23d0):  JavaThread "main" [_thread_in_vm, id=4628, stack(0x0000009b6b100000,0x0000009b6b200000)]

Stack: [0x0000009b6b100000,0x0000009b6b200000]
Native frames: (J=compiled Java code, j=interpreted, Vv=VM code, C=native code)
V  [jvm.dll+0x681f8a]
V  [jvm.dll+0x83e374]
V  [jvm.dll+0x83fb1e]
V  [jvm.dll+0x840183]
V  [jvm.dll+0x2492a5]
V  [jvm.dll+0x83a3cb]
V  [jvm.dll+0x626586]
V  [jvm.dll+0x6265ea]
V  [jvm.dll+0x628dfa]
V  [jvm.dll+0x626f26]
V  [jvm.dll+0x23e580]
V  [jvm.dll+0x1edbbd]
V  [jvm.dll+0x1e357c]
V  [jvm.dll+0x546dbd]
V  [jvm.dll+0x1f3e9b]
V  [jvm.dll+0x7b837b]
V  [jvm.dll+0x7b97c2]
V  [jvm.dll+0x7b9f59]
V  [jvm.dll+0x1eb956]
V  [jvm.dll+0x1edf7d]
V  [jvm.dll+0x1e357c]
V  [jvm.dll+0x546dbd]
V  [jvm.dll+0x1f3e9b]
V  [jvm.dll+0x7b837b]
V  [jvm.dll+0x7b97c2]
V  [jvm.dll+0x7b9af8]
V  [jvm.dll+0x240f1e]
V  [jvm.dll+0x383c4e]
C  0x000002950e91b817

Java frames: (J=compiled Java code, j=interpreted, Vv=VM code)
j  java.util.Spliterators.<clinit>()V+30 java.base@17.0.3
v  ~StubRoutines::call_stub
j  java.util.concurrent.CopyOnWriteArrayList.spliterator()Ljava/util/Spliterator;+7 java.base@17.0.3
j  java.util.Collection.stream()Ljava/util/stream/Stream;+1 java.base@17.0.3
j  java.lang.ModuleLayer.layers(Ljava/lang/ClassLoader;)Ljava/util/stream/Stream;+16 java.base@17.0.3
j  java.lang.System$2.layers(Ljava/lang/ClassLoader;)Ljava/util/stream/Stream;+1 java.base@17.0.3
j  java.util.ServiceLoader$ModuleServicesLookupIterator.iteratorFor(Ljava/lang/ClassLoader;)Ljava/util/Iterator;+75 java.base@17.0.3
j  java.util.ServiceLoader$ModuleServicesLookupIterator.<init>(Ljava/util/ServiceLoader;)V+23 java.base@17.0.3
j  java.util.ServiceLoader.newLookupIterator()Ljava/util/Iterator;+49 java.base@17.0.3
j  java.util.ServiceLoader.iterator()Ljava/util/Iterator;+9 java.base@17.0.3
j  java.net.URL$1.<init>()V+29 java.base@17.0.3
j  java.net.URL.providers()Ljava/util/Iterator;+4 java.base@17.0.3
j  java.net.URL$2.run()Ljava/net/URLStreamHandler;+0 java.base@17.0.3
j  java.net.URL$2.run()Ljava/lang/Object;+1 java.base@17.0.3
j  java.security.AccessController.executePrivileged(Ljava/security/PrivilegedAction;Ljava/security/AccessControlContext;Ljava/lang/Class;)Ljava/lang/Object;+29 java.base@17.0.3
j  java.security.AccessController.doPrivileged(Ljava/security/PrivilegedAction;)Ljava/lang/Object;+5 java.base@17.0.3
j  java.net.URL.lookupViaProviders(Ljava/lang/String;)Ljava/net/URLStreamHandler;+37 java.base@17.0.3
j  java.net.URL.getURLStreamHandler(Ljava/lang/String;)Ljava/net/URLStreamHandler;+68 java.base@17.0.3
j  java.net.URL.<init>(Ljava/net/URL;Ljava/lang/String;Ljava/net/URLStreamHandler;)V+386 java.base@17.0.3
j  java.net.URL.<init>(Ljava/net/URL;Ljava/lang/String;)V+4 java.base@17.0.3
j  java.net.URL.<init>(Ljava/lang/String;)V+3 java.base@17.0.3
j  org.apache.xmlrpc.XmlRpcClient.<init>(Ljava/lang/String;I)V+38
j  org.apache.xmlrpc.XmlRpcClientLite.<init>(Ljava/lang/String;I)V+3
j  externalApp.ExternalAppUtil.sendXmlRequest(Ljava/lang/String;I[Ljava/lang/Object;)Ljava/lang/Object;+23
j  git4idea.http.GitAskPassApp.main([Ljava/lang/String;)V+46
v  ~StubRoutines::call_stub

---------------  P R O C E S S  ---------------

Threads class SMR info:
_java_thread_list=0x00000295281e9330, length=12, elements={
0x000002950b1a23d0, 0x00000295277ea490, 0x00000295277ec360, 0x00000295280747d0,
0x00000295280760a0, 0x0000029528076960, 0x0000029528077630, 0x000002952808d010,
0x0000029528095530, 0x0000029528097e40, 0x0000029528201150, 0x0000029528213010
}

Java Threads: ( => current thread )
=>0x000002950b1a23d0 JavaThread "main" [_thread_in_vm, id=4628, stack(0x0000009b6b100000,0x0000009b6b200000)]
  0x00000295277ea490 JavaThread "Reference Handler" daemon [_thread_blocked, id=12876, stack(0x0000009b6b800000,0x0000009b6b900000)]
  0x00000295277ec360 JavaThread "Finalizer" daemon [_thread_blocked, id=7468, stack(0x0000009b6b900000,0x0000009b6ba00000)]
  0x00000295280747d0 JavaThread "Signal Dispatcher" daemon [_thread_blocked, id=9960, stack(0x0000009b6ba00000,0x0000009b6bb00000)]
  0x00000295280760a0 JavaThread "Attach Listener" daemon [_thread_blocked, id=14716, stack(0x0000009b6bb00000,0x0000009b6bc00000)]
  0x0000029528076960 JavaThread "Service Thread" daemon [_thread_blocked, id=10048, stack(0x0000009b6bc00000,0x0000009b6bd00000)]
  0x0000029528077630 JavaThread "Monitor Deflation Thread" daemon [_thread_blocked, id=16860, stack(0x0000009b6bd00000,0x0000009b6be00000)]
  0x000002952808d010 JavaThread "C2 CompilerThread0" daemon [_thread_blocked, id=11232, stack(0x0000009b6be00000,0x0000009b6bf00000)]
  0x0000029528095530 JavaThread "C1 CompilerThread0" daemon [_thread_blocked, id=8032, stack(0x0000009b6bf00000,0x0000009b6c000000)]
  0x0000029528097e40 JavaThread "Sweeper thread" daemon [_thread_blocked, id=18400, stack(0x0000009b6c000000,0x0000009b6c100000)]
  0x0000029528201150 JavaThread "Notification Thread" daemon [_thread_blocked, id=10584, stack(0x0000009b6c100000,0x0000009b6c200000)]
  0x0000029528213010 JavaThread "Common-Cleaner" daemon [_thread_blocked, id=32, stack(0x0000009b6c300000,0x0000009b6c400000)]

Other Threads:
  0x0000029528020300 VMThread "VM Thread" [stack: 0x0000009b6b700000,0x0000009b6b800000] [id=18012]
  0x00000295280b6110 WatcherThread [stack: 0x0000009b6c200000,0x0000009b6c300000] [id=8360]
  0x000002950b1fa2f0 GCTaskThread "GC Thread#0" [stack: 0x0000009b6b200000,0x0000009b6b300000] [id=12168]
  0x000002950b206f90 ConcurrentGCThread "G1 Main Marker" [stack: 0x0000009b6b300000,0x0000009b6b400000] [id=11332]
  0x000002950b208050 ConcurrentGCThread "G1 Conc#0" [stack: 0x0000009b6b400000,0x0000009b6b500000] [id=15156]
  0x000002950b26d580 ConcurrentGCThread "G1 Refine#0" [stack: 0x0000009b6b500000,0x0000009b6b600000] [id=11780]
  0x000002950b26deb0 ConcurrentGCThread "G1 Service" [stack: 0x0000009b6b600000,0x0000009b6b700000] [id=5316]

Threads with active compile tasks:

VM state: not at safepoint (normal execution)

VM Mutex/Monitor currently owned by a thread:  ([mutex/lock_event])
[0x0000029508f895f0] Metaspace_lock - owner thread: 0x000002950b1a23d0

Heap address: 0x0000000741a00000, size: 3046 MB, Compressed Oops mode: Zero based, Oop shift amount: 3

CDS archive(s) not mapped
Compressed class space mapped at: 0x0000000800000000-0x0000000840000000, reserved size: 1073741824
Narrow klass base: 0x0000000800000000, Narrow klass shift: 0, Narrow klass range: 0x40000000

GC Precious Log:
 CPUs: 8 total, 8 available
 Memory: 12180M
 Large Page Support: Disabled
 NUMA Support: Disabled
 Compressed Oops: Enabled (Zero based)
 Heap Region Size: 2M
 Heap Min Capacity: 8M
 Heap Initial Capacity: 192M
 Heap Max Capacity: 3046M
 Pre-touch: Disabled
 Parallel Workers: 8
 Concurrent Workers: 2
 Concurrent Refinement Workers: 8
 Periodic GC: Disabled

Heap:
 garbage-first heap   total 196608K, used 14336K [0x0000000741a00000, 0x0000000800000000)
  region size 2048K, 1 young (2048K), 0 survivors (0K)
 Metaspace       used 5901K, committed 5952K, reserved 1056768K
  class space    used 496K, committed 512K, reserved 1048576K

Heap Regions: E=young(eden), S=young(survivor), O=old, HS=humongous(starts), HC=humongous(continues), CS=collection set, F=free, OA=open archive, CA=closed archive, TAMS=top-at-mark-start (previous, next)
|   0|0x0000000741a00000, 0x0000000741c00000, 0x0000000741c00000|100%|HS|  |TAMS 0x0000000741a00000, 0x0000000741a00000| Complete 
|   1|0x0000000741c00000, 0x0000000741e00000, 0x0000000741e00000|100%|HC|  |TAMS 0x0000000741c00000, 0x0000000741c00000| Complete 
|   2|0x0000000741e00000, 0x0000000742000000, 0x0000000742000000|100%|HC|  |TAMS 0x0000000741e00000, 0x0000000741e00000| Complete 
|   3|0x0000000742000000, 0x0000000742200000, 0x0000000742200000|100%|HC|  |TAMS 0x0000000742000000, 0x0000000742000000| Complete 
|   4|0x0000000742200000, 0x0000000742400000, 0x0000000742400000|100%|HC|  |TAMS 0x0000000742200000, 0x0000000742200000| Complete 
|   5|0x0000000742400000, 0x0000000742600000, 0x0000000742600000|100%|HC|  |TAMS 0x0000000742400000, 0x0000000742400000| Complete 
|   6|0x0000000742600000, 0x0000000742800000, 0x0000000742800000|100%|HS|  |TAMS 0x0000000742600000, 0x0000000742600000| Complete 
|   7|0x0000000742800000, 0x0000000742800000, 0x0000000742a00000|  0%| F|  |TAMS 0x0000000742800000, 0x0000000742800000| Untracked 
|   8|0x0000000742a00000, 0x0000000742a00000, 0x0000000742c00000|  0%| F|  |TAMS 0x0000000742a00000, 0x0000000742a00000| Untracked 
|   9|0x0000000742c00000, 0x0000000742c00000, 0x0000000742e00000|  0%| F|  |TAMS 0x0000000742c00000, 0x0000000742c00000| Untracked 
|  10|0x0000000742e00000, 0x0000000742e00000, 0x0000000743000000|  0%| F|  |TAMS 0x0000000742e00000, 0x0000000742e00000| Untracked 
|  11|0x0000000743000000, 0x0000000743000000, 0x0000000743200000|  0%| F|  |TAMS 0x0000000743000000, 0x0000000743000000| Untracked 
|  12|0x0000000743200000, 0x0000000743200000, 0x0000000743400000|  0%| F|  |TAMS 0x0000000743200000, 0x0000000743200000| Untracked 
|  13|0x0000000743400000, 0x0000000743400000, 0x0000000743600000|  0%| F|  |TAMS 0x0000000743400000, 0x0000000743400000| Untracked 
|  14|0x0000000743600000, 0x0000000743600000, 0x0000000743800000|  0%| F|  |TAMS 0x0000000743600000, 0x0000000743600000| Untracked 
|  15|0x0000000743800000, 0x0000000743800000, 0x0000000743a00000|  0%| F|  |TAMS 0x0000000743800000, 0x0000000743800000| Untracked 
|  16|0x0000000743a00000, 0x0000000743a00000, 0x0000000743c00000|  0%| F|  |TAMS 0x0000000743a00000, 0x0000000743a00000| Untracked 
|  17|0x0000000743c00000, 0x0000000743c00000, 0x0000000743e00000|  0%| F|  |TAMS 0x0000000743c00000, 0x0000000743c00000| Untracked 
|  18|0x0000000743e00000, 0x0000000743e00000, 0x0000000744000000|  0%| F|  |TAMS 0x0000000743e00000, 0x0000000743e00000| Untracked 
|  19|0x0000000744000000, 0x0000000744000000, 0x0000000744200000|  0%| F|  |TAMS 0x0000000744000000, 0x0000000744000000| Untracked 
|  20|0x0000000744200000, 0x0000000744200000, 0x0000000744400000|  0%| F|  |TAMS 0x0000000744200000, 0x0000000744200000| Untracked 
|  21|0x0000000744400000, 0x0000000744400000, 0x0000000744600000|  0%| F|  |TAMS 0x0000000744400000, 0x0000000744400000| Untracked 
|  22|0x0000000744600000, 0x0000000744600000, 0x0000000744800000|  0%| F|  |TAMS 0x0000000744600000, 0x0000000744600000| Untracked 
|  23|0x0000000744800000, 0x0000000744800000, 0x0000000744a00000|  0%| F|  |TAMS 0x0000000744800000, 0x0000000744800000| Untracked 
|  24|0x0000000744a00000, 0x0000000744a00000, 0x0000000744c00000|  0%| F|  |TAMS 0x0000000744a00000, 0x0000000744a00000| Untracked 
|  25|0x0000000744c00000, 0x0000000744c00000, 0x0000000744e00000|  0%| F|  |TAMS 0x0000000744c00000, 0x0000000744c00000| Untracked 
|  26|0x0000000744e00000, 0x0000000744e00000, 0x0000000745000000|  0%| F|  |TAMS 0x0000000744e00000, 0x0000000744e00000| Untracked 
|  27|0x0000000745000000, 0x0000000745000000, 0x0000000745200000|  0%| F|  |TAMS 0x0000000745000000, 0x0000000745000000| Untracked 
|  28|0x0000000745200000, 0x0000000745200000, 0x0000000745400000|  0%| F|  |TAMS 0x0000000745200000, 0x0000000745200000| Untracked 
|  29|0x0000000745400000, 0x0000000745400000, 0x0000000745600000|  0%| F|  |TAMS 0x0000000745400000, 0x0000000745400000| Untracked 
|  30|0x0000000745600000, 0x0000000745600000, 0x0000000745800000|  0%| F|  |TAMS 0x0000000745600000, 0x0000000745600000| Untracked 
|  31|0x0000000745800000, 0x0000000745800000, 0x0000000745a00000|  0%| F|  |TAMS 0x0000000745800000, 0x0000000745800000| Untracked 
|  32|0x0000000745a00000, 0x0000000745a00000, 0x0000000745c00000|  0%| F|  |TAMS 0x0000000745a00000, 0x0000000745a00000| Untracked 
|  33|0x0000000745c00000, 0x0000000745c00000, 0x0000000745e00000|  0%| F|  |TAMS 0x0000000745c00000, 0x0000000745c00000| Untracked 
|  34|0x0000000745e00000, 0x0000000745e00000, 0x0000000746000000|  0%| F|  |TAMS 0x0000000745e00000, 0x0000000745e00000| Untracked 
|  35|0x0000000746000000, 0x0000000746000000, 0x0000000746200000|  0%| F|  |TAMS 0x0000000746000000, 0x0000000746000000| Untracked 
|  36|0x0000000746200000, 0x0000000746200000, 0x0000000746400000|  0%| F|  |TAMS 0x0000000746200000, 0x0000000746200000| Untracked 
|  37|0x0000000746400000, 0x0000000746400000, 0x0000000746600000|  0%| F|  |TAMS 0x0000000746400000, 0x0000000746400000| Untracked 
|  38|0x0000000746600000, 0x0000000746600000, 0x0000000746800000|  0%| F|  |TAMS 0x0000000746600000, 0x0000000746600000| Untracked 
|  39|0x0000000746800000, 0x0000000746800000, 0x0000000746a00000|  0%| F|  |TAMS 0x0000000746800000, 0x0000000746800000| Untracked 
|  40|0x0000000746a00000, 0x0000000746a00000, 0x0000000746c00000|  0%| F|  |TAMS 0x0000000746a00000, 0x0000000746a00000| Untracked 
|  41|0x0000000746c00000, 0x0000000746c00000, 0x0000000746e00000|  0%| F|  |TAMS 0x0000000746c00000, 0x0000000746c00000| Untracked 
|  42|0x0000000746e00000, 0x0000000746e00000, 0x0000000747000000|  0%| F|  |TAMS 0x0000000746e00000, 0x0000000746e00000| Untracked 
|  43|0x0000000747000000, 0x0000000747000000, 0x0000000747200000|  0%| F|  |TAMS 0x0000000747000000, 0x0000000747000000| Untracked 
|  44|0x0000000747200000, 0x0000000747200000, 0x0000000747400000|  0%| F|  |TAMS 0x0000000747200000, 0x0000000747200000| Untracked 
|  45|0x0000000747400000, 0x0000000747400000, 0x0000000747600000|  0%| F|  |TAMS 0x0000000747400000, 0x0000000747400000| Untracked 
|  46|0x0000000747600000, 0x0000000747600000, 0x0000000747800000|  0%| F|  |TAMS 0x0000000747600000, 0x0000000747600000| Untracked 
|  47|0x0000000747800000, 0x0000000747800000, 0x0000000747a00000|  0%| F|  |TAMS 0x0000000747800000, 0x0000000747800000| Untracked 
|  48|0x0000000747a00000, 0x0000000747a00000, 0x0000000747c00000|  0%| F|  |TAMS 0x0000000747a00000, 0x0000000747a00000| Untracked 
|  49|0x0000000747c00000, 0x0000000747c00000, 0x0000000747e00000|  0%| F|  |TAMS 0x0000000747c00000, 0x0000000747c00000| Untracked 
|  50|0x0000000747e00000, 0x0000000747e00000, 0x0000000748000000|  0%| F|  |TAMS 0x0000000747e00000, 0x0000000747e00000| Untracked 
|  51|0x0000000748000000, 0x0000000748000000, 0x0000000748200000|  0%| F|  |TAMS 0x0000000748000000, 0x0000000748000000| Untracked 
|  52|0x0000000748200000, 0x0000000748200000, 0x0000000748400000|  0%| F|  |TAMS 0x0000000748200000, 0x0000000748200000| Untracked 
|  53|0x0000000748400000, 0x0000000748400000, 0x0000000748600000|  0%| F|  |TAMS 0x0000000748400000, 0x0000000748400000| Untracked 
|  54|0x0000000748600000, 0x0000000748600000, 0x0000000748800000|  0%| F|  |TAMS 0x0000000748600000, 0x0000000748600000| Untracked 
|  55|0x0000000748800000, 0x0000000748800000, 0x0000000748a00000|  0%| F|  |TAMS 0x0000000748800000, 0x0000000748800000| Untracked 
|  56|0x0000000748a00000, 0x0000000748a00000, 0x0000000748c00000|  0%| F|  |TAMS 0x0000000748a00000, 0x0000000748a00000| Untracked 
|  57|0x0000000748c00000, 0x0000000748c00000, 0x0000000748e00000|  0%| F|  |TAMS 0x0000000748c00000, 0x0000000748c00000| Untracked 
|  58|0x0000000748e00000, 0x0000000748e00000, 0x0000000749000000|  0%| F|  |TAMS 0x0000000748e00000, 0x0000000748e00000| Untracked 
|  59|0x0000000749000000, 0x0000000749000000, 0x0000000749200000|  0%| F|  |TAMS 0x0000000749000000, 0x0000000749000000| Untracked 
|  60|0x0000000749200000, 0x0000000749200000, 0x0000000749400000|  0%| F|  |TAMS 0x0000000749200000, 0x0000000749200000| Untracked 
|  61|0x0000000749400000, 0x0000000749400000, 0x0000000749600000|  0%| F|  |TAMS 0x0000000749400000, 0x0000000749400000| Untracked 
|  62|0x0000000749600000, 0x0000000749600000, 0x0000000749800000|  0%| F|  |TAMS 0x0000000749600000, 0x0000000749600000| Untracked 
|  63|0x0000000749800000, 0x0000000749800000, 0x0000000749a00000|  0%| F|  |TAMS 0x0000000749800000, 0x0000000749800000| Untracked 
|  64|0x0000000749a00000, 0x0000000749a00000, 0x0000000749c00000|  0%| F|  |TAMS 0x0000000749a00000, 0x0000000749a00000| Untracked 
|  65|0x0000000749c00000, 0x0000000749c00000, 0x0000000749e00000|  0%| F|  |TAMS 0x0000000749c00000, 0x0000000749c00000| Untracked 
|  66|0x0000000749e00000, 0x0000000749e00000, 0x000000074a000000|  0%| F|  |TAMS 0x0000000749e00000, 0x0000000749e00000| Untracked 
|  67|0x000000074a000000, 0x000000074a000000, 0x000000074a200000|  0%| F|  |TAMS 0x000000074a000000, 0x000000074a000000| Untracked 
|  68|0x000000074a200000, 0x000000074a200000, 0x000000074a400000|  0%| F|  |TAMS 0x000000074a200000, 0x000000074a200000| Untracked 
|  69|0x000000074a400000, 0x000000074a400000, 0x000000074a600000|  0%| F|  |TAMS 0x000000074a400000, 0x000000074a400000| Untracked 
|  70|0x000000074a600000, 0x000000074a600000, 0x000000074a800000|  0%| F|  |TAMS 0x000000074a600000, 0x000000074a600000| Untracked 
|  71|0x000000074a800000, 0x000000074a800000, 0x000000074aa00000|  0%| F|  |TAMS 0x000000074a800000, 0x000000074a800000| Untracked 
|  72|0x000000074aa00000, 0x000000074aa00000, 0x000000074ac00000|  0%| F|  |TAMS 0x000000074aa00000, 0x000000074aa00000| Untracked 
|  73|0x000000074ac00000, 0x000000074ac00000, 0x000000074ae00000|  0%| F|  |TAMS 0x000000074ac00000, 0x000000074ac00000| Untracked 
|  74|0x000000074ae00000, 0x000000074ae00000, 0x000000074b000000|  0%| F|  |TAMS 0x000000074ae00000, 0x000000074ae00000| Untracked 
|  75|0x000000074b000000, 0x000000074b000000, 0x000000074b200000|  0%| F|  |TAMS 0x000000074b000000, 0x000000074b000000| Untracked 
|  76|0x000000074b200000, 0x000000074b200000, 0x000000074b400000|  0%| F|  |TAMS 0x000000074b200000, 0x000000074b200000| Untracked 
|  77|0x000000074b400000, 0x000000074b400000, 0x000000074b600000|  0%| F|  |TAMS 0x000000074b400000, 0x000000074b400000| Untracked 
|  78|0x000000074b600000, 0x000000074b600000, 0x000000074b800000|  0%| F|  |TAMS 0x000000074b600000, 0x000000074b600000| Untracked 
|  79|0x000000074b800000, 0x000000074b800000, 0x000000074ba00000|  0%| F|  |TAMS 0x000000074b800000, 0x000000074b800000| Untracked 
|  80|0x000000074ba00000, 0x000000074ba00000, 0x000000074bc00000|  0%| F|  |TAMS 0x000000074ba00000, 0x000000074ba00000| Untracked 
|  81|0x000000074bc00000, 0x000000074bc00000, 0x000000074be00000|  0%| F|  |TAMS 0x000000074bc00000, 0x000000074bc00000| Untracked 
|  82|0x000000074be00000, 0x000000074be00000, 0x000000074c000000|  0%| F|  |TAMS 0x000000074be00000, 0x000000074be00000| Untracked 
|  83|0x000000074c000000, 0x000000074c000000, 0x000000074c200000|  0%| F|  |TAMS 0x000000074c000000, 0x000000074c000000| Untracked 
|  84|0x000000074c200000, 0x000000074c200000, 0x000000074c400000|  0%| F|  |TAMS 0x000000074c200000, 0x000000074c200000| Untracked 
|  85|0x000000074c400000, 0x000000074c400000, 0x000000074c600000|  0%| F|  |TAMS 0x000000074c400000, 0x000000074c400000| Untracked 
|  86|0x000000074c600000, 0x000000074c600000, 0x000000074c800000|  0%| F|  |TAMS 0x000000074c600000, 0x000000074c600000| Untracked 
|  87|0x000000074c800000, 0x000000074c800000, 0x000000074ca00000|  0%| F|  |TAMS 0x000000074c800000, 0x000000074c800000| Untracked 
|  88|0x000000074ca00000, 0x000000074ca00000, 0x000000074cc00000|  0%| F|  |TAMS 0x000000074ca00000, 0x000000074ca00000| Untracked 
|  89|0x000000074cc00000, 0x000000074cc00000, 0x000000074ce00000|  0%| F|  |TAMS 0x000000074cc00000, 0x000000074cc00000| Untracked 
|  90|0x000000074ce00000, 0x000000074ce00000, 0x000000074d000000|  0%| F|  |TAMS 0x000000074ce00000, 0x000000074ce00000| Untracked 
|  91|0x000000074d000000, 0x000000074d000000, 0x000000074d200000|  0%| F|  |TAMS 0x000000074d000000, 0x000000074d000000| Untracked 
|  92|0x000000074d200000, 0x000000074d200000, 0x000000074d400000|  0%| F|  |TAMS 0x000000074d200000, 0x000000074d200000| Untracked 
|  93|0x000000074d400000, 0x000000074d400000, 0x000000074d600000|  0%| F|  |TAMS 0x000000074d400000, 0x000000074d400000| Untracked 
|  94|0x000000074d600000, 0x000000074d600000, 0x000000074d800000|  0%| F|  |TAMS 0x000000074d600000, 0x000000074d600000| Untracked 
|  95|0x000000074d800000, 0x000000074da00000, 0x000000074da00000|100%| E|  |TAMS 0x000000074d800000, 0x000000074d800000| Complete 

Card table byte_map: [0x000002951e230000,0x000002951e830000] _byte_map_base: 0x000002951a823000

Marking Bits (Prev, Next): (CMBitMap*) 0x000002950b1fa810, (CMBitMap*) 0x000002950b1fa850
 Prev Bits: [0x000002951ee30000, 0x0000029521dc8000)
 Next Bits: [0x0000029521dd0000, 0x0000029524d68000)

Polling page: 0x000002950a970000

Metaspace:

Usage:
  Non-class:      5.28 MB used.
      Class:    496.88 KB used.
       Both:      5.76 MB used.

Virtual space:
  Non-class space:        8.00 MB reserved,       5.31 MB ( 66%) committed,  1 nodes.
      Class space:        1.00 GB reserved,     512.00 KB ( <1%) committed,  1 nodes.
             Both:        1.01 GB reserved,       5.81 MB ( <1%) committed. 

Chunk freelists:
   Non-Class:  2.47 MB
       Class:  3.50 MB
        Both:  5.97 MB

MaxMetaspaceSize: unlimited
CompressedClassSpaceSize: 1.00 GB
Initial GC threshold: 21.00 MB
Current GC threshold: 21.00 MB
CDS: off
MetaspaceReclaimPolicy: balanced
 - commit_granule_bytes: 65536.
 - commit_granule_words: 8192.
 - virtual_space_node_default_size: 1048576.
 - enlarge_chunks_in_place: 1.
 - new_chunks_are_fully_committed: 0.
 - uncommit_free_chunks: 1.
 - use_allocation_guard: 0.
 - handle_deallocations: 1.


Internal statistics:

num_allocs_failed_limit: 0.
num_arena_births: 6.
num_arena_deaths: 0.
num_vsnodes_births: 2.
num_vsnodes_deaths: 0.
num_space_committed: 93.
num_space_uncommitted: 0.
num_chunks_returned_to_freelist: 0.
num_chunks_taken_from_freelist: 19.
num_chunk_merges: 0.
num_chunk_splits: 7.
num_chunks_enlarged: 3.
num_purges: 0.
num_inconsistent_stats: 0.

CodeHeap 'non-profiled nmethods': size=120000Kb used=41Kb max_used=41Kb free=119959Kb
 bounds [0x00000295163d0000, 0x0000029516640000, 0x000002951d900000]
CodeHeap 'profiled nmethods': size=120000Kb used=216Kb max_used=216Kb free=119783Kb
 bounds [0x000002950eea0000, 0x000002950f110000, 0x00000295163d0000]
CodeHeap 'non-nmethods': size=5760Kb used=1090Kb max_used=1104Kb free=4669Kb
 bounds [0x000002950e900000, 0x000002950eb70000, 0x000002950eea0000]
 total_blobs=506 nmethods=144 adapters=275
 compilation: enabled
              stopped_count=0, restarted_count=0
 full_count=0

Compilation events (20 events):
Event: 0.183 Thread 0x0000029528095530  112       3       java.lang.StringLatin1::newString (24 bytes)
Event: 0.183 Thread 0x0000029528095530 nmethod 112 0x000002950eed3910 code [0x000002950eed3ae0, 0x000002950eed3e08]
Event: 0.190 Thread 0x0000029528095530  127       1       java.lang.Enum::ordinal (5 bytes)
Event: 0.190 Thread 0x0000029528095530 nmethod 127 0x00000295163d7890 code [0x00000295163d7a20, 0x00000295163d7af8]
Event: 0.191 Thread 0x0000029528095530  129       1       java.lang.Class::getClassLoader0 (5 bytes)
Event: 0.191 Thread 0x0000029528095530 nmethod 129 0x00000295163d7e90 code [0x00000295163d8020, 0x00000295163d80f8]
Event: 0.194 Thread 0x0000029528095530  134       3       java.util.concurrent.ConcurrentHashMap::get (162 bytes)
Event: 0.195 Thread 0x0000029528095530 nmethod 134 0x000002950eed3f10 code [0x000002950eed4160, 0x000002950eed4c68]
Event: 0.196 Thread 0x0000029528095530  137       3       java.lang.AbstractStringBuilder::putStringAt (12 bytes)
Event: 0.196 Thread 0x0000029528095530 nmethod 137 0x000002950eed4f90 code [0x000002950eed5140, 0x000002950eed5388]
Event: 0.196 Thread 0x0000029528095530  138       3       java.lang.AbstractStringBuilder::putStringAt (34 bytes)
Event: 0.197 Thread 0x0000029528095530 nmethod 138 0x000002950eed5510 code [0x000002950eed56e0, 0x000002950eed59f8]
Event: 0.199 Thread 0x000002952808d010  139       4       java.lang.String::charAt (25 bytes)
Event: 0.200 Thread 0x000002952808d010 nmethod 139 0x00000295163d9490 code [0x00000295163d9620, 0x00000295163d9708]
Event: 0.201 Thread 0x0000029528095530  140       1       java.lang.invoke.MethodType::returnType (5 bytes)
Event: 0.201 Thread 0x0000029528095530 nmethod 140 0x00000295163d9e10 code [0x00000295163d9fa0, 0x00000295163da078]
Event: 0.201 Thread 0x000002952808d010  143       4       java.lang.String::isLatin1 (19 bytes)
Event: 0.202 Thread 0x000002952808d010 nmethod 143 0x00000295163da110 code [0x00000295163da280, 0x00000295163da318]
Event: 0.203 Thread 0x0000029528095530  144       3       java.lang.StringLatin1::lastIndexOf (40 bytes)
Event: 0.204 Thread 0x0000029528095530 nmethod 144 0x000002950eed5b90 code [0x000002950eed5d60, 0x000002950eed6158]

GC Heap History (0 events):
No events

Deoptimization events (20 events):
Event: 0.150 Thread 0x000002950b1a23d0 DEOPT PACKING pc=0x000002950eeb878c sp=0x0000009b6b1fa160
Event: 0.150 Thread 0x000002950b1a23d0 DEOPT UNPACKING pc=0x000002950e952b43 sp=0x0000009b6b1f95f0 mode 0
Event: 0.150 Thread 0x000002950b1a23d0 DEOPT PACKING pc=0x000002950eeb878c sp=0x0000009b6b1fa160
Event: 0.150 Thread 0x000002950b1a23d0 DEOPT UNPACKING pc=0x000002950e952b43 sp=0x0000009b6b1f95f0 mode 0
Event: 0.151 Thread 0x000002950b1a23d0 DEOPT PACKING pc=0x000002950eeb878c sp=0x0000009b6b1fa160
Event: 0.151 Thread 0x000002950b1a23d0 DEOPT UNPACKING pc=0x000002950e952b43 sp=0x0000009b6b1f95f0 mode 0
Event: 0.151 Thread 0x000002950b1a23d0 DEOPT PACKING pc=0x000002950eeb878c sp=0x0000009b6b1fa160
Event: 0.151 Thread 0x000002950b1a23d0 DEOPT UNPACKING pc=0x000002950e952b43 sp=0x0000009b6b1f95f0 mode 0
Event: 0.152 Thread 0x000002950b1a23d0 DEOPT PACKING pc=0x000002950eeb878c sp=0x0000009b6b1fa160
Event: 0.152 Thread 0x000002950b1a23d0 DEOPT UNPACKING pc=0x000002950e952b43 sp=0x0000009b6b1f95f0 mode 0
Event: 0.152 Thread 0x000002950b1a23d0 DEOPT PACKING pc=0x000002950eeb878c sp=0x0000009b6b1fa160
Event: 0.152 Thread 0x000002950b1a23d0 DEOPT UNPACKING pc=0x000002950e952b43 sp=0x0000009b6b1f95f0 mode 0
Event: 0.152 Thread 0x000002950b1a23d0 DEOPT PACKING pc=0x000002950eeb878c sp=0x0000009b6b1fa160
Event: 0.152 Thread 0x000002950b1a23d0 DEOPT UNPACKING pc=0x000002950e952b43 sp=0x0000009b6b1f95f0 mode 0
Event: 0.152 Thread 0x000002950b1a23d0 DEOPT PACKING pc=0x000002950eeb878c sp=0x0000009b6b1fa160
Event: 0.152 Thread 0x000002950b1a23d0 DEOPT UNPACKING pc=0x000002950e952b43 sp=0x0000009b6b1f95f0 mode 0
Event: 0.152 Thread 0x000002950b1a23d0 Uncommon trap: trap_request=0xffffff45 fr.pc=0x00000295163d3f0c relative=0x000000000000016c
Event: 0.152 Thread 0x000002950b1a23d0 Uncommon trap: reason=unstable_if action=reinterpret pc=0x00000295163d3f0c method=java.util.zip.ZipFile$Source.isMetaName([BII)Z @ 3 c2
Event: 0.152 Thread 0x000002950b1a23d0 DEOPT PACKING pc=0x00000295163d3f0c sp=0x0000009b6b1fa290
Event: 0.152 Thread 0x000002950b1a23d0 DEOPT UNPACKING pc=0x000002950e9523a3 sp=0x0000009b6b1fa238 mode 2

Classes unloaded (0 events):
No events

Classes redefined (0 events):
No events

Internal exceptions (0 events):
No events

VM Operations (4 events):
Event: 0.178 Executing VM operation: HandshakeAllThreads
Event: 0.178 Executing VM operation: HandshakeAllThreads done
Event: 0.179 Executing VM operation: HandshakeAllThreads
Event: 0.179 Executing VM operation: HandshakeAllThreads done

Events (20 events):
Event: 0.206 loading class java/util/Spliterators
Event: 0.206 loading class java/util/Spliterators done
Event: 0.206 loading class java/util/Spliterators$EmptySpliterator$OfRef
Event: 0.206 loading class java/util/Spliterator
Event: 0.206 loading class java/util/Spliterator done
Event: 0.206 loading class java/util/Spliterators$EmptySpliterator
Event: 0.206 loading class java/util/Spliterators$EmptySpliterator done
Event: 0.206 loading class java/util/Spliterators$EmptySpliterator$OfRef done
Event: 0.206 loading class java/util/Spliterators$EmptySpliterator$OfInt
Event: 0.206 loading class java/util/Spliterator$OfInt
Event: 0.206 loading class java/util/Spliterator$OfPrimitive
Event: 0.206 loading class java/util/Spliterator$OfPrimitive done
Event: 0.206 loading class java/util/Spliterator$OfInt done
Event: 0.206 loading class java/util/Spliterators$EmptySpliterator$OfInt done
Event: 0.206 loading class java/util/Spliterators$EmptySpliterator$OfLong
Event: 0.206 loading class java/util/Spliterator$OfLong
Event: 0.206 loading class java/util/Spliterator$OfLong done
Event: 0.206 loading class java/util/Spliterators$EmptySpliterator$OfLong done
Event: 0.207 loading class java/util/Spliterators$EmptySpliterator$OfDouble
Event: 0.207 loading class java/util/Spliterator$OfDouble


Dynamic libraries:
0x00007ff718bd0000 - 0x00007ff718bda000 	C:\Program Files\JetBrains\IntelliJ IDEA 2022.2\jbr\bin\java.exe
0x00007ffc202d0000 - 0x00007ffc204c8000 	C:\Windows\SYSTEM32\ntdll.dll
0x00007ffc1f9c0000 - 0x00007ffc1fa7d000 	C:\Windows\System32\KERNEL32.DLL
0x00007ffc1dd00000 - 0x00007ffc1dfce000 	C:\Windows\System32\KERNELBASE.dll
0x00007ffc1e180000 - 0x00007ffc1e280000 	C:\Windows\System32\ucrtbase.dll
0x00007ffc176a0000 - 0x00007ffc176b7000 	C:\Program Files\JetBrains\IntelliJ IDEA 2022.2\jbr\bin\jli.dll
0x00007ffc0bac0000 - 0x00007ffc0badb000 	C:\Program Files\JetBrains\IntelliJ IDEA 2022.2\jbr\bin\VCRUNTIME140.dll
0x00007ffc200f0000 - 0x00007ffc20290000 	C:\Windows\System32\USER32.dll
0x00007ffc0e860000 - 0x00007ffc0eafa000 	C:\Windows\WinSxS\amd64_microsoft.windows.common-controls_6595b64144ccf1df_6.0.19041.1110_none_60b5254171f9507e\COMCTL32.dll
0x00007ffc1dfd0000 - 0x00007ffc1dff2000 	C:\Windows\System32\win32u.dll
0x00007ffc1f050000 - 0x00007ffc1f0ee000 	C:\Windows\System32\msvcrt.dll
0x00007ffc1e7d0000 - 0x00007ffc1e7fa000 	C:\Windows\System32\GDI32.dll
0x00007ffc1e070000 - 0x00007ffc1e17b000 	C:\Windows\System32\gdi32full.dll
0x00007ffc1dbd0000 - 0x00007ffc1dc6d000 	C:\Windows\System32\msvcp_win.dll
0x00007ffc1e890000 - 0x00007ffc1e8c0000 	C:\Windows\System32\IMM32.DLL
0x00007ffc190a0000 - 0x00007ffc190ac000 	C:\Program Files\JetBrains\IntelliJ IDEA 2022.2\jbr\bin\vcruntime140_1.dll
0x00007ffbedf50000 - 0x00007ffbedfdd000 	C:\Program Files\JetBrains\IntelliJ IDEA 2022.2\jbr\bin\msvcp140.dll
0x00007ffbe6420000 - 0x00007ffbe7088000 	C:\Program Files\JetBrains\IntelliJ IDEA 2022.2\jbr\bin\server\jvm.dll
0x00007ffc1fa80000 - 0x00007ffc1fb2e000 	C:\Windows\System32\ADVAPI32.dll
0x00007ffc1e730000 - 0x00007ffc1e7cc000 	C:\Windows\System32\sechost.dll
0x00007ffc1e8d0000 - 0x00007ffc1e9f5000 	C:\Windows\System32\RPCRT4.dll
0x00007ffc1e640000 - 0x00007ffc1e648000 	C:\Windows\System32\PSAPI.DLL
0x00007ffc16f70000 - 0x00007ffc16f97000 	C:\Windows\SYSTEM32\WINMM.dll
0x00007ffbffbf0000 - 0x00007ffbffbf9000 	C:\Windows\SYSTEM32\WSOCK32.dll
0x00007ffc16430000 - 0x00007ffc1643a000 	C:\Windows\SYSTEM32\VERSION.dll
0x00007ffc1ea00000 - 0x00007ffc1ea6b000 	C:\Windows\System32\WS2_32.dll
0x00007ffc1c270000 - 0x00007ffc1c282000 	C:\Windows\SYSTEM32\kernel.appcore.dll
0x00007ffc19080000 - 0x00007ffc1908a000 	C:\Program Files\JetBrains\IntelliJ IDEA 2022.2\jbr\bin\jimage.dll
0x00007ffc1bf30000 - 0x00007ffc1c114000 	C:\Windows\SYSTEM32\DBGHELP.DLL
0x00007ffbffea0000 - 0x00007ffbffecc000 	C:\Windows\SYSTEM32\dbgcore.DLL
0x00007ffc1dc70000 - 0x00007ffc1dcf2000 	C:\Windows\System32\bcryptPrimitives.dll
0x00007ffc06bf0000 - 0x00007ffc06c15000 	C:\Program Files\JetBrains\IntelliJ IDEA 2022.2\jbr\bin\java.dll
0x00007ffc174a0000 - 0x00007ffc174b8000 	C:\Program Files\JetBrains\IntelliJ IDEA 2022.2\jbr\bin\zip.dll
0x00007ffc1f270000 - 0x00007ffc1f9b3000 	C:\Windows\System32\SHELL32.dll
0x00007ffc1b790000 - 0x00007ffc1bf25000 	C:\Windows\SYSTEM32\windows.storage.dll
0x00007ffc1ecf0000 - 0x00007ffc1f044000 	C:\Windows\System32\combase.dll
0x00007ffc1d380000 - 0x00007ffc1d3b0000 	C:\Windows\SYSTEM32\Wldp.dll
0x00007ffc1f0f0000 - 0x00007ffc1f19d000 	C:\Windows\System32\SHCORE.dll
0x00007ffc1e650000 - 0x00007ffc1e6a5000 	C:\Windows\System32\shlwapi.dll
0x00007ffc1d930000 - 0x00007ffc1d94f000 	C:\Windows\SYSTEM32\profapi.dll
0x00007ffc0bb90000 - 0x00007ffc0bba9000 	C:\Program Files\JetBrains\IntelliJ IDEA 2022.2\jbr\bin\net.dll
0x00007ffc16760000 - 0x00007ffc1686a000 	C:\Windows\SYSTEM32\WINHTTP.dll
0x00007ffc1d0e0000 - 0x00007ffc1d14a000 	C:\Windows\system32\mswsock.dll
0x00007ffc06bd0000 - 0x00007ffc06be6000 	C:\Program Files\JetBrains\IntelliJ IDEA 2022.2\jbr\bin\nio.dll
0x00007ffc17ea0000 - 0x00007ffc17eb0000 	C:\Program Files\JetBrains\IntelliJ IDEA 2022.2\jbr\bin\verify.dll

dbghelp: loaded successfully - version: 4.0.5 - missing functions: none
symbol engine: initialized successfully - sym options: 0x614 - pdb path: .;C:\Program Files\JetBrains\IntelliJ IDEA 2022.2\jbr\bin;C:\Windows\SYSTEM32;C:\Windows\WinSxS\amd64_microsoft.windows.common-controls_6595b64144ccf1df_6.0.19041.1110_none_60b5254171f9507e;C:\Program Files\JetBrains\IntelliJ IDEA 2022.2\jbr\bin\server

VM Arguments:
java_command: git4idea.http.GitAskPassApp Username for 'https://github.com': 
java_class_path (initial): C:/Program Files/JetBrains/IntelliJ IDEA 2022.2/plugins/git4idea/lib/git4idea-rt.jar;C:/Program Files/JetBrains/IntelliJ IDEA 2022.2/lib/externalProcess-rt.jar;C:/Program Files/JetBrains/IntelliJ IDEA 2022.2/lib/app.jar;C:/Program Files/JetBrains/IntelliJ IDEA 2022.2/lib/3rd-party-rt.jar
Launcher Type: SUN_STANDARD

[Global flags]
     intx CICompilerCount                          = 4                                         {product} {ergonomic}
     uint ConcGCThreads                            = 2                                         {product} {ergonomic}
     uint G1ConcRefinementThreads                  = 8                                         {product} {ergonomic}
   size_t G1HeapRegionSize                         = 2097152                                   {product} {ergonomic}
    uintx GCDrainStackTargetSize                   = 64                                        {product} {ergonomic}
   size_t InitialHeapSize                          = 201326592                                 {product} {ergonomic}
   size_t MarkStackSize                            = 4194304                                   {product} {ergonomic}
   size_t MaxHeapSize                              = 3193962496                                {product} {ergonomic}
   size_t MaxNewSize                               = 1914699776                                {product} {ergonomic}
   size_t MinHeapDeltaBytes                        = 2097152                                   {product} {ergonomic}
   size_t MinHeapSize                              = 8388608                                   {product} {ergonomic}
    uintx NonNMethodCodeHeapSize                   = 5839372                                {pd product} {ergonomic}
    uintx NonProfiledCodeHeapSize                  = 122909434                              {pd product} {ergonomic}
    uintx ProfiledCodeHeapSize                     = 122909434                              {pd product} {ergonomic}
    uintx ReservedCodeCacheSize                    = 251658240                              {pd product} {ergonomic}
     bool SegmentedCodeCache                       = true                                      {product} {ergonomic}
   size_t SoftMaxHeapSize                          = 3193962496                             {manageable} {ergonomic}
     bool UseCompressedClassPointers               = true                           {product lp64_product} {ergonomic}
     bool UseCompressedOops                        = true                           {product lp64_product} {ergonomic}
     bool UseG1GC                                  = true                                      {product} {ergonomic}
     bool UseLargePagesIndividualAllocation        = false                                  {pd product} {ergonomic}

Logging:
Log output configuration:
 #0: stdout all=warning uptime,level,tags
 #1: stderr all=off uptime,level,tags

Environment Variables:
PATH=C:\Program Files\Git\mingw64\libexec\git-core;C:\Program Files\Git\mingw64\libexec\git-core;C:\Program Files\Git\mingw64\bin;C:\Program Files\Git\usr\bin;C:\Users\F1\bin;C:\Program Files\Common Files\Oracle\Java\javapath;C:\Windows\system32;C:\Windows;C:\Windows\System32\Wbem;C:\Windows\System32\WindowsPowerShell\v1.0;C:\Windows\System32\OpenSSH;C:\Program Files (x86)\NVIDIA Corporation\PhysX\Common;C:\Users\F1\Desktop\codeblocks-20.03mingw-nosetup\MinGW\bin;C:\Program Files\Git\cmd;C:\texlive\2022\bin\win32;%JAVA_HOME%\bin;C:\maven\apache-maven-3.9.1\bin;C:\Users\F1\AppData\Local\Microsoft\WindowsApps;C:\Users\F1\Desktop\codeblocks-20.03mingw-nosetup\MinGW\bin;C:\Program Files\JetBrains\CLion 2022.2\bin;C:\Program Files\JetBrains\IntelliJ IDEA 2022.2\bin
USERNAME=F1
DISPLAY=:0.0
LC_ALL=en_US.UTF-8
OS=Windows_NT
PROCESSOR_IDENTIFIER=Intel64 Family 6 Model 94 Stepping 3, GenuineIntel



---------------  S Y S T E M  ---------------

OS:
 Windows 10 , 64 bit Build 19041 (10.0.19041.1889)
OS uptime: 0 days 6:28 hours

CPU: total 8 (initial active 8) (4 cores per cpu, 2 threads per core) family 6 model 94 stepping 3 microcode 0xcc, cx8, cmov, fxsr, ht, mmx, 3dnowpref, sse, sse2, sse3, ssse3, sse4.1, sse4.2, popcnt, lzcnt, tsc, tscinvbit, avx, avx2, aes, erms, clmul, bmi1, bmi2, rtm, adx, fma, vzeroupper, clflush, clflushopt

Memory: 4k page, system-wide physical 12180M (2194M free)
TotalPageFile size 14228M (AvailPageFile size 0M)
current process WorkingSet (physical memory assigned to process): 45M, peak: 45M
current process commit charge ("private bytes"): 271M, peak: 271M

vm_info: OpenJDK 64-Bit Server VM (17.0.3+7-b469.32) for windows-amd64 JRE (17.0.3+7-b469.32), built on 2022-07-19 by "builduser" with MS VC++ 16.10 / 16.11 (VS2019)

END.
