#
# There is insufficient memory for the Java Runtime Environment to continue.
# Native memory allocation (malloc) failed to allocate 2048832 bytes for Chunk::new
# Possible reasons:
#   The system is out of physical RAM or swap space
#   The process is running with CompressedOops enabled, and the Java Heap may be blocking the growth of the native heap
# Possible solutions:
#   Reduce memory load on the system
#   Increase physical memory or swap space
#   Check if swap backing store is full
#   Decrease Java heap size (-Xmx/-Xms)
#   Decrease number of Java threads
#   Decrease Java thread stack sizes (-Xss)
#   Set larger code cache with -XX:ReservedCodeCacheSize=
#   JVM is running with Zero Based Compressed Oops mode in which the Java heap is
#     placed in the first 32GB address space. The Java Heap base address is the
#     maximum limit for the native heap growth. Please use -XX:HeapBaseMinAddress
#     to set the Java Heap base and to place the Java Heap above 32GB virtual address.
# This output file may be truncated or incomplete.
#
#  Out of Memory Error (arena.cpp:189), pid=17336, tid=21516
#
# JRE version: Java(TM) SE Runtime Environment (17.0.4+11) (build 17.0.4+11-LTS-179)
# Java VM: Java HotSpot(TM) 64-Bit Server VM (17.0.4+11-LTS-179, mixed mode, sharing, tiered, compressed oops, compressed class ptrs, g1 gc, windows-amd64)
# No core dump will be written. Minidumps are not enabled by default on client versions of Windows
#

---------------  S U M M A R Y ------------

Command Line: -javaagent:C:\Program Files\JetBrains\IntelliJ IDEA 2022.2\lib\idea_rt.jar=54356:C:\Program Files\JetBrains\IntelliJ IDEA 2022.2\bin -Dfile.encoding=UTF-8 --module-path=C:\Users\F1\Desktop\AP\PROJECT\project-group-19\target\classes;C:\Users\F1\.m2\repository\org\openjfx\javafx-fxml\17.0.2\javafx-fxml-17.0.2-win.jar;C:\Users\F1\.m2\repository\org\openjfx\javafx-controls\17.0.2\javafx-controls-17.0.2-win.jar;C:\Users\F1\.m2\repository\org\openjfx\javafx-media\16\javafx-media-16-win.jar;C:\Users\F1\.m2\repository\org\openjfx\javafx-graphics\17.0.2\javafx-graphics-17.0.2-win.jar;C:\Users\F1\.m2\repository\org\openjfx\javafx-base\17.0.2\javafx-base-17.0.2-win.jar;C:\Users\F1\.m2\repository\com\google\code\gson\gson\2.8.1\gson-2.8.1.jar -Djdk.module.main=com.example.projectgroup19 com.example.projectgroup19/view.TileManager

Host: Intel(R) Core(TM) i7-6700HQ CPU @ 2.60GHz, 8 cores, 11G,  Windows 10 , 64 bit Build 19041 (10.0.19041.1889)
Time: Tue May 30 21:07:07 2023 Iran Standard Time elapsed time: 5.790228 seconds (0d 0h 0m 5s)

---------------  T H R E A D  ---------------

Current thread (0x000002c8acc27310):  JavaThread "C2 CompilerThread1" daemon [_thread_in_native, id=21516, stack(0x000000f9c0400000,0x000000f9c0500000)]


Current CompileTask:
C2:   5790 4256   !   4       javafx.scene.Parent$3::onProposedChange (753 bytes)

Stack: [0x000000f9c0400000,0x000000f9c0500000]
Native frames: (J=compiled Java code, j=interpreted, Vv=VM code, C=native code)
V  [jvm.dll+0x6723da]
V  [jvm.dll+0x7d1f74]
V  [jvm.dll+0x7d371e]
V  [jvm.dll+0x7d3d83]
V  [jvm.dll+0x242ed5]
V  [jvm.dll+0xaa57b]
V  [jvm.dll+0xaab0c]
V  [jvm.dll+0x360447]
V  [jvm.dll+0x32a7e1]
V  [jvm.dll+0x329c8a]
V  [jvm.dll+0x215ff1]
V  [jvm.dll+0x215411]
V  [jvm.dll+0x1a1fcd]
V  [jvm.dll+0x224c78]
V  [jvm.dll+0x222de5]
V  [jvm.dll+0x787a5b]
V  [jvm.dll+0x78201a]
V  [jvm.dll+0x671265]
C  [ucrtbase.dll+0x21bb2]
C  [KERNEL32.DLL+0x17034]
C  [ntdll.dll+0x526a1]


---------------  P R O C E S S  ---------------

Threads class SMR info:
_java_thread_list=0x000002c8a6658050, length=24, elements={
0x000002c8840d4a10, 0x000002c8a47c8850, 0x000002c8a47c96c0, 0x000002c8a47dd450,
0x000002c8a47e0d30, 0x000002c8a47e15f0, 0x000002c8a47e1eb0, 0x000002c8a47e30b0,
0x000002c8a47f1fc0, 0x000002c8a47f2cc0, 0x000002c8a5471d60, 0x000002c8a5c0b9a0,
0x000002c8a59fca10, 0x000002c8a5eda900, 0x000002c8a60bb3b0, 0x000002c8a60bdd10,
0x000002c8a62019f0, 0x000002c8a623b740, 0x000002c8a67d6710, 0x000002c8ad0c3f40,
0x000002c8ad0c30d0, 0x000002c8ad0c5750, 0x000002c8acc27310, 0x000002c8acc269a0
}

Java Threads: ( => current thread )
  0x000002c8840d4a10 JavaThread "main" [_thread_blocked, id=14588, stack(0x000000f9bf300000,0x000000f9bf400000)]
  0x000002c8a47c8850 JavaThread "Reference Handler" daemon [_thread_blocked, id=11480, stack(0x000000f9bfa00000,0x000000f9bfb00000)]
  0x000002c8a47c96c0 JavaThread "Finalizer" daemon [_thread_blocked, id=17584, stack(0x000000f9bfb00000,0x000000f9bfc00000)]
  0x000002c8a47dd450 JavaThread "Signal Dispatcher" daemon [_thread_blocked, id=20316, stack(0x000000f9bfc00000,0x000000f9bfd00000)]
  0x000002c8a47e0d30 JavaThread "Attach Listener" daemon [_thread_blocked, id=13556, stack(0x000000f9bfd00000,0x000000f9bfe00000)]
  0x000002c8a47e15f0 JavaThread "Service Thread" daemon [_thread_blocked, id=20052, stack(0x000000f9bfe00000,0x000000f9bff00000)]
  0x000002c8a47e1eb0 JavaThread "Monitor Deflation Thread" daemon [_thread_blocked, id=9048, stack(0x000000f9bff00000,0x000000f9c0000000)]
  0x000002c8a47e30b0 JavaThread "C2 CompilerThread0" daemon [_thread_blocked, id=17160, stack(0x000000f9c0000000,0x000000f9c0100000)]
  0x000002c8a47f1fc0 JavaThread "C1 CompilerThread0" daemon [_thread_blocked, id=14124, stack(0x000000f9c0100000,0x000000f9c0200000)]
  0x000002c8a47f2cc0 JavaThread "Sweeper thread" daemon [_thread_blocked, id=16980, stack(0x000000f9c0200000,0x000000f9c0300000)]
  0x000002c8a5471d60 JavaThread "Common-Cleaner" daemon [_thread_blocked, id=22408, stack(0x000000f9c0300000,0x000000f9c0400000)]
  0x000002c8a5c0b9a0 JavaThread "Monitor Ctrl-Break" daemon [_thread_in_native, id=10576, stack(0x000000f9c0600000,0x000000f9c0700000)]
  0x000002c8a59fca10 JavaThread "Notification Thread" daemon [_thread_blocked, id=7432, stack(0x000000f9c0700000,0x000000f9c0800000)]
  0x000002c8a5eda900 JavaThread "QuantumRenderer-0" daemon [_thread_blocked, id=21916, stack(0x000000f9c0900000,0x000000f9c0a00000)]
  0x000002c8a60bb3b0 JavaThread "InvokeLaterDispatcher" daemon [_thread_blocked, id=17752, stack(0x000000f9c0a00000,0x000000f9c0b00000)]
  0x000002c8a60bdd10 JavaThread "JavaFX Application Thread" [_thread_in_native, id=18392, stack(0x000000f9c0b00000,0x000000f9c0c00000)]
  0x000002c8a62019f0 JavaThread "Thread-1" daemon [_thread_in_native, id=20112, stack(0x000000f9c0f00000,0x000000f9c1000000)]
  0x000002c8a623b740 JavaThread "JavaFX-Launcher" [_thread_blocked, id=8348, stack(0x000000f9c1000000,0x000000f9c1100000)]
  0x000002c8a67d6710 JavaThread "Prism Font Disposer" daemon [_thread_blocked, id=21484, stack(0x000000f9c1e00000,0x000000f9c1f00000)]
  0x000002c8ad0c3f40 JavaThread "Cleaner-0" daemon [_thread_blocked, id=17596, stack(0x000000f9c2500000,0x000000f9c2600000)]
  0x000002c8ad0c30d0 JavaThread "Java2D Disposer" daemon [_thread_blocked, id=19024, stack(0x000000f9c2600000,0x000000f9c2700000)]
  0x000002c8ad0c5750 JavaThread "AWT-Windows" daemon [_thread_in_native, id=1488, stack(0x000000f9c2800000,0x000000f9c2900000)]
=>0x000002c8acc27310 JavaThread "C2 CompilerThread1" daemon [_thread_in_native, id=21516, stack(0x000000f9c0400000,0x000000f9c0500000)]
  0x000002c8acc269a0 JavaThread "C2 CompilerThread2" daemon [_thread_blocked, id=8028, stack(0x000000f9c2700000,0x000000f9c2800000)]

Other Threads:
  0x000002c8a47c3850 VMThread "VM Thread" [stack: 0x000000f9bf900000,0x000000f9bfa00000] [id=11696]
  0x000002c884149480 WatcherThread [stack: 0x000000f9c0800000,0x000000f9c0900000] [id=20936]
  0x000002c88412d4a0 GCTaskThread "GC Thread#0" [stack: 0x000000f9bf400000,0x000000f9bf500000] [id=20964]
  0x000002c8a6226190 GCTaskThread "GC Thread#1" [stack: 0x000000f9c1100000,0x000000f9c1200000] [id=3924]
  0x000002c8a61b6d50 GCTaskThread "GC Thread#2" [stack: 0x000000f9c1200000,0x000000f9c1300000] [id=22224]
  0x000002c8a6257730 GCTaskThread "GC Thread#3" [stack: 0x000000f9c1300000,0x000000f9c1400000] [id=21772]
  0x000002c8a61bbc40 GCTaskThread "GC Thread#4" [stack: 0x000000f9c1400000,0x000000f9c1500000] [id=13168]
  0x000002c8a619cee0 GCTaskThread "GC Thread#5" [stack: 0x000000f9c1500000,0x000000f9c1600000] [id=18752]
  0x000002c8a68c3f60 GCTaskThread "GC Thread#6" [stack: 0x000000f9c1600000,0x000000f9c1700000] [id=4432]
  0x000002c8a68c2c40 GCTaskThread "GC Thread#7" [stack: 0x000000f9c0500000,0x000000f9c0600000] [id=19820]
  0x000002c884137290 ConcurrentGCThread "G1 Main Marker" [stack: 0x000000f9bf500000,0x000000f9bf600000] [id=10744]
  0x000002c884137ca0 ConcurrentGCThread "G1 Conc#0" [stack: 0x000000f9bf600000,0x000000f9bf700000] [id=19992]
  0x000002c8a631bf90 ConcurrentGCThread "G1 Conc#1" [stack: 0x000000f9c1b00000,0x000000f9c1c00000] [id=17884]
  0x000002c8841a9460 ConcurrentGCThread "G1 Refine#0" [stack: 0x000000f9bf700000,0x000000f9bf800000] [id=14388]
  0x000002c8a69b7a80 ConcurrentGCThread "G1 Refine#1" [stack: 0x000000f9c1700000,0x000000f9c1800000] [id=14064]
  0x000002c8a67420f0 ConcurrentGCThread "G1 Refine#2" [stack: 0x000000f9c1800000,0x000000f9c1900000] [id=14180]
  0x000002c8a67423d0 ConcurrentGCThread "G1 Refine#3" [stack: 0x000000f9c1900000,0x000000f9c1a00000] [id=15176]
  0x000002c8a68c3840 ConcurrentGCThread "G1 Refine#4" [stack: 0x000000f9c1a00000,0x000000f9c1b00000] [id=21816]
  0x000002c8a68c3280 ConcurrentGCThread "G1 Refine#5" [stack: 0x000000f9c1c00000,0x000000f9c1d00000] [id=20564]
  0x000002c8a46800a0 ConcurrentGCThread "G1 Service" [stack: 0x000000f9bf800000,0x000000f9bf900000] [id=20740]

Threads with active compile tasks:
C2 CompilerThread1     5836 4256   !   4       javafx.scene.Parent$3::onProposedChange (753 bytes)

VM state: not at safepoint (normal execution)

VM Mutex/Monitor currently owned by a thread: None

Heap address: 0x0000000741a00000, size: 3046 MB, Compressed Oops mode: Zero based, Oop shift amount: 3

CDS archive(s) mapped at: [0x0000000800000000-0x0000000800bc0000-0x0000000800bc0000), size 12320768, SharedBaseAddress: 0x0000000800000000, ArchiveRelocationMode: 0.
Compressed class space mapped at: 0x0000000800c00000-0x0000000840c00000, reserved size: 1073741824
Narrow klass base: 0x0000000800000000, Narrow klass shift: 0, Narrow klass range: 0x100000000

GC Precious Log:
 CPUs: 8 total, 8 available
 Memory: 12180M
 Large Page Support: Disabled
 NUMA Support: Disabled
 Compressed Oops: Enabled (Zero based)
 Heap Region Size: 2M
 Heap Min Capacity: 8M
 Heap Initial Capacity: 192M
 Heap Max Capacity: 3046M
 Pre-touch: Disabled
 Parallel Workers: 8
 Concurrent Workers: 2
 Concurrent Refinement Workers: 8
 Periodic GC: Disabled

Heap:
 garbage-first heap   total 415744K, used 199888K [0x0000000741a00000, 0x0000000800000000)
  region size 2048K, 15 young (30720K), 4 survivors (8192K)
 Metaspace       used 15406K, committed 15616K, reserved 1064960K
  class space    used 1869K, committed 1984K, reserved 1048576K

Heap Regions: E=young(eden), S=young(survivor), O=old, HS=humongous(starts), HC=humongous(continues), CS=collection set, F=free, OA=open archive, CA=closed archive, TAMS=top-at-mark-start (previous, next)
|   0|0x0000000741a00000, 0x0000000741c00000, 0x0000000741c00000|100%| O|  |TAMS 0x0000000741c00000, 0x0000000741c00000| Untracked 
|   1|0x0000000741c00000, 0x0000000741e00000, 0x0000000741e00000|100%| O|  |TAMS 0x0000000741e00000, 0x0000000741e00000| Untracked 
|   2|0x0000000741e00000, 0x0000000742000000, 0x0000000742000000|100%| O|  |TAMS 0x0000000742000000, 0x0000000742000000| Untracked 
|   3|0x0000000742000000, 0x0000000742200000, 0x0000000742200000|100%| O|  |TAMS 0x0000000742200000, 0x0000000742200000| Untracked 
|   4|0x0000000742200000, 0x0000000742400000, 0x0000000742400000|100%| O|  |TAMS 0x0000000742400000, 0x0000000742400000| Untracked 
|   5|0x0000000742400000, 0x0000000742600000, 0x0000000742600000|100%| O|  |TAMS 0x0000000742600000, 0x0000000742600000| Untracked 
|   6|0x0000000742600000, 0x0000000742800000, 0x0000000742800000|100%| O|  |TAMS 0x0000000742800000, 0x0000000742800000| Untracked 
|   7|0x0000000742800000, 0x0000000742a00000, 0x0000000742a00000|100%| O|  |TAMS 0x0000000742a00000, 0x0000000742a00000| Untracked 
|   8|0x0000000742a00000, 0x0000000742c00000, 0x0000000742c00000|100%| O|  |TAMS 0x0000000742c00000, 0x0000000742c00000| Untracked 
|   9|0x0000000742c00000, 0x0000000742e00000, 0x0000000742e00000|100%| O|  |TAMS 0x0000000742e00000, 0x0000000742e00000| Untracked 
|  10|0x0000000742e00000, 0x0000000743000000, 0x0000000743000000|100%| O|  |TAMS 0x0000000743000000, 0x0000000743000000| Untracked 
|  11|0x0000000743000000, 0x0000000743200000, 0x0000000743200000|100%|HS|  |TAMS 0x0000000743200000, 0x0000000743200000| Complete 
|  12|0x0000000743200000, 0x0000000743400000, 0x0000000743400000|100%|HC|  |TAMS 0x0000000743400000, 0x0000000743400000| Complete 
|  13|0x0000000743400000, 0x0000000743600000, 0x0000000743600000|100%|HS|  |TAMS 0x0000000743600000, 0x0000000743600000| Complete 
|  14|0x0000000743600000, 0x0000000743800000, 0x0000000743800000|100%|HS|  |TAMS 0x0000000743800000, 0x0000000743800000| Complete 
|  15|0x0000000743800000, 0x0000000743a00000, 0x0000000743a00000|100%|HC|  |TAMS 0x0000000743a00000, 0x0000000743a00000| Complete 
|  16|0x0000000743a00000, 0x0000000743c00000, 0x0000000743c00000|100%|HC|  |TAMS 0x0000000743c00000, 0x0000000743c00000| Complete 
|  17|0x0000000743c00000, 0x0000000743e00000, 0x0000000743e00000|100%|HC|  |TAMS 0x0000000743e00000, 0x0000000743e00000| Complete 
|  18|0x0000000743e00000, 0x0000000744000000, 0x0000000744000000|100%|HC|  |TAMS 0x0000000744000000, 0x0000000744000000| Complete 
|  19|0x0000000744000000, 0x0000000744200000, 0x0000000744200000|100%|HC|  |TAMS 0x0000000744200000, 0x0000000744200000| Complete 
|  20|0x0000000744200000, 0x0000000744400000, 0x0000000744400000|100%|HC|  |TAMS 0x0000000744400000, 0x0000000744400000| Complete 
|  21|0x0000000744400000, 0x0000000744600000, 0x0000000744600000|100%|HC|  |TAMS 0x0000000744600000, 0x0000000744600000| Complete 
|  22|0x0000000744600000, 0x0000000744800000, 0x0000000744800000|100%|HC|  |TAMS 0x0000000744800000, 0x0000000744800000| Complete 
|  23|0x0000000744800000, 0x0000000744a00000, 0x0000000744a00000|100%|HC|  |TAMS 0x0000000744a00000, 0x0000000744a00000| Complete 
|  24|0x0000000744a00000, 0x0000000744c00000, 0x0000000744c00000|100%|HC|  |TAMS 0x0000000744c00000, 0x0000000744c00000| Complete 
|  25|0x0000000744c00000, 0x0000000744e00000, 0x0000000744e00000|100%|HC|  |TAMS 0x0000000744e00000, 0x0000000744e00000| Complete 
|  26|0x0000000744e00000, 0x0000000745000000, 0x0000000745000000|100%|HC|  |TAMS 0x0000000745000000, 0x0000000745000000| Complete 
|  27|0x0000000745000000, 0x0000000745200000, 0x0000000745200000|100%|HC|  |TAMS 0x0000000745200000, 0x0000000745200000| Complete 
|  28|0x0000000745200000, 0x0000000745400000, 0x0000000745400000|100%|HC|  |TAMS 0x0000000745400000, 0x0000000745400000| Complete 
|  29|0x0000000745400000, 0x0000000745600000, 0x0000000745600000|100%|HC|  |TAMS 0x0000000745600000, 0x0000000745600000| Complete 
|  30|0x0000000745600000, 0x0000000745800000, 0x0000000745800000|100%|HC|  |TAMS 0x0000000745800000, 0x0000000745800000| Complete 
|  31|0x0000000745800000, 0x0000000745a00000, 0x0000000745a00000|100%|HC|  |TAMS 0x0000000745a00000, 0x0000000745a00000| Complete 
|  32|0x0000000745a00000, 0x0000000745c00000, 0x0000000745c00000|100%|HC|  |TAMS 0x0000000745c00000, 0x0000000745c00000| Complete 
|  33|0x0000000745c00000, 0x0000000745e00000, 0x0000000745e00000|100%|HC|  |TAMS 0x0000000745e00000, 0x0000000745e00000| Complete 
|  34|0x0000000745e00000, 0x0000000746000000, 0x0000000746000000|100%|HC|  |TAMS 0x0000000746000000, 0x0000000746000000| Complete 
|  35|0x0000000746000000, 0x0000000746200000, 0x0000000746200000|100%|HC|  |TAMS 0x0000000746200000, 0x0000000746200000| Complete 
|  36|0x0000000746200000, 0x0000000746400000, 0x0000000746400000|100%|HC|  |TAMS 0x0000000746400000, 0x0000000746400000| Complete 
|  37|0x0000000746400000, 0x0000000746600000, 0x0000000746600000|100%|HC|  |TAMS 0x0000000746600000, 0x0000000746600000| Complete 
|  38|0x0000000746600000, 0x0000000746800000, 0x0000000746800000|100%|HS|  |TAMS 0x0000000746800000, 0x0000000746800000| Complete 
|  39|0x0000000746800000, 0x0000000746a00000, 0x0000000746a00000|100%|HS|  |TAMS 0x0000000746a00000, 0x0000000746a00000| Complete 
|  40|0x0000000746a00000, 0x0000000746c00000, 0x0000000746c00000|100%|HS|  |TAMS 0x0000000746c00000, 0x0000000746c00000| Complete 
|  41|0x0000000746c00000, 0x0000000746e00000, 0x0000000746e00000|100%|HS|  |TAMS 0x0000000746e00000, 0x0000000746e00000| Complete 
|  42|0x0000000746e00000, 0x0000000747000000, 0x0000000747000000|100%|HS|  |TAMS 0x0000000747000000, 0x0000000747000000| Complete 
|  43|0x0000000747000000, 0x0000000747200000, 0x0000000747200000|100%| O|  |TAMS 0x0000000747200000, 0x0000000747200000| Untracked 
|  44|0x0000000747200000, 0x0000000747400000, 0x0000000747400000|100%| O|  |TAMS 0x0000000747400000, 0x0000000747400000| Untracked 
|  45|0x0000000747400000, 0x0000000747600000, 0x0000000747600000|100%| O|  |TAMS 0x0000000747600000, 0x0000000747600000| Untracked 
|  46|0x0000000747600000, 0x0000000747800000, 0x0000000747800000|100%| O|  |TAMS 0x0000000747800000, 0x0000000747800000| Untracked 
|  47|0x0000000747800000, 0x0000000747a00000, 0x0000000747a00000|100%| O|  |TAMS 0x0000000747a00000, 0x0000000747a00000| Untracked 
|  48|0x0000000747a00000, 0x0000000747c00000, 0x0000000747c00000|100%| O|  |TAMS 0x0000000747c00000, 0x0000000747c00000| Untracked 
|  49|0x0000000747c00000, 0x0000000747e00000, 0x0000000747e00000|100%| O|  |TAMS 0x0000000747e00000, 0x0000000747e00000| Untracked 
|  50|0x0000000747e00000, 0x0000000748000000, 0x0000000748000000|100%| O|  |TAMS 0x0000000748000000, 0x0000000748000000| Untracked 
|  51|0x0000000748000000, 0x0000000748200000, 0x0000000748200000|100%| O|  |TAMS 0x0000000748200000, 0x0000000748200000| Untracked 
|  52|0x0000000748200000, 0x0000000748400000, 0x0000000748400000|100%|HS|  |TAMS 0x0000000748400000, 0x0000000748400000| Complete 
|  53|0x0000000748400000, 0x0000000748600000, 0x0000000748600000|100%|HS|  |TAMS 0x0000000748600000, 0x0000000748600000| Complete 
|  54|0x0000000748600000, 0x0000000748800000, 0x0000000748800000|100%|HS|  |TAMS 0x0000000748800000, 0x0000000748800000| Complete 
|  55|0x0000000748800000, 0x0000000748a00000, 0x0000000748a00000|100%|HS|  |TAMS 0x0000000748a00000, 0x0000000748a00000| Complete 
|  56|0x0000000748a00000, 0x0000000748c00000, 0x0000000748c00000|100%|HS|  |TAMS 0x0000000748c00000, 0x0000000748c00000| Complete 
|  57|0x0000000748c00000, 0x0000000748e00000, 0x0000000748e00000|100%|HS|  |TAMS 0x0000000748e00000, 0x0000000748e00000| Complete 
|  58|0x0000000748e00000, 0x0000000749000000, 0x0000000749000000|100%|HS|  |TAMS 0x0000000749000000, 0x0000000749000000| Complete 
|  59|0x0000000749000000, 0x0000000749200000, 0x0000000749200000|100%|HC|  |TAMS 0x0000000749200000, 0x0000000749200000| Complete 
|  60|0x0000000749200000, 0x0000000749400000, 0x0000000749400000|100%|HC|  |TAMS 0x0000000749400000, 0x0000000749400000| Complete 
|  61|0x0000000749400000, 0x0000000749600000, 0x0000000749600000|100%| O|  |TAMS 0x0000000749600000, 0x0000000749600000| Untracked 
|  62|0x0000000749600000, 0x0000000749800000, 0x0000000749800000|100%| O|  |TAMS 0x0000000749800000, 0x0000000749800000| Untracked 
|  63|0x0000000749800000, 0x0000000749a00000, 0x0000000749a00000|100%| O|  |TAMS 0x0000000749a00000, 0x0000000749a00000| Untracked 
|  64|0x0000000749a00000, 0x0000000749c00000, 0x0000000749c00000|100%|HS|  |TAMS 0x0000000749c00000, 0x0000000749c00000| Complete 
|  65|0x0000000749c00000, 0x0000000749e00000, 0x0000000749e00000|100%|HC|  |TAMS 0x0000000749e00000, 0x0000000749e00000| Complete 
|  66|0x0000000749e00000, 0x000000074a000000, 0x000000074a000000|100%| O|  |TAMS 0x000000074a000000, 0x000000074a000000| Untracked 
|  67|0x000000074a000000, 0x000000074a200000, 0x000000074a200000|100%| O|  |TAMS 0x000000074a200000, 0x000000074a200000| Untracked 
|  68|0x000000074a200000, 0x000000074a400000, 0x000000074a400000|100%| O|  |TAMS 0x000000074a200000, 0x000000074a3bec00| Untracked 
|  69|0x000000074a400000, 0x000000074a600000, 0x000000074a600000|100%| O|  |TAMS 0x000000074a600000, 0x000000074a600000| Untracked 
|  70|0x000000074a600000, 0x000000074a800000, 0x000000074a800000|100%| O|  |TAMS 0x000000074a800000, 0x000000074a800000| Untracked 
|  71|0x000000074a800000, 0x000000074aa00000, 0x000000074aa00000|100%| O|  |TAMS 0x000000074aa00000, 0x000000074aa00000| Untracked 
|  72|0x000000074aa00000, 0x000000074ac00000, 0x000000074ac00000|100%| O|  |TAMS 0x000000074ac00000, 0x000000074ac00000| Untracked 
|  73|0x000000074ac00000, 0x000000074ae00000, 0x000000074ae00000|100%| O|  |TAMS 0x000000074ae00000, 0x000000074ae00000| Untracked 
|  74|0x000000074ae00000, 0x000000074b000000, 0x000000074b000000|100%| O|  |TAMS 0x000000074b000000, 0x000000074b000000| Untracked 
|  75|0x000000074b000000, 0x000000074b200000, 0x000000074b200000|100%|HS|  |TAMS 0x000000074b200000, 0x000000074b200000| Complete 
|  76|0x000000074b200000, 0x000000074b400000, 0x000000074b400000|100%|HS|  |TAMS 0x000000074b200000, 0x000000074b400000| Complete 
|  77|0x000000074b400000, 0x000000074b600000, 0x000000074b600000|100%|HS|  |TAMS 0x000000074b400000, 0x000000074b400000| Complete 
|  78|0x000000074b600000, 0x000000074b800000, 0x000000074b800000|100%| O|  |TAMS 0x000000074b800000, 0x000000074b800000| Untracked 
|  79|0x000000074b800000, 0x000000074ba00000, 0x000000074ba00000|100%| O|  |TAMS 0x000000074b968c00, 0x000000074ba00000| Untracked 
|  80|0x000000074ba00000, 0x000000074bc00000, 0x000000074bc00000|100%| O|  |TAMS 0x000000074ba00000, 0x000000074ba00000| Untracked 
|  81|0x000000074bc00000, 0x000000074bc42400, 0x000000074be00000| 12%| O|  |TAMS 0x000000074bc00000, 0x000000074bc00000| Untracked 
|  82|0x000000074be00000, 0x000000074c000000, 0x000000074c000000|100%|HS|  |TAMS 0x000000074be00000, 0x000000074be00000| Complete 
|  83|0x000000074c000000, 0x000000074c200000, 0x000000074c200000|100%|HS|  |TAMS 0x000000074c000000, 0x000000074c000000| Complete 
|  84|0x000000074c200000, 0x000000074c400000, 0x000000074c400000|100%|HS|  |TAMS 0x000000074c200000, 0x000000074c200000| Complete 
|  85|0x000000074c400000, 0x000000074c400000, 0x000000074c600000|  0%| F|  |TAMS 0x000000074c400000, 0x000000074c400000| Untracked 
|  86|0x000000074c600000, 0x000000074c600000, 0x000000074c800000|  0%| F|  |TAMS 0x000000074c600000, 0x000000074c600000| Untracked 
|  87|0x000000074c800000, 0x000000074c800000, 0x000000074ca00000|  0%| F|  |TAMS 0x000000074c800000, 0x000000074c800000| Untracked 
|  88|0x000000074ca00000, 0x000000074ca00000, 0x000000074cc00000|  0%| F|  |TAMS 0x000000074ca00000, 0x000000074ca00000| Untracked 
|  89|0x000000074cc00000, 0x000000074cc00000, 0x000000074ce00000|  0%| F|  |TAMS 0x000000074cc00000, 0x000000074cc00000| Untracked 
|  90|0x000000074ce00000, 0x000000074ce00000, 0x000000074d000000|  0%| F|  |TAMS 0x000000074ce00000, 0x000000074ce00000| Untracked 
|  91|0x000000074d000000, 0x000000074d000000, 0x000000074d200000|  0%| F|  |TAMS 0x000000074d000000, 0x000000074d000000| Untracked 
|  92|0x000000074d200000, 0x000000074d200000, 0x000000074d400000|  0%| F|  |TAMS 0x000000074d200000, 0x000000074d200000| Untracked 
|  93|0x000000074d400000, 0x000000074d400000, 0x000000074d600000|  0%| F|  |TAMS 0x000000074d400000, 0x000000074d400000| Untracked 
|  94|0x000000074d600000, 0x000000074d600000, 0x000000074d800000|  0%| F|  |TAMS 0x000000074d600000, 0x000000074d600000| Untracked 
|  95|0x000000074d800000, 0x000000074d800000, 0x000000074da00000|  0%| F|  |TAMS 0x000000074d800000, 0x000000074d800000| Untracked 
|  96|0x000000074da00000, 0x000000074da00000, 0x000000074dc00000|  0%| F|  |TAMS 0x000000074da00000, 0x000000074da00000| Untracked 
|  97|0x000000074dc00000, 0x000000074dc00000, 0x000000074de00000|  0%| F|  |TAMS 0x000000074dc00000, 0x000000074dc00000| Untracked 
|  98|0x000000074de00000, 0x000000074de00000, 0x000000074e000000|  0%| F|  |TAMS 0x000000074de00000, 0x000000074de00000| Untracked 
|  99|0x000000074e000000, 0x000000074e000000, 0x000000074e200000|  0%| F|  |TAMS 0x000000074e000000, 0x000000074e000000| Untracked 
| 100|0x000000074e200000, 0x000000074e200000, 0x000000074e400000|  0%| F|  |TAMS 0x000000074e200000, 0x000000074e200000| Untracked 
| 101|0x000000074e400000, 0x000000074e400000, 0x000000074e600000|  0%| F|  |TAMS 0x000000074e400000, 0x000000074e400000| Untracked 
| 102|0x000000074e600000, 0x000000074e600000, 0x000000074e800000|  0%| F|  |TAMS 0x000000074e600000, 0x000000074e600000| Untracked 
| 103|0x000000074e800000, 0x000000074e800000, 0x000000074ea00000|  0%| F|  |TAMS 0x000000074e800000, 0x000000074e800000| Untracked 
| 104|0x000000074ea00000, 0x000000074ea00000, 0x000000074ec00000|  0%| F|  |TAMS 0x000000074ea00000, 0x000000074ea00000| Untracked 
| 105|0x000000074ec00000, 0x000000074ec00000, 0x000000074ee00000|  0%| F|  |TAMS 0x000000074ec00000, 0x000000074ec00000| Untracked 
| 106|0x000000074ee00000, 0x000000074ee00000, 0x000000074f000000|  0%| F|  |TAMS 0x000000074ee00000, 0x000000074ee00000| Untracked 
| 107|0x000000074f000000, 0x000000074f000000, 0x000000074f200000|  0%| F|  |TAMS 0x000000074f000000, 0x000000074f000000| Untracked 
| 108|0x000000074f200000, 0x000000074f200000, 0x000000074f400000|  0%| F|  |TAMS 0x000000074f200000, 0x000000074f200000| Untracked 
| 109|0x000000074f400000, 0x000000074f400000, 0x000000074f600000|  0%| F|  |TAMS 0x000000074f400000, 0x000000074f400000| Untracked 
| 110|0x000000074f600000, 0x000000074f600000, 0x000000074f800000|  0%| F|  |TAMS 0x000000074f600000, 0x000000074f600000| Untracked 
| 111|0x000000074f800000, 0x000000074f800000, 0x000000074fa00000|  0%| F|  |TAMS 0x000000074f800000, 0x000000074f800000| Untracked 
| 112|0x000000074fa00000, 0x000000074fa00000, 0x000000074fc00000|  0%| F|  |TAMS 0x000000074fa00000, 0x000000074fa00000| Untracked 
| 113|0x000000074fc00000, 0x000000074fc00000, 0x000000074fe00000|  0%| F|  |TAMS 0x000000074fc00000, 0x000000074fc00000| Untracked 
| 114|0x000000074fe00000, 0x000000074fe00000, 0x0000000750000000|  0%| F|  |TAMS 0x000000074fe00000, 0x000000074fe00000| Untracked 
| 115|0x0000000750000000, 0x0000000750000000, 0x0000000750200000|  0%| F|  |TAMS 0x0000000750000000, 0x0000000750000000| Untracked 
| 116|0x0000000750200000, 0x0000000750200000, 0x0000000750400000|  0%| F|  |TAMS 0x0000000750200000, 0x0000000750200000| Untracked 
| 117|0x0000000750400000, 0x0000000750400000, 0x0000000750600000|  0%| F|  |TAMS 0x0000000750400000, 0x0000000750400000| Untracked 
| 118|0x0000000750600000, 0x0000000750600000, 0x0000000750800000|  0%| F|  |TAMS 0x0000000750600000, 0x0000000750600000| Untracked 
| 119|0x0000000750800000, 0x0000000750800000, 0x0000000750a00000|  0%| F|  |TAMS 0x0000000750800000, 0x0000000750800000| Untracked 
| 120|0x0000000750a00000, 0x0000000750a00000, 0x0000000750c00000|  0%| F|  |TAMS 0x0000000750a00000, 0x0000000750a00000| Untracked 
| 121|0x0000000750c00000, 0x0000000750c00000, 0x0000000750e00000|  0%| F|  |TAMS 0x0000000750c00000, 0x0000000750c00000| Untracked 
| 122|0x0000000750e00000, 0x0000000750e00000, 0x0000000751000000|  0%| F|  |TAMS 0x0000000750e00000, 0x0000000750e00000| Untracked 
| 123|0x0000000751000000, 0x0000000751000000, 0x0000000751200000|  0%| F|  |TAMS 0x0000000751000000, 0x0000000751000000| Untracked 
| 124|0x0000000751200000, 0x0000000751200000, 0x0000000751400000|  0%| F|  |TAMS 0x0000000751200000, 0x0000000751200000| Untracked 
| 125|0x0000000751400000, 0x0000000751400000, 0x0000000751600000|  0%| F|  |TAMS 0x0000000751400000, 0x0000000751400000| Untracked 
| 126|0x0000000751600000, 0x0000000751600000, 0x0000000751800000|  0%| F|  |TAMS 0x0000000751600000, 0x0000000751600000| Untracked 
| 127|0x0000000751800000, 0x0000000751800000, 0x0000000751a00000|  0%| F|  |TAMS 0x0000000751800000, 0x0000000751800000| Untracked 
| 128|0x0000000751a00000, 0x0000000751a00000, 0x0000000751c00000|  0%| F|  |TAMS 0x0000000751a00000, 0x0000000751a00000| Untracked 
| 129|0x0000000751c00000, 0x0000000751c00000, 0x0000000751e00000|  0%| F|  |TAMS 0x0000000751c00000, 0x0000000751c00000| Untracked 
| 130|0x0000000751e00000, 0x0000000751e00000, 0x0000000752000000|  0%| F|  |TAMS 0x0000000751e00000, 0x0000000751e00000| Untracked 
| 131|0x0000000752000000, 0x0000000752000000, 0x0000000752200000|  0%| F|  |TAMS 0x0000000752000000, 0x0000000752000000| Untracked 
| 132|0x0000000752200000, 0x0000000752200000, 0x0000000752400000|  0%| F|  |TAMS 0x0000000752200000, 0x0000000752200000| Untracked 
| 133|0x0000000752400000, 0x0000000752400000, 0x0000000752600000|  0%| F|  |TAMS 0x0000000752400000, 0x0000000752400000| Untracked 
| 134|0x0000000752600000, 0x0000000752600000, 0x0000000752800000|  0%| F|  |TAMS 0x0000000752600000, 0x0000000752600000| Untracked 
| 135|0x0000000752800000, 0x0000000752800000, 0x0000000752a00000|  0%| F|  |TAMS 0x0000000752800000, 0x0000000752800000| Untracked 
| 136|0x0000000752a00000, 0x0000000752a00000, 0x0000000752c00000|  0%| F|  |TAMS 0x0000000752a00000, 0x0000000752a00000| Untracked 
| 137|0x0000000752c00000, 0x0000000752c00000, 0x0000000752e00000|  0%| F|  |TAMS 0x0000000752c00000, 0x0000000752c00000| Untracked 
| 138|0x0000000752e00000, 0x0000000752ef1ef0, 0x0000000753000000| 47%| S|CS|TAMS 0x0000000752e00000, 0x0000000752e00000| Complete 
| 139|0x0000000753000000, 0x0000000753000000, 0x0000000753200000|  0%| F|  |TAMS 0x0000000753000000, 0x0000000753000000| Untracked 
| 140|0x0000000753200000, 0x0000000753200000, 0x0000000753400000|  0%| F|  |TAMS 0x0000000753200000, 0x0000000753200000| Untracked 
| 141|0x0000000753400000, 0x0000000753400000, 0x0000000753600000|  0%| F|  |TAMS 0x0000000753400000, 0x0000000753400000| Untracked 
| 142|0x0000000753600000, 0x0000000753600000, 0x0000000753800000|  0%| F|  |TAMS 0x0000000753600000, 0x0000000753600000| Untracked 
| 143|0x0000000753800000, 0x0000000753800000, 0x0000000753a00000|  0%| F|  |TAMS 0x0000000753800000, 0x0000000753800000| Untracked 
| 144|0x0000000753a00000, 0x0000000753a00000, 0x0000000753c00000|  0%| F|  |TAMS 0x0000000753a00000, 0x0000000753a00000| Untracked 
| 145|0x0000000753c00000, 0x0000000753e00000, 0x0000000753e00000|100%| S|CS|TAMS 0x0000000753c00000, 0x0000000753c00000| Complete 
| 146|0x0000000753e00000, 0x0000000754000000, 0x0000000754000000|100%| S|CS|TAMS 0x0000000753e00000, 0x0000000753e00000| Complete 
| 147|0x0000000754000000, 0x0000000754200000, 0x0000000754200000|100%| S|CS|TAMS 0x0000000754000000, 0x0000000754000000| Complete 
| 148|0x0000000754200000, 0x0000000754200000, 0x0000000754400000|  0%| F|  |TAMS 0x0000000754200000, 0x0000000754200000| Untracked 
| 149|0x0000000754400000, 0x0000000754400000, 0x0000000754600000|  0%| F|  |TAMS 0x0000000754400000, 0x0000000754400000| Untracked 
| 150|0x0000000754600000, 0x0000000754600000, 0x0000000754800000|  0%| F|  |TAMS 0x0000000754600000, 0x0000000754600000| Untracked 
| 151|0x0000000754800000, 0x0000000754800000, 0x0000000754a00000|  0%| F|  |TAMS 0x0000000754800000, 0x0000000754800000| Untracked 
| 152|0x0000000754a00000, 0x0000000754a00000, 0x0000000754c00000|  0%| F|  |TAMS 0x0000000754a00000, 0x0000000754a00000| Untracked 
| 153|0x0000000754c00000, 0x0000000754c00000, 0x0000000754e00000|  0%| F|  |TAMS 0x0000000754c00000, 0x0000000754c00000| Untracked 
| 154|0x0000000754e00000, 0x0000000754e00000, 0x0000000755000000|  0%| F|  |TAMS 0x0000000754e00000, 0x0000000754e00000| Untracked 
| 155|0x0000000755000000, 0x0000000755000000, 0x0000000755200000|  0%| F|  |TAMS 0x0000000755000000, 0x0000000755000000| Untracked 
| 156|0x0000000755200000, 0x0000000755200000, 0x0000000755400000|  0%| F|  |TAMS 0x0000000755200000, 0x0000000755200000| Untracked 
| 157|0x0000000755400000, 0x0000000755400000, 0x0000000755600000|  0%| F|  |TAMS 0x0000000755400000, 0x0000000755400000| Untracked 
| 158|0x0000000755600000, 0x0000000755600000, 0x0000000755800000|  0%| F|  |TAMS 0x0000000755600000, 0x0000000755600000| Untracked 
| 159|0x0000000755800000, 0x0000000755800000, 0x0000000755a00000|  0%| F|  |TAMS 0x0000000755800000, 0x0000000755800000| Untracked 
| 160|0x0000000755a00000, 0x0000000755a00000, 0x0000000755c00000|  0%| F|  |TAMS 0x0000000755a00000, 0x0000000755a00000| Untracked 
| 161|0x0000000755c00000, 0x0000000755c00000, 0x0000000755e00000|  0%| F|  |TAMS 0x0000000755c00000, 0x0000000755c00000| Untracked 
| 162|0x0000000755e00000, 0x0000000755e00000, 0x0000000756000000|  0%| F|  |TAMS 0x0000000755e00000, 0x0000000755e00000| Untracked 
| 163|0x0000000756000000, 0x0000000756000000, 0x0000000756200000|  0%| F|  |TAMS 0x0000000756000000, 0x0000000756000000| Untracked 
| 164|0x0000000756200000, 0x0000000756200000, 0x0000000756400000|  0%| F|  |TAMS 0x0000000756200000, 0x0000000756200000| Untracked 
| 165|0x0000000756400000, 0x0000000756400000, 0x0000000756600000|  0%| F|  |TAMS 0x0000000756400000, 0x0000000756400000| Untracked 
| 166|0x0000000756600000, 0x0000000756600000, 0x0000000756800000|  0%| F|  |TAMS 0x0000000756600000, 0x0000000756600000| Untracked 
| 167|0x0000000756800000, 0x0000000756800000, 0x0000000756a00000|  0%| F|  |TAMS 0x0000000756800000, 0x0000000756800000| Untracked 
| 168|0x0000000756a00000, 0x0000000756a00000, 0x0000000756c00000|  0%| F|  |TAMS 0x0000000756a00000, 0x0000000756a00000| Untracked 
| 169|0x0000000756c00000, 0x0000000756c00000, 0x0000000756e00000|  0%| F|  |TAMS 0x0000000756c00000, 0x0000000756c00000| Untracked 
| 170|0x0000000756e00000, 0x0000000756e00000, 0x0000000757000000|  0%| F|  |TAMS 0x0000000756e00000, 0x0000000756e00000| Untracked 
| 171|0x0000000757000000, 0x0000000757000000, 0x0000000757200000|  0%| F|  |TAMS 0x0000000757000000, 0x0000000757000000| Untracked 
| 172|0x0000000757200000, 0x0000000757200000, 0x0000000757400000|  0%| F|  |TAMS 0x0000000757200000, 0x0000000757200000| Untracked 
| 173|0x0000000757400000, 0x0000000757400000, 0x0000000757600000|  0%| F|  |TAMS 0x0000000757400000, 0x0000000757400000| Untracked 
| 174|0x0000000757600000, 0x0000000757600000, 0x0000000757800000|  0%| F|  |TAMS 0x0000000757600000, 0x0000000757600000| Untracked 
| 175|0x0000000757800000, 0x0000000757800000, 0x0000000757a00000|  0%| F|  |TAMS 0x0000000757800000, 0x0000000757800000| Untracked 
| 176|0x0000000757a00000, 0x0000000757a00000, 0x0000000757c00000|  0%| F|  |TAMS 0x0000000757a00000, 0x0000000757a00000| Untracked 
| 177|0x0000000757c00000, 0x0000000757c00000, 0x0000000757e00000|  0%| F|  |TAMS 0x0000000757c00000, 0x0000000757c00000| Untracked 
| 178|0x0000000757e00000, 0x0000000757e00000, 0x0000000758000000|  0%| F|  |TAMS 0x0000000757e00000, 0x0000000757e00000| Untracked 
| 179|0x0000000758000000, 0x0000000758000000, 0x0000000758200000|  0%| F|  |TAMS 0x0000000758000000, 0x0000000758000000| Untracked 
| 180|0x0000000758200000, 0x0000000758200000, 0x0000000758400000|  0%| F|  |TAMS 0x0000000758200000, 0x0000000758200000| Untracked 
| 181|0x0000000758400000, 0x0000000758400000, 0x0000000758600000|  0%| F|  |TAMS 0x0000000758400000, 0x0000000758400000| Untracked 
| 182|0x0000000758600000, 0x0000000758600000, 0x0000000758800000|  0%| F|  |TAMS 0x0000000758600000, 0x0000000758600000| Untracked 
| 183|0x0000000758800000, 0x0000000758800000, 0x0000000758a00000|  0%| F|  |TAMS 0x0000000758800000, 0x0000000758800000| Untracked 
| 184|0x0000000758a00000, 0x0000000758a00000, 0x0000000758c00000|  0%| F|  |TAMS 0x0000000758a00000, 0x0000000758a00000| Untracked 
| 185|0x0000000758c00000, 0x0000000758c00000, 0x0000000758e00000|  0%| F|  |TAMS 0x0000000758c00000, 0x0000000758c00000| Untracked 
| 186|0x0000000758e00000, 0x0000000758e00000, 0x0000000759000000|  0%| F|  |TAMS 0x0000000758e00000, 0x0000000758e00000| Untracked 
| 187|0x0000000759000000, 0x0000000759000000, 0x0000000759200000|  0%| F|  |TAMS 0x0000000759000000, 0x0000000759000000| Untracked 
| 188|0x0000000759200000, 0x0000000759200000, 0x0000000759400000|  0%| F|  |TAMS 0x0000000759200000, 0x0000000759200000| Untracked 
| 189|0x0000000759400000, 0x0000000759400000, 0x0000000759600000|  0%| F|  |TAMS 0x0000000759400000, 0x0000000759400000| Untracked 
| 190|0x0000000759600000, 0x0000000759600000, 0x0000000759800000|  0%| F|  |TAMS 0x0000000759600000, 0x0000000759600000| Untracked 
| 191|0x0000000759800000, 0x0000000759800000, 0x0000000759a00000|  0%| F|  |TAMS 0x0000000759800000, 0x0000000759800000| Untracked 
| 192|0x0000000759a00000, 0x0000000759a00800, 0x0000000759c00000|  0%| E|  |TAMS 0x0000000759a00000, 0x0000000759a00000| Complete 
| 193|0x0000000759c00000, 0x0000000759e00000, 0x0000000759e00000|100%| E|CS|TAMS 0x0000000759c00000, 0x0000000759c00000| Complete 
| 194|0x0000000759e00000, 0x000000075a000000, 0x000000075a000000|100%| E|CS|TAMS 0x0000000759e00000, 0x0000000759e00000| Complete 
| 195|0x000000075a000000, 0x000000075a200000, 0x000000075a200000|100%| E|CS|TAMS 0x000000075a000000, 0x000000075a000000| Complete 
| 196|0x000000075a200000, 0x000000075a400000, 0x000000075a400000|100%| E|CS|TAMS 0x000000075a200000, 0x000000075a200000| Complete 
| 197|0x000000075a400000, 0x000000075a600000, 0x000000075a600000|100%| E|CS|TAMS 0x000000075a400000, 0x000000075a400000| Complete 
| 198|0x000000075a600000, 0x000000075a800000, 0x000000075a800000|100%| E|CS|TAMS 0x000000075a600000, 0x000000075a600000| Complete 
| 199|0x000000075a800000, 0x000000075aa00000, 0x000000075aa00000|100%| E|CS|TAMS 0x000000075a800000, 0x000000075a800000| Complete 
| 200|0x000000075aa00000, 0x000000075ac00000, 0x000000075ac00000|100%| E|CS|TAMS 0x000000075aa00000, 0x000000075aa00000| Complete 
| 201|0x000000075ac00000, 0x000000075ae00000, 0x000000075ae00000|100%| E|CS|TAMS 0x000000075ac00000, 0x000000075ac00000| Complete 
| 202|0x000000075ae00000, 0x000000075b000000, 0x000000075b000000|100%| E|CS|TAMS 0x000000075ae00000, 0x000000075ae00000| Complete 

Card table byte_map: [0x000002c89b280000,0x000002c89b880000] _byte_map_base: 0x000002c897873000

Marking Bits (Prev, Next): (CMBitMap*) 0x000002c88412daf0, (CMBitMap*) 0x000002c88412dab0
 Prev Bits: [0x000002c89ee20000, 0x000002c8a1db8000)
 Next Bits: [0x000002c89be80000, 0x000002c89ee18000)

Polling page: 0x000002c8820c0000

Metaspace:

Usage:
  Non-class:     13.22 MB used.
      Class:      1.83 MB used.
       Both:     15.05 MB used.

Virtual space:
  Non-class space:       16.00 MB reserved,      13.31 MB ( 83%) committed,  2 nodes.
      Class space:        1.00 GB reserved,       1.94 MB ( <1%) committed,  1 nodes.
             Both:        1.02 GB reserved,      15.25 MB (  1%) committed. 

Chunk freelists:
   Non-Class:  2.14 MB
       Class:  1.98 MB
        Both:  4.12 MB

MaxMetaspaceSize: unlimited
CompressedClassSpaceSize: 1.00 GB
Initial GC threshold: 21.00 MB
Current GC threshold: 25.44 MB
CDS: on
MetaspaceReclaimPolicy: balanced
 - commit_granule_bytes: 65536.
 - commit_granule_words: 8192.
 - virtual_space_node_default_size: 1048576.
 - enlarge_chunks_in_place: 1.
 - new_chunks_are_fully_committed: 0.
 - uncommit_free_chunks: 1.
 - use_allocation_guard: 0.
 - handle_deallocations: 1.


Internal statistics:

num_allocs_failed_limit: 0.
num_arena_births: 196.
num_arena_deaths: 0.
num_vsnodes_births: 3.
num_vsnodes_deaths: 0.
num_space_committed: 244.
num_space_uncommitted: 0.
num_chunks_returned_to_freelist: 0.
num_chunks_taken_from_freelist: 623.
num_chunk_merges: 0.
num_chunk_splits: 447.
num_chunks_enlarged: 357.
num_purges: 0.
num_inconsistent_stats: 0.

CodeHeap 'non-profiled nmethods': size=120000Kb used=2886Kb max_used=2886Kb free=117113Kb
 bounds [0x000002c893420000, 0x000002c893700000, 0x000002c89a950000]
CodeHeap 'profiled nmethods': size=120000Kb used=8618Kb max_used=8618Kb free=111381Kb
 bounds [0x000002c88bef0000, 0x000002c88c760000, 0x000002c893420000]
CodeHeap 'non-nmethods': size=5760Kb used=1443Kb max_used=1570Kb free=4316Kb
 bounds [0x000002c88b950000, 0x000002c88bbc0000, 0x000002c88bef0000]
 total_blobs=5084 nmethods=4274 adapters=722
 compilation: enabled
              stopped_count=0, restarted_count=0
 full_count=0

Compilation events (20 events):
Event: 5.736 Thread 0x000002c8a47f1fc0 nmethod 4306 0x000002c88c756a90 code [0x000002c88c756c20, 0x000002c88c756dd8]
Event: 5.742 Thread 0x000002c8a47f1fc0 4308       3       com.sun.javafx.event.EventHandlerManager::dispatchBubblingEvent (23 bytes)
Event: 5.742 Thread 0x000002c8a47f1fc0 nmethod 4308 0x000002c88c756e90 code [0x000002c88c757040, 0x000002c88c757358]
Event: 5.742 Thread 0x000002c8a47f1fc0 4307       3       com.sun.javafx.event.CompositeEventDispatcher::dispatchBubblingEvent (35 bytes)
Event: 5.743 Thread 0x000002c8a47f1fc0 nmethod 4307 0x000002c88c757490 code [0x000002c88c757660, 0x000002c88c757ab8]
Event: 5.746 Thread 0x000002c8acc269a0 nmethod 4296 0x000002c8936e1410 code [0x000002c8936e15c0, 0x000002c8936e1eb8]
Event: 5.746 Thread 0x000002c8acc269a0 4301       4       javafx.scene.Parent::layout (160 bytes)
Event: 5.758 Thread 0x000002c8a47f1fc0 4309       3       com.sun.javafx.event.EventDispatchChainImpl::insertFirst (42 bytes)
Event: 5.758 Thread 0x000002c8a47f1fc0 nmethod 4309 0x000002c88c757c10 code [0x000002c88c757dc0, 0x000002c88c758098]
Event: 5.763 Thread 0x000002c8acc269a0 nmethod 4301 0x000002c8936e2190 code [0x000002c8936e23e0, 0x000002c8936e3228]
Event: 5.763 Thread 0x000002c8acc269a0 4195       4       com.sun.javafx.sg.prism.NGGroup::clearDirty (21 bytes)
Event: 5.765 Thread 0x000002c8acc269a0 nmethod 4195 0x000002c8936e3b90 code [0x000002c8936e3d20, 0x000002c8936e3f28]
Event: 5.765 Thread 0x000002c8acc269a0 4298       4       javafx.scene.layout.Region::resize (43 bytes)
Event: 5.768 Thread 0x000002c8a47f1fc0 4310       3       java.util.WeakHashMap::<init> (133 bytes)
Event: 5.769 Thread 0x000002c8a47f1fc0 nmethod 4310 0x000002c88c758190 code [0x000002c88c7584e0, 0x000002c88c7599e8]
Event: 5.782 Thread 0x000002c8acc269a0 nmethod 4298 0x000002c8936e4090 code [0x000002c8936e4380, 0x000002c8936e52c8]
Event: 5.784 Thread 0x000002c8a47f1fc0 4311       3       java.util.concurrent.locks.AbstractQueuedSynchronizer$ConditionObject::signal (34 bytes)
Event: 5.784 Thread 0x000002c8a47f1fc0 nmethod 4311 0x000002c88c75a090 code [0x000002c88c75a260, 0x000002c88c75a5c8]
Event: 5.784 Thread 0x000002c8a47f1fc0 4312       3       java.util.WeakHashMap::<init> (9 bytes)
Event: 5.784 Thread 0x000002c8a47f1fc0 nmethod 4312 0x000002c88c75a710 code [0x000002c88c75a8e0, 0x000002c88c75aa28]

GC Heap History (20 events):
Event: 1.619 GC heap before
{Heap before GC invocations=4 (full 0):
 garbage-first heap   total 204800K, used 127489K [0x0000000741a00000, 0x0000000800000000)
  region size 2048K, 3 young (6144K), 2 survivors (4096K)
 Metaspace       used 8207K, committed 8384K, reserved 1064960K
  class space    used 1042K, committed 1088K, reserved 1048576K
}
Event: 1.623 GC heap after
{Heap after GC invocations=5 (full 0):
 garbage-first heap   total 204800K, used 130192K [0x0000000741a00000, 0x0000000800000000)
  region size 2048K, 1 young (2048K), 1 survivors (2048K)
 Metaspace       used 8207K, committed 8384K, reserved 1064960K
  class space    used 1042K, committed 1088K, reserved 1048576K
}
Event: 1.846 GC heap before
{Heap before GC invocations=6 (full 0):
 garbage-first heap   total 233472K, used 144528K [0x0000000741a00000, 0x0000000800000000)
  region size 2048K, 8 young (16384K), 1 survivors (2048K)
 Metaspace       used 8756K, committed 8960K, reserved 1064960K
  class space    used 1117K, committed 1216K, reserved 1048576K
}
Event: 1.849 GC heap after
{Heap after GC invocations=7 (full 0):
 garbage-first heap   total 233472K, used 142505K [0x0000000741a00000, 0x0000000800000000)
  region size 2048K, 2 young (4096K), 2 survivors (4096K)
 Metaspace       used 8756K, committed 8960K, reserved 1064960K
  class space    used 1117K, committed 1216K, reserved 1048576K
}
Event: 2.479 GC heap before
{Heap before GC invocations=8 (full 0):
 garbage-first heap   total 245760K, used 171177K [0x0000000741a00000, 0x0000000800000000)
  region size 2048K, 15 young (30720K), 2 survivors (4096K)
 Metaspace       used 11669K, committed 11904K, reserved 1064960K
  class space    used 1535K, committed 1664K, reserved 1048576K
}
Event: 2.488 GC heap after
{Heap after GC invocations=9 (full 0):
 garbage-first heap   total 245760K, used 152440K [0x0000000741a00000, 0x0000000800000000)
  region size 2048K, 2 young (4096K), 2 survivors (4096K)
 Metaspace       used 11669K, committed 11904K, reserved 1064960K
  class space    used 1535K, committed 1664K, reserved 1048576K
}
Event: 3.054 GC heap before
{Heap before GC invocations=9 (full 0):
 garbage-first heap   total 245760K, used 158584K [0x0000000741a00000, 0x0000000800000000)
  region size 2048K, 6 young (12288K), 2 survivors (4096K)
 Metaspace       used 14681K, committed 14912K, reserved 1064960K
  class space    used 1840K, committed 1920K, reserved 1048576K
}
Event: 3.060 GC heap after
{Heap after GC invocations=10 (full 0):
 garbage-first heap   total 245760K, used 154210K [0x0000000741a00000, 0x0000000800000000)
  region size 2048K, 1 young (2048K), 1 survivors (2048K)
 Metaspace       used 14681K, committed 14912K, reserved 1064960K
  class space    used 1840K, committed 1920K, reserved 1048576K
}
Event: 3.419 GC heap before
{Heap before GC invocations=11 (full 0):
 garbage-first heap   total 266240K, used 158306K [0x0000000741a00000, 0x0000000800000000)
  region size 2048K, 3 young (6144K), 1 survivors (2048K)
 Metaspace       used 14915K, committed 15168K, reserved 1064960K
  class space    used 1864K, committed 1984K, reserved 1048576K
}
Event: 3.422 GC heap after
{Heap after GC invocations=12 (full 0):
 garbage-first heap   total 266240K, used 156283K [0x0000000741a00000, 0x0000000800000000)
  region size 2048K, 1 young (2048K), 1 survivors (2048K)
 Metaspace       used 14915K, committed 15168K, reserved 1064960K
  class space    used 1864K, committed 1984K, reserved 1048576K
}
Event: 3.664 GC heap before
{Heap before GC invocations=13 (full 0):
 garbage-first heap   total 274432K, used 166523K [0x0000000741a00000, 0x0000000800000000)
  region size 2048K, 6 young (12288K), 1 survivors (2048K)
 Metaspace       used 15094K, committed 15360K, reserved 1064960K
  class space    used 1865K, committed 1984K, reserved 1048576K
}
Event: 3.671 GC heap after
{Heap after GC invocations=14 (full 0):
 garbage-first heap   total 274432K, used 161857K [0x0000000741a00000, 0x0000000800000000)
  region size 2048K, 3 young (6144K), 3 survivors (6144K)
 Metaspace       used 15094K, committed 15360K, reserved 1064960K
  class space    used 1865K, committed 1984K, reserved 1048576K
}
Event: 3.888 GC heap before
{Heap before GC invocations=15 (full 0):
 garbage-first heap   total 286720K, used 172097K [0x0000000741a00000, 0x0000000800000000)
  region size 2048K, 8 young (16384K), 3 survivors (6144K)
 Metaspace       used 15205K, committed 15424K, reserved 1064960K
  class space    used 1865K, committed 1984K, reserved 1048576K
}
Event: 3.895 GC heap after
{Heap after GC invocations=16 (full 0):
 garbage-first heap   total 286720K, used 164418K [0x0000000741a00000, 0x0000000800000000)
  region size 2048K, 4 young (8192K), 4 survivors (8192K)
 Metaspace       used 15205K, committed 15424K, reserved 1064960K
  class space    used 1865K, committed 1984K, reserved 1048576K
}
Event: 4.136 GC heap before
{Heap before GC invocations=17 (full 0):
 garbage-first heap   total 294912K, used 174658K [0x0000000741a00000, 0x0000000800000000)
  region size 2048K, 9 young (18432K), 4 survivors (8192K)
 Metaspace       used 15308K, committed 15552K, reserved 1064960K
  class space    used 1868K, committed 1984K, reserved 1048576K
}
Event: 4.145 GC heap after
{Heap after GC invocations=18 (full 0):
 garbage-first heap   total 294912K, used 166870K [0x0000000741a00000, 0x0000000800000000)
  region size 2048K, 3 young (6144K), 3 survivors (6144K)
 Metaspace       used 15308K, committed 15552K, reserved 1064960K
  class space    used 1868K, committed 1984K, reserved 1048576K
}
Event: 4.366 GC heap before
{Heap before GC invocations=19 (full 0):
 garbage-first heap   total 296960K, used 175062K [0x0000000741a00000, 0x0000000800000000)
  region size 2048K, 8 young (16384K), 3 survivors (6144K)
 Metaspace       used 15332K, committed 15616K, reserved 1064960K
  class space    used 1868K, committed 1984K, reserved 1048576K
}
Event: 4.374 GC heap after
{Heap after GC invocations=20 (full 0):
 garbage-first heap   total 296960K, used 167851K [0x0000000741a00000, 0x0000000800000000)
  region size 2048K, 4 young (8192K), 4 survivors (8192K)
 Metaspace       used 15332K, committed 15616K, reserved 1064960K
  class space    used 1868K, committed 1984K, reserved 1048576K
}
Event: 4.613 GC heap before
{Heap before GC invocations=21 (full 0):
 garbage-first heap   total 305152K, used 180139K [0x0000000741a00000, 0x0000000800000000)
  region size 2048K, 10 young (20480K), 4 survivors (8192K)
 Metaspace       used 15361K, committed 15616K, reserved 1064960K
  class space    used 1868K, committed 1984K, reserved 1048576K
}
Event: 4.622 GC heap after
{Heap after GC invocations=22 (full 0):
 garbage-first heap   total 415744K, used 171216K [0x0000000741a00000, 0x0000000800000000)
  region size 2048K, 4 young (8192K), 4 survivors (8192K)
 Metaspace       used 15361K, committed 15616K, reserved 1064960K
  class space    used 1868K, committed 1984K, reserved 1048576K
}

Deoptimization events (20 events):
Event: 5.471 Thread 0x000002c8a60bdd10 Uncommon trap: trap_request=0xffffffbe fr.pc=0x000002c89369b340 relative=0x0000000000007660
Event: 5.471 Thread 0x000002c8a60bdd10 Uncommon trap: reason=profile_predicate action=maybe_recompile pc=0x000002c89369b340 method=javafx.scene.CssStyleHelper.transitionToState(Ljavafx/scene/Node;)V @ 291 c2
Event: 5.471 Thread 0x000002c8a60bdd10 DEOPT PACKING pc=0x000002c89369b340 sp=0x000000f9c0bfdcc0
Event: 5.471 Thread 0x000002c8a60bdd10 DEOPT UNPACKING pc=0x000002c88b9a23a3 sp=0x000000f9c0bfdc58 mode 2
Event: 5.524 Thread 0x000002c8a5eda900 Uncommon trap: trap_request=0xffffffc6 fr.pc=0x000002c893512ba4 relative=0x0000000000000084
Event: 5.524 Thread 0x000002c8a5eda900 Uncommon trap: reason=bimorphic_or_optimized_type_check action=maybe_recompile pc=0x000002c893512ba4 method=java.util.Collections$UnmodifiableCollection.size()I @ 4 c2
Event: 5.524 Thread 0x000002c8a5eda900 DEOPT PACKING pc=0x000002c893512ba4 sp=0x000000f9c09fe1d0
Event: 5.524 Thread 0x000002c8a5eda900 DEOPT UNPACKING pc=0x000002c88b9a23a3 sp=0x000000f9c09fe160 mode 2
Event: 5.571 Thread 0x000002c8a5eda900 Uncommon trap: trap_request=0xfffffff6 fr.pc=0x000002c8936cc49c relative=0x00000000000011bc
Event: 5.571 Thread 0x000002c8a5eda900 Uncommon trap: reason=null_check action=maybe_recompile pc=0x000002c8936cc49c method=com.sun.prism.impl.BaseGraphics.drawTexture(Lcom/sun/prism/Texture;FFFFFFFF)V @ 20 c2
Event: 5.572 Thread 0x000002c8a5eda900 DEOPT PACKING pc=0x000002c8936cc49c sp=0x000000f9c09fe890
Event: 5.572 Thread 0x000002c8a5eda900 DEOPT UNPACKING pc=0x000002c88b9a23a3 sp=0x000000f9c09fe7c0 mode 2
Event: 5.587 Thread 0x000002c8a5eda900 Uncommon trap: trap_request=0xfffffff6 fr.pc=0x000002c8936cc49c relative=0x00000000000011bc
Event: 5.587 Thread 0x000002c8a5eda900 Uncommon trap: reason=null_check action=maybe_recompile pc=0x000002c8936cc49c method=com.sun.prism.impl.BaseGraphics.drawTexture(Lcom/sun/prism/Texture;FFFFFFFF)V @ 20 c2
Event: 5.587 Thread 0x000002c8a5eda900 DEOPT PACKING pc=0x000002c8936cc49c sp=0x000000f9c09fe890
Event: 5.587 Thread 0x000002c8a5eda900 DEOPT UNPACKING pc=0x000002c88b9a23a3 sp=0x000000f9c09fe7c0 mode 2
Event: 5.645 Thread 0x000002c8a5eda900 Uncommon trap: trap_request=0xfffffff6 fr.pc=0x000002c8936cc49c relative=0x00000000000011bc
Event: 5.645 Thread 0x000002c8a5eda900 Uncommon trap: reason=null_check action=maybe_recompile pc=0x000002c8936cc49c method=com.sun.prism.impl.BaseGraphics.drawTexture(Lcom/sun/prism/Texture;FFFFFFFF)V @ 20 c2
Event: 5.645 Thread 0x000002c8a5eda900 DEOPT PACKING pc=0x000002c8936cc49c sp=0x000000f9c09fe890
Event: 5.645 Thread 0x000002c8a5eda900 DEOPT UNPACKING pc=0x000002c88b9a23a3 sp=0x000000f9c09fe7c0 mode 2

Classes unloaded (0 events):
No events

Classes redefined (0 events):
No events

Internal exceptions (20 events):
Event: 2.935 Thread 0x000002c8a60bdd10 Exception <a 'java/lang/NoSuchMethodError'{0x0000000750790680}: 'long java.lang.invoke.DirectMethodHandle$Holder.invokeStatic(java.lang.Object, java.lang.Object, java.lang.Object)'> (0x0000000750790680) 
thrown [s\open\src\hotspot\share\interpreter\linkResolver.cpp, line 759]
Event: 2.935 Thread 0x000002c8a60bdd10 Exception <a 'java/lang/NoSuchMethodError'{0x0000000750793e28}: 'long java.lang.invoke.DirectMethodHandle$Holder.invokeStaticInit(java.lang.Object, java.lang.Object, java.lang.Object)'> (0x0000000750793e28) 
thrown [s\open\src\hotspot\share\interpreter\linkResolver.cpp, line 759]
Event: 2.940 Thread 0x000002c8a60bdd10 Exception <a 'java/lang/NoSuchMethodError'{0x0000000750406f38}: 'java.lang.Object java.lang.invoke.DirectMethodHandle$Holder.newInvokeSpecial(java.lang.Object, java.lang.Object, long)'> (0x0000000750406f38) 
thrown [s\open\src\hotspot\share\interpreter\linkResolver.cpp, line 759]
Event: 2.941 Thread 0x000002c8a60bdd10 Exception <a 'java/lang/NoSuchMethodError'{0x000000075040aaa8}: 'java.lang.Object java.lang.invoke.Invokers$Holder.linkToTargetMethod(java.lang.Object, long, java.lang.Object)'> (0x000000075040aaa8) 
thrown [s\open\src\hotspot\share\interpreter\linkResolver.cpp, line 759]
Event: 2.954 Thread 0x000002c8a60bdd10 Exception <a 'java/lang/ClassNotFoundException'{0x0000000750439990}: sun/awt/resources/spi/awtProvider> (0x0000000750439990) 
thrown [s\open\src\hotspot\share\classfile\systemDictionary.cpp, line 256]
Event: 2.960 Thread 0x000002c8a60bdd10 Exception <a 'java/io/FileNotFoundException'{0x000000075043c7b8}> (0x000000075043c7b8) 
thrown [s\open\src\hotspot\share\prims\jni.cpp, line 516]
Event: 2.962 Thread 0x000002c8a60bdd10 Exception <a 'java/io/FileNotFoundException'{0x0000000750441110}> (0x0000000750441110) 
thrown [s\open\src\hotspot\share\prims\jni.cpp, line 516]
Event: 3.301 Thread 0x000002c8a60bdd10 Exception <a 'java/lang/NoSuchMethodError'{0x00000007508c24f8}: 'java.lang.Object java.lang.invoke.DirectMethodHandle$Holder.newInvokeSpecial(java.lang.Object, java.lang.Object, int, int, int, int, int, java.lang.Object)'> (0x00000007508c24f8) 
thrown [s\open\src\hotspot\share\interpreter\linkResolver.cpp, line 759]
Event: 3.303 Thread 0x000002c8a60bdd10 Exception <a 'java/lang/NoSuchMethodError'{0x00000007508d54d8}: 'java.lang.Object java.lang.invoke.DirectMethodHandle$Holder.newInvokeSpecial(java.lang.Object, java.lang.Object, java.lang.Object, int, int, int, int, int)'> (0x00000007508d54d8) 
thrown [s\open\src\hotspot\share\interpreter\linkResolver.cpp, line 759]
Event: 3.304 Thread 0x000002c8a60bdd10 Exception <a 'java/lang/NoSuchMethodError'{0x00000007508dcd38}: 'java.lang.Object java.lang.invoke.Invokers$Holder.linkToTargetMethod(java.lang.Object, java.lang.Object, int, int, int, int, int, java.lang.Object)'> (0x00000007508dcd38) 
thrown [s\open\src\hotspot\share\interpreter\linkResolver.cpp, line 759]
Event: 3.533 Thread 0x000002c8a60bdd10 Implicit null exception at 0x000002c89356f3d4 to 0x000002c8935712c8
Event: 5.524 Thread 0x000002c8a5eda900 Implicit null exception at 0x000002c88c48e68a to 0x000002c88c48f05b
Event: 5.524 Thread 0x000002c8a5eda900 Exception <a 'java/lang/NullPointerException'{0x000000075a4be4c8}> (0x000000075a4be4c8) 
thrown [s\open\src\hotspot\share\runtime\sharedRuntime.cpp, line 628]
Event: 5.571 Thread 0x000002c8a5eda900 Implicit null exception at 0x000002c8936cb374 to 0x000002c8936cc490
Event: 5.587 Thread 0x000002c8a5eda900 Implicit null exception at 0x000002c8936cb374 to 0x000002c8936cc490
Event: 5.645 Thread 0x000002c8a5eda900 Implicit null exception at 0x000002c8936cb374 to 0x000002c8936cc490
Event: 5.663 Thread 0x000002c8a5eda900 Implicit null exception at 0x000002c88c48e68a to 0x000002c88c48f05b
Event: 5.663 Thread 0x000002c8a5eda900 Exception <a 'java/lang/NullPointerException'{0x0000000759eaecc0}> (0x0000000759eaecc0) 
thrown [s\open\src\hotspot\share\runtime\sharedRuntime.cpp, line 628]
Event: 5.718 Thread 0x000002c8a5eda900 Implicit null exception at 0x000002c88c48e68a to 0x000002c88c48f05b
Event: 5.718 Thread 0x000002c8a5eda900 Exception <a 'java/lang/NullPointerException'{0x0000000759ee7c70}> (0x0000000759ee7c70) 
thrown [s\open\src\hotspot\share\runtime\sharedRuntime.cpp, line 628]

VM Operations (20 events):
Event: 3.885 Executing VM operation: G1TryInitiateConcMark
Event: 3.896 Executing VM operation: G1TryInitiateConcMark done
Event: 3.968 Executing VM operation: G1Concurrent
Event: 3.971 Executing VM operation: G1Concurrent done
Event: 4.003 Executing VM operation: G1Concurrent
Event: 4.004 Executing VM operation: G1Concurrent done
Event: 4.136 Executing VM operation: G1TryInitiateConcMark
Event: 4.145 Executing VM operation: G1TryInitiateConcMark done
Event: 4.226 Executing VM operation: G1Concurrent
Event: 4.228 Executing VM operation: G1Concurrent done
Event: 4.266 Executing VM operation: G1Concurrent
Event: 4.266 Executing VM operation: G1Concurrent done
Event: 4.366 Executing VM operation: G1TryInitiateConcMark
Event: 4.374 Executing VM operation: G1TryInitiateConcMark done
Event: 4.459 Executing VM operation: G1Concurrent
Event: 4.461 Executing VM operation: G1Concurrent done
Event: 4.494 Executing VM operation: G1Concurrent
Event: 4.494 Executing VM operation: G1Concurrent done
Event: 4.613 Executing VM operation: G1TryInitiateConcMark
Event: 4.622 Executing VM operation: G1TryInitiateConcMark done

Events (20 events):
Event: 4.023 loading class sun/awt/AppContext done
Event: 4.023 loading class sun/awt/AppContext$GetAppContextLock
Event: 4.024 loading class sun/awt/AppContext$GetAppContextLock done
Event: 4.024 loading class sun/awt/AppContext$6
Event: 4.024 loading class jdk/internal/access/JavaAWTAccess
Event: 4.024 loading class jdk/internal/access/JavaAWTAccess done
Event: 4.024 loading class sun/awt/AppContext$6 done
Event: 4.024 loading class java/util/IdentityHashMap$ValueIterator
Event: 4.024 loading class java/util/IdentityHashMap$ValueIterator done
Event: 4.024 Thread 0x000002c8ad0c60f0 Thread exited: 0x000002c8ad0c60f0
Event: 5.429 Thread 0x000002c8acc269a0 Thread exited: 0x000002c8acc269a0
Event: 5.432 Thread 0x000002c8acc27310 Thread exited: 0x000002c8acc27310
Event: 5.438 Thread 0x000002c8acc27310 Thread added: 0x000002c8acc27310
Event: 5.438 Thread 0x000002c8acc269a0 Thread added: 0x000002c8acc269a0
Event: 5.524 loading class java/lang/Throwable$WrappedPrintStream
Event: 5.524 loading class java/lang/Throwable$PrintStreamOrWriter
Event: 5.524 loading class java/lang/Throwable$PrintStreamOrWriter done
Event: 5.524 loading class java/lang/Throwable$WrappedPrintStream done
Event: 5.524 loading class java/lang/StackTraceElement$HashedModules
Event: 5.524 loading class java/lang/StackTraceElement$HashedModules done


Dynamic libraries:
0x00007ff63ec80000 - 0x00007ff63ec90000 	C:\Program Files\Java\jdk-17.0.4\bin\java.exe
0x00007ff896c50000 - 0x00007ff896e48000 	C:\Windows\SYSTEM32\ntdll.dll
0x00007ff894e50000 - 0x00007ff894f0d000 	C:\Windows\System32\KERNEL32.DLL
0x00007ff894740000 - 0x00007ff894a0e000 	C:\Windows\System32\KERNELBASE.dll
0x00007ff894540000 - 0x00007ff894640000 	C:\Windows\System32\ucrtbase.dll
0x00007ff87ff50000 - 0x00007ff87ff6a000 	C:\Program Files\Java\jdk-17.0.4\bin\VCRUNTIME140.dll
0x00007ff87ff70000 - 0x00007ff87ff88000 	C:\Program Files\Java\jdk-17.0.4\bin\jli.dll
0x00007ff8962b0000 - 0x00007ff89635e000 	C:\Windows\System32\ADVAPI32.dll
0x00007ff894f10000 - 0x00007ff894fae000 	C:\Windows\System32\msvcrt.dll
0x00007ff896b40000 - 0x00007ff896bdc000 	C:\Windows\System32\sechost.dll
0x00007ff895d80000 - 0x00007ff895ea5000 	C:\Windows\System32\RPCRT4.dll
0x00007ff894cb0000 - 0x00007ff894e50000 	C:\Windows\System32\USER32.dll
0x00007ff885d60000 - 0x00007ff885ffa000 	C:\Windows\WinSxS\amd64_microsoft.windows.common-controls_6595b64144ccf1df_6.0.19041.1110_none_60b5254171f9507e\COMCTL32.dll
0x00007ff894670000 - 0x00007ff894692000 	C:\Windows\System32\win32u.dll
0x00007ff896be0000 - 0x00007ff896c0a000 	C:\Windows\System32\GDI32.dll
0x00007ff894ba0000 - 0x00007ff894cab000 	C:\Windows\System32\gdi32full.dll
0x00007ff8946a0000 - 0x00007ff89473d000 	C:\Windows\System32\msvcp_win.dll
0x00007ff88d5c0000 - 0x00007ff88d5ca000 	C:\Windows\SYSTEM32\VERSION.dll
0x00007ff8961b0000 - 0x00007ff8961e0000 	C:\Windows\System32\IMM32.DLL
0x00007ff87ff40000 - 0x00007ff87ff4c000 	C:\Program Files\Java\jdk-17.0.4\bin\vcruntime140_1.dll
0x00007ff87feb0000 - 0x00007ff87ff3d000 	C:\Program Files\Java\jdk-17.0.4\bin\msvcp140.dll
0x00007ff839250000 - 0x00007ff839e12000 	C:\Program Files\Java\jdk-17.0.4\bin\server\jvm.dll
0x00007ff8963e0000 - 0x00007ff8963e8000 	C:\Windows\System32\PSAPI.DLL
0x00007ff88e470000 - 0x00007ff88e497000 	C:\Windows\SYSTEM32\WINMM.dll
0x00007ff876d60000 - 0x00007ff876d69000 	C:\Windows\SYSTEM32\WSOCK32.dll
0x00007ff895fc0000 - 0x00007ff89602b000 	C:\Windows\System32\WS2_32.dll
0x00007ff892c20000 - 0x00007ff892c32000 	C:\Windows\SYSTEM32\kernel.appcore.dll
0x00007ff87fea0000 - 0x00007ff87feaa000 	C:\Program Files\Java\jdk-17.0.4\bin\jimage.dll
0x00007ff892110000 - 0x00007ff8922f4000 	C:\Windows\SYSTEM32\DBGHELP.DLL
0x00007ff876d30000 - 0x00007ff876d5c000 	C:\Windows\SYSTEM32\dbgcore.DLL
0x00007ff894b10000 - 0x00007ff894b92000 	C:\Windows\System32\bcryptPrimitives.dll
0x00007ff88fb20000 - 0x00007ff88fb2e000 	C:\Program Files\Java\jdk-17.0.4\bin\instrument.dll
0x00007ff87fe70000 - 0x00007ff87fe95000 	C:\Program Files\Java\jdk-17.0.4\bin\java.dll
0x00007ff87fd90000 - 0x00007ff87fe66000 	C:\Program Files\Java\jdk-17.0.4\bin\jsvml.dll
0x00007ff8963f0000 - 0x00007ff896b33000 	C:\Windows\System32\SHELL32.dll
0x00007ff892320000 - 0x00007ff892ab5000 	C:\Windows\SYSTEM32\windows.storage.dll
0x00007ff895a20000 - 0x00007ff895d74000 	C:\Windows\System32\combase.dll
0x00007ff893d00000 - 0x00007ff893d30000 	C:\Windows\SYSTEM32\Wldp.dll
0x00007ff895970000 - 0x00007ff895a1d000 	C:\Windows\System32\SHCORE.dll
0x00007ff896380000 - 0x00007ff8963d5000 	C:\Windows\System32\shlwapi.dll
0x00007ff8942b0000 - 0x00007ff8942cf000 	C:\Windows\SYSTEM32\profapi.dll
0x00007ff8699b0000 - 0x00007ff8699c9000 	C:\Program Files\Java\jdk-17.0.4\bin\net.dll
0x00007ff88dd40000 - 0x00007ff88de4a000 	C:\Windows\SYSTEM32\WINHTTP.dll
0x00007ff893a60000 - 0x00007ff893aca000 	C:\Windows\system32\mswsock.dll
0x00007ff869990000 - 0x00007ff8699a6000 	C:\Program Files\Java\jdk-17.0.4\bin\nio.dll
0x00007ff869970000 - 0x00007ff869988000 	C:\Program Files\Java\jdk-17.0.4\bin\zip.dll
0x00007ff88faf0000 - 0x00007ff88fb0a000 	C:\Program Files\JetBrains\IntelliJ IDEA 2022.2\bin\breakgen64.dll
0x000002c884060000 - 0x000002c884063000 	C:\Users\F1\.openjfx\cache\17.0.2-ea\api-ms-win-core-console-l1-1-0.dll
0x000002c884070000 - 0x000002c884073000 	C:\Users\F1\.openjfx\cache\17.0.2-ea\api-ms-win-core-console-l1-2-0.dll
0x000002c884080000 - 0x000002c884083000 	C:\Users\F1\.openjfx\cache\17.0.2-ea\api-ms-win-core-datetime-l1-1-0.dll
0x000002c884090000 - 0x000002c884093000 	C:\Users\F1\.openjfx\cache\17.0.2-ea\api-ms-win-core-debug-l1-1-0.dll
0x000002c8840a0000 - 0x000002c8840a3000 	C:\Users\F1\.openjfx\cache\17.0.2-ea\api-ms-win-core-errorhandling-l1-1-0.dll
0x000002c8a4940000 - 0x000002c8a4944000 	C:\Users\F1\.openjfx\cache\17.0.2-ea\api-ms-win-core-file-l1-1-0.dll
0x000002c8a4950000 - 0x000002c8a4953000 	C:\Users\F1\.openjfx\cache\17.0.2-ea\api-ms-win-core-file-l1-2-0.dll
0x000002c8a4960000 - 0x000002c8a4963000 	C:\Users\F1\.openjfx\cache\17.0.2-ea\api-ms-win-core-file-l2-1-0.dll
0x000002c8a4970000 - 0x000002c8a4973000 	C:\Users\F1\.openjfx\cache\17.0.2-ea\api-ms-win-core-handle-l1-1-0.dll
0x000002c8a4980000 - 0x000002c8a4983000 	C:\Users\F1\.openjfx\cache\17.0.2-ea\api-ms-win-core-heap-l1-1-0.dll
0x000002c8a4990000 - 0x000002c8a4993000 	C:\Users\F1\.openjfx\cache\17.0.2-ea\api-ms-win-core-interlocked-l1-1-0.dll
0x000002c8a49a0000 - 0x000002c8a49a3000 	C:\Users\F1\.openjfx\cache\17.0.2-ea\api-ms-win-core-libraryloader-l1-1-0.dll
0x000002c8a49b0000 - 0x000002c8a49b3000 	C:\Users\F1\.openjfx\cache\17.0.2-ea\api-ms-win-core-localization-l1-2-0.dll
0x000002c8a49c0000 - 0x000002c8a49c3000 	C:\Users\F1\.openjfx\cache\17.0.2-ea\api-ms-win-core-memory-l1-1-0.dll
0x000002c8a49d0000 - 0x000002c8a49d3000 	C:\Users\F1\.openjfx\cache\17.0.2-ea\api-ms-win-core-namedpipe-l1-1-0.dll
0x000002c8a49e0000 - 0x000002c8a49e3000 	C:\Users\F1\.openjfx\cache\17.0.2-ea\api-ms-win-core-processenvironment-l1-1-0.dll
0x000002c8a49f0000 - 0x000002c8a49f3000 	C:\Users\F1\.openjfx\cache\17.0.2-ea\api-ms-win-core-processthreads-l1-1-0.dll
0x000002c8a4a00000 - 0x000002c8a4a03000 	C:\Users\F1\.openjfx\cache\17.0.2-ea\api-ms-win-core-processthreads-l1-1-1.dll
0x000002c8a4a10000 - 0x000002c8a4a13000 	C:\Users\F1\.openjfx\cache\17.0.2-ea\api-ms-win-core-profile-l1-1-0.dll
0x000002c8a4a20000 - 0x000002c8a4a23000 	C:\Users\F1\.openjfx\cache\17.0.2-ea\api-ms-win-core-rtlsupport-l1-1-0.dll
0x000002c8a4a30000 - 0x000002c8a4a33000 	C:\Users\F1\.openjfx\cache\17.0.2-ea\api-ms-win-core-string-l1-1-0.dll
0x000002c8a4a40000 - 0x000002c8a4a43000 	C:\Users\F1\.openjfx\cache\17.0.2-ea\api-ms-win-core-synch-l1-1-0.dll
0x000002c8a4a50000 - 0x000002c8a4a53000 	C:\Users\F1\.openjfx\cache\17.0.2-ea\api-ms-win-core-synch-l1-2-0.dll
0x000002c8a4a60000 - 0x000002c8a4a63000 	C:\Users\F1\.openjfx\cache\17.0.2-ea\api-ms-win-core-sysinfo-l1-1-0.dll
0x000002c8a4a70000 - 0x000002c8a4a73000 	C:\Users\F1\.openjfx\cache\17.0.2-ea\api-ms-win-core-timezone-l1-1-0.dll
0x000002c8a4a80000 - 0x000002c8a4a83000 	C:\Users\F1\.openjfx\cache\17.0.2-ea\api-ms-win-core-util-l1-1-0.dll
0x000002c8a4a90000 - 0x000002c8a4a93000 	C:\Users\F1\.openjfx\cache\17.0.2-ea\api-ms-win-crt-conio-l1-1-0.dll
0x000002c8a4aa0000 - 0x000002c8a4aa4000 	C:\Users\F1\.openjfx\cache\17.0.2-ea\api-ms-win-crt-convert-l1-1-0.dll
0x000002c8a4ab0000 - 0x000002c8a4ab3000 	C:\Users\F1\.openjfx\cache\17.0.2-ea\api-ms-win-crt-environment-l1-1-0.dll
0x000002c8a4ac0000 - 0x000002c8a4ac3000 	C:\Users\F1\.openjfx\cache\17.0.2-ea\api-ms-win-crt-filesystem-l1-1-0.dll
0x000002c8a4ad0000 - 0x000002c8a4ad3000 	C:\Users\F1\.openjfx\cache\17.0.2-ea\api-ms-win-crt-heap-l1-1-0.dll
0x000002c8a4ae0000 - 0x000002c8a4ae3000 	C:\Users\F1\.openjfx\cache\17.0.2-ea\api-ms-win-crt-locale-l1-1-0.dll
0x000002c8a4af0000 - 0x000002c8a4af5000 	C:\Users\F1\.openjfx\cache\17.0.2-ea\api-ms-win-crt-math-l1-1-0.dll
0x000002c8a4b00000 - 0x000002c8a4b05000 	C:\Users\F1\.openjfx\cache\17.0.2-ea\api-ms-win-crt-multibyte-l1-1-0.dll
0x000002c8a4b10000 - 0x000002c8a4b20000 	C:\Users\F1\.openjfx\cache\17.0.2-ea\api-ms-win-crt-private-l1-1-0.dll
0x000002c8a4b20000 - 0x000002c8a4b23000 	C:\Users\F1\.openjfx\cache\17.0.2-ea\api-ms-win-crt-process-l1-1-0.dll
0x000002c8a4b30000 - 0x000002c8a4b34000 	C:\Users\F1\.openjfx\cache\17.0.2-ea\api-ms-win-crt-runtime-l1-1-0.dll
0x000002c8a4b40000 - 0x000002c8a4b44000 	C:\Users\F1\.openjfx\cache\17.0.2-ea\api-ms-win-crt-stdio-l1-1-0.dll
0x000002c8a4b50000 - 0x000002c8a4b54000 	C:\Users\F1\.openjfx\cache\17.0.2-ea\api-ms-win-crt-string-l1-1-0.dll
0x000002c8a4b60000 - 0x000002c8a4b63000 	C:\Users\F1\.openjfx\cache\17.0.2-ea\api-ms-win-crt-time-l1-1-0.dll
0x000002c8a4b70000 - 0x000002c8a4b73000 	C:\Users\F1\.openjfx\cache\17.0.2-ea\api-ms-win-crt-utility-l1-1-0.dll
0x00007ff8661b0000 - 0x00007ff8662ac000 	C:\Users\F1\.openjfx\cache\17.0.2-ea\ucrtbase.dll
0x00007ff88e1e0000 - 0x00007ff88e1fa000 	C:\Users\F1\.openjfx\cache\17.0.2-ea\vcruntime140.dll
0x00007ff88fa20000 - 0x00007ff88fa2c000 	C:\Users\F1\.openjfx\cache\17.0.2-ea\vcruntime140_1.dll
0x00007ff866120000 - 0x00007ff8661ad000 	C:\Users\F1\.openjfx\cache\17.0.2-ea\msvcp140.dll
0x00007ff883880000 - 0x00007ff8838aa000 	C:\Users\F1\.openjfx\cache\17.0.2-ea\prism_d3d.dll
0x00007ff85cb30000 - 0x00007ff85ccff000 	C:\Windows\system32\d3d9.dll
0x00007ff891b80000 - 0x00007ff891baf000 	C:\Windows\SYSTEM32\dwmapi.dll
0x00007ff891990000 - 0x00007ff891a2e000 	C:\Windows\system32\uxtheme.dll
0x00007ff822a70000 - 0x00007ff826695000 	C:\Windows\System32\DriverStore\FileRepository\igdlh64.inf_amd64_d44295a98a21a376\igdumdim64.dll
0x00007ff8961e0000 - 0x00007ff8962ad000 	C:\Windows\System32\OLEAUT32.dll
0x00007ff895620000 - 0x00007ff89574a000 	C:\Windows\System32\ole32.dll
0x00007ff894fb0000 - 0x00007ff89541f000 	C:\Windows\System32\SETUPAPI.dll
0x00007ff894a10000 - 0x00007ff894a5e000 	C:\Windows\System32\cfgmgr32.dll
0x00007ff894640000 - 0x00007ff894667000 	C:\Windows\System32\bcrypt.dll
0x00007ff872330000 - 0x00007ff872372000 	C:\Users\F1\.openjfx\cache\17.0.2-ea\glass.dll
0x00007ff895540000 - 0x00007ff89561a000 	C:\Windows\System32\COMDLG32.dll
0x00007ff895420000 - 0x00007ff895535000 	C:\Windows\System32\MSCTF.dll
0x00007ff884760000 - 0x00007ff885d5e000 	C:\Windows\System32\DriverStore\FileRepository\igdlh64.inf_amd64_d44295a98a21a376\igc64.dll
0x00007ff886d00000 - 0x00007ff886d3b000 	C:\Windows\SYSTEM32\dxcore.dll
0x00007ff88df60000 - 0x00007ff88df74000 	C:\Users\F1\.openjfx\cache\17.0.2-ea\javafx_font.dll
0x00007ff883850000 - 0x00007ff88387d000 	C:\Users\F1\.openjfx\cache\17.0.2-ea\javafx_iio.dll
0x00007ff86b5f0000 - 0x00007ff86b86f000 	C:\Windows\SYSTEM32\dwrite.dll
0x00007ff895f10000 - 0x00007ff895fb9000 	C:\Windows\System32\clbcatq.dll
0x00007ff889180000 - 0x00007ff889334000 	C:\Windows\SYSTEM32\WindowsCodecs.dll
0x00007ff869a40000 - 0x00007ff869a7e000 	C:\Windows\system32\dataexchange.dll
0x00007ff890b00000 - 0x00007ff890ce4000 	C:\Windows\system32\dcomp.dll
0x00007ff890840000 - 0x00007ff890aa3000 	C:\Windows\system32\d3d11.dll
0x00007ff892c60000 - 0x00007ff892d53000 	C:\Windows\system32\dxgi.dll
0x00007ff88c450000 - 0x00007ff88c650000 	C:\Windows\system32\twinapi.appcore.dll
0x00007ff87b550000 - 0x00007ff87b584000 	C:\Program Files\Common Files\Microsoft Shared\Ink\rtscom.dll
0x00007ff8813a0000 - 0x00007ff881499000 	C:\Windows\SYSTEM32\textinputframework.dll
0x00007ff891320000 - 0x00007ff89167e000 	C:\Windows\System32\CoreUIComponents.dll
0x00007ff891680000 - 0x00007ff891772000 	C:\Windows\System32\CoreMessaging.dll
0x00007ff893070000 - 0x00007ff8930a3000 	C:\Windows\SYSTEM32\ntmarta.dll
0x00007ff8910c0000 - 0x00007ff891214000 	C:\Windows\SYSTEM32\wintypes.dll
0x00007ff890280000 - 0x00007ff890840000 	C:\Windows\SYSTEM32\d2d1.dll
0x00007ff887330000 - 0x00007ff887a26000 	C:\Windows\SYSTEM32\D3D10Warp.dll
0x00007ff865d50000 - 0x00007ff865edf000 	C:\Program Files\Java\jdk-17.0.4\bin\awt.dll
0x00007ff891860000 - 0x00007ff8918f0000 	C:\Windows\SYSTEM32\apphelp.dll
0x00007ff86bcf0000 - 0x00007ff86be17000 	C:\Windows\system32\opengl32.dll

dbghelp: loaded successfully - version: 4.0.5 - missing functions: none
symbol engine: initialized successfully - sym options: 0x614 - pdb path: .;C:\Program Files\Java\jdk-17.0.4\bin;C:\Windows\SYSTEM32;C:\Windows\WinSxS\amd64_microsoft.windows.common-controls_6595b64144ccf1df_6.0.19041.1110_none_60b5254171f9507e;C:\Program Files\Java\jdk-17.0.4\bin\server;C:\Program Files\JetBrains\IntelliJ IDEA 2022.2\bin;C:\Users\F1\.openjfx\cache\17.0.2-ea;C:\Windows\System32\DriverStore\FileRepository\igdlh64.inf_amd64_d44295a98a21a376;C:\Program Files\Common Files\Microsoft Shared\Ink

VM Arguments:
jvm_args: -javaagent:C:\Program Files\JetBrains\IntelliJ IDEA 2022.2\lib\idea_rt.jar=54356:C:\Program Files\JetBrains\IntelliJ IDEA 2022.2\bin -Dfile.encoding=UTF-8 --module-path=C:\Users\F1\Desktop\AP\PROJECT\project-group-19\target\classes;C:\Users\F1\.m2\repository\org\openjfx\javafx-fxml\17.0.2\javafx-fxml-17.0.2-win.jar;C:\Users\F1\.m2\repository\org\openjfx\javafx-controls\17.0.2\javafx-controls-17.0.2-win.jar;C:\Users\F1\.m2\repository\org\openjfx\javafx-media\16\javafx-media-16-win.jar;C:\Users\F1\.m2\repository\org\openjfx\javafx-graphics\17.0.2\javafx-graphics-17.0.2-win.jar;C:\Users\F1\.m2\repository\org\openjfx\javafx-base\17.0.2\javafx-base-17.0.2-win.jar;C:\Users\F1\.m2\repository\com\google\code\gson\gson\2.8.1\gson-2.8.1.jar -Djdk.module.main=com.example.projectgroup19 
java_command: com.example.projectgroup19/view.TileManager
java_class_path (initial): C:\Users\F1\.m2\repository\org\openjfx\javafx-controls\17.0.2\javafx-controls-17.0.2.jar;C:\Users\F1\.m2\repository\org\openjfx\javafx-graphics\17.0.2\javafx-graphics-17.0.2.jar;C:\Users\F1\.m2\repository\org\openjfx\javafx-base\17.0.2\javafx-base-17.0.2.jar;C:\Users\F1\.m2\repository\org\openjfx\javafx-fxml\17.0.2\javafx-fxml-17.0.2.jar;C:\Users\F1\.m2\repository\org\openjfx\javafx-media\16\javafx-media-16.jar
Launcher Type: SUN_STANDARD

[Global flags]
     intx CICompilerCount                          = 4                                         {product} {ergonomic}
     uint ConcGCThreads                            = 2                                         {product} {ergonomic}
     uint G1ConcRefinementThreads                  = 8                                         {product} {ergonomic}
   size_t G1HeapRegionSize                         = 2097152                                   {product} {ergonomic}
    uintx GCDrainStackTargetSize                   = 64                                        {product} {ergonomic}
   size_t InitialHeapSize                          = 201326592                                 {product} {ergonomic}
   size_t MarkStackSize                            = 4194304                                   {product} {ergonomic}
   size_t MaxHeapSize                              = 3193962496                                {product} {ergonomic}
   size_t MaxNewSize                               = 1914699776                                {product} {ergonomic}
   size_t MinHeapDeltaBytes                        = 2097152                                   {product} {ergonomic}
   size_t MinHeapSize                              = 8388608                                   {product} {ergonomic}
    uintx NonNMethodCodeHeapSize                   = 5839372                                {pd product} {ergonomic}
    uintx NonProfiledCodeHeapSize                  = 122909434                              {pd product} {ergonomic}
    uintx ProfiledCodeHeapSize                     = 122909434                              {pd product} {ergonomic}
    uintx ReservedCodeCacheSize                    = 251658240                              {pd product} {ergonomic}
     bool SegmentedCodeCache                       = true                                      {product} {ergonomic}
   size_t SoftMaxHeapSize                          = 3193962496                             {manageable} {ergonomic}
     bool UseCompressedClassPointers               = true                           {product lp64_product} {ergonomic}
     bool UseCompressedOops                        = true                           {product lp64_product} {ergonomic}
     bool UseG1GC                                  = true                                      {product} {ergonomic}
     bool UseLargePagesIndividualAllocation        = false                                  {pd product} {ergonomic}

Logging:
Log output configuration:
 #0: stdout all=warning uptime,level,tags
 #1: stderr all=off uptime,level,tags

Environment Variables:
PATH=C:\Program Files\Common Files\Oracle\Java\javapath;C:\Windows\system32;C:\Windows;C:\Windows\System32\Wbem;C:\Windows\System32\WindowsPowerShell\v1.0\;C:\Windows\System32\OpenSSH\;C:\Program Files (x86)\NVIDIA Corporation\PhysX\Common;C:\Users\F1\Desktop\codeblocks-20.03mingw-nosetup\MinGW\bin;C:\Program Files\Git\cmd;C:\texlive\2022\bin\win32;%JAVA_HOME%\bin;C:\maven\apache-maven-3.9.1\bin;C:\Users\F1\AppData\Local\Microsoft\WindowsApps;C:\Users\F1\Desktop\codeblocks-20.03mingw-nosetup\MinGW\bin;;C:\Program Files\JetBrains\CLion 2022.2\bin;;C:\Program Files\JetBrains\IntelliJ IDEA 2022.2\bin;
USERNAME=F1
OS=Windows_NT
PROCESSOR_IDENTIFIER=Intel64 Family 6 Model 94 Stepping 3, GenuineIntel



---------------  S Y S T E M  ---------------

OS:
 Windows 10 , 64 bit Build 19041 (10.0.19041.1889)
OS uptime: 0 days 11:10 hours

CPU: total 8 (initial active 8) (4 cores per cpu, 2 threads per core) family 6 model 94 stepping 3 microcode 0xcc, cx8, cmov, fxsr, ht, mmx, 3dnowpref, sse, sse2, sse3, ssse3, sse4.1, sse4.2, popcnt, lzcnt, tsc, tscinvbit, avx, avx2, aes, erms, clmul, bmi1, bmi2, rtm, adx, fma, vzeroupper, clflush, clflushopt

Memory: 4k page, system-wide physical 12180M (2455M free)
TotalPageFile size 14228M (AvailPageFile size 13M)
current process WorkingSet (physical memory assigned to process): 1049M, peak: 1057M
current process commit charge ("private bytes"): 1233M, peak: 1290M

vm_info: Java HotSpot(TM) 64-Bit Server VM (17.0.4+11-LTS-179) for windows-amd64 JRE (17.0.4+11-LTS-179), built on Jun 28 2022 08:23:05 by "mach5one" with MS VC++ 16.8 / 16.9 (VS2019)

END.
