#
# There is insufficient memory for the Java Runtime Environment to continue.
# Native memory allocation (malloc) failed to allocate 262160 bytes for Chunk::new
# Possible reasons:
#   The system is out of physical RAM or swap space
#   The process is running with CompressedOops enabled, and the Java Heap may be blocking the growth of the native heap
# Possible solutions:
#   Reduce memory load on the system
#   Increase physical memory or swap space
#   Check if swap backing store is full
#   Decrease Java heap size (-Xmx/-Xms)
#   Decrease number of Java threads
#   Decrease Java thread stack sizes (-Xss)
#   Set larger code cache with -XX:ReservedCodeCacheSize=
#   JVM is running with Zero Based Compressed Oops mode in which the Java heap is
#     placed in the first 32GB address space. The Java Heap base address is the
#     maximum limit for the native heap growth. Please use -XX:HeapBaseMinAddress
#     to set the Java Heap base and to place the Java Heap above 32GB virtual address.
# This output file may be truncated or incomplete.
#
#  Out of Memory Error (arena.cpp:189), pid=19368, tid=29344
#
# JRE version: Java(TM) SE Runtime Environment (17.0.4+11) (build 17.0.4+11-LTS-179)
# Java VM: Java HotSpot(TM) 64-Bit Server VM (17.0.4+11-LTS-179, mixed mode, sharing, tiered, compressed oops, compressed class ptrs, g1 gc, windows-amd64)
# No core dump will be written. Minidumps are not enabled by default on client versions of Windows
#

---------------  S U M M A R Y ------------

Command Line: -javaagent:C:\Program Files\JetBrains\IntelliJ IDEA 2022.2\lib\idea_rt.jar=61447:C:\Program Files\JetBrains\IntelliJ IDEA 2022.2\bin -Dfile.encoding=UTF-8 --module-path=C:\Users\F1\.m2\repository\org\openjfx\javafx-graphics\17.0.2\javafx-graphics-17.0.2-win.jar;C:\Users\F1\.m2\repository\org\openjfx\javafx-fxml\17.0.2\javafx-fxml-17.0.2-win.jar;C:\Users\F1\.m2\repository\com\google\code\gson\gson\2.8.1\gson-2.8.1.jar;C:\Users\F1\.m2\repository\org\openjfx\javafx-controls\17.0.2\javafx-controls-17.0.2-win.jar;C:\Users\F1\.m2\repository\org\openjfx\javafx-base\17.0.2\javafx-base-17.0.2-win.jar;C:\Users\F1\Desktop\AP\PROJECT\project-group-19\target\classes;C:\Users\F1\.m2\repository\org\openjfx\javafx-media\16\javafx-media-16-win.jar -Djdk.module.main=com.example.projectgroup19 com.example.projectgroup19/view.TileManager

Host: Intel(R) Core(TM) i7-6700HQ CPU @ 2.60GHz, 8 cores, 11G,  Windows 10 , 64 bit Build 19041 (10.0.19041.1889)
Time: Sun Jun  4 15:53:19 2023 Iran Standard Time elapsed time: 2.136781 seconds (0d 0h 0m 2s)

---------------  T H R E A D  ---------------

Current thread (0x0000021eb25324f0):  JavaThread "C2 CompilerThread0" daemon [_thread_in_native, id=29344, stack(0x0000004355600000,0x0000004355700000)]


Current CompileTask:
C2:   2136 1811       4       javafx.scene.control.Control::<init> (74 bytes)

Stack: [0x0000004355600000,0x0000004355700000]
Native frames: (J=compiled Java code, j=interpreted, Vv=VM code, C=native code)
V  [jvm.dll+0x6723da]
V  [jvm.dll+0x7d1f74]
V  [jvm.dll+0x7d371e]
V  [jvm.dll+0x7d3d83]
V  [jvm.dll+0x242ed5]
V  [jvm.dll+0xaa57b]
V  [jvm.dll+0xaab0c]
V  [jvm.dll+0xaa68b]
V  [jvm.dll+0x650bdc]
V  [jvm.dll+0x21cad9]
V  [jvm.dll+0x695661]
V  [jvm.dll+0x215149]
V  [jvm.dll+0x1a1fcd]
V  [jvm.dll+0x224c78]
V  [jvm.dll+0x222de5]
V  [jvm.dll+0x787a5b]
V  [jvm.dll+0x78201a]
V  [jvm.dll+0x671265]
C  [ucrtbase.dll+0x21bb2]
C  [KERNEL32.DLL+0x17034]
C  [ntdll.dll+0x526a1]


---------------  P R O C E S S  ---------------

Threads class SMR info:
_java_thread_list=0x0000021eb88eba90, length=21, elements={
0x0000021e8fe8f990, 0x0000021eb2518330, 0x0000021eb25191a0, 0x0000021eb252de00,
0x0000021eb25306d0, 0x0000021eb2530f90, 0x0000021eb2531850, 0x0000021eb25324f0,
0x0000021eb25373b0, 0x0000021eb25444e0, 0x0000021eb24fd8d0, 0x0000021eb37267c0,
0x0000021eb3726c90, 0x0000021eb39da6e0, 0x0000021eb3a23690, 0x0000021eb31b33e0,
0x0000021eb3a0de10, 0x0000021eb30b3b70, 0x0000021eb854e870, 0x0000021eb8a6e360,
0x0000021eb85888b0
}

Java Threads: ( => current thread )
  0x0000021e8fe8f990 JavaThread "main" [_thread_blocked, id=27868, stack(0x0000004354900000,0x0000004354a00000)]
  0x0000021eb2518330 JavaThread "Reference Handler" daemon [_thread_blocked, id=14656, stack(0x0000004355000000,0x0000004355100000)]
  0x0000021eb25191a0 JavaThread "Finalizer" daemon [_thread_blocked, id=13940, stack(0x0000004355100000,0x0000004355200000)]
  0x0000021eb252de00 JavaThread "Signal Dispatcher" daemon [_thread_blocked, id=18464, stack(0x0000004355200000,0x0000004355300000)]
  0x0000021eb25306d0 JavaThread "Attach Listener" daemon [_thread_blocked, id=26444, stack(0x0000004355300000,0x0000004355400000)]
  0x0000021eb2530f90 JavaThread "Service Thread" daemon [_thread_blocked, id=10592, stack(0x0000004355400000,0x0000004355500000)]
  0x0000021eb2531850 JavaThread "Monitor Deflation Thread" daemon [_thread_blocked, id=19944, stack(0x0000004355500000,0x0000004355600000)]
=>0x0000021eb25324f0 JavaThread "C2 CompilerThread0" daemon [_thread_in_native, id=29344, stack(0x0000004355600000,0x0000004355700000)]
  0x0000021eb25373b0 JavaThread "C1 CompilerThread0" daemon [_thread_blocked, id=20172, stack(0x0000004355700000,0x0000004355800000)]
  0x0000021eb25444e0 JavaThread "Sweeper thread" daemon [_thread_blocked, id=26932, stack(0x0000004355800000,0x0000004355900000)]
  0x0000021eb24fd8d0 JavaThread "Common-Cleaner" daemon [_thread_blocked, id=17036, stack(0x0000004355900000,0x0000004355a00000)]
  0x0000021eb37267c0 JavaThread "Monitor Ctrl-Break" daemon [_thread_in_native, id=27324, stack(0x0000004355c00000,0x0000004355d00000)]
  0x0000021eb3726c90 JavaThread "Notification Thread" daemon [_thread_blocked, id=26276, stack(0x0000004355d00000,0x0000004355e00000)]
  0x0000021eb39da6e0 JavaThread "QuantumRenderer-0" daemon [_thread_blocked, id=24564, stack(0x0000004355f00000,0x0000004356000000)]
  0x0000021eb3a23690 JavaThread "InvokeLaterDispatcher" daemon [_thread_blocked, id=28796, stack(0x0000004356000000,0x0000004356100000)]
  0x0000021eb31b33e0 JavaThread "JavaFX Application Thread" [_thread_in_vm, id=4492, stack(0x0000004355b00000,0x0000004355c00000)]
  0x0000021eb3a0de10 JavaThread "Thread-1" daemon [_thread_in_native, id=11868, stack(0x0000004356700000,0x0000004356800000)]
  0x0000021eb30b3b70 JavaThread "JavaFX-Launcher" [_thread_blocked, id=29468, stack(0x0000004356800000,0x0000004356900000)]
  0x0000021eb854e870 JavaThread "C2 CompilerThread1" daemon [_thread_in_native, id=15636, stack(0x0000004356900000,0x0000004356a00000)]
  0x0000021eb8a6e360 JavaThread "C2 CompilerThread2" daemon [_thread_in_native, id=22820, stack(0x0000004357400000,0x0000004357500000)]
  0x0000021eb85888b0 JavaThread "Prism Font Disposer" daemon [_thread_blocked, id=7604, stack(0x0000004357500000,0x0000004357600000)]

Other Threads:
  0x0000021eb250f320 VMThread "VM Thread" [stack: 0x0000004354f00000,0x0000004355000000] [id=23128]
  0x0000021eb3282170 WatcherThread [stack: 0x0000004355e00000,0x0000004355f00000] [id=26336]
  0x0000021e8fee84c0 GCTaskThread "GC Thread#0" [stack: 0x0000004354a00000,0x0000004354b00000] [id=21184]
  0x0000021eb3b8efc0 GCTaskThread "GC Thread#1" [stack: 0x0000004355a00000,0x0000004355b00000] [id=21756]
  0x0000021eb3b8f270 GCTaskThread "GC Thread#2" [stack: 0x0000004356400000,0x0000004356500000] [id=28608]
  0x0000021eb3b8a790 GCTaskThread "GC Thread#3" [stack: 0x0000004356500000,0x0000004356600000] [id=29192]
  0x0000021eb3bf85d0 GCTaskThread "GC Thread#4" [stack: 0x0000004356600000,0x0000004356700000] [id=4444]
  0x0000021eb8c31ea0 GCTaskThread "GC Thread#5" [stack: 0x0000004356b00000,0x0000004356c00000] [id=26928]
  0x0000021eb89c7a20 GCTaskThread "GC Thread#6" [stack: 0x0000004356c00000,0x0000004356d00000] [id=20504]
  0x0000021eb884c3f0 GCTaskThread "GC Thread#7" [stack: 0x0000004356d00000,0x0000004356e00000] [id=5848]
  0x0000021e8fef5250 ConcurrentGCThread "G1 Main Marker" [stack: 0x0000004354b00000,0x0000004354c00000] [id=19696]
  0x0000021e8fef6400 ConcurrentGCThread "G1 Conc#0" [stack: 0x0000004354c00000,0x0000004354d00000] [id=27368]
  0x0000021eb85a57a0 ConcurrentGCThread "G1 Conc#1" [stack: 0x0000004356a00000,0x0000004356b00000] [id=29180]
  0x0000021e8ff67a40 ConcurrentGCThread "G1 Refine#0" [stack: 0x0000004354d00000,0x0000004354e00000] [id=12588]
  0x0000021eb8a6fb40 ConcurrentGCThread "G1 Refine#1" [stack: 0x0000004356e00000,0x0000004356f00000] [id=14248]
  0x0000021eb90eff70 ConcurrentGCThread "G1 Refine#2" [stack: 0x0000004356f00000,0x0000004357000000] [id=8936]
  0x0000021eb85f5f20 ConcurrentGCThread "G1 Refine#3" [stack: 0x0000004357000000,0x0000004357100000] [id=27564]
  0x0000021eb8afd340 ConcurrentGCThread "G1 Refine#4" [stack: 0x0000004357100000,0x0000004357200000] [id=2132]
  0x0000021eb8d54230 ConcurrentGCThread "G1 Refine#5" [stack: 0x0000004357200000,0x0000004357300000] [id=15524]
  0x0000021eb9056ba0 ConcurrentGCThread "G1 Refine#6" [stack: 0x0000004357300000,0x0000004357400000] [id=15652]
  0x0000021e8ff68460 ConcurrentGCThread "G1 Service" [stack: 0x0000004354e00000,0x0000004354f00000] [id=24612]

Threads with active compile tasks:
C2 CompilerThread0     2184 1811       4       javafx.scene.control.Control::<init> (74 bytes)
C2 CompilerThread1     2184 1860       4       javafx.scene.Node::<init> (231 bytes)
C2 CompilerThread2     2184 1809       4       javafx.scene.control.Button::<init> (9 bytes)

VM state: not at safepoint (normal execution)

VM Mutex/Monitor currently owned by a thread:  ([mutex/lock_event])
[0x0000021e8fd7b740] Metaspace_lock - owner thread: 0x0000021eb31b33e0

Heap address: 0x0000000741a00000, size: 3046 MB, Compressed Oops mode: Zero based, Oop shift amount: 3

CDS archive(s) mapped at: [0x0000000800000000-0x0000000800bc0000-0x0000000800bc0000), size 12320768, SharedBaseAddress: 0x0000000800000000, ArchiveRelocationMode: 0.
Compressed class space mapped at: 0x0000000800c00000-0x0000000840c00000, reserved size: 1073741824
Narrow klass base: 0x0000000800000000, Narrow klass shift: 0, Narrow klass range: 0x100000000

GC Precious Log:
 CPUs: 8 total, 8 available
 Memory: 12180M
 Large Page Support: Disabled
 NUMA Support: Disabled
 Compressed Oops: Enabled (Zero based)
 Heap Region Size: 2M
 Heap Min Capacity: 8M
 Heap Initial Capacity: 192M
 Heap Max Capacity: 3046M
 Pre-touch: Disabled
 Parallel Workers: 8
 Concurrent Workers: 2
 Concurrent Refinement Workers: 8
 Periodic GC: Disabled

Heap:
 garbage-first heap   total 284672K, used 176057K [0x0000000741a00000, 0x0000000800000000)
  region size 2048K, 7 young (14336K), 2 survivors (4096K)
 Metaspace       used 9618K, committed 9728K, reserved 1064960K
  class space    used 1233K, committed 1280K, reserved 1048576K

Heap Regions: E=young(eden), S=young(survivor), O=old, HS=humongous(starts), HC=humongous(continues), CS=collection set, F=free, OA=open archive, CA=closed archive, TAMS=top-at-mark-start (previous, next)
|   0|0x0000000741a00000, 0x0000000741c00000, 0x0000000741c00000|100%| O|  |TAMS 0x0000000741c00000, 0x0000000741a00000| Untracked 
|   1|0x0000000741c00000, 0x0000000741e00000, 0x0000000741e00000|100%| O|  |TAMS 0x0000000741e00000, 0x0000000741c00000| Untracked 
|   2|0x0000000741e00000, 0x0000000742000000, 0x0000000742000000|100%| O|  |TAMS 0x0000000742000000, 0x0000000741e00000| Untracked 
|   3|0x0000000742000000, 0x0000000742200000, 0x0000000742200000|100%| O|  |TAMS 0x0000000742200000, 0x0000000742000000| Untracked 
|   4|0x0000000742200000, 0x0000000742400000, 0x0000000742400000|100%| O|  |TAMS 0x0000000742400000, 0x0000000742200000| Untracked 
|   5|0x0000000742400000, 0x0000000742600000, 0x0000000742600000|100%| O|  |TAMS 0x0000000742600000, 0x0000000742400000| Untracked 
|   6|0x0000000742600000, 0x0000000742800000, 0x0000000742800000|100%| O|  |TAMS 0x0000000742800000, 0x0000000742600000| Untracked 
|   7|0x0000000742800000, 0x0000000742a00000, 0x0000000742a00000|100%| O|  |TAMS 0x0000000742a00000, 0x0000000742800000| Untracked 
|   8|0x0000000742a00000, 0x0000000742c00000, 0x0000000742c00000|100%| O|  |TAMS 0x0000000742c00000, 0x0000000742a00000| Untracked 
|   9|0x0000000742c00000, 0x0000000742e00000, 0x0000000742e00000|100%| O|  |TAMS 0x0000000742e00000, 0x0000000742c00000| Untracked 
|  10|0x0000000742e00000, 0x0000000743000000, 0x0000000743000000|100%|HS|  |TAMS 0x0000000743000000, 0x0000000742e00000| Complete 
|  11|0x0000000743000000, 0x0000000743200000, 0x0000000743200000|100%|HC|  |TAMS 0x0000000743200000, 0x0000000743000000| Complete 
|  12|0x0000000743200000, 0x0000000743400000, 0x0000000743400000|100%|HS|  |TAMS 0x0000000743400000, 0x0000000743200000| Complete 
|  13|0x0000000743400000, 0x0000000743600000, 0x0000000743600000|100%|HS|  |TAMS 0x0000000743600000, 0x0000000743400000| Complete 
|  14|0x0000000743600000, 0x0000000743800000, 0x0000000743800000|100%|HC|  |TAMS 0x0000000743800000, 0x0000000743600000| Complete 
|  15|0x0000000743800000, 0x0000000743a00000, 0x0000000743a00000|100%|HC|  |TAMS 0x0000000743a00000, 0x0000000743800000| Complete 
|  16|0x0000000743a00000, 0x0000000743c00000, 0x0000000743c00000|100%|HC|  |TAMS 0x0000000743c00000, 0x0000000743a00000| Complete 
|  17|0x0000000743c00000, 0x0000000743e00000, 0x0000000743e00000|100%|HC|  |TAMS 0x0000000743e00000, 0x0000000743c00000| Complete 
|  18|0x0000000743e00000, 0x0000000744000000, 0x0000000744000000|100%|HC|  |TAMS 0x0000000744000000, 0x0000000743e00000| Complete 
|  19|0x0000000744000000, 0x0000000744200000, 0x0000000744200000|100%|HC|  |TAMS 0x0000000744200000, 0x0000000744000000| Complete 
|  20|0x0000000744200000, 0x0000000744400000, 0x0000000744400000|100%|HC|  |TAMS 0x0000000744400000, 0x0000000744200000| Complete 
|  21|0x0000000744400000, 0x0000000744600000, 0x0000000744600000|100%|HC|  |TAMS 0x0000000744600000, 0x0000000744400000| Complete 
|  22|0x0000000744600000, 0x0000000744800000, 0x0000000744800000|100%|HC|  |TAMS 0x0000000744800000, 0x0000000744600000| Complete 
|  23|0x0000000744800000, 0x0000000744a00000, 0x0000000744a00000|100%|HC|  |TAMS 0x0000000744a00000, 0x0000000744800000| Complete 
|  24|0x0000000744a00000, 0x0000000744c00000, 0x0000000744c00000|100%|HC|  |TAMS 0x0000000744c00000, 0x0000000744a00000| Complete 
|  25|0x0000000744c00000, 0x0000000744e00000, 0x0000000744e00000|100%|HC|  |TAMS 0x0000000744e00000, 0x0000000744c00000| Complete 
|  26|0x0000000744e00000, 0x0000000745000000, 0x0000000745000000|100%|HC|  |TAMS 0x0000000745000000, 0x0000000744e00000| Complete 
|  27|0x0000000745000000, 0x0000000745200000, 0x0000000745200000|100%|HC|  |TAMS 0x0000000745200000, 0x0000000745000000| Complete 
|  28|0x0000000745200000, 0x0000000745400000, 0x0000000745400000|100%|HC|  |TAMS 0x0000000745400000, 0x0000000745200000| Complete 
|  29|0x0000000745400000, 0x0000000745600000, 0x0000000745600000|100%|HC|  |TAMS 0x0000000745600000, 0x0000000745400000| Complete 
|  30|0x0000000745600000, 0x0000000745800000, 0x0000000745800000|100%|HC|  |TAMS 0x0000000745800000, 0x0000000745600000| Complete 
|  31|0x0000000745800000, 0x0000000745a00000, 0x0000000745a00000|100%|HC|  |TAMS 0x0000000745a00000, 0x0000000745800000| Complete 
|  32|0x0000000745a00000, 0x0000000745c00000, 0x0000000745c00000|100%|HC|  |TAMS 0x0000000745c00000, 0x0000000745a00000| Complete 
|  33|0x0000000745c00000, 0x0000000745e00000, 0x0000000745e00000|100%|HC|  |TAMS 0x0000000745e00000, 0x0000000745c00000| Complete 
|  34|0x0000000745e00000, 0x0000000746000000, 0x0000000746000000|100%|HC|  |TAMS 0x0000000746000000, 0x0000000745e00000| Complete 
|  35|0x0000000746000000, 0x0000000746200000, 0x0000000746200000|100%|HC|  |TAMS 0x0000000746200000, 0x0000000746000000| Complete 
|  36|0x0000000746200000, 0x0000000746400000, 0x0000000746400000|100%|HC|  |TAMS 0x0000000746400000, 0x0000000746200000| Complete 
|  37|0x0000000746400000, 0x0000000746600000, 0x0000000746600000|100%|HS|  |TAMS 0x0000000746600000, 0x0000000746400000| Complete 
|  38|0x0000000746600000, 0x0000000746800000, 0x0000000746800000|100%|HS|  |TAMS 0x0000000746800000, 0x0000000746600000| Complete 
|  39|0x0000000746800000, 0x0000000746a00000, 0x0000000746a00000|100%|HS|  |TAMS 0x0000000746a00000, 0x0000000746800000| Complete 
|  40|0x0000000746a00000, 0x0000000746c00000, 0x0000000746c00000|100%|HS|  |TAMS 0x0000000746c00000, 0x0000000746a00000| Complete 
|  41|0x0000000746c00000, 0x0000000746e00000, 0x0000000746e00000|100%|HS|  |TAMS 0x0000000746e00000, 0x0000000746c00000| Complete 
|  42|0x0000000746e00000, 0x0000000747000000, 0x0000000747000000|100%|HS|  |TAMS 0x0000000747000000, 0x0000000746e00000| Complete 
|  43|0x0000000747000000, 0x0000000747200000, 0x0000000747200000|100%| O|  |TAMS 0x0000000747200000, 0x0000000747000000| Untracked 
|  44|0x0000000747200000, 0x0000000747400000, 0x0000000747400000|100%| O|  |TAMS 0x0000000747400000, 0x0000000747200000| Untracked 
|  45|0x0000000747400000, 0x0000000747600000, 0x0000000747600000|100%| O|  |TAMS 0x0000000747600000, 0x0000000747400000| Untracked 
|  46|0x0000000747600000, 0x0000000747800000, 0x0000000747800000|100%| O|  |TAMS 0x0000000747800000, 0x0000000747600000| Untracked 
|  47|0x0000000747800000, 0x0000000747a00000, 0x0000000747a00000|100%| O|  |TAMS 0x0000000747a00000, 0x0000000747800000| Untracked 
|  48|0x0000000747a00000, 0x0000000747c00000, 0x0000000747c00000|100%| O|  |TAMS 0x0000000747c00000, 0x0000000747a00000| Untracked 
|  49|0x0000000747c00000, 0x0000000747e00000, 0x0000000747e00000|100%| O|  |TAMS 0x0000000747e00000, 0x0000000747c00000| Untracked 
|  50|0x0000000747e00000, 0x0000000748000000, 0x0000000748000000|100%| O|  |TAMS 0x0000000748000000, 0x0000000747e00000| Untracked 
|  51|0x0000000748000000, 0x0000000748200000, 0x0000000748200000|100%| O|  |TAMS 0x0000000748200000, 0x0000000748000000| Untracked 
|  52|0x0000000748200000, 0x0000000748400000, 0x0000000748400000|100%| O|  |TAMS 0x0000000748400000, 0x0000000748200000| Untracked 
|  53|0x0000000748400000, 0x0000000748600000, 0x0000000748600000|100%| O|  |TAMS 0x0000000748600000, 0x0000000748400000| Untracked 
|  54|0x0000000748600000, 0x0000000748800000, 0x0000000748800000|100%|HS|  |TAMS 0x0000000748800000, 0x0000000748600000| Complete 
|  55|0x0000000748800000, 0x0000000748a00000, 0x0000000748a00000|100%|HS|  |TAMS 0x0000000748a00000, 0x0000000748800000| Complete 
|  56|0x0000000748a00000, 0x0000000748c00000, 0x0000000748c00000|100%|HS|  |TAMS 0x0000000748c00000, 0x0000000748a00000| Complete 
|  57|0x0000000748c00000, 0x0000000748e00000, 0x0000000748e00000|100%|HS|  |TAMS 0x0000000748e00000, 0x0000000748c00000| Complete 
|  58|0x0000000748e00000, 0x0000000749000000, 0x0000000749000000|100%|HS|  |TAMS 0x0000000749000000, 0x0000000748e00000| Complete 
|  59|0x0000000749000000, 0x0000000749200000, 0x0000000749200000|100%|HS|  |TAMS 0x0000000749200000, 0x0000000749000000| Complete 
|  60|0x0000000749200000, 0x0000000749400000, 0x0000000749400000|100%|HC|  |TAMS 0x0000000749400000, 0x0000000749200000| Complete 
|  61|0x0000000749400000, 0x0000000749600000, 0x0000000749600000|100%|HC|  |TAMS 0x0000000749600000, 0x0000000749400000| Complete 
|  62|0x0000000749600000, 0x0000000749800000, 0x0000000749800000|100%| O|  |TAMS 0x0000000749800000, 0x0000000749600000| Untracked 
|  63|0x0000000749800000, 0x0000000749a00000, 0x0000000749a00000|100%| O|  |TAMS 0x0000000749a00000, 0x0000000749800000| Untracked 
|  64|0x0000000749a00000, 0x0000000749c00000, 0x0000000749c00000|100%| O|  |TAMS 0x0000000749bcce00, 0x0000000749a00000| Untracked 
|  65|0x0000000749c00000, 0x0000000749e00000, 0x0000000749e00000|100%|HS|  |TAMS 0x0000000749e00000, 0x0000000749c00000| Complete 
|  66|0x0000000749e00000, 0x000000074a000000, 0x000000074a000000|100%|HC|  |TAMS 0x000000074a000000, 0x0000000749e00000| Complete 
|  67|0x000000074a000000, 0x000000074a200000, 0x000000074a200000|100%|HS|  |TAMS 0x000000074a200000, 0x000000074a000000| Complete 
|  68|0x000000074a200000, 0x000000074a400000, 0x000000074a400000|100%|HS|  |TAMS 0x000000074a400000, 0x000000074a200000| Complete 
|  69|0x000000074a400000, 0x000000074a600000, 0x000000074a600000|100%|HC|  |TAMS 0x000000074a600000, 0x000000074a400000| Complete 
|  70|0x000000074a600000, 0x000000074a800000, 0x000000074a800000|100%|HC|  |TAMS 0x000000074a800000, 0x000000074a600000| Complete 
|  71|0x000000074a800000, 0x000000074aa00000, 0x000000074aa00000|100%|HS|  |TAMS 0x000000074aa00000, 0x000000074a800000| Complete 
|  72|0x000000074aa00000, 0x000000074ac00000, 0x000000074ac00000|100%|HC|  |TAMS 0x000000074ac00000, 0x000000074aa00000| Complete 
|  73|0x000000074ac00000, 0x000000074ae00000, 0x000000074ae00000|100%|HC|  |TAMS 0x000000074ae00000, 0x000000074ac00000| Complete 
|  74|0x000000074ae00000, 0x000000074b000000, 0x000000074b000000|100%| O|  |TAMS 0x000000074ae00000, 0x000000074ae00000| Untracked 
|  75|0x000000074b000000, 0x000000074b200000, 0x000000074b200000|100%| O|  |TAMS 0x000000074b000000, 0x000000074b000000| Untracked 
|  76|0x000000074b200000, 0x000000074b3ee600, 0x000000074b400000| 96%| O|  |TAMS 0x000000074b200000, 0x000000074b200000| Untracked 
|  77|0x000000074b400000, 0x000000074b600000, 0x000000074b600000|100%|HS|  |TAMS 0x000000074b400000, 0x000000074b400000| Complete 
|  78|0x000000074b600000, 0x000000074b800000, 0x000000074b800000|100%|HC|  |TAMS 0x000000074b600000, 0x000000074b600000| Complete 
|  79|0x000000074b800000, 0x000000074ba00000, 0x000000074ba00000|100%|HC|  |TAMS 0x000000074b800000, 0x000000074b800000| Complete 
|  80|0x000000074ba00000, 0x000000074ba00000, 0x000000074bc00000|  0%| F|  |TAMS 0x000000074ba00000, 0x000000074ba00000| Untracked 
|  81|0x000000074bc00000, 0x000000074bc00000, 0x000000074be00000|  0%| F|  |TAMS 0x000000074bc00000, 0x000000074bc00000| Untracked 
|  82|0x000000074be00000, 0x000000074be00000, 0x000000074c000000|  0%| F|  |TAMS 0x000000074be00000, 0x000000074be00000| Untracked 
|  83|0x000000074c000000, 0x000000074c000000, 0x000000074c200000|  0%| F|  |TAMS 0x000000074c000000, 0x000000074c000000| Untracked 
|  84|0x000000074c200000, 0x000000074c200000, 0x000000074c400000|  0%| F|  |TAMS 0x000000074c200000, 0x000000074c200000| Untracked 
|  85|0x000000074c400000, 0x000000074c400000, 0x000000074c600000|  0%| F|  |TAMS 0x000000074c400000, 0x000000074c400000| Untracked 
|  86|0x000000074c600000, 0x000000074c600000, 0x000000074c800000|  0%| F|  |TAMS 0x000000074c600000, 0x000000074c600000| Untracked 
|  87|0x000000074c800000, 0x000000074c800000, 0x000000074ca00000|  0%| F|  |TAMS 0x000000074c800000, 0x000000074c800000| Untracked 
|  88|0x000000074ca00000, 0x000000074ca00000, 0x000000074cc00000|  0%| F|  |TAMS 0x000000074ca00000, 0x000000074ca00000| Untracked 
|  89|0x000000074cc00000, 0x000000074cc00000, 0x000000074ce00000|  0%| F|  |TAMS 0x000000074cc00000, 0x000000074cc00000| Untracked 
|  90|0x000000074ce00000, 0x000000074ce00000, 0x000000074d000000|  0%| F|  |TAMS 0x000000074ce00000, 0x000000074ce00000| Untracked 
|  91|0x000000074d000000, 0x000000074d000000, 0x000000074d200000|  0%| F|  |TAMS 0x000000074d000000, 0x000000074d000000| Untracked 
|  92|0x000000074d200000, 0x000000074d200000, 0x000000074d400000|  0%| F|  |TAMS 0x000000074d200000, 0x000000074d200000| Untracked 
|  93|0x000000074d400000, 0x000000074d400000, 0x000000074d600000|  0%| F|  |TAMS 0x000000074d400000, 0x000000074d400000| Untracked 
|  94|0x000000074d600000, 0x000000074d600000, 0x000000074d800000|  0%| F|  |TAMS 0x000000074d600000, 0x000000074d600000| Untracked 
|  95|0x000000074d800000, 0x000000074d800000, 0x000000074da00000|  0%| F|  |TAMS 0x000000074d800000, 0x000000074d800000| Untracked 
|  96|0x000000074da00000, 0x000000074da00000, 0x000000074dc00000|  0%| F|  |TAMS 0x000000074da00000, 0x000000074da00000| Untracked 
|  97|0x000000074dc00000, 0x000000074dc00000, 0x000000074de00000|  0%| F|  |TAMS 0x000000074dc00000, 0x000000074dc00000| Untracked 
|  98|0x000000074de00000, 0x000000074de00000, 0x000000074e000000|  0%| F|  |TAMS 0x000000074de00000, 0x000000074de00000| Untracked 
|  99|0x000000074e000000, 0x000000074e000000, 0x000000074e200000|  0%| F|  |TAMS 0x000000074e000000, 0x000000074e000000| Untracked 
| 100|0x000000074e200000, 0x000000074e200000, 0x000000074e400000|  0%| F|  |TAMS 0x000000074e200000, 0x000000074e200000| Untracked 
| 101|0x000000074e400000, 0x000000074e400000, 0x000000074e600000|  0%| F|  |TAMS 0x000000074e400000, 0x000000074e400000| Untracked 
| 102|0x000000074e600000, 0x000000074e600000, 0x000000074e800000|  0%| F|  |TAMS 0x000000074e600000, 0x000000074e600000| Untracked 
| 103|0x000000074e800000, 0x000000074e800000, 0x000000074ea00000|  0%| F|  |TAMS 0x000000074e800000, 0x000000074e800000| Untracked 
| 104|0x000000074ea00000, 0x000000074ea00000, 0x000000074ec00000|  0%| F|  |TAMS 0x000000074ea00000, 0x000000074ea00000| Untracked 
| 105|0x000000074ec00000, 0x000000074ec00000, 0x000000074ee00000|  0%| F|  |TAMS 0x000000074ec00000, 0x000000074ec00000| Untracked 
| 106|0x000000074ee00000, 0x000000074ee00000, 0x000000074f000000|  0%| F|  |TAMS 0x000000074ee00000, 0x000000074ee00000| Untracked 
| 107|0x000000074f000000, 0x000000074f000000, 0x000000074f200000|  0%| F|  |TAMS 0x000000074f000000, 0x000000074f000000| Untracked 
| 108|0x000000074f200000, 0x000000074f200000, 0x000000074f400000|  0%| F|  |TAMS 0x000000074f200000, 0x000000074f200000| Untracked 
| 109|0x000000074f400000, 0x000000074f400000, 0x000000074f600000|  0%| F|  |TAMS 0x000000074f400000, 0x000000074f400000| Untracked 
| 110|0x000000074f600000, 0x000000074f600000, 0x000000074f800000|  0%| F|  |TAMS 0x000000074f600000, 0x000000074f600000| Untracked 
| 111|0x000000074f800000, 0x000000074f800000, 0x000000074fa00000|  0%| F|  |TAMS 0x000000074f800000, 0x000000074f800000| Untracked 
| 112|0x000000074fa00000, 0x000000074fa00000, 0x000000074fc00000|  0%| F|  |TAMS 0x000000074fa00000, 0x000000074fa00000| Untracked 
| 113|0x000000074fc00000, 0x000000074fc00000, 0x000000074fe00000|  0%| F|  |TAMS 0x000000074fc00000, 0x000000074fc00000| Untracked 
| 114|0x000000074fe00000, 0x000000074fe00000, 0x0000000750000000|  0%| F|  |TAMS 0x000000074fe00000, 0x000000074fe00000| Untracked 
| 115|0x0000000750000000, 0x0000000750000000, 0x0000000750200000|  0%| F|  |TAMS 0x0000000750000000, 0x0000000750000000| Untracked 
| 116|0x0000000750200000, 0x0000000750200000, 0x0000000750400000|  0%| F|  |TAMS 0x0000000750200000, 0x0000000750200000| Untracked 
| 117|0x0000000750400000, 0x0000000750400000, 0x0000000750600000|  0%| F|  |TAMS 0x0000000750400000, 0x0000000750400000| Untracked 
| 118|0x0000000750600000, 0x0000000750600000, 0x0000000750800000|  0%| F|  |TAMS 0x0000000750600000, 0x0000000750600000| Untracked 
| 119|0x0000000750800000, 0x0000000750800000, 0x0000000750a00000|  0%| F|  |TAMS 0x0000000750800000, 0x0000000750800000| Untracked 
| 120|0x0000000750a00000, 0x0000000750a00000, 0x0000000750c00000|  0%| F|  |TAMS 0x0000000750a00000, 0x0000000750a00000| Untracked 
| 121|0x0000000750c00000, 0x0000000750c00000, 0x0000000750e00000|  0%| F|  |TAMS 0x0000000750c00000, 0x0000000750c00000| Untracked 
| 122|0x0000000750e00000, 0x0000000750e00000, 0x0000000751000000|  0%| F|  |TAMS 0x0000000750e00000, 0x0000000750e00000| Untracked 
| 123|0x0000000751000000, 0x0000000751000000, 0x0000000751200000|  0%| F|  |TAMS 0x0000000751000000, 0x0000000751000000| Untracked 
| 124|0x0000000751200000, 0x0000000751400000, 0x0000000751400000|100%| S|CS|TAMS 0x0000000751200000, 0x0000000751200000| Complete 
| 125|0x0000000751400000, 0x0000000751600000, 0x0000000751600000|100%| S|CS|TAMS 0x0000000751400000, 0x0000000751400000| Complete 
| 126|0x0000000751600000, 0x0000000751600000, 0x0000000751800000|  0%| F|  |TAMS 0x0000000751600000, 0x0000000751600000| Untracked 
| 127|0x0000000751800000, 0x0000000751800000, 0x0000000751a00000|  0%| F|  |TAMS 0x0000000751800000, 0x0000000751800000| Untracked 
| 128|0x0000000751a00000, 0x0000000751a00000, 0x0000000751c00000|  0%| F|  |TAMS 0x0000000751a00000, 0x0000000751a00000| Untracked 
| 129|0x0000000751c00000, 0x0000000751e00000, 0x0000000751e00000|100%| E|CS|TAMS 0x0000000751c00000, 0x0000000751c00000| Complete 
| 130|0x0000000751e00000, 0x0000000751e00000, 0x0000000752000000|  0%| F|  |TAMS 0x0000000751e00000, 0x0000000751e00000| Untracked 
| 131|0x0000000752000000, 0x0000000752000000, 0x0000000752200000|  0%| F|  |TAMS 0x0000000752000000, 0x0000000752000000| Untracked 
| 132|0x0000000752200000, 0x0000000752200000, 0x0000000752400000|  0%| F|  |TAMS 0x0000000752200000, 0x0000000752200000| Untracked 
| 133|0x0000000752400000, 0x0000000752400000, 0x0000000752600000|  0%| F|  |TAMS 0x0000000752400000, 0x0000000752400000| Untracked 
| 134|0x0000000752600000, 0x0000000752600000, 0x0000000752800000|  0%| F|  |TAMS 0x0000000752600000, 0x0000000752600000| Untracked 
| 135|0x0000000752800000, 0x000000075287f470, 0x0000000752a00000| 24%| E|  |TAMS 0x0000000752800000, 0x0000000752800000| Complete 
| 136|0x0000000752a00000, 0x0000000752c00000, 0x0000000752c00000|100%| E|CS|TAMS 0x0000000752a00000, 0x0000000752a00000| Complete 
| 137|0x0000000752c00000, 0x0000000752e00000, 0x0000000752e00000|100%| E|CS|TAMS 0x0000000752c00000, 0x0000000752c00000| Complete 
| 138|0x0000000752e00000, 0x0000000753000000, 0x0000000753000000|100%| E|CS|TAMS 0x0000000752e00000, 0x0000000752e00000| Complete 

Card table byte_map: [0x0000021ea8f60000,0x0000021ea9560000] _byte_map_base: 0x0000021ea5553000

Marking Bits (Prev, Next): (CMBitMap*) 0x0000021e8fee8ad0, (CMBitMap*) 0x0000021e8fee8b10
 Prev Bits: [0x0000021ea9b60000, 0x0000021eacaf8000)
 Next Bits: [0x0000021eacb00000, 0x0000021eafa98000)

Polling page: 0x0000021e98ec0000

Metaspace:

Usage:
  Non-class:      8.19 MB used.
      Class:      1.20 MB used.
       Both:      9.39 MB used.

Virtual space:
  Non-class space:       16.00 MB reserved,       8.25 MB ( 52%) committed,  2 nodes.
      Class space:        1.00 GB reserved,       1.25 MB ( <1%) committed,  1 nodes.
             Both:        1.02 GB reserved,       9.50 MB ( <1%) committed. 

Chunk freelists:
   Non-Class:  2.81 MB
       Class:  2.69 MB
        Both:  5.50 MB

MaxMetaspaceSize: unlimited
CompressedClassSpaceSize: 1.00 GB
Initial GC threshold: 21.00 MB
Current GC threshold: 21.00 MB
CDS: on
MetaspaceReclaimPolicy: balanced
 - commit_granule_bytes: 65536.
 - commit_granule_words: 8192.
 - virtual_space_node_default_size: 1048576.
 - enlarge_chunks_in_place: 1.
 - new_chunks_are_fully_committed: 0.
 - uncommit_free_chunks: 1.
 - use_allocation_guard: 0.
 - handle_deallocations: 1.


Internal statistics:

num_allocs_failed_limit: 0.
num_arena_births: 120.
num_arena_deaths: 0.
num_vsnodes_births: 3.
num_vsnodes_deaths: 0.
num_space_committed: 152.
num_space_uncommitted: 0.
num_chunks_returned_to_freelist: 0.
num_chunks_taken_from_freelist: 379.
num_chunk_merges: 0.
num_chunk_splits: 277.
num_chunks_enlarged: 222.
num_purges: 0.
num_inconsistent_stats: 0.

CodeHeap 'non-profiled nmethods': size=120000Kb used=903Kb max_used=903Kb free=119096Kb
 bounds [0x0000021ea09b0000, 0x0000021ea0c20000, 0x0000021ea7ee0000]
CodeHeap 'profiled nmethods': size=120000Kb used=3456Kb max_used=3456Kb free=116543Kb
 bounds [0x0000021e99480000, 0x0000021e997f0000, 0x0000021ea09b0000]
CodeHeap 'non-nmethods': size=5760Kb used=1289Kb max_used=1382Kb free=4470Kb
 bounds [0x0000021e98ee0000, 0x0000021e99150000, 0x0000021e99480000]
 total_blobs=2502 nmethods=1885 adapters=529
 compilation: enabled
              stopped_count=0, restarted_count=0
 full_count=0

Compilation events (20 events):
Event: 2.127 Thread 0x0000021eb25373b0 nmethod 1848 0x0000021e997c3c90 code [0x0000021e997c3ec0, 0x0000021e997c49e8]
Event: 2.127 Thread 0x0000021eb25373b0 1831       3       javafx.scene.Node::wouldCreateCycle (76 bytes)
Event: 2.128 Thread 0x0000021eb25373b0 nmethod 1831 0x0000021e997c4c90 code [0x0000021e997c4f00, 0x0000021e997c5d68]
Event: 2.128 Thread 0x0000021eb25373b0 1843       3       javafx.scene.Node::setParent (9 bytes)
Event: 2.129 Thread 0x0000021eb25373b0 nmethod 1843 0x0000021e997c6090 code [0x0000021e997c6280, 0x0000021e997c67b8]
Event: 2.129 Thread 0x0000021eb25373b0 1872       3       com.sun.javafx.collections.SourceAdapterChange::reset (8 bytes)
Event: 2.129 Thread 0x0000021eb25373b0 nmethod 1872 0x0000021e997c6990 code [0x0000021e997c6b40, 0x0000021e997c6d28]
Event: 2.129 Thread 0x0000021eb25373b0 1849       3       javafx.collections.ListChangeBuilder$SingleChange::getRemoved (12 bytes)
Event: 2.129 Thread 0x0000021eb25373b0 nmethod 1849 0x0000021e997c6e10 code [0x0000021e997c6fc0, 0x0000021e997c7268]
Event: 2.129 Thread 0x0000021eb25373b0 1850       3       javafx.scene.Node$2::invalidated (236 bytes)
Event: 2.132 Thread 0x0000021eb25373b0 nmethod 1850 0x0000021e997c7390 code [0x0000021e997c7960, 0x0000021e997cb0e8]
Event: 2.132 Thread 0x0000021eb25373b0 1851       3       javafx.scene.Node::updateDisabled (73 bytes)
Event: 2.134 Thread 0x0000021eb25373b0 nmethod 1851 0x0000021e997cc290 code [0x0000021e997cc5e0, 0x0000021e997ce2b8]
Event: 2.134 Thread 0x0000021eb25373b0 1855       3       javafx.scene.Node::getViewOrder (19 bytes)
Event: 2.134 Thread 0x0000021eb25373b0 nmethod 1855 0x0000021e997ce990 code [0x0000021e997ceb40, 0x0000021e997cece8]
Event: 2.134 Thread 0x0000021eb25373b0 1862       3       javafx.scene.Node::isDisabled (19 bytes)
Event: 2.134 Thread 0x0000021eb25373b0 nmethod 1862 0x0000021e997ced90 code [0x0000021e997cef40, 0x0000021e997cf2c8]
Event: 2.134 Thread 0x0000021eb25373b0 1863       3       javafx.scene.Node::setDisabled (9 bytes)
Event: 2.135 Thread 0x0000021eb25373b0 nmethod 1863 0x0000021e997cf410 code [0x0000021e997cf600, 0x0000021e997cfb38]
Event: 2.135 Thread 0x0000021eb25373b0 1864       3       javafx.scene.Node::computeDerivedDepthTest (71 bytes)

GC Heap History (12 events):
Event: 0.712 GC heap before
{Heap before GC invocations=0 (full 0):
 garbage-first heap   total 196608K, used 22528K [0x0000000741a00000, 0x0000000800000000)
  region size 2048K, 11 young (22528K), 0 survivors (0K)
 Metaspace       used 4050K, committed 4224K, reserved 1056768K
  class space    used 426K, committed 512K, reserved 1048576K
}
Event: 0.715 GC heap after
{Heap after GC invocations=1 (full 0):
 garbage-first heap   total 196608K, used 2560K [0x0000000741a00000, 0x0000000800000000)
  region size 2048K, 2 young (4096K), 2 survivors (4096K)
 Metaspace       used 4050K, committed 4224K, reserved 1056768K
  class space    used 426K, committed 512K, reserved 1048576K
}
Event: 1.082 GC heap before
{Heap before GC invocations=1 (full 0):
 garbage-first heap   total 196608K, used 41472K [0x0000000741a00000, 0x0000000800000000)
  region size 2048K, 21 young (43008K), 2 survivors (4096K)
 Metaspace       used 8173K, committed 8320K, reserved 1064960K
  class space    used 1015K, committed 1088K, reserved 1048576K
}
Event: 1.102 GC heap after
{Heap after GC invocations=2 (full 0):
 garbage-first heap   total 196608K, used 26421K [0x0000000741a00000, 0x0000000800000000)
  region size 2048K, 3 young (6144K), 3 survivors (6144K)
 Metaspace       used 8173K, committed 8320K, reserved 1064960K
  class space    used 1015K, committed 1088K, reserved 1048576K
}
Event: 1.641 GC heap before
{Heap before GC invocations=2 (full 0):
 garbage-first heap   total 196608K, used 114485K [0x0000000741a00000, 0x0000000800000000)
  region size 2048K, 14 young (28672K), 3 survivors (6144K)
 Metaspace       used 8570K, committed 8768K, reserved 1064960K
  class space    used 1074K, committed 1152K, reserved 1048576K
}
Event: 1.665 GC heap after
{Heap after GC invocations=3 (full 0):
 garbage-first heap   total 196608K, used 114543K [0x0000000741a00000, 0x0000000800000000)
  region size 2048K, 2 young (4096K), 2 survivors (4096K)
 Metaspace       used 8570K, committed 8768K, reserved 1064960K
  class space    used 1074K, committed 1152K, reserved 1048576K
}
Event: 1.720 GC heap before
{Heap before GC invocations=4 (full 0):
 garbage-first heap   total 223232K, used 130927K [0x0000000741a00000, 0x0000000800000000)
  region size 2048K, 3 young (6144K), 2 survivors (4096K)
 Metaspace       used 8571K, committed 8768K, reserved 1064960K
  class space    used 1074K, committed 1152K, reserved 1048576K
}
Event: 1.724 GC heap after
{Heap after GC invocations=5 (full 0):
 garbage-first heap   total 223232K, used 133593K [0x0000000741a00000, 0x0000000800000000)
  region size 2048K, 1 young (2048K), 1 survivors (2048K)
 Metaspace       used 8571K, committed 8768K, reserved 1064960K
  class space    used 1074K, committed 1152K, reserved 1048576K
}
Event: 1.808 GC heap before
{Heap before GC invocations=6 (full 0):
 garbage-first heap   total 243712K, used 145881K [0x0000000741a00000, 0x0000000800000000)
  region size 2048K, 3 young (6144K), 1 survivors (2048K)
 Metaspace       used 8571K, committed 8768K, reserved 1064960K
  class space    used 1074K, committed 1152K, reserved 1048576K
}
Event: 1.812 GC heap after
{Heap after GC invocations=7 (full 0):
 garbage-first heap   total 243712K, used 148122K [0x0000000741a00000, 0x0000000800000000)
  region size 2048K, 2 young (4096K), 2 survivors (4096K)
 Metaspace       used 8571K, committed 8768K, reserved 1064960K
  class space    used 1074K, committed 1152K, reserved 1048576K
}
Event: 1.967 GC heap before
{Heap before GC invocations=8 (full 0):
 garbage-first heap   total 266240K, used 162458K [0x0000000741a00000, 0x0000000800000000)
  region size 2048K, 8 young (16384K), 2 survivors (4096K)
 Metaspace       used 8631K, committed 8768K, reserved 1064960K
  class space    used 1076K, committed 1152K, reserved 1048576K
}
Event: 1.969 GC heap after
{Heap after GC invocations=9 (full 0):
 garbage-first heap   total 266240K, used 161721K [0x0000000741a00000, 0x0000000800000000)
  region size 2048K, 2 young (4096K), 2 survivors (4096K)
 Metaspace       used 8631K, committed 8768K, reserved 1064960K
  class space    used 1076K, committed 1152K, reserved 1048576K
}

Deoptimization events (20 events):
Event: 2.035 Thread 0x0000021eb31b33e0 Uncommon trap: trap_request=0xffffffde fr.pc=0x0000021ea0a34014 relative=0x0000000000000594
Event: 2.035 Thread 0x0000021eb31b33e0 Uncommon trap: reason=class_check action=maybe_recompile pc=0x0000021ea0a34014 method=com.sun.javafx.collections.ListListenerHelper.fireValueChangedEvent(Lcom/sun/javafx/collections/ListListenerHelper;Ljavafx/collections/ListChangeListener$Change;)V @ 10 
Event: 2.035 Thread 0x0000021eb31b33e0 DEOPT PACKING pc=0x0000021ea0a34014 sp=0x0000004355bfe310
Event: 2.035 Thread 0x0000021eb31b33e0 DEOPT UNPACKING pc=0x0000021e98f323a3 sp=0x0000004355bfe1c0 mode 2
Event: 2.035 Thread 0x0000021eb31b33e0 Uncommon trap: trap_request=0xffffffde fr.pc=0x0000021ea0a34014 relative=0x0000000000000594
Event: 2.035 Thread 0x0000021eb31b33e0 Uncommon trap: reason=class_check action=maybe_recompile pc=0x0000021ea0a34014 method=com.sun.javafx.collections.ListListenerHelper.fireValueChangedEvent(Lcom/sun/javafx/collections/ListListenerHelper;Ljavafx/collections/ListChangeListener$Change;)V @ 10 
Event: 2.035 Thread 0x0000021eb31b33e0 DEOPT PACKING pc=0x0000021ea0a34014 sp=0x0000004355bfe310
Event: 2.035 Thread 0x0000021eb31b33e0 DEOPT UNPACKING pc=0x0000021e98f323a3 sp=0x0000004355bfe1c0 mode 2
Event: 2.036 Thread 0x0000021eb31b33e0 Uncommon trap: trap_request=0xffffffde fr.pc=0x0000021ea0a34014 relative=0x0000000000000594
Event: 2.036 Thread 0x0000021eb31b33e0 Uncommon trap: reason=class_check action=maybe_recompile pc=0x0000021ea0a34014 method=com.sun.javafx.collections.ListListenerHelper.fireValueChangedEvent(Lcom/sun/javafx/collections/ListListenerHelper;Ljavafx/collections/ListChangeListener$Change;)V @ 10 
Event: 2.036 Thread 0x0000021eb31b33e0 DEOPT PACKING pc=0x0000021ea0a34014 sp=0x0000004355bfe310
Event: 2.036 Thread 0x0000021eb31b33e0 DEOPT UNPACKING pc=0x0000021e98f323a3 sp=0x0000004355bfe1c0 mode 2
Event: 2.092 Thread 0x0000021eb31b33e0 Uncommon trap: trap_request=0xfffffff4 fr.pc=0x0000021ea0a79540 relative=0x00000000000000a0
Event: 2.092 Thread 0x0000021eb31b33e0 Uncommon trap: reason=null_check action=make_not_entrant pc=0x0000021ea0a79540 method=javafx.scene.Node.getParent()Ljavafx/scene/Parent; @ 18 c2
Event: 2.092 Thread 0x0000021eb31b33e0 DEOPT PACKING pc=0x0000021ea0a79540 sp=0x0000004355bfdd30
Event: 2.092 Thread 0x0000021eb31b33e0 DEOPT UNPACKING pc=0x0000021e98f323a3 sp=0x0000004355bfdcd0 mode 2
Event: 2.093 Thread 0x0000021eb31b33e0 Uncommon trap: trap_request=0xffffff45 fr.pc=0x0000021ea0a28b34 relative=0x0000000000000034
Event: 2.093 Thread 0x0000021eb31b33e0 Uncommon trap: reason=unstable_if action=reinterpret pc=0x0000021ea0a28b34 method=com.sun.javafx.binding.ExpressionHelper.fireValueChangedEvent(Lcom/sun/javafx/binding/ExpressionHelper;)V @ 1 c2
Event: 2.093 Thread 0x0000021eb31b33e0 DEOPT PACKING pc=0x0000021ea0a28b34 sp=0x0000004355bfdd60
Event: 2.093 Thread 0x0000021eb31b33e0 DEOPT UNPACKING pc=0x0000021e98f323a3 sp=0x0000004355bfdd00 mode 2

Classes unloaded (0 events):
No events

Classes redefined (0 events):
No events

Internal exceptions (20 events):
Event: 0.304 Thread 0x0000021e8fe8f990 Exception <a 'java/lang/NoSuchMethodError'{0x000000074d1eebb8}: 'void java.lang.invoke.DirectMethodHandle$Holder.invokeStatic(java.lang.Object, java.lang.Object, java.lang.Object, java.lang.Object)'> (0x000000074d1eebb8) 
thrown [s\open\src\hotspot\share\interpreter\linkResolver.cpp, line 759]
Event: 0.336 Thread 0x0000021eb37267c0 Exception <a 'java/lang/NoSuchMethodError'{0x000000074cee62d0}: 'java.lang.Object java.lang.invoke.DirectMethodHandle$Holder.invokeStaticInit(java.lang.Object)'> (0x000000074cee62d0) 
thrown [s\open\src\hotspot\share\interpreter\linkResolver.cpp, line 759]
Event: 0.342 Thread 0x0000021eb37267c0 Exception <a 'java/lang/ClassNotFoundException'{0x000000074cef14b0}: jdk/net/ExtendedSocketOptions> (0x000000074cef14b0) 
thrown [s\open\src\hotspot\share\classfile\systemDictionary.cpp, line 256]
Event: 0.343 Thread 0x0000021eb37267c0 Exception <a 'java/lang/NoSuchMethodError'{0x000000074cef2d48}: 'void java.lang.invoke.DirectMethodHandle$Holder.invokeStatic(java.lang.Object, java.lang.Object)'> (0x000000074cef2d48) 
thrown [s\open\src\hotspot\share\interpreter\linkResolver.cpp, line 759]
Event: 0.596 Thread 0x0000021e8fe8f990 Exception <a 'java/lang/NoSuchMethodError'{0x000000074c9572d0}: 'void java.lang.invoke.DirectMethodHandle$Holder.invokeSpecial(java.lang.Object, java.lang.Object, java.lang.Object)'> (0x000000074c9572d0) 
thrown [s\open\src\hotspot\share\interpreter\linkResolver.cpp, line 759]
Event: 0.605 Thread 0x0000021e8fe8f990 Exception <a 'java/lang/NoSuchMethodError'{0x000000074c98edd8}: 'void java.lang.invoke.DirectMethodHandle$Holder.invokeStatic(java.lang.Object, java.lang.Object, java.lang.Object)'> (0x000000074c98edd8) 
thrown [s\open\src\hotspot\share\interpreter\linkResolver.cpp, line 759]
Event: 0.638 Thread 0x0000021e8fe8f990 Exception <a 'java/lang/NoSuchMethodError'{0x000000074c9ab8d8}: 'int java.lang.invoke.DirectMethodHandle$Holder.invokeStaticInit(java.lang.Object, java.lang.Object, java.lang.Object)'> (0x000000074c9ab8d8) 
thrown [s\open\src\hotspot\share\interpreter\linkResolver.cpp, line 759]
Event: 0.660 Thread 0x0000021e8fe8f990 Exception <a 'java/lang/NoSuchMethodError'{0x000000074c7047d0}: 'java.lang.Object java.lang.invoke.DirectMethodHandle$Holder.newInvokeSpecial(java.lang.Object, java.lang.Object, int, java.lang.Object)'> (0x000000074c7047d0) 
thrown [s\open\src\hotspot\share\interpreter\linkResolver.cpp, line 759]
Event: 0.661 Thread 0x0000021e8fe8f990 Exception <a 'java/lang/NoSuchMethodError'{0x000000074c708bb0}: 'java.lang.Object java.lang.invoke.DirectMethodHandle$Holder.invokeSpecial(java.lang.Object, java.lang.Object, java.lang.Object, int, java.lang.Object)'> (0x000000074c708bb0) 
thrown [s\open\src\hotspot\share\interpreter\linkResolver.cpp, line 759]
Event: 0.720 Thread 0x0000021eb31b33e0 Exception <a 'java/lang/NoSuchMethodError'{0x000000074d83e628}: 'void java.lang.invoke.DirectMethodHandle$Holder.invokeStaticInit(java.lang.Object)'> (0x000000074d83e628) 
thrown [s\open\src\hotspot\share\interpreter\linkResolver.cpp, line 759]
Event: 0.723 Thread 0x0000021e8fe8f990 Exception <a 'java/lang/NoSuchMethodError'{0x000000074d990dd8}: 'java.lang.Object java.lang.invoke.DirectMethodHandle$Holder.newInvokeSpecial(java.lang.Object, java.lang.Object, java.lang.Object, java.lang.Object, java.lang.Object, java.lang.Object)'> (0x000000074d990dd8) 
thrown [s\open\src\hotspot\share\interpreter\linkResolver.cpp, line 759]
Event: 0.757 Thread 0x0000021e8fe8f990 Exception <a 'java/lang/NoSuchMethodError'{0x000000074d7913f0}: 'java.lang.Object java.lang.invoke.DirectMethodHandle$Holder.newInvokeSpecial(java.lang.Object, java.lang.Object, java.lang.Object, java.lang.Object, java.lang.Object)'> (0x000000074d7913f0) 
thrown [s\open\src\hotspot\share\interpreter\linkResolver.cpp, line 759]
Event: 0.786 Thread 0x0000021eb31b33e0 Exception <a 'java/lang/NoSuchMethodError'{0x000000074d5a5118}: 'java.lang.Object java.lang.invoke.DirectMethodHandle$Holder.invokeStaticInit(java.lang.Object, java.lang.Object, java.lang.Object, java.lang.Object)'> (0x000000074d5a5118) 
thrown [s\open\src\hotspot\share\interpreter\linkResolver.cpp, line 759]
Event: 0.809 Thread 0x0000021eb31b33e0 Exception <a 'java/lang/NullPointerException'{0x000000074d2ecb08}> (0x000000074d2ecb08) 
thrown [s\open\src\hotspot\share\interpreter\linkResolver.cpp, line 1350]
Event: 0.862 Thread 0x0000021eb31b33e0 Exception <a 'java/lang/ClassNotFoundException'{0x000000074ce83a00}: com/sun/glass/ui/win/themes> (0x000000074ce83a00) 
thrown [s\open\src\hotspot\share\prims\jni.cpp, line 535]
Event: 0.864 Thread 0x0000021eb31b33e0 Exception <a 'java/lang/ClassNotFoundException'{0x000000074ce8fb80}: com/sun/glass/ui/win/themes_en> (0x000000074ce8fb80) 
thrown [s\open\src\hotspot\share\prims\jni.cpp, line 535]
Event: 0.864 Thread 0x0000021eb31b33e0 Exception <a 'java/lang/ClassNotFoundException'{0x000000074ce97910}: com/sun/glass/ui/win/themes_en_US> (0x000000074ce97910) 
thrown [s\open\src\hotspot\share\prims\jni.cpp, line 535]
Event: 0.954 Thread 0x0000021eb31b33e0 Exception <a 'java/lang/NoSuchMethodError'{0x000000074cb452a0}: 'void java.lang.invoke.DirectMethodHandle$Holder.invokeStaticInit(java.lang.Object, java.lang.Object)'> (0x000000074cb452a0) 
thrown [s\open\src\hotspot\share\interpreter\linkResolver.cpp, line 759]
Event: 1.031 Thread 0x0000021eb25306d0 Exception <a 'java/lang/NoSuchMethodError'{0x000000074c7bf5c0}: 'java.lang.Object java.lang.invoke.DirectMethodHandle$Holder.invokeStaticInit(java.lang.Object, int)'> (0x000000074c7bf5c0) 
thrown [s\open\src\hotspot\share\interpreter\linkResolver.cpp, line 759]
Event: 2.092 Thread 0x0000021eb31b33e0 Implicit null exception at 0x0000021ea0a79500 to 0x0000021ea0a79534

VM Operations (20 events):
Event: 1.771 Executing VM operation: G1Concurrent
Event: 1.772 Executing VM operation: G1Concurrent done
Event: 1.795 Executing VM operation: G1Concurrent
Event: 1.795 Executing VM operation: G1Concurrent done
Event: 1.808 Executing VM operation: G1TryInitiateConcMark
Event: 1.812 Executing VM operation: G1TryInitiateConcMark done
Event: 1.860 Executing VM operation: G1Concurrent
Event: 1.861 Executing VM operation: G1Concurrent done
Event: 1.880 Executing VM operation: G1Concurrent
Event: 1.881 Executing VM operation: G1Concurrent done
Event: 1.967 Executing VM operation: G1TryInitiateConcMark
Event: 1.969 Executing VM operation: G1TryInitiateConcMark done
Event: 2.020 Executing VM operation: G1Concurrent
Event: 2.021 Executing VM operation: G1Concurrent done
Event: 2.035 Executing VM operation: HandshakeAllThreads
Event: 2.035 Executing VM operation: HandshakeAllThreads done
Event: 2.045 Executing VM operation: G1Concurrent
Event: 2.045 Executing VM operation: G1Concurrent done
Event: 2.112 Executing VM operation: HandshakeAllThreads
Event: 2.112 Executing VM operation: HandshakeAllThreads done

Events (20 events):
Event: 1.159 loading class sun/net/ProgressMonitor
Event: 1.159 loading class sun/net/ProgressMonitor done
Event: 1.159 loading class sun/net/DefaultProgressMeteringPolicy
Event: 1.160 loading class sun/net/ProgressMeteringPolicy
Event: 1.160 loading class sun/net/ProgressMeteringPolicy done
Event: 1.160 loading class sun/net/DefaultProgressMeteringPolicy done
Event: 1.160 loading class java/util/Vector
Event: 1.160 loading class java/util/Vector done
Event: 1.160 loading class java/util/Vector$1
Event: 1.160 loading class java/util/Vector$1 done
Event: 1.167 Loaded shared library C:\Users\F1\.openjfx\cache\17.0.2-ea\javafx_iio.dll
Event: 1.207 loading class java/nio/FloatBuffer
Event: 1.207 loading class java/nio/FloatBuffer done
Event: 1.530 Thread 0x0000021eb85a6630 Thread exited: 0x0000021eb85a6630
Event: 2.038 Thread 0x0000021eb8a6e360 Thread added: 0x0000021eb8a6e360
Event: 2.088 loading class sun/nio/cs/UTF_16BE$Decoder
Event: 2.088 loading class sun/nio/cs/UnicodeDecoder
Event: 2.088 loading class sun/nio/cs/UnicodeDecoder done
Event: 2.088 loading class sun/nio/cs/UTF_16BE$Decoder done
Event: 2.092 Thread 0x0000021eb85888b0 Thread added: 0x0000021eb85888b0


Dynamic libraries:
0x00007ff605e50000 - 0x00007ff605e60000 	C:\Program Files\Java\jdk-17.0.4\bin\java.exe
0x00007fffcee30000 - 0x00007fffcf028000 	C:\Windows\SYSTEM32\ntdll.dll
0x00007fffce260000 - 0x00007fffce31d000 	C:\Windows\System32\KERNEL32.DLL
0x00007fffcc740000 - 0x00007fffcca0e000 	C:\Windows\System32\KERNELBASE.dll
0x00007fffccb70000 - 0x00007fffccc70000 	C:\Windows\System32\ucrtbase.dll
0x00007fffc5910000 - 0x00007fffc5928000 	C:\Program Files\Java\jdk-17.0.4\bin\jli.dll
0x00007fffc50f0000 - 0x00007fffc510a000 	C:\Program Files\Java\jdk-17.0.4\bin\VCRUNTIME140.dll
0x00007fffced40000 - 0x00007fffcedee000 	C:\Windows\System32\ADVAPI32.dll
0x00007fffcda00000 - 0x00007fffcda9e000 	C:\Windows\System32\msvcrt.dll
0x00007fffce480000 - 0x00007fffce51c000 	C:\Windows\System32\sechost.dll
0x00007fffce700000 - 0x00007fffce825000 	C:\Windows\System32\RPCRT4.dll
0x00007fffcd310000 - 0x00007fffcd4b0000 	C:\Windows\System32\USER32.dll
0x00007fffbd200000 - 0x00007fffbd49a000 	C:\Windows\WinSxS\amd64_microsoft.windows.common-controls_6595b64144ccf1df_6.0.19041.1110_none_60b5254171f9507e\COMCTL32.dll
0x00007fffcc600000 - 0x00007fffcc622000 	C:\Windows\System32\win32u.dll
0x00007fffcd5f0000 - 0x00007fffcd61a000 	C:\Windows\System32\GDI32.dll
0x00007fffccc70000 - 0x00007fffccd7b000 	C:\Windows\System32\gdi32full.dll
0x00007fffc4ab0000 - 0x00007fffc4aba000 	C:\Windows\SYSTEM32\VERSION.dll
0x00007fffcc6a0000 - 0x00007fffcc73d000 	C:\Windows\System32\msvcp_win.dll
0x00007fffcd6e0000 - 0x00007fffcd710000 	C:\Windows\System32\IMM32.DLL
0x00007fffc69e0000 - 0x00007fffc69ec000 	C:\Program Files\Java\jdk-17.0.4\bin\vcruntime140_1.dll
0x00007fffaf850000 - 0x00007fffaf8dd000 	C:\Program Files\Java\jdk-17.0.4\bin\msvcp140.dll
0x00007fff91520000 - 0x00007fff920e2000 	C:\Program Files\Java\jdk-17.0.4\bin\server\jvm.dll
0x00007fffcd6d0000 - 0x00007fffcd6d8000 	C:\Windows\System32\PSAPI.DLL
0x00007fffc5d30000 - 0x00007fffc5d57000 	C:\Windows\SYSTEM32\WINMM.dll
0x00007fffae690000 - 0x00007fffae699000 	C:\Windows\SYSTEM32\WSOCK32.dll
0x00007fffce320000 - 0x00007fffce38b000 	C:\Windows\System32\WS2_32.dll
0x00007fffcae00000 - 0x00007fffcae12000 	C:\Windows\SYSTEM32\kernel.appcore.dll
0x00007fffc6980000 - 0x00007fffc698a000 	C:\Program Files\Java\jdk-17.0.4\bin\jimage.dll
0x00007fffca2f0000 - 0x00007fffca4d4000 	C:\Windows\SYSTEM32\DBGHELP.DLL
0x00007fffae550000 - 0x00007fffae57c000 	C:\Windows\SYSTEM32\dbgcore.DLL
0x00007fffccdb0000 - 0x00007fffcce32000 	C:\Windows\System32\bcryptPrimitives.dll
0x00007fffc6fd0000 - 0x00007fffc6fde000 	C:\Program Files\Java\jdk-17.0.4\bin\instrument.dll
0x00007fffc42f0000 - 0x00007fffc4315000 	C:\Program Files\Java\jdk-17.0.4\bin\java.dll
0x00007fff9aa10000 - 0x00007fff9aae6000 	C:\Program Files\Java\jdk-17.0.4\bin\jsvml.dll
0x00007fffcdaa0000 - 0x00007fffce1e3000 	C:\Windows\System32\SHELL32.dll
0x00007fffca4e0000 - 0x00007fffcac75000 	C:\Windows\SYSTEM32\windows.storage.dll
0x00007fffcce90000 - 0x00007fffcd1e4000 	C:\Windows\System32\combase.dll
0x00007fffcbee0000 - 0x00007fffcbf10000 	C:\Windows\SYSTEM32\Wldp.dll
0x00007fffce520000 - 0x00007fffce5cd000 	C:\Windows\System32\SHCORE.dll
0x00007fffce420000 - 0x00007fffce475000 	C:\Windows\System32\shlwapi.dll
0x00007fffcc490000 - 0x00007fffcc4af000 	C:\Windows\SYSTEM32\profapi.dll
0x00007fffc4d70000 - 0x00007fffc4d89000 	C:\Program Files\Java\jdk-17.0.4\bin\net.dll
0x00007fffbf6c0000 - 0x00007fffbf7ca000 	C:\Windows\SYSTEM32\WINHTTP.dll
0x00007fffcbc40000 - 0x00007fffcbcaa000 	C:\Windows\system32\mswsock.dll
0x00007fffc4250000 - 0x00007fffc4266000 	C:\Program Files\Java\jdk-17.0.4\bin\nio.dll
0x00007fffbac30000 - 0x00007fffbac48000 	C:\Program Files\Java\jdk-17.0.4\bin\zip.dll
0x00007fffc4320000 - 0x00007fffc433a000 	C:\Program Files\JetBrains\IntelliJ IDEA 2022.2\bin\breakgen64.dll
0x0000021eb26b0000 - 0x0000021eb26b3000 	C:\Users\F1\.openjfx\cache\17.0.2-ea\api-ms-win-core-console-l1-1-0.dll
0x0000021eb26c0000 - 0x0000021eb26c3000 	C:\Users\F1\.openjfx\cache\17.0.2-ea\api-ms-win-core-console-l1-2-0.dll
0x0000021eb26d0000 - 0x0000021eb26d3000 	C:\Users\F1\.openjfx\cache\17.0.2-ea\api-ms-win-core-datetime-l1-1-0.dll
0x0000021eb26e0000 - 0x0000021eb26e3000 	C:\Users\F1\.openjfx\cache\17.0.2-ea\api-ms-win-core-debug-l1-1-0.dll
0x0000021eb26f0000 - 0x0000021eb26f3000 	C:\Users\F1\.openjfx\cache\17.0.2-ea\api-ms-win-core-errorhandling-l1-1-0.dll
0x0000021eb2700000 - 0x0000021eb2704000 	C:\Users\F1\.openjfx\cache\17.0.2-ea\api-ms-win-core-file-l1-1-0.dll
0x0000021eb2710000 - 0x0000021eb2713000 	C:\Users\F1\.openjfx\cache\17.0.2-ea\api-ms-win-core-file-l1-2-0.dll
0x0000021eb2720000 - 0x0000021eb2723000 	C:\Users\F1\.openjfx\cache\17.0.2-ea\api-ms-win-core-file-l2-1-0.dll
0x0000021eb2730000 - 0x0000021eb2733000 	C:\Users\F1\.openjfx\cache\17.0.2-ea\api-ms-win-core-handle-l1-1-0.dll
0x0000021eb2740000 - 0x0000021eb2743000 	C:\Users\F1\.openjfx\cache\17.0.2-ea\api-ms-win-core-heap-l1-1-0.dll
0x0000021eb2750000 - 0x0000021eb2753000 	C:\Users\F1\.openjfx\cache\17.0.2-ea\api-ms-win-core-interlocked-l1-1-0.dll
0x0000021eb2760000 - 0x0000021eb2763000 	C:\Users\F1\.openjfx\cache\17.0.2-ea\api-ms-win-core-libraryloader-l1-1-0.dll
0x0000021eb2770000 - 0x0000021eb2773000 	C:\Users\F1\.openjfx\cache\17.0.2-ea\api-ms-win-core-localization-l1-2-0.dll
0x0000021eb2780000 - 0x0000021eb2783000 	C:\Users\F1\.openjfx\cache\17.0.2-ea\api-ms-win-core-memory-l1-1-0.dll
0x0000021eb2790000 - 0x0000021eb2793000 	C:\Users\F1\.openjfx\cache\17.0.2-ea\api-ms-win-core-namedpipe-l1-1-0.dll
0x0000021eb27a0000 - 0x0000021eb27a3000 	C:\Users\F1\.openjfx\cache\17.0.2-ea\api-ms-win-core-processenvironment-l1-1-0.dll
0x0000021eb27b0000 - 0x0000021eb27b3000 	C:\Users\F1\.openjfx\cache\17.0.2-ea\api-ms-win-core-processthreads-l1-1-0.dll
0x0000021eb27c0000 - 0x0000021eb27c3000 	C:\Users\F1\.openjfx\cache\17.0.2-ea\api-ms-win-core-processthreads-l1-1-1.dll
0x0000021eb27d0000 - 0x0000021eb27d3000 	C:\Users\F1\.openjfx\cache\17.0.2-ea\api-ms-win-core-profile-l1-1-0.dll
0x0000021eb27e0000 - 0x0000021eb27e3000 	C:\Users\F1\.openjfx\cache\17.0.2-ea\api-ms-win-core-rtlsupport-l1-1-0.dll
0x0000021eb27f0000 - 0x0000021eb27f3000 	C:\Users\F1\.openjfx\cache\17.0.2-ea\api-ms-win-core-string-l1-1-0.dll
0x0000021eb3c00000 - 0x0000021eb3c03000 	C:\Users\F1\.openjfx\cache\17.0.2-ea\api-ms-win-core-synch-l1-1-0.dll
0x0000021eb3c10000 - 0x0000021eb3c13000 	C:\Users\F1\.openjfx\cache\17.0.2-ea\api-ms-win-core-synch-l1-2-0.dll
0x0000021eb3c20000 - 0x0000021eb3c23000 	C:\Users\F1\.openjfx\cache\17.0.2-ea\api-ms-win-core-sysinfo-l1-1-0.dll
0x0000021eb3c30000 - 0x0000021eb3c33000 	C:\Users\F1\.openjfx\cache\17.0.2-ea\api-ms-win-core-timezone-l1-1-0.dll
0x0000021eb3c40000 - 0x0000021eb3c43000 	C:\Users\F1\.openjfx\cache\17.0.2-ea\api-ms-win-core-util-l1-1-0.dll
0x0000021eb3c50000 - 0x0000021eb3c53000 	C:\Users\F1\.openjfx\cache\17.0.2-ea\api-ms-win-crt-conio-l1-1-0.dll
0x0000021eb3c60000 - 0x0000021eb3c64000 	C:\Users\F1\.openjfx\cache\17.0.2-ea\api-ms-win-crt-convert-l1-1-0.dll
0x0000021eb3c70000 - 0x0000021eb3c73000 	C:\Users\F1\.openjfx\cache\17.0.2-ea\api-ms-win-crt-environment-l1-1-0.dll
0x0000021eb3c80000 - 0x0000021eb3c83000 	C:\Users\F1\.openjfx\cache\17.0.2-ea\api-ms-win-crt-filesystem-l1-1-0.dll
0x0000021eb3c90000 - 0x0000021eb3c93000 	C:\Users\F1\.openjfx\cache\17.0.2-ea\api-ms-win-crt-heap-l1-1-0.dll
0x0000021eb3ca0000 - 0x0000021eb3ca3000 	C:\Users\F1\.openjfx\cache\17.0.2-ea\api-ms-win-crt-locale-l1-1-0.dll
0x0000021eb3cb0000 - 0x0000021eb3cb5000 	C:\Users\F1\.openjfx\cache\17.0.2-ea\api-ms-win-crt-math-l1-1-0.dll
0x0000021eb3cc0000 - 0x0000021eb3cc5000 	C:\Users\F1\.openjfx\cache\17.0.2-ea\api-ms-win-crt-multibyte-l1-1-0.dll
0x0000021eb3cd0000 - 0x0000021eb3ce0000 	C:\Users\F1\.openjfx\cache\17.0.2-ea\api-ms-win-crt-private-l1-1-0.dll
0x0000021eb3ce0000 - 0x0000021eb3ce3000 	C:\Users\F1\.openjfx\cache\17.0.2-ea\api-ms-win-crt-process-l1-1-0.dll
0x0000021eb3cf0000 - 0x0000021eb3cf4000 	C:\Users\F1\.openjfx\cache\17.0.2-ea\api-ms-win-crt-runtime-l1-1-0.dll
0x0000021eb3d00000 - 0x0000021eb3d04000 	C:\Users\F1\.openjfx\cache\17.0.2-ea\api-ms-win-crt-stdio-l1-1-0.dll
0x0000021eb3d10000 - 0x0000021eb3d14000 	C:\Users\F1\.openjfx\cache\17.0.2-ea\api-ms-win-crt-string-l1-1-0.dll
0x0000021eb3d20000 - 0x0000021eb3d23000 	C:\Users\F1\.openjfx\cache\17.0.2-ea\api-ms-win-crt-time-l1-1-0.dll
0x0000021eb3d30000 - 0x0000021eb3d33000 	C:\Users\F1\.openjfx\cache\17.0.2-ea\api-ms-win-crt-utility-l1-1-0.dll
0x00007fff9bfe0000 - 0x00007fff9c0dc000 	C:\Users\F1\.openjfx\cache\17.0.2-ea\ucrtbase.dll
0x00007fffb55c0000 - 0x00007fffb55da000 	C:\Users\F1\.openjfx\cache\17.0.2-ea\vcruntime140.dll
0x00007fffc4da0000 - 0x00007fffc4dac000 	C:\Users\F1\.openjfx\cache\17.0.2-ea\vcruntime140_1.dll
0x00007fffa8d90000 - 0x00007fffa8e1d000 	C:\Users\F1\.openjfx\cache\17.0.2-ea\msvcp140.dll
0x00007fffb4f50000 - 0x00007fffb4f7a000 	C:\Users\F1\.openjfx\cache\17.0.2-ea\prism_d3d.dll
0x00007fff62c00000 - 0x00007fff62dcf000 	C:\Windows\system32\d3d9.dll
0x00007fffc9d90000 - 0x00007fffc9dbf000 	C:\Windows\SYSTEM32\dwmapi.dll
0x00007fffc9b70000 - 0x00007fffc9c0e000 	C:\Windows\system32\uxtheme.dll
0x00007fff50d20000 - 0x00007fff54945000 	C:\Windows\System32\DriverStore\FileRepository\igdlh64.inf_amd64_d44295a98a21a376\igdumdim64.dll
0x00007fffcd8c0000 - 0x00007fffcd98d000 	C:\Windows\System32\OLEAUT32.dll
0x00007fffce5d0000 - 0x00007fffce6fa000 	C:\Windows\System32\ole32.dll
0x00007fffce830000 - 0x00007fffcec9f000 	C:\Windows\System32\SETUPAPI.dll
0x00007fffcce40000 - 0x00007fffcce8e000 	C:\Windows\System32\cfgmgr32.dll
0x00007fffccd80000 - 0x00007fffccda7000 	C:\Windows\System32\bcrypt.dll
0x00007fffada00000 - 0x00007fffada42000 	C:\Users\F1\.openjfx\cache\17.0.2-ea\glass.dll
0x00007fffcd4b0000 - 0x00007fffcd58a000 	C:\Windows\System32\COMDLG32.dll
0x00007fffcd1f0000 - 0x00007fffcd305000 	C:\Windows\System32\MSCTF.dll
0x00007fffbbc00000 - 0x00007fffbd1fe000 	C:\Windows\System32\DriverStore\FileRepository\igdlh64.inf_amd64_d44295a98a21a376\igc64.dll
0x00007fffbe1a0000 - 0x00007fffbe1db000 	C:\Windows\SYSTEM32\dxcore.dll
0x00007fffb4f30000 - 0x00007fffb4f44000 	C:\Users\F1\.openjfx\cache\17.0.2-ea\javafx_font.dll
0x00007fffaca30000 - 0x00007fffaca5d000 	C:\Users\F1\.openjfx\cache\17.0.2-ea\javafx_iio.dll
0x00007fffa3e70000 - 0x00007fffa40ef000 	C:\Windows\SYSTEM32\dwrite.dll

dbghelp: loaded successfully - version: 4.0.5 - missing functions: none
symbol engine: initialized successfully - sym options: 0x614 - pdb path: .;C:\Program Files\Java\jdk-17.0.4\bin;C:\Windows\SYSTEM32;C:\Windows\WinSxS\amd64_microsoft.windows.common-controls_6595b64144ccf1df_6.0.19041.1110_none_60b5254171f9507e;C:\Program Files\Java\jdk-17.0.4\bin\server;C:\Program Files\JetBrains\IntelliJ IDEA 2022.2\bin;C:\Users\F1\.openjfx\cache\17.0.2-ea;C:\Windows\System32\DriverStore\FileRepository\igdlh64.inf_amd64_d44295a98a21a376

VM Arguments:
jvm_args: -javaagent:C:\Program Files\JetBrains\IntelliJ IDEA 2022.2\lib\idea_rt.jar=61447:C:\Program Files\JetBrains\IntelliJ IDEA 2022.2\bin -Dfile.encoding=UTF-8 --module-path=C:\Users\F1\.m2\repository\org\openjfx\javafx-graphics\17.0.2\javafx-graphics-17.0.2-win.jar;C:\Users\F1\.m2\repository\org\openjfx\javafx-fxml\17.0.2\javafx-fxml-17.0.2-win.jar;C:\Users\F1\.m2\repository\com\google\code\gson\gson\2.8.1\gson-2.8.1.jar;C:\Users\F1\.m2\repository\org\openjfx\javafx-controls\17.0.2\javafx-controls-17.0.2-win.jar;C:\Users\F1\.m2\repository\org\openjfx\javafx-base\17.0.2\javafx-base-17.0.2-win.jar;C:\Users\F1\Desktop\AP\PROJECT\project-group-19\target\classes;C:\Users\F1\.m2\repository\org\openjfx\javafx-media\16\javafx-media-16-win.jar -Djdk.module.main=com.example.projectgroup19 
java_command: com.example.projectgroup19/view.TileManager
java_class_path (initial): C:\Users\F1\.m2\repository\org\openjfx\javafx-controls\17.0.2\javafx-controls-17.0.2.jar;C:\Users\F1\.m2\repository\org\openjfx\javafx-graphics\17.0.2\javafx-graphics-17.0.2.jar;C:\Users\F1\.m2\repository\org\openjfx\javafx-base\17.0.2\javafx-base-17.0.2.jar;C:\Users\F1\.m2\repository\org\openjfx\javafx-fxml\17.0.2\javafx-fxml-17.0.2.jar;C:\Users\F1\.m2\repository\org\openjfx\javafx-media\16\javafx-media-16.jar
Launcher Type: SUN_STANDARD

[Global flags]
     intx CICompilerCount                          = 4                                         {product} {ergonomic}
     uint ConcGCThreads                            = 2                                         {product} {ergonomic}
     uint G1ConcRefinementThreads                  = 8                                         {product} {ergonomic}
   size_t G1HeapRegionSize                         = 2097152                                   {product} {ergonomic}
    uintx GCDrainStackTargetSize                   = 64                                        {product} {ergonomic}
   size_t InitialHeapSize                          = 201326592                                 {product} {ergonomic}
   size_t MarkStackSize                            = 4194304                                   {product} {ergonomic}
   size_t MaxHeapSize                              = 3193962496                                {product} {ergonomic}
   size_t MaxNewSize                               = 1914699776                                {product} {ergonomic}
   size_t MinHeapDeltaBytes                        = 2097152                                   {product} {ergonomic}
   size_t MinHeapSize                              = 8388608                                   {product} {ergonomic}
    uintx NonNMethodCodeHeapSize                   = 5839372                                {pd product} {ergonomic}
    uintx NonProfiledCodeHeapSize                  = 122909434                              {pd product} {ergonomic}
    uintx ProfiledCodeHeapSize                     = 122909434                              {pd product} {ergonomic}
    uintx ReservedCodeCacheSize                    = 251658240                              {pd product} {ergonomic}
     bool SegmentedCodeCache                       = true                                      {product} {ergonomic}
   size_t SoftMaxHeapSize                          = 3193962496                             {manageable} {ergonomic}
     bool UseCompressedClassPointers               = true                           {product lp64_product} {ergonomic}
     bool UseCompressedOops                        = true                           {product lp64_product} {ergonomic}
     bool UseG1GC                                  = true                                      {product} {ergonomic}
     bool UseLargePagesIndividualAllocation        = false                                  {pd product} {ergonomic}

Logging:
Log output configuration:
 #0: stdout all=warning uptime,level,tags
 #1: stderr all=off uptime,level,tags

Environment Variables:
PATH=C:\Program Files\Common Files\Oracle\Java\javapath;C:\Windows\system32;C:\Windows;C:\Windows\System32\Wbem;C:\Windows\System32\WindowsPowerShell\v1.0\;C:\Windows\System32\OpenSSH\;C:\Program Files (x86)\NVIDIA Corporation\PhysX\Common;C:\Users\F1\Desktop\codeblocks-20.03mingw-nosetup\MinGW\bin;C:\Program Files\Git\cmd;C:\texlive\2022\bin\win32;%JAVA_HOME%\bin;C:\maven\apache-maven-3.9.1\bin;C:\Users\F1\AppData\Local\Microsoft\WindowsApps;C:\Users\F1\Desktop\codeblocks-20.03mingw-nosetup\MinGW\bin;;C:\Program Files\JetBrains\CLion 2022.2\bin;;C:\Program Files\JetBrains\IntelliJ IDEA 2022.2\bin;
USERNAME=F1
OS=Windows_NT
PROCESSOR_IDENTIFIER=Intel64 Family 6 Model 94 Stepping 3, GenuineIntel



---------------  S Y S T E M  ---------------

OS:
 Windows 10 , 64 bit Build 19041 (10.0.19041.1889)
OS uptime: 2 days 23:16 hours

CPU: total 8 (initial active 8) (4 cores per cpu, 2 threads per core) family 6 model 94 stepping 3 microcode 0xcc, cx8, cmov, fxsr, ht, mmx, 3dnowpref, sse, sse2, sse3, ssse3, sse4.1, sse4.2, popcnt, lzcnt, tsc, tscinvbit, avx, avx2, aes, erms, clmul, bmi1, bmi2, rtm, adx, fma, vzeroupper, clflush, clflushopt

Memory: 4k page, system-wide physical 12180M (1207M free)
TotalPageFile size 14228M (AvailPageFile size 5M)
current process WorkingSet (physical memory assigned to process): 307M, peak: 307M
current process commit charge ("private bytes"): 436M, peak: 436M

vm_info: Java HotSpot(TM) 64-Bit Server VM (17.0.4+11-LTS-179) for windows-amd64 JRE (17.0.4+11-LTS-179), built on Jun 28 2022 08:23:05 by "mach5one" with MS VC++ 16.8 / 16.9 (VS2019)

END.
