#
# There is insufficient memory for the Java Runtime Environment to continue.
# Native memory allocation (malloc) failed to allocate 708656 bytes for Chunk::new
# Possible reasons:
#   The system is out of physical RAM or swap space
#   The process is running with CompressedOops enabled, and the Java Heap may be blocking the growth of the native heap
# Possible solutions:
#   Reduce memory load on the system
#   Increase physical memory or swap space
#   Check if swap backing store is full
#   Decrease Java heap size (-Xmx/-Xms)
#   Decrease number of Java threads
#   Decrease Java thread stack sizes (-Xss)
#   Set larger code cache with -XX:ReservedCodeCacheSize=
#   JVM is running with Zero Based Compressed Oops mode in which the Java heap is
#     placed in the first 32GB address space. The Java Heap base address is the
#     maximum limit for the native heap growth. Please use -XX:HeapBaseMinAddress
#     to set the Java Heap base and to place the Java Heap above 32GB virtual address.
# This output file may be truncated or incomplete.
#
#  Out of Memory Error (arena.cpp:189), pid=24348, tid=19284
#
# JRE version: Java(TM) SE Runtime Environment (17.0.4+11) (build 17.0.4+11-LTS-179)
# Java VM: Java HotSpot(TM) 64-Bit Server VM (17.0.4+11-LTS-179, mixed mode, sharing, tiered, compressed oops, compressed class ptrs, g1 gc, windows-amd64)
# No core dump will be written. Minidumps are not enabled by default on client versions of Windows
#

---------------  S U M M A R Y ------------

Command Line: -javaagent:C:\Program Files\JetBrains\IntelliJ IDEA 2022.2\lib\idea_rt.jar=50794:C:\Program Files\JetBrains\IntelliJ IDEA 2022.2\bin -Dfile.encoding=UTF-8 --module-path=C:\Users\F1\.m2\repository\org\openjfx\javafx-controls\17.0.2\javafx-controls-17.0.2-win.jar;C:\Users\F1\.m2\repository\org\openjfx\javafx-fxml\17.0.2\javafx-fxml-17.0.2-win.jar;C:\Users\F1\.m2\repository\org\openjfx\javafx-graphics\17.0.2\javafx-graphics-17.0.2-win.jar;C:\Users\F1\.m2\repository\org\openjfx\javafx-media\16\javafx-media-16-win.jar;C:\Users\F1\.m2\repository\com\google\code\gson\gson\2.8.1\gson-2.8.1.jar;C:\Users\F1\Desktop\AP\PROJECT\project-group-19\target\classes;C:\Users\F1\.m2\repository\org\openjfx\javafx-base\17.0.2\javafx-base-17.0.2-win.jar -Djdk.module.main=com.example.projectgroup19 com.example.projectgroup19/view.TileManager

Host: Intel(R) Core(TM) i7-6700HQ CPU @ 2.60GHz, 8 cores, 11G,  Windows 10 , 64 bit Build 19041 (10.0.19041.1889)
Time: Fri Jun  2 12:29:03 2023 Iran Standard Time elapsed time: 0.271630 seconds (0d 0h 0m 0s)

---------------  T H R E A D  ---------------

Current thread (0x00000225c5947400):  JavaThread "C2 CompilerThread2" daemon [_thread_in_native, id=19284, stack(0x000000dd03e00000,0x000000dd03f00000)]


Current CompileTask:
C2:    271  238       4       java.util.stream.ReferencePipeline$3$1::accept (23 bytes)

Stack: [0x000000dd03e00000,0x000000dd03f00000]
Native frames: (J=compiled Java code, j=interpreted, Vv=VM code, C=native code)
V  [jvm.dll+0x6723da]
V  [jvm.dll+0x7d1f74]
V  [jvm.dll+0x7d371e]
V  [jvm.dll+0x7d3d83]
V  [jvm.dll+0x242ed5]
V  [jvm.dll+0xaa57b]
V  [jvm.dll+0xaab0c]
V  [jvm.dll+0x2a9c3f]
V  [jvm.dll+0x57a7d7]
V  [jvm.dll+0x21e1b2]
V  [jvm.dll+0x217be4]
V  [jvm.dll+0x21530b]
V  [jvm.dll+0x1a1fcd]
V  [jvm.dll+0x224c78]
V  [jvm.dll+0x222de5]
V  [jvm.dll+0x787a5b]
V  [jvm.dll+0x78201a]
V  [jvm.dll+0x671265]
C  [ucrtbase.dll+0x21bb2]
C  [KERNEL32.DLL+0x17034]
C  [ntdll.dll+0x526a1]


---------------  P R O C E S S  ---------------

Threads class SMR info:
_java_thread_list=0x00000225c5898f70, length=13, elements={
0x00000225a44f6280, 0x00000225c4be7df0, 0x00000225c4be8c60, 0x00000225c4bfe810,
0x00000225c4bff0d0, 0x00000225c4c001a0, 0x00000225c4c02a70, 0x00000225c4c10030,
0x00000225c4c109e0, 0x00000225c4c19ab0, 0x00000225c586f490, 0x00000225c59143c0,
0x00000225c5947400
}

Java Threads: ( => current thread )
  0x00000225a44f6280 JavaThread "main" [_thread_in_Java, id=20872, stack(0x000000dd02c00000,0x000000dd02d00000)]
  0x00000225c4be7df0 JavaThread "Reference Handler" daemon [_thread_blocked, id=8812, stack(0x000000dd03300000,0x000000dd03400000)]
  0x00000225c4be8c60 JavaThread "Finalizer" daemon [_thread_blocked, id=18588, stack(0x000000dd03400000,0x000000dd03500000)]
  0x00000225c4bfe810 JavaThread "Signal Dispatcher" daemon [_thread_blocked, id=24160, stack(0x000000dd03500000,0x000000dd03600000)]
  0x00000225c4bff0d0 JavaThread "Attach Listener" daemon [_thread_blocked, id=4456, stack(0x000000dd03600000,0x000000dd03700000)]
  0x00000225c4c001a0 JavaThread "Service Thread" daemon [_thread_blocked, id=148, stack(0x000000dd03700000,0x000000dd03800000)]
  0x00000225c4c02a70 JavaThread "Monitor Deflation Thread" daemon [_thread_blocked, id=12220, stack(0x000000dd03800000,0x000000dd03900000)]
  0x00000225c4c10030 JavaThread "C2 CompilerThread0" daemon [_thread_in_native, id=23324, stack(0x000000dd03900000,0x000000dd03a00000)]
  0x00000225c4c109e0 JavaThread "C1 CompilerThread0" daemon [_thread_blocked, id=21052, stack(0x000000dd03a00000,0x000000dd03b00000)]
  0x00000225c4c19ab0 JavaThread "Sweeper thread" daemon [_thread_blocked, id=17964, stack(0x000000dd03b00000,0x000000dd03c00000)]
  0x00000225c586f490 JavaThread "Common-Cleaner" daemon [_thread_blocked, id=24848, stack(0x000000dd03c00000,0x000000dd03d00000)]
  0x00000225c59143c0 JavaThread "C2 CompilerThread1" daemon [_thread_in_native, id=23872, stack(0x000000dd03d00000,0x000000dd03e00000)]
=>0x00000225c5947400 JavaThread "C2 CompilerThread2" daemon [_thread_in_native, id=19284, stack(0x000000dd03e00000,0x000000dd03f00000)]

Other Threads:
  0x00000225c4be2df0 VMThread "VM Thread" [stack: 0x000000dd03200000,0x000000dd03300000] [id=15388]
  0x00000225a454ec20 GCTaskThread "GC Thread#0" [stack: 0x000000dd02d00000,0x000000dd02e00000] [id=10636]
  0x00000225a4558a10 ConcurrentGCThread "G1 Main Marker" [stack: 0x000000dd02e00000,0x000000dd02f00000] [id=22888]
  0x00000225a23ed4c0 ConcurrentGCThread "G1 Conc#0" [stack: 0x000000dd02f00000,0x000000dd03000000] [id=22336]
  0x00000225a45cd210 ConcurrentGCThread "G1 Refine#0" [stack: 0x000000dd03000000,0x000000dd03100000] [id=25240]
  0x00000225a45cdc30 ConcurrentGCThread "G1 Service" [stack: 0x000000dd03100000,0x000000dd03200000] [id=20260]

Threads with active compile tasks:
C2 CompilerThread0      315  383       4       sun.nio.fs.WindowsPath::elementAsString (62 bytes)
C2 CompilerThread1      316  426       4       sun.nio.fs.WindowsPath::getName (47 bytes)
C2 CompilerThread2      316  238       4       java.util.stream.ReferencePipeline$3$1::accept (23 bytes)

VM state: not at safepoint (normal execution)

VM Mutex/Monitor currently owned by a thread: None

Heap address: 0x0000000741a00000, size: 3046 MB, Compressed Oops mode: Zero based, Oop shift amount: 3

CDS archive(s) mapped at: [0x0000000800000000-0x0000000800bc0000-0x0000000800bc0000), size 12320768, SharedBaseAddress: 0x0000000800000000, ArchiveRelocationMode: 0.
Compressed class space mapped at: 0x0000000800c00000-0x0000000840c00000, reserved size: 1073741824
Narrow klass base: 0x0000000800000000, Narrow klass shift: 0, Narrow klass range: 0x100000000

GC Precious Log:
 CPUs: 8 total, 8 available
 Memory: 12180M
 Large Page Support: Disabled
 NUMA Support: Disabled
 Compressed Oops: Enabled (Zero based)
 Heap Region Size: 2M
 Heap Min Capacity: 8M
 Heap Initial Capacity: 192M
 Heap Max Capacity: 3046M
 Pre-touch: Disabled
 Parallel Workers: 8
 Concurrent Workers: 2
 Concurrent Refinement Workers: 8
 Periodic GC: Disabled

Heap:
 garbage-first heap   total 196608K, used 8192K [0x0000000741a00000, 0x0000000800000000)
  region size 2048K, 5 young (10240K), 0 survivors (0K)
 Metaspace       used 742K, committed 896K, reserved 1056768K
  class space    used 56K, committed 128K, reserved 1048576K

Heap Regions: E=young(eden), S=young(survivor), O=old, HS=humongous(starts), HC=humongous(continues), CS=collection set, F=free, OA=open archive, CA=closed archive, TAMS=top-at-mark-start (previous, next)
|   0|0x0000000741a00000, 0x0000000741a00000, 0x0000000741c00000|  0%| F|  |TAMS 0x0000000741a00000, 0x0000000741a00000| Untracked 
|   1|0x0000000741c00000, 0x0000000741c00000, 0x0000000741e00000|  0%| F|  |TAMS 0x0000000741c00000, 0x0000000741c00000| Untracked 
|   2|0x0000000741e00000, 0x0000000741e00000, 0x0000000742000000|  0%| F|  |TAMS 0x0000000741e00000, 0x0000000741e00000| Untracked 
|   3|0x0000000742000000, 0x0000000742000000, 0x0000000742200000|  0%| F|  |TAMS 0x0000000742000000, 0x0000000742000000| Untracked 
|   4|0x0000000742200000, 0x0000000742200000, 0x0000000742400000|  0%| F|  |TAMS 0x0000000742200000, 0x0000000742200000| Untracked 
|   5|0x0000000742400000, 0x0000000742400000, 0x0000000742600000|  0%| F|  |TAMS 0x0000000742400000, 0x0000000742400000| Untracked 
|   6|0x0000000742600000, 0x0000000742600000, 0x0000000742800000|  0%| F|  |TAMS 0x0000000742600000, 0x0000000742600000| Untracked 
|   7|0x0000000742800000, 0x0000000742800000, 0x0000000742a00000|  0%| F|  |TAMS 0x0000000742800000, 0x0000000742800000| Untracked 
|   8|0x0000000742a00000, 0x0000000742a00000, 0x0000000742c00000|  0%| F|  |TAMS 0x0000000742a00000, 0x0000000742a00000| Untracked 
|   9|0x0000000742c00000, 0x0000000742c00000, 0x0000000742e00000|  0%| F|  |TAMS 0x0000000742c00000, 0x0000000742c00000| Untracked 
|  10|0x0000000742e00000, 0x0000000742e00000, 0x0000000743000000|  0%| F|  |TAMS 0x0000000742e00000, 0x0000000742e00000| Untracked 
|  11|0x0000000743000000, 0x0000000743000000, 0x0000000743200000|  0%| F|  |TAMS 0x0000000743000000, 0x0000000743000000| Untracked 
|  12|0x0000000743200000, 0x0000000743200000, 0x0000000743400000|  0%| F|  |TAMS 0x0000000743200000, 0x0000000743200000| Untracked 
|  13|0x0000000743400000, 0x0000000743400000, 0x0000000743600000|  0%| F|  |TAMS 0x0000000743400000, 0x0000000743400000| Untracked 
|  14|0x0000000743600000, 0x0000000743600000, 0x0000000743800000|  0%| F|  |TAMS 0x0000000743600000, 0x0000000743600000| Untracked 
|  15|0x0000000743800000, 0x0000000743800000, 0x0000000743a00000|  0%| F|  |TAMS 0x0000000743800000, 0x0000000743800000| Untracked 
|  16|0x0000000743a00000, 0x0000000743a00000, 0x0000000743c00000|  0%| F|  |TAMS 0x0000000743a00000, 0x0000000743a00000| Untracked 
|  17|0x0000000743c00000, 0x0000000743c00000, 0x0000000743e00000|  0%| F|  |TAMS 0x0000000743c00000, 0x0000000743c00000| Untracked 
|  18|0x0000000743e00000, 0x0000000743e00000, 0x0000000744000000|  0%| F|  |TAMS 0x0000000743e00000, 0x0000000743e00000| Untracked 
|  19|0x0000000744000000, 0x0000000744000000, 0x0000000744200000|  0%| F|  |TAMS 0x0000000744000000, 0x0000000744000000| Untracked 
|  20|0x0000000744200000, 0x0000000744200000, 0x0000000744400000|  0%| F|  |TAMS 0x0000000744200000, 0x0000000744200000| Untracked 
|  21|0x0000000744400000, 0x0000000744400000, 0x0000000744600000|  0%| F|  |TAMS 0x0000000744400000, 0x0000000744400000| Untracked 
|  22|0x0000000744600000, 0x0000000744600000, 0x0000000744800000|  0%| F|  |TAMS 0x0000000744600000, 0x0000000744600000| Untracked 
|  23|0x0000000744800000, 0x0000000744800000, 0x0000000744a00000|  0%| F|  |TAMS 0x0000000744800000, 0x0000000744800000| Untracked 
|  24|0x0000000744a00000, 0x0000000744a00000, 0x0000000744c00000|  0%| F|  |TAMS 0x0000000744a00000, 0x0000000744a00000| Untracked 
|  25|0x0000000744c00000, 0x0000000744c00000, 0x0000000744e00000|  0%| F|  |TAMS 0x0000000744c00000, 0x0000000744c00000| Untracked 
|  26|0x0000000744e00000, 0x0000000744e00000, 0x0000000745000000|  0%| F|  |TAMS 0x0000000744e00000, 0x0000000744e00000| Untracked 
|  27|0x0000000745000000, 0x0000000745000000, 0x0000000745200000|  0%| F|  |TAMS 0x0000000745000000, 0x0000000745000000| Untracked 
|  28|0x0000000745200000, 0x0000000745200000, 0x0000000745400000|  0%| F|  |TAMS 0x0000000745200000, 0x0000000745200000| Untracked 
|  29|0x0000000745400000, 0x0000000745400000, 0x0000000745600000|  0%| F|  |TAMS 0x0000000745400000, 0x0000000745400000| Untracked 
|  30|0x0000000745600000, 0x0000000745600000, 0x0000000745800000|  0%| F|  |TAMS 0x0000000745600000, 0x0000000745600000| Untracked 
|  31|0x0000000745800000, 0x0000000745800000, 0x0000000745a00000|  0%| F|  |TAMS 0x0000000745800000, 0x0000000745800000| Untracked 
|  32|0x0000000745a00000, 0x0000000745a00000, 0x0000000745c00000|  0%| F|  |TAMS 0x0000000745a00000, 0x0000000745a00000| Untracked 
|  33|0x0000000745c00000, 0x0000000745c00000, 0x0000000745e00000|  0%| F|  |TAMS 0x0000000745c00000, 0x0000000745c00000| Untracked 
|  34|0x0000000745e00000, 0x0000000745e00000, 0x0000000746000000|  0%| F|  |TAMS 0x0000000745e00000, 0x0000000745e00000| Untracked 
|  35|0x0000000746000000, 0x0000000746000000, 0x0000000746200000|  0%| F|  |TAMS 0x0000000746000000, 0x0000000746000000| Untracked 
|  36|0x0000000746200000, 0x0000000746200000, 0x0000000746400000|  0%| F|  |TAMS 0x0000000746200000, 0x0000000746200000| Untracked 
|  37|0x0000000746400000, 0x0000000746400000, 0x0000000746600000|  0%| F|  |TAMS 0x0000000746400000, 0x0000000746400000| Untracked 
|  38|0x0000000746600000, 0x0000000746600000, 0x0000000746800000|  0%| F|  |TAMS 0x0000000746600000, 0x0000000746600000| Untracked 
|  39|0x0000000746800000, 0x0000000746800000, 0x0000000746a00000|  0%| F|  |TAMS 0x0000000746800000, 0x0000000746800000| Untracked 
|  40|0x0000000746a00000, 0x0000000746a00000, 0x0000000746c00000|  0%| F|  |TAMS 0x0000000746a00000, 0x0000000746a00000| Untracked 
|  41|0x0000000746c00000, 0x0000000746c00000, 0x0000000746e00000|  0%| F|  |TAMS 0x0000000746c00000, 0x0000000746c00000| Untracked 
|  42|0x0000000746e00000, 0x0000000746e00000, 0x0000000747000000|  0%| F|  |TAMS 0x0000000746e00000, 0x0000000746e00000| Untracked 
|  43|0x0000000747000000, 0x0000000747000000, 0x0000000747200000|  0%| F|  |TAMS 0x0000000747000000, 0x0000000747000000| Untracked 
|  44|0x0000000747200000, 0x0000000747200000, 0x0000000747400000|  0%| F|  |TAMS 0x0000000747200000, 0x0000000747200000| Untracked 
|  45|0x0000000747400000, 0x0000000747400000, 0x0000000747600000|  0%| F|  |TAMS 0x0000000747400000, 0x0000000747400000| Untracked 
|  46|0x0000000747600000, 0x0000000747600000, 0x0000000747800000|  0%| F|  |TAMS 0x0000000747600000, 0x0000000747600000| Untracked 
|  47|0x0000000747800000, 0x0000000747800000, 0x0000000747a00000|  0%| F|  |TAMS 0x0000000747800000, 0x0000000747800000| Untracked 
|  48|0x0000000747a00000, 0x0000000747a00000, 0x0000000747c00000|  0%| F|  |TAMS 0x0000000747a00000, 0x0000000747a00000| Untracked 
|  49|0x0000000747c00000, 0x0000000747c00000, 0x0000000747e00000|  0%| F|  |TAMS 0x0000000747c00000, 0x0000000747c00000| Untracked 
|  50|0x0000000747e00000, 0x0000000747e00000, 0x0000000748000000|  0%| F|  |TAMS 0x0000000747e00000, 0x0000000747e00000| Untracked 
|  51|0x0000000748000000, 0x0000000748000000, 0x0000000748200000|  0%| F|  |TAMS 0x0000000748000000, 0x0000000748000000| Untracked 
|  52|0x0000000748200000, 0x0000000748200000, 0x0000000748400000|  0%| F|  |TAMS 0x0000000748200000, 0x0000000748200000| Untracked 
|  53|0x0000000748400000, 0x0000000748400000, 0x0000000748600000|  0%| F|  |TAMS 0x0000000748400000, 0x0000000748400000| Untracked 
|  54|0x0000000748600000, 0x0000000748600000, 0x0000000748800000|  0%| F|  |TAMS 0x0000000748600000, 0x0000000748600000| Untracked 
|  55|0x0000000748800000, 0x0000000748800000, 0x0000000748a00000|  0%| F|  |TAMS 0x0000000748800000, 0x0000000748800000| Untracked 
|  56|0x0000000748a00000, 0x0000000748a00000, 0x0000000748c00000|  0%| F|  |TAMS 0x0000000748a00000, 0x0000000748a00000| Untracked 
|  57|0x0000000748c00000, 0x0000000748c00000, 0x0000000748e00000|  0%| F|  |TAMS 0x0000000748c00000, 0x0000000748c00000| Untracked 
|  58|0x0000000748e00000, 0x0000000748e00000, 0x0000000749000000|  0%| F|  |TAMS 0x0000000748e00000, 0x0000000748e00000| Untracked 
|  59|0x0000000749000000, 0x0000000749000000, 0x0000000749200000|  0%| F|  |TAMS 0x0000000749000000, 0x0000000749000000| Untracked 
|  60|0x0000000749200000, 0x0000000749200000, 0x0000000749400000|  0%| F|  |TAMS 0x0000000749200000, 0x0000000749200000| Untracked 
|  61|0x0000000749400000, 0x0000000749400000, 0x0000000749600000|  0%| F|  |TAMS 0x0000000749400000, 0x0000000749400000| Untracked 
|  62|0x0000000749600000, 0x0000000749600000, 0x0000000749800000|  0%| F|  |TAMS 0x0000000749600000, 0x0000000749600000| Untracked 
|  63|0x0000000749800000, 0x0000000749800000, 0x0000000749a00000|  0%| F|  |TAMS 0x0000000749800000, 0x0000000749800000| Untracked 
|  64|0x0000000749a00000, 0x0000000749a00000, 0x0000000749c00000|  0%| F|  |TAMS 0x0000000749a00000, 0x0000000749a00000| Untracked 
|  65|0x0000000749c00000, 0x0000000749c00000, 0x0000000749e00000|  0%| F|  |TAMS 0x0000000749c00000, 0x0000000749c00000| Untracked 
|  66|0x0000000749e00000, 0x0000000749e00000, 0x000000074a000000|  0%| F|  |TAMS 0x0000000749e00000, 0x0000000749e00000| Untracked 
|  67|0x000000074a000000, 0x000000074a000000, 0x000000074a200000|  0%| F|  |TAMS 0x000000074a000000, 0x000000074a000000| Untracked 
|  68|0x000000074a200000, 0x000000074a200000, 0x000000074a400000|  0%| F|  |TAMS 0x000000074a200000, 0x000000074a200000| Untracked 
|  69|0x000000074a400000, 0x000000074a400000, 0x000000074a600000|  0%| F|  |TAMS 0x000000074a400000, 0x000000074a400000| Untracked 
|  70|0x000000074a600000, 0x000000074a600000, 0x000000074a800000|  0%| F|  |TAMS 0x000000074a600000, 0x000000074a600000| Untracked 
|  71|0x000000074a800000, 0x000000074a800000, 0x000000074aa00000|  0%| F|  |TAMS 0x000000074a800000, 0x000000074a800000| Untracked 
|  72|0x000000074aa00000, 0x000000074aa00000, 0x000000074ac00000|  0%| F|  |TAMS 0x000000074aa00000, 0x000000074aa00000| Untracked 
|  73|0x000000074ac00000, 0x000000074ac00000, 0x000000074ae00000|  0%| F|  |TAMS 0x000000074ac00000, 0x000000074ac00000| Untracked 
|  74|0x000000074ae00000, 0x000000074ae00000, 0x000000074b000000|  0%| F|  |TAMS 0x000000074ae00000, 0x000000074ae00000| Untracked 
|  75|0x000000074b000000, 0x000000074b000000, 0x000000074b200000|  0%| F|  |TAMS 0x000000074b000000, 0x000000074b000000| Untracked 
|  76|0x000000074b200000, 0x000000074b200000, 0x000000074b400000|  0%| F|  |TAMS 0x000000074b200000, 0x000000074b200000| Untracked 
|  77|0x000000074b400000, 0x000000074b400000, 0x000000074b600000|  0%| F|  |TAMS 0x000000074b400000, 0x000000074b400000| Untracked 
|  78|0x000000074b600000, 0x000000074b600000, 0x000000074b800000|  0%| F|  |TAMS 0x000000074b600000, 0x000000074b600000| Untracked 
|  79|0x000000074b800000, 0x000000074b800000, 0x000000074ba00000|  0%| F|  |TAMS 0x000000074b800000, 0x000000074b800000| Untracked 
|  80|0x000000074ba00000, 0x000000074ba00000, 0x000000074bc00000|  0%| F|  |TAMS 0x000000074ba00000, 0x000000074ba00000| Untracked 
|  81|0x000000074bc00000, 0x000000074bc00000, 0x000000074be00000|  0%| F|  |TAMS 0x000000074bc00000, 0x000000074bc00000| Untracked 
|  82|0x000000074be00000, 0x000000074be00000, 0x000000074c000000|  0%| F|  |TAMS 0x000000074be00000, 0x000000074be00000| Untracked 
|  83|0x000000074c000000, 0x000000074c000000, 0x000000074c200000|  0%| F|  |TAMS 0x000000074c000000, 0x000000074c000000| Untracked 
|  84|0x000000074c200000, 0x000000074c200000, 0x000000074c400000|  0%| F|  |TAMS 0x000000074c200000, 0x000000074c200000| Untracked 
|  85|0x000000074c400000, 0x000000074c400000, 0x000000074c600000|  0%| F|  |TAMS 0x000000074c400000, 0x000000074c400000| Untracked 
|  86|0x000000074c600000, 0x000000074c600000, 0x000000074c800000|  0%| F|  |TAMS 0x000000074c600000, 0x000000074c600000| Untracked 
|  87|0x000000074c800000, 0x000000074c800000, 0x000000074ca00000|  0%| F|  |TAMS 0x000000074c800000, 0x000000074c800000| Untracked 
|  88|0x000000074ca00000, 0x000000074ca00000, 0x000000074cc00000|  0%| F|  |TAMS 0x000000074ca00000, 0x000000074ca00000| Untracked 
|  89|0x000000074cc00000, 0x000000074cc00000, 0x000000074ce00000|  0%| F|  |TAMS 0x000000074cc00000, 0x000000074cc00000| Untracked 
|  90|0x000000074ce00000, 0x000000074ce00000, 0x000000074d000000|  0%| F|  |TAMS 0x000000074ce00000, 0x000000074ce00000| Untracked 
|  91|0x000000074d000000, 0x000000074d0e1ca0, 0x000000074d200000| 44%| E|  |TAMS 0x000000074d000000, 0x000000074d000000| Complete 
|  92|0x000000074d200000, 0x000000074d400000, 0x000000074d400000|100%| E|CS|TAMS 0x000000074d200000, 0x000000074d200000| Complete 
|  93|0x000000074d400000, 0x000000074d600000, 0x000000074d600000|100%| E|CS|TAMS 0x000000074d400000, 0x000000074d400000| Complete 
|  94|0x000000074d600000, 0x000000074d800000, 0x000000074d800000|100%| E|CS|TAMS 0x000000074d600000, 0x000000074d600000| Complete 
|  95|0x000000074d800000, 0x000000074da00000, 0x000000074da00000|100%| E|CS|TAMS 0x000000074d800000, 0x000000074d800000| Complete 

Card table byte_map: [0x00000225bb6a0000,0x00000225bbca0000] _byte_map_base: 0x00000225b7c93000

Marking Bits (Prev, Next): (CMBitMap*) 0x00000225a454f230, (CMBitMap*) 0x00000225a454f270
 Prev Bits: [0x00000225bc2a0000, 0x00000225bf238000)
 Next Bits: [0x00000225bf240000, 0x00000225c21d8000)

Polling page: 0x00000225a2670000

Metaspace:

Usage:
  Non-class:    696.08 KB used.
      Class:     58.20 KB used.
       Both:    754.27 KB used.

Virtual space:
  Non-class space:        8.00 MB reserved,     768.00 KB (  9%) committed,  1 nodes.
      Class space:        1.00 GB reserved,     128.00 KB ( <1%) committed,  1 nodes.
             Both:        1.01 GB reserved,     896.00 KB ( <1%) committed. 

Chunk freelists:
   Non-Class:  3.99 MB
       Class:  3.75 MB
        Both:  7.74 MB

MaxMetaspaceSize: unlimited
CompressedClassSpaceSize: 1.00 GB
Initial GC threshold: 21.00 MB
Current GC threshold: 21.00 MB
CDS: on
MetaspaceReclaimPolicy: balanced
 - commit_granule_bytes: 65536.
 - commit_granule_words: 8192.
 - virtual_space_node_default_size: 1048576.
 - enlarge_chunks_in_place: 1.
 - new_chunks_are_fully_committed: 0.
 - uncommit_free_chunks: 1.
 - use_allocation_guard: 0.
 - handle_deallocations: 1.


Internal statistics:

num_allocs_failed_limit: 0.
num_arena_births: 10.
num_arena_deaths: 0.
num_vsnodes_births: 2.
num_vsnodes_deaths: 0.
num_space_committed: 14.
num_space_uncommitted: 0.
num_chunks_returned_to_freelist: 0.
num_chunks_taken_from_freelist: 11.
num_chunk_merges: 0.
num_chunk_splits: 7.
num_chunks_enlarged: 4.
num_purges: 0.
num_inconsistent_stats: 0.

CodeHeap 'non-profiled nmethods': size=120000Kb used=152Kb max_used=152Kb free=119847Kb
 bounds [0x00000225b3840000, 0x00000225b3ab0000, 0x00000225bad70000]
CodeHeap 'profiled nmethods': size=120000Kb used=712Kb max_used=712Kb free=119287Kb
 bounds [0x00000225ac310000, 0x00000225ac580000, 0x00000225b3840000]
CodeHeap 'non-nmethods': size=5760Kb used=1109Kb max_used=1123Kb free=4650Kb
 bounds [0x00000225abd70000, 0x00000225abfe0000, 0x00000225ac310000]
 total_blobs=843 nmethods=464 adapters=291
 compilation: enabled
              stopped_count=0, restarted_count=0
 full_count=0

Compilation events (20 events):
Event: 0.265 Thread 0x00000225c4c109e0 nmethod 394 0x00000225ac391610 code [0x00000225ac3917a0, 0x00000225ac391958]
Event: 0.265 Thread 0x00000225c4c109e0  395       3       java.lang.String::toCharArray (25 bytes)
Event: 0.266 Thread 0x00000225c4c109e0 nmethod 395 0x00000225ac391a10 code [0x00000225ac391be0, 0x00000225ac391e98]
Event: 0.266 Thread 0x00000225c4c109e0  396       3       java.lang.StringLatin1::toChars (16 bytes)
Event: 0.266 Thread 0x00000225c4c109e0 nmethod 396 0x00000225ac391f90 code [0x00000225ac392140, 0x00000225ac392328]
Event: 0.266 Thread 0x00000225c4c109e0  397       3       jdk.internal.misc.Unsafe::copyMemory (33 bytes)
Event: 0.267 Thread 0x00000225c4c109e0 nmethod 397 0x00000225ac392410 code [0x00000225ac3926c0, 0x00000225ac393418]
Event: 0.267 Thread 0x00000225c4c109e0  399       3       sun.nio.fs.NativeBuffers::getNativeBuffer (21 bytes)
Event: 0.268 Thread 0x00000225c4c109e0 nmethod 399 0x00000225ac393a10 code [0x00000225ac393be0, 0x00000225ac393f18]
Event: 0.268 Thread 0x00000225c4c109e0  400  s    3       sun.nio.fs.WindowsDirectoryStream$WindowsDirectoryIterator::hasNext (35 bytes)
Event: 0.268 Thread 0x00000225c59143c0 nmethod 359 0x00000225b3861210 code [0x00000225b3861400, 0x00000225b3862108]
Event: 0.268 Thread 0x00000225c59143c0  388       4       sun.nio.fs.WindowsPath::compareTo (118 bytes)
Event: 0.268 Thread 0x00000225c4c109e0 nmethod 400 0x00000225ac394090 code [0x00000225ac394240, 0x00000225ac394588]
Event: 0.268 Thread 0x00000225c4c109e0  401       3       sun.nio.fs.WindowsFileAttributes::isRegularFile (27 bytes)
Event: 0.269 Thread 0x00000225c4c109e0 nmethod 401 0x00000225ac394690 code [0x00000225ac394880, 0x00000225ac394ed8]
Event: 0.269 Thread 0x00000225c4c109e0  402       3       java.lang.ref.WeakReference::<init> (6 bytes)
Event: 0.269 Thread 0x00000225c4c109e0 nmethod 402 0x00000225ac395010 code [0x00000225ac3951c0, 0x00000225ac3954d8]
Event: 0.269 Thread 0x00000225c4c109e0  403       3       java.nio.file.FileTreeIterator::hasNext (35 bytes)
Event: 0.270 Thread 0x00000225c4c109e0 nmethod 403 0x00000225ac395610 code [0x00000225ac3957e0, 0x00000225ac395b18]
Event: 0.270 Thread 0x00000225c4c109e0  404       3       java.lang.String::lastIndexOf (12 bytes)

GC Heap History (0 events):
No events

Deoptimization events (20 events):
Event: 0.166 Thread 0x00000225a44f6280 DEOPT PACKING pc=0x00000225ac337ed6 sp=0x000000dd02cfdc70
Event: 0.166 Thread 0x00000225a44f6280 DEOPT UNPACKING pc=0x00000225abdc2b43 sp=0x000000dd02cfd0f8 mode 0
Event: 0.169 Thread 0x00000225a44f6280 DEOPT PACKING pc=0x00000225ac337ed6 sp=0x000000dd02cfdc70
Event: 0.169 Thread 0x00000225a44f6280 DEOPT UNPACKING pc=0x00000225abdc2b43 sp=0x000000dd02cfd0f8 mode 0
Event: 0.170 Thread 0x00000225a44f6280 DEOPT PACKING pc=0x00000225ac337ed6 sp=0x000000dd02cfdc70
Event: 0.170 Thread 0x00000225a44f6280 DEOPT UNPACKING pc=0x00000225abdc2b43 sp=0x000000dd02cfd0f8 mode 0
Event: 0.170 Thread 0x00000225a44f6280 DEOPT PACKING pc=0x00000225ac337ed6 sp=0x000000dd02cfdc70
Event: 0.170 Thread 0x00000225a44f6280 DEOPT UNPACKING pc=0x00000225abdc2b43 sp=0x000000dd02cfd0f8 mode 0
Event: 0.171 Thread 0x00000225a44f6280 DEOPT PACKING pc=0x00000225ac337ed6 sp=0x000000dd02cfdc70
Event: 0.171 Thread 0x00000225a44f6280 DEOPT UNPACKING pc=0x00000225abdc2b43 sp=0x000000dd02cfd0f8 mode 0
Event: 0.172 Thread 0x00000225a44f6280 DEOPT PACKING pc=0x00000225ac337ed6 sp=0x000000dd02cfdc70
Event: 0.172 Thread 0x00000225a44f6280 DEOPT UNPACKING pc=0x00000225abdc2b43 sp=0x000000dd02cfd0f8 mode 0
Event: 0.172 Thread 0x00000225a44f6280 DEOPT PACKING pc=0x00000225ac337ed6 sp=0x000000dd02cfdc70
Event: 0.172 Thread 0x00000225a44f6280 DEOPT UNPACKING pc=0x00000225abdc2b43 sp=0x000000dd02cfd0f8 mode 0
Event: 0.173 Thread 0x00000225a44f6280 DEOPT PACKING pc=0x00000225ac337ed6 sp=0x000000dd02cfdc70
Event: 0.173 Thread 0x00000225a44f6280 DEOPT UNPACKING pc=0x00000225abdc2b43 sp=0x000000dd02cfd0f8 mode 0
Event: 0.179 Thread 0x00000225a44f6280 Uncommon trap: trap_request=0xffffff45 fr.pc=0x00000225b384d3d8 relative=0x0000000000000698
Event: 0.179 Thread 0x00000225a44f6280 Uncommon trap: reason=unstable_if action=reinterpret pc=0x00000225b384d3d8 method=java.lang.CharacterDataLatin1.isJavaIdentifierPart(I)Z @ 11 c2
Event: 0.180 Thread 0x00000225a44f6280 DEOPT PACKING pc=0x00000225b384d3d8 sp=0x000000dd02cfdc20
Event: 0.180 Thread 0x00000225a44f6280 DEOPT UNPACKING pc=0x00000225abdc23a3 sp=0x000000dd02cfdaf0 mode 2

Classes unloaded (0 events):
No events

Classes redefined (0 events):
No events

Internal exceptions (1 events):
Event: 0.219 Thread 0x00000225a44f6280 Exception <a 'java/lang/NoSuchMethodError'{0x000000074d585af0}: 'void java.lang.invoke.DirectMethodHandle$Holder.invokeVirtual(java.lang.Object, java.lang.Object)'> (0x000000074d585af0) 
thrown [s\open\src\hotspot\share\interpreter\linkResolver.cpp, line 759]

VM Operations (2 events):
Event: 0.188 Executing VM operation: HandshakeAllThreads
Event: 0.188 Executing VM operation: HandshakeAllThreads done

Events (20 events):
Event: 0.217 loading class java/nio/file/Files$AcceptAllFilter
Event: 0.217 loading class java/nio/file/DirectoryStream$Filter
Event: 0.217 loading class java/nio/file/DirectoryStream$Filter done
Event: 0.217 loading class java/nio/file/Files$AcceptAllFilter done
Event: 0.217 loading class sun/nio/fs/WindowsDirectoryStream
Event: 0.218 loading class java/nio/file/DirectoryStream
Event: 0.218 loading class java/nio/file/DirectoryStream done
Event: 0.218 loading class sun/nio/fs/WindowsDirectoryStream done
Event: 0.218 loading class java/nio/file/FileTreeWalker$DirectoryNode
Event: 0.218 loading class java/nio/file/FileTreeWalker$DirectoryNode done
Event: 0.218 loading class sun/nio/fs/WindowsDirectoryStream$WindowsDirectoryIterator
Event: 0.218 loading class sun/nio/fs/WindowsDirectoryStream$WindowsDirectoryIterator done
Event: 0.218 loading class java/nio/file/FileTreeWalker$Event
Event: 0.218 loading class java/nio/file/FileTreeWalker$Event done
Event: 0.218 loading class java/nio/file/FileTreeWalker$EventType
Event: 0.218 loading class java/nio/file/FileTreeWalker$EventType done
Event: 0.223 loading class sun/nio/fs/WindowsPath$WindowsPathWithAttributes
Event: 0.223 loading class sun/nio/fs/BasicFileAttributesHolder
Event: 0.223 loading class sun/nio/fs/BasicFileAttributesHolder done
Event: 0.223 loading class sun/nio/fs/WindowsPath$WindowsPathWithAttributes done


Dynamic libraries:
0x00007ff605e50000 - 0x00007ff605e60000 	C:\Program Files\Java\jdk-17.0.4\bin\java.exe
0x00007fffcee30000 - 0x00007fffcf028000 	C:\Windows\SYSTEM32\ntdll.dll
0x00007fffce260000 - 0x00007fffce31d000 	C:\Windows\System32\KERNEL32.DLL
0x00007fffcc740000 - 0x00007fffcca0e000 	C:\Windows\System32\KERNELBASE.dll
0x00007fffccb70000 - 0x00007fffccc70000 	C:\Windows\System32\ucrtbase.dll
0x00007fffc7be0000 - 0x00007fffc7bfa000 	C:\Program Files\Java\jdk-17.0.4\bin\VCRUNTIME140.dll
0x00007fffc7d00000 - 0x00007fffc7d18000 	C:\Program Files\Java\jdk-17.0.4\bin\jli.dll
0x00007fffced40000 - 0x00007fffcedee000 	C:\Windows\System32\ADVAPI32.dll
0x00007fffcda00000 - 0x00007fffcda9e000 	C:\Windows\System32\msvcrt.dll
0x00007fffce480000 - 0x00007fffce51c000 	C:\Windows\System32\sechost.dll
0x00007fffce700000 - 0x00007fffce825000 	C:\Windows\System32\RPCRT4.dll
0x00007fffcd310000 - 0x00007fffcd4b0000 	C:\Windows\System32\USER32.dll
0x00007fffbd200000 - 0x00007fffbd49a000 	C:\Windows\WinSxS\amd64_microsoft.windows.common-controls_6595b64144ccf1df_6.0.19041.1110_none_60b5254171f9507e\COMCTL32.dll
0x00007fffcc600000 - 0x00007fffcc622000 	C:\Windows\System32\win32u.dll
0x00007fffcd5f0000 - 0x00007fffcd61a000 	C:\Windows\System32\GDI32.dll
0x00007fffccc70000 - 0x00007fffccd7b000 	C:\Windows\System32\gdi32full.dll
0x00007fffcc6a0000 - 0x00007fffcc73d000 	C:\Windows\System32\msvcp_win.dll
0x00007fffc4ab0000 - 0x00007fffc4aba000 	C:\Windows\SYSTEM32\VERSION.dll
0x00007fffcd6e0000 - 0x00007fffcd710000 	C:\Windows\System32\IMM32.DLL
0x00007fffc7cb0000 - 0x00007fffc7cbc000 	C:\Program Files\Java\jdk-17.0.4\bin\vcruntime140_1.dll
0x00007fff97090000 - 0x00007fff9711d000 	C:\Program Files\Java\jdk-17.0.4\bin\msvcp140.dll
0x00007fff4eb10000 - 0x00007fff4f6d2000 	C:\Program Files\Java\jdk-17.0.4\bin\server\jvm.dll
0x00007fffcd6d0000 - 0x00007fffcd6d8000 	C:\Windows\System32\PSAPI.DLL
0x00007fffc5d30000 - 0x00007fffc5d57000 	C:\Windows\SYSTEM32\WINMM.dll
0x00007fffae690000 - 0x00007fffae699000 	C:\Windows\SYSTEM32\WSOCK32.dll
0x00007fffce320000 - 0x00007fffce38b000 	C:\Windows\System32\WS2_32.dll
0x00007fffcae00000 - 0x00007fffcae12000 	C:\Windows\SYSTEM32\kernel.appcore.dll
0x00007fffc5390000 - 0x00007fffc539a000 	C:\Program Files\Java\jdk-17.0.4\bin\jimage.dll
0x00007fffca2f0000 - 0x00007fffca4d4000 	C:\Windows\SYSTEM32\DBGHELP.DLL
0x00007fffae550000 - 0x00007fffae57c000 	C:\Windows\SYSTEM32\dbgcore.DLL
0x00007fffccdb0000 - 0x00007fffcce32000 	C:\Windows\System32\bcryptPrimitives.dll
0x00007fffc4d10000 - 0x00007fffc4d1e000 	C:\Program Files\Java\jdk-17.0.4\bin\instrument.dll
0x00007fffc5180000 - 0x00007fffc51a5000 	C:\Program Files\Java\jdk-17.0.4\bin\java.dll
0x00007fff92e80000 - 0x00007fff92f56000 	C:\Program Files\Java\jdk-17.0.4\bin\jsvml.dll
0x00007fffcdaa0000 - 0x00007fffce1e3000 	C:\Windows\System32\SHELL32.dll
0x00007fffca4e0000 - 0x00007fffcac75000 	C:\Windows\SYSTEM32\windows.storage.dll
0x00007fffcce90000 - 0x00007fffcd1e4000 	C:\Windows\System32\combase.dll
0x00007fffcbee0000 - 0x00007fffcbf10000 	C:\Windows\SYSTEM32\Wldp.dll
0x00007fffce520000 - 0x00007fffce5cd000 	C:\Windows\System32\SHCORE.dll
0x00007fffce420000 - 0x00007fffce475000 	C:\Windows\System32\shlwapi.dll
0x00007fffcc490000 - 0x00007fffcc4af000 	C:\Windows\SYSTEM32\profapi.dll
0x00007fffc50f0000 - 0x00007fffc5109000 	C:\Program Files\Java\jdk-17.0.4\bin\net.dll
0x00007fffbf6c0000 - 0x00007fffbf7ca000 	C:\Windows\SYSTEM32\WINHTTP.dll
0x00007fffcbc40000 - 0x00007fffcbcaa000 	C:\Windows\system32\mswsock.dll
0x00007fffada10000 - 0x00007fffada26000 	C:\Program Files\Java\jdk-17.0.4\bin\nio.dll
0x00007fffad630000 - 0x00007fffad648000 	C:\Program Files\Java\jdk-17.0.4\bin\zip.dll

dbghelp: loaded successfully - version: 4.0.5 - missing functions: none
symbol engine: initialized successfully - sym options: 0x614 - pdb path: .;C:\Program Files\Java\jdk-17.0.4\bin;C:\Windows\SYSTEM32;C:\Windows\WinSxS\amd64_microsoft.windows.common-controls_6595b64144ccf1df_6.0.19041.1110_none_60b5254171f9507e;C:\Program Files\Java\jdk-17.0.4\bin\server

VM Arguments:
jvm_args: -javaagent:C:\Program Files\JetBrains\IntelliJ IDEA 2022.2\lib\idea_rt.jar=50794:C:\Program Files\JetBrains\IntelliJ IDEA 2022.2\bin -Dfile.encoding=UTF-8 --module-path=C:\Users\F1\.m2\repository\org\openjfx\javafx-controls\17.0.2\javafx-controls-17.0.2-win.jar;C:\Users\F1\.m2\repository\org\openjfx\javafx-fxml\17.0.2\javafx-fxml-17.0.2-win.jar;C:\Users\F1\.m2\repository\org\openjfx\javafx-graphics\17.0.2\javafx-graphics-17.0.2-win.jar;C:\Users\F1\.m2\repository\org\openjfx\javafx-media\16\javafx-media-16-win.jar;C:\Users\F1\.m2\repository\com\google\code\gson\gson\2.8.1\gson-2.8.1.jar;C:\Users\F1\Desktop\AP\PROJECT\project-group-19\target\classes;C:\Users\F1\.m2\repository\org\openjfx\javafx-base\17.0.2\javafx-base-17.0.2-win.jar -Djdk.module.main=com.example.projectgroup19 
java_command: com.example.projectgroup19/view.TileManager
java_class_path (initial): C:\Users\F1\.m2\repository\org\openjfx\javafx-controls\17.0.2\javafx-controls-17.0.2.jar;C:\Users\F1\.m2\repository\org\openjfx\javafx-graphics\17.0.2\javafx-graphics-17.0.2.jar;C:\Users\F1\.m2\repository\org\openjfx\javafx-base\17.0.2\javafx-base-17.0.2.jar;C:\Users\F1\.m2\repository\org\openjfx\javafx-fxml\17.0.2\javafx-fxml-17.0.2.jar;C:\Users\F1\.m2\repository\org\openjfx\javafx-media\16\javafx-media-16.jar
Launcher Type: SUN_STANDARD

[Global flags]
     intx CICompilerCount                          = 4                                         {product} {ergonomic}
     uint ConcGCThreads                            = 2                                         {product} {ergonomic}
     uint G1ConcRefinementThreads                  = 8                                         {product} {ergonomic}
   size_t G1HeapRegionSize                         = 2097152                                   {product} {ergonomic}
    uintx GCDrainStackTargetSize                   = 64                                        {product} {ergonomic}
   size_t InitialHeapSize                          = 201326592                                 {product} {ergonomic}
   size_t MarkStackSize                            = 4194304                                   {product} {ergonomic}
   size_t MaxHeapSize                              = 3193962496                                {product} {ergonomic}
   size_t MaxNewSize                               = 1914699776                                {product} {ergonomic}
   size_t MinHeapDeltaBytes                        = 2097152                                   {product} {ergonomic}
   size_t MinHeapSize                              = 8388608                                   {product} {ergonomic}
    uintx NonNMethodCodeHeapSize                   = 5839372                                {pd product} {ergonomic}
    uintx NonProfiledCodeHeapSize                  = 122909434                              {pd product} {ergonomic}
    uintx ProfiledCodeHeapSize                     = 122909434                              {pd product} {ergonomic}
    uintx ReservedCodeCacheSize                    = 251658240                              {pd product} {ergonomic}
     bool SegmentedCodeCache                       = true                                      {product} {ergonomic}
   size_t SoftMaxHeapSize                          = 3193962496                             {manageable} {ergonomic}
     bool UseCompressedClassPointers               = true                           {product lp64_product} {ergonomic}
     bool UseCompressedOops                        = true                           {product lp64_product} {ergonomic}
     bool UseG1GC                                  = true                                      {product} {ergonomic}
     bool UseLargePagesIndividualAllocation        = false                                  {pd product} {ergonomic}

Logging:
Log output configuration:
 #0: stdout all=warning uptime,level,tags
 #1: stderr all=off uptime,level,tags

Environment Variables:
PATH=C:\Program Files\Common Files\Oracle\Java\javapath;C:\Windows\system32;C:\Windows;C:\Windows\System32\Wbem;C:\Windows\System32\WindowsPowerShell\v1.0\;C:\Windows\System32\OpenSSH\;C:\Program Files (x86)\NVIDIA Corporation\PhysX\Common;C:\Users\F1\Desktop\codeblocks-20.03mingw-nosetup\MinGW\bin;C:\Program Files\Git\cmd;C:\texlive\2022\bin\win32;%JAVA_HOME%\bin;C:\maven\apache-maven-3.9.1\bin;C:\Users\F1\AppData\Local\Microsoft\WindowsApps;C:\Users\F1\Desktop\codeblocks-20.03mingw-nosetup\MinGW\bin;;C:\Program Files\JetBrains\CLion 2022.2\bin;;C:\Program Files\JetBrains\IntelliJ IDEA 2022.2\bin;
USERNAME=F1
OS=Windows_NT
PROCESSOR_IDENTIFIER=Intel64 Family 6 Model 94 Stepping 3, GenuineIntel



---------------  S Y S T E M  ---------------

OS:
 Windows 10 , 64 bit Build 19041 (10.0.19041.1889)
OS uptime: 0 days 19:52 hours

CPU: total 8 (initial active 8) (4 cores per cpu, 2 threads per core) family 6 model 94 stepping 3 microcode 0xcc, cx8, cmov, fxsr, ht, mmx, 3dnowpref, sse, sse2, sse3, ssse3, sse4.1, sse4.2, popcnt, lzcnt, tsc, tscinvbit, avx, avx2, aes, erms, clmul, bmi1, bmi2, rtm, adx, fma, vzeroupper, clflush, clflushopt

Memory: 4k page, system-wide physical 12180M (2875M free)
TotalPageFile size 14228M (AvailPageFile size 4M)
current process WorkingSet (physical memory assigned to process): 52M, peak: 52M
current process commit charge ("private bytes"): 290M, peak: 290M

vm_info: Java HotSpot(TM) 64-Bit Server VM (17.0.4+11-LTS-179) for windows-amd64 JRE (17.0.4+11-LTS-179), built on Jun 28 2022 08:23:05 by "mach5one" with MS VC++ 16.8 / 16.9 (VS2019)

END.
